[0.645s] Invoking command in '/home/mtrn/MTRN4231-T9-1/lab3-main/src/object_detect': PYTHONPATH=/home/mtrn/MTRN4231-T9-1/lab3-main/build/object_detect/prefix_override:/usr/lib/python3/dist-packages/colcon_core/task/python/colcon_distutils_commands:/home/mtrn/MTRN4231-T9-1/lab3-main/install/object_detect/lib/python3.10/site-packages:${PYTHONPATH} /usr/bin/python3 -W ignore:setup.py install is deprecated setup.py egg_info --egg-base ../../build/object_detect build --build-base /home/mtrn/MTRN4231-T9-1/lab3-main/build/object_detect/build install --record /home/mtrn/MTRN4231-T9-1/lab3-main/build/object_detect/install.log --single-version-externally-managed install_data
[0.899s] running egg_info
[0.899s] creating ../../build/object_detect/object_detect.egg-info
[0.899s] writing ../../build/object_detect/object_detect.egg-info/PKG-INFO
[0.900s] writing dependency_links to ../../build/object_detect/object_detect.egg-info/dependency_links.txt
[0.900s] writing entry points to ../../build/object_detect/object_detect.egg-info/entry_points.txt
[0.900s] writing requirements to ../../build/object_detect/object_detect.egg-info/requires.txt
[0.900s] writing top-level names to ../../build/object_detect/object_detect.egg-info/top_level.txt
[0.900s] writing manifest file '../../build/object_detect/object_detect.egg-info/SOURCES.txt'
[0.901s] reading manifest file '../../build/object_detect/object_detect.egg-info/SOURCES.txt'
[0.902s] writing manifest file '../../build/object_detect/object_detect.egg-info/SOURCES.txt'
[0.902s] running build
[0.902s] running build_py
[0.902s] creating /home/mtrn/MTRN4231-T9-1/lab3-main/build/object_detect/build
[0.902s] creating /home/mtrn/MTRN4231-T9-1/lab3-main/build/object_detect/build/lib
[0.902s] creating /home/mtrn/MTRN4231-T9-1/lab3-main/build/object_detect/build/lib/object_detect
[0.902s] copying object_detect/object_detect.py -> /home/mtrn/MTRN4231-T9-1/lab3-main/build/object_detect/build/lib/object_detect
[0.902s] copying object_detect/__init__.py -> /home/mtrn/MTRN4231-T9-1/lab3-main/build/object_detect/build/lib/object_detect
[0.902s] running install
[0.903s] running install_lib
[0.903s] creating /home/mtrn/MTRN4231-T9-1/lab3-main/install/object_detect/lib/python3.10/site-packages/object_detect
[0.903s] copying /home/mtrn/MTRN4231-T9-1/lab3-main/build/object_detect/build/lib/object_detect/object_detect.py -> /home/mtrn/MTRN4231-T9-1/lab3-main/install/object_detect/lib/python3.10/site-packages/object_detect
[0.903s] copying /home/mtrn/MTRN4231-T9-1/lab3-main/build/object_detect/build/lib/object_detect/__init__.py -> /home/mtrn/MTRN4231-T9-1/lab3-main/install/object_detect/lib/python3.10/site-packages/object_detect
[0.903s] byte-compiling /home/mtrn/MTRN4231-T9-1/lab3-main/install/object_detect/lib/python3.10/site-packages/object_detect/object_detect.py to object_detect.cpython-310.pyc
[0.905s] byte-compiling /home/mtrn/MTRN4231-T9-1/lab3-main/install/object_detect/lib/python3.10/site-packages/object_detect/__init__.py to __init__.cpython-310.pyc
[0.905s] running install_data
[0.905s] creating /home/mtrn/MTRN4231-T9-1/lab3-main/install/object_detect/share/ament_index
[0.905s] creating /home/mtrn/MTRN4231-T9-1/lab3-main/install/object_detect/share/ament_index/resource_index
[0.905s] creating /home/mtrn/MTRN4231-T9-1/lab3-main/install/object_detect/share/ament_index/resource_index/packages
[0.905s] copying resource/object_detect -> /home/mtrn/MTRN4231-T9-1/lab3-main/install/object_detect/share/ament_index/resource_index/packages
[0.905s] copying package.xml -> /home/mtrn/MTRN4231-T9-1/lab3-main/install/object_detect/share/object_detect
[0.906s] running install_egg_info
[0.906s] Copying ../../build/object_detect/object_detect.egg-info to /home/mtrn/MTRN4231-T9-1/lab3-main/install/object_detect/lib/python3.10/site-packages/object_detect-0.0.0-py3.10.egg-info
[0.906s] running install_scripts
[0.924s] Installing object_detect script to /home/mtrn/MTRN4231-T9-1/lab3-main/install/object_detect/lib/object_detect
[0.924s] writing list of installed files to '/home/mtrn/MTRN4231-T9-1/lab3-main/build/object_detect/install.log'
[0.950s] Invoked command in '/home/mtrn/MTRN4231-T9-1/lab3-main/src/object_detect' returned '0': PYTHONPATH=/home/mtrn/MTRN4231-T9-1/lab3-main/build/object_detect/prefix_override:/usr/lib/python3/dist-packages/colcon_core/task/python/colcon_distutils_commands:/home/mtrn/MTRN4231-T9-1/lab3-main/install/object_detect/lib/python3.10/site-packages:${PYTHONPATH} /usr/bin/python3 -W ignore:setup.py install is deprecated setup.py egg_info --egg-base ../../build/object_detect build --build-base /home/mtrn/MTRN4231-T9-1/lab3-main/build/object_detect/build install --record /home/mtrn/MTRN4231-T9-1/lab3-main/build/object_detect/install.log --single-version-externally-managed install_data
