[0.011s] Invoking command in '/home/mtrn/MTRN4231-T9-1/lab3-main/build/lab3_moveit': CMAKE_PREFIX_PATH=/opt/ros/humble /home/mtrn/.local/bin/cmake /home/mtrn/MTRN4231-T9-1/lab3-main/src/lab3_moveit -DCMAKE_INSTALL_PREFIX=/home/mtrn/MTRN4231-T9-1/lab3-main/install/lab3_moveit
[0.155s] -- The C compiler identification is GNU 11.4.0
[0.214s] -- The CXX compiler identification is GNU 11.4.0
[0.239s] -- Detecting C compiler ABI info
[0.369s] -- Detecting C compiler ABI info - done
[0.395s] -- Check for working C compiler: /usr/bin/cc - skipped
[0.395s] -- Detecting C compile features
[0.396s] -- Detecting C compile features - done
[0.414s] -- Detecting CXX compiler ABI info
[0.542s] -- Detecting CXX compiler ABI info - done
[0.554s] -- Check for working CXX compiler: /usr/bin/c++ - skipped
[0.554s] -- Detecting CXX compile features
[0.554s] -- Detecting CXX compile features - done
[0.558s] -- Found ament_cmake: 1.3.10 (/opt/ros/humble/share/ament_cmake/cmake)
[0.793s] -- Found Python3: /usr/bin/python3 (found version "3.10.12") found components: Interpreter 
[0.892s] -- Found moveit_ros_planning_interface: 2.5.5 (/opt/ros/humble/share/moveit_ros_planning_interface/cmake)
[1.023s] -- Found Boost: /usr/lib/x86_64-linux-gnu/cmake/Boost-1.74.0/BoostConfig.cmake (found version "1.74.0") found components: date_time filesystem program_options system thread 
[1.064s] -- Found rosidl_generator_c: 3.1.5 (/opt/ros/humble/share/rosidl_generator_c/cmake)
[1.068s] -- Found rosidl_adapter: 3.1.5 (/opt/ros/humble/share/rosidl_adapter/cmake)
[1.076s] -- Found rosidl_generator_cpp: 3.1.5 (/opt/ros/humble/share/rosidl_generator_cpp/cmake)
[1.087s] -- Using all available rosidl_typesupport_c: rosidl_typesupport_fastrtps_c;rosidl_typesupport_introspection_c
[1.103s] -- Using all available rosidl_typesupport_cpp: rosidl_typesupport_fastrtps_cpp;rosidl_typesupport_introspection_cpp
[1.355s] -- Found Boost: /usr/lib/x86_64-linux-gnu/cmake/Boost-1.74.0/BoostConfig.cmake (found version "1.74.0") found components: chrono date_time filesystem iostreams program_options regex serialization system thread 
[1.371s] -- Found parameter_traits: 0.3.9 (/opt/ros/humble/share/parameter_traits/cmake)
[1.423s] -- Found rmw_implementation_cmake: 6.1.2 (/opt/ros/humble/share/rmw_implementation_cmake/cmake)
[1.426s] -- Found rmw_fastrtps_cpp: 6.2.7 (/opt/ros/humble/share/rmw_fastrtps_cpp/cmake)
[1.538s] -- Found OpenSSL: /usr/lib/x86_64-linux-gnu/libcrypto.so (found version "3.0.2")  
[1.582s] -- Found FastRTPS: /opt/ros/humble/include  
[1.629s] -- Using RMW implementation 'rmw_fastrtps_cpp' as default
[1.639s] -- Found Threads: TRUE  
[1.701s] -- Found rclcpp_lifecycle: 16.0.10 (/opt/ros/humble/share/rclcpp_lifecycle/cmake)
[1.730s] -- Found Boost: /usr/lib/x86_64-linux-gnu/cmake/Boost-1.74.0/BoostConfig.cmake (found version "1.74.0") found components: filesystem 
[1.862s] -- library: /usr/lib/x86_64-linux-gnu/libcurl.so
[1.907s] -- Found Eigen3: TRUE (found version "3.4.0") 
[1.907s] -- Ensuring Eigen3 include directory is part of orocos-kdl CMake target
[2.093s] -- Found Boost: /usr/lib/x86_64-linux-gnu/cmake/Boost-1.74.0/BoostConfig.cmake (found version "1.74.0") found components: system filesystem date_time program_options thread chrono 
[2.133s] -- Found Boost: /usr/lib/x86_64-linux-gnu/cmake/Boost-1.74.0/BoostConfig.cmake (found version "1.74.0") found components: thread system filesystem regex date_time program_options 
[2.163s] -- Found Boost: /usr/lib/x86_64-linux-gnu/cmake/Boost-1.74.0/BoostConfig.cmake (found version "1.74.0") found components: system filesystem date_time program_options thread 
[2.251s] -- Configuring done (2.2s)
[2.287s] -- Generating done (0.0s)
[2.289s] -- Build files have been written to: /home/mtrn/MTRN4231-T9-1/lab3-main/build/lab3_moveit
[2.315s] Invoked command in '/home/mtrn/MTRN4231-T9-1/lab3-main/build/lab3_moveit' returned '0': CMAKE_PREFIX_PATH=/opt/ros/humble /home/mtrn/.local/bin/cmake /home/mtrn/MTRN4231-T9-1/lab3-main/src/lab3_moveit -DCMAKE_INSTALL_PREFIX=/home/mtrn/MTRN4231-T9-1/lab3-main/install/lab3_moveit
[2.319s] Invoking command in '/home/mtrn/MTRN4231-T9-1/lab3-main/build/lab3_moveit': CMAKE_PREFIX_PATH=/opt/ros/humble /home/mtrn/.local/bin/cmake --build /home/mtrn/MTRN4231-T9-1/lab3-main/build/lab3_moveit -- -j20 -l20
[2.408s] [ 50%] [32mBuilding CXX object CMakeFiles/move_to_marker.dir/src/move_to_marker.cpp.o[0m
[9.129s] [100%] [32m[1mLinking CXX executable move_to_marker[0m
[9.455s] [100%] Built target move_to_marker
[9.473s] Invoked command in '/home/mtrn/MTRN4231-T9-1/lab3-main/build/lab3_moveit' returned '0': CMAKE_PREFIX_PATH=/opt/ros/humble /home/mtrn/.local/bin/cmake --build /home/mtrn/MTRN4231-T9-1/lab3-main/build/lab3_moveit -- -j20 -l20
[9.623s] Invoking command in '/home/mtrn/MTRN4231-T9-1/lab3-main/build/lab3_moveit': CMAKE_PREFIX_PATH=/opt/ros/humble /home/mtrn/.local/bin/cmake --install /home/mtrn/MTRN4231-T9-1/lab3-main/build/lab3_moveit
[9.655s] -- Install configuration: ""
[9.655s] -- Installing: /home/mtrn/MTRN4231-T9-1/lab3-main/install/lab3_moveit/lib/lab3_moveit/move_to_marker
[9.655s] -- Set runtime path of "/home/mtrn/MTRN4231-T9-1/lab3-main/install/lab3_moveit/lib/lab3_moveit/move_to_marker" to ""
[9.655s] -- Installing: /home/mtrn/MTRN4231-T9-1/lab3-main/install/lab3_moveit/share/lab3_moveit//launch
[9.656s] -- Installing: /home/mtrn/MTRN4231-T9-1/lab3-main/install/lab3_moveit/share/lab3_moveit//launch/move_to_marker.launch.py
[9.656s] -- Installing: /home/mtrn/MTRN4231-T9-1/lab3-main/install/lab3_moveit/share/ament_index/resource_index/package_run_dependencies/lab3_moveit
[9.656s] -- Installing: /home/mtrn/MTRN4231-T9-1/lab3-main/install/lab3_moveit/share/ament_index/resource_index/parent_prefix_path/lab3_moveit
[9.656s] -- Installing: /home/mtrn/MTRN4231-T9-1/lab3-main/install/lab3_moveit/share/lab3_moveit/environment/ament_prefix_path.sh
[9.657s] -- Installing: /home/mtrn/MTRN4231-T9-1/lab3-main/install/lab3_moveit/share/lab3_moveit/environment/ament_prefix_path.dsv
[9.657s] -- Installing: /home/mtrn/MTRN4231-T9-1/lab3-main/install/lab3_moveit/share/lab3_moveit/environment/path.sh
[9.657s] -- Installing: /home/mtrn/MTRN4231-T9-1/lab3-main/install/lab3_moveit/share/lab3_moveit/environment/path.dsv
[9.657s] -- Installing: /home/mtrn/MTRN4231-T9-1/lab3-main/install/lab3_moveit/share/lab3_moveit/local_setup.bash
[9.657s] -- Installing: /home/mtrn/MTRN4231-T9-1/lab3-main/install/lab3_moveit/share/lab3_moveit/local_setup.sh
[9.657s] -- Installing: /home/mtrn/MTRN4231-T9-1/lab3-main/install/lab3_moveit/share/lab3_moveit/local_setup.zsh
[9.657s] -- Installing: /home/mtrn/MTRN4231-T9-1/lab3-main/install/lab3_moveit/share/lab3_moveit/local_setup.dsv
[9.658s] -- Installing: /home/mtrn/MTRN4231-T9-1/lab3-main/install/lab3_moveit/share/lab3_moveit/package.dsv
[9.658s] -- Installing: /home/mtrn/MTRN4231-T9-1/lab3-main/install/lab3_moveit/share/ament_index/resource_index/packages/lab3_moveit
[9.658s] -- Installing: /home/mtrn/MTRN4231-T9-1/lab3-main/install/lab3_moveit/share/lab3_moveit/cmake/lab3_moveitConfig.cmake
[9.658s] -- Installing: /home/mtrn/MTRN4231-T9-1/lab3-main/install/lab3_moveit/share/lab3_moveit/cmake/lab3_moveitConfig-version.cmake
[9.658s] -- Installing: /home/mtrn/MTRN4231-T9-1/lab3-main/install/lab3_moveit/share/lab3_moveit/package.xml
[9.669s] Invoked command in '/home/mtrn/MTRN4231-T9-1/lab3-main/build/lab3_moveit' returned '0': CMAKE_PREFIX_PATH=/opt/ros/humble /home/mtrn/.local/bin/cmake --install /home/mtrn/MTRN4231-T9-1/lab3-main/build/lab3_moveit
