[0.133s] [34mcolcon[0m [1;30mDEBUG[0m [32mCommand line arguments: ['/usr/bin/colcon', 'build'][0m
[0.133s] [34mcolcon[0m [1;30mDEBUG[0m [32mParsed command line arguments: Namespace(log_base=None, log_level=None, verb_name='build', build_base='build', install_base='install', merge_install=False, symlink_install=False, test_result_base=None, continue_on_error=False, executor='parallel', parallel_workers=12, event_handlers=None, ignore_user_meta=False, metas=['./colcon.meta'], base_paths=['.'], packages_ignore=None, packages_ignore_regex=None, paths=None, packages_up_to=None, packages_up_to_regex=None, packages_above=None, packages_above_and_dependencies=None, packages_above_depth=None, packages_select_by_dep=None, packages_skip_by_dep=None, packages_skip_up_to=None, packages_select_build_failed=False, packages_skip_build_finished=False, packages_select_test_failures=False, packages_skip_test_passed=False, packages_select=None, packages_skip=None, packages_select_regex=None, packages_skip_regex=None, packages_start=None, packages_end=None, allow_overriding=[], cmake_args=None, cmake_target=None, cmake_target_skip_unavailable=False, cmake_clean_cache=False, cmake_clean_first=False, cmake_force_configure=False, ament_cmake_args=None, catkin_cmake_args=None, catkin_skip_building_tests=False, mixin_files=None, mixin=None, verb_parser=<colcon_mixin.mixin.mixin_argument.MixinArgumentDecorator object at 0x7b0e5c1f2800>, verb_extension=<colcon_core.verb.build.BuildVerb object at 0x7b0e5c1f20e0>, main=<bound method BuildVerb.main of <colcon_core.verb.build.BuildVerb object at 0x7b0e5c1f20e0>>, mixin_verb=('build',))[0m
[0.452s] [34mcolcon.colcon_core.package_discovery[0m [1;30mLevel 1[0m discover_packages(colcon_meta) check parameters
[0.453s] [34mcolcon.colcon_core.package_discovery[0m [1;30mLevel 1[0m discover_packages(recursive) check parameters
[0.453s] [34mcolcon.colcon_core.package_discovery[0m [1;30mLevel 1[0m discover_packages(ignore) check parameters
[0.453s] [34mcolcon.colcon_core.package_discovery[0m [1;30mLevel 1[0m discover_packages(path) check parameters
[0.453s] [34mcolcon.colcon_core.package_discovery[0m [1;30mLevel 1[0m discover_packages(colcon_meta) discover
[0.453s] [34mcolcon.colcon_core.package_discovery[0m [1;30mLevel 1[0m discover_packages(recursive) discover
[0.453s] [34mcolcon.colcon_core.package_discovery[0m [1;30mINFO[0m Crawling recursively for packages in '/home/mtrn/MTRN4231-T9-1/my_gripper'
[0.453s] [34mcolcon.colcon_core.package_identification[0m [1;30mLevel 1[0m _identify(.) by extensions ['ignore', 'ignore_ament_install']
[0.453s] [34mcolcon.colcon_core.package_identification[0m [1;30mLevel 1[0m _identify(.) by extension 'ignore'
[0.453s] [34mcolcon.colcon_core.package_identification[0m [1;30mLevel 1[0m _identify(.) by extension 'ignore_ament_install'
[0.453s] [34mcolcon.colcon_core.package_identification[0m [1;30mLevel 1[0m _identify(.) by extensions ['colcon_pkg']
[0.453s] [34mcolcon.colcon_core.package_identification[0m [1;30mLevel 1[0m _identify(.) by extension 'colcon_pkg'
[0.453s] [34mcolcon.colcon_core.package_identification[0m [1;30mLevel 1[0m _identify(.) by extensions ['colcon_meta']
[0.453s] [34mcolcon.colcon_core.package_identification[0m [1;30mLevel 1[0m _identify(.) by extension 'colcon_meta'
[0.453s] [34mcolcon.colcon_core.package_identification[0m [1;30mLevel 1[0m _identify(.) by extensions ['ros']
[0.453s] [34mcolcon.colcon_core.package_identification[0m [1;30mLevel 1[0m _identify(.) by extension 'ros'
[0.473s] [34mcolcon.colcon_core.package_identification[0m [1;30mDEBUG[0m [32mPackage '.' with type 'ros.ament_python' and name 'my_gripper_pkg'[0m
[0.474s] [34mcolcon.colcon_core.package_discovery[0m [1;30mLevel 1[0m discover_packages(recursive) using defaults
[0.474s] [34mcolcon.colcon_core.package_discovery[0m [1;30mLevel 1[0m discover_packages(ignore) discover
[0.474s] [34mcolcon.colcon_core.package_discovery[0m [1;30mLevel 1[0m discover_packages(ignore) using defaults
[0.474s] [34mcolcon.colcon_core.package_discovery[0m [1;30mLevel 1[0m discover_packages(path) discover
[0.474s] [34mcolcon.colcon_core.package_discovery[0m [1;30mLevel 1[0m discover_packages(path) using defaults
[0.491s] [34mcolcon.colcon_core.package_discovery[0m [1;30mLevel 1[0m discover_packages(prefix_path) check parameters
[0.491s] [34mcolcon.colcon_core.package_discovery[0m [1;30mLevel 1[0m discover_packages(prefix_path) discover
[0.492s] [34mcolcon.colcon_core.prefix_path.colcon[0m [1;30mWARNING[0m [33mThe path '/home/mtrn/MTRN4231-T9-1/my_gripper_pkg/install' in the environment variable COLCON_PREFIX_PATH doesn't exist[0m
[0.492s] [34mcolcon.colcon_ros.prefix_path.ament[0m [1;30mWARNING[0m [33mThe path '/home/mtrn/MTRN4231-T9-1/my_gripper_pkg/install/my_gripper_pkg' in the environment variable AMENT_PREFIX_PATH doesn't exist[0m
[0.494s] [34mcolcon.colcon_installed_package_information.package_discovery[0m [1;30mDEBUG[0m [32mFound 339 installed packages in /opt/ros/humble[0m
[0.495s] [34mcolcon.colcon_core.package_discovery[0m [1;30mLevel 1[0m discover_packages(prefix_path) using defaults
[0.539s] [34mcolcon.colcon_core.verb[0m [1;30mLevel 5[0m set package 'my_gripper_pkg' build argument 'cmake_args' from command line to 'None'
[0.539s] [34mcolcon.colcon_core.verb[0m [1;30mLevel 5[0m set package 'my_gripper_pkg' build argument 'cmake_target' from command line to 'None'
[0.539s] [34mcolcon.colcon_core.verb[0m [1;30mLevel 5[0m set package 'my_gripper_pkg' build argument 'cmake_target_skip_unavailable' from command line to 'False'
[0.539s] [34mcolcon.colcon_core.verb[0m [1;30mLevel 5[0m set package 'my_gripper_pkg' build argument 'cmake_clean_cache' from command line to 'False'
[0.539s] [34mcolcon.colcon_core.verb[0m [1;30mLevel 5[0m set package 'my_gripper_pkg' build argument 'cmake_clean_first' from command line to 'False'
[0.539s] [34mcolcon.colcon_core.verb[0m [1;30mLevel 5[0m set package 'my_gripper_pkg' build argument 'cmake_force_configure' from command line to 'False'
[0.539s] [34mcolcon.colcon_core.verb[0m [1;30mLevel 5[0m set package 'my_gripper_pkg' build argument 'ament_cmake_args' from command line to 'None'
[0.539s] [34mcolcon.colcon_core.verb[0m [1;30mLevel 5[0m set package 'my_gripper_pkg' build argument 'catkin_cmake_args' from command line to 'None'
[0.539s] [34mcolcon.colcon_core.verb[0m [1;30mLevel 5[0m set package 'my_gripper_pkg' build argument 'catkin_skip_building_tests' from command line to 'False'
[0.539s] [34mcolcon.colcon_core.verb[0m [1;30mDEBUG[0m [32mBuilding package 'my_gripper_pkg' with the following arguments: {'ament_cmake_args': None, 'build_base': '/home/mtrn/MTRN4231-T9-1/my_gripper/build/my_gripper_pkg', 'catkin_cmake_args': None, 'catkin_skip_building_tests': False, 'cmake_args': None, 'cmake_clean_cache': False, 'cmake_clean_first': False, 'cmake_force_configure': False, 'cmake_target': None, 'cmake_target_skip_unavailable': False, 'install_base': '/home/mtrn/MTRN4231-T9-1/my_gripper/install/my_gripper_pkg', 'merge_install': False, 'path': '/home/mtrn/MTRN4231-T9-1/my_gripper', 'symlink_install': False, 'test_result_base': None}[0m
[0.540s] [34mcolcon.colcon_core.executor[0m [1;30mINFO[0m Executing jobs using 'parallel' executor
[0.541s] [34mcolcon.colcon_parallel_executor.executor.parallel[0m [1;30mDEBUG[0m [32mrun_until_complete[0m
[0.541s] [34mcolcon.colcon_ros.task.ament_python.build[0m [1;30mINFO[0m Building ROS package in '/home/mtrn/MTRN4231-T9-1/my_gripper' with build type 'ament_python'
[0.541s] [34mcolcon.colcon_core.shell[0m [1;30mLevel 1[0m create_environment_hook('my_gripper_pkg', 'ament_prefix_path')
[0.543s] [34mcolcon.colcon_core.plugin_system[0m [1;30mINFO[0m Skipping extension 'colcon_core.shell.bat': Not used on non-Windows systems
[0.543s] [34mcolcon.colcon_core.shell[0m [1;30mINFO[0m Creating environment hook '/home/mtrn/MTRN4231-T9-1/my_gripper/install/my_gripper_pkg/share/my_gripper_pkg/hook/ament_prefix_path.ps1'
[0.544s] [34mcolcon.colcon_core.shell[0m [1;30mINFO[0m Creating environment descriptor '/home/mtrn/MTRN4231-T9-1/my_gripper/install/my_gripper_pkg/share/my_gripper_pkg/hook/ament_prefix_path.dsv'
[0.545s] [34mcolcon.colcon_core.shell[0m [1;30mINFO[0m Creating environment hook '/home/mtrn/MTRN4231-T9-1/my_gripper/install/my_gripper_pkg/share/my_gripper_pkg/hook/ament_prefix_path.sh'
[0.546s] [34mcolcon.colcon_core.shell[0m [1;30mINFO[0m Skip shell extension 'powershell' for command environment: Not usable outside of PowerShell
[0.546s] [34mcolcon.colcon_core.shell[0m [1;30mDEBUG[0m [32mSkip shell extension 'dsv' for command environment[0m
[0.977s] [34mcolcon.colcon_core.task.python.build[0m [1;30mINFO[0m Building Python package in '/home/mtrn/MTRN4231-T9-1/my_gripper'
[0.977s] [34mcolcon.colcon_core.shell[0m [1;30mINFO[0m Skip shell extension 'powershell' for command environment: Not usable outside of PowerShell
[0.977s] [34mcolcon.colcon_core.shell[0m [1;30mDEBUG[0m [32mSkip shell extension 'dsv' for command environment[0m
[1.731s] [34mcolcon.colcon_core.event_handler.log_command[0m [1;30mDEBUG[0m [32mInvoking command in '/home/mtrn/MTRN4231-T9-1/my_gripper': PYTHONPATH=/home/mtrn/MTRN4231-T9-1/my_gripper/build/my_gripper_pkg/prefix_override:/usr/lib/python3/dist-packages/colcon_core/task/python/colcon_distutils_commands:/home/mtrn/MTRN4231-T9-1/my_gripper/install/my_gripper_pkg/lib/python3.10/site-packages:${PYTHONPATH} /usr/bin/python3 -W ignore:setup.py install is deprecated setup.py egg_info --egg-base build/my_gripper_pkg build --build-base /home/mtrn/MTRN4231-T9-1/my_gripper/build/my_gripper_pkg/build install --record /home/mtrn/MTRN4231-T9-1/my_gripper/build/my_gripper_pkg/install.log --single-version-externally-managed install_data[0m
[2.384s] [34mcolcon.colcon_core.event_handler.log_command[0m [1;30mDEBUG[0m [32mInvoked command in '/home/mtrn/MTRN4231-T9-1/my_gripper' returned '0': PYTHONPATH=/home/mtrn/MTRN4231-T9-1/my_gripper/build/my_gripper_pkg/prefix_override:/usr/lib/python3/dist-packages/colcon_core/task/python/colcon_distutils_commands:/home/mtrn/MTRN4231-T9-1/my_gripper/install/my_gripper_pkg/lib/python3.10/site-packages:${PYTHONPATH} /usr/bin/python3 -W ignore:setup.py install is deprecated setup.py egg_info --egg-base build/my_gripper_pkg build --build-base /home/mtrn/MTRN4231-T9-1/my_gripper/build/my_gripper_pkg/build install --record /home/mtrn/MTRN4231-T9-1/my_gripper/build/my_gripper_pkg/install.log --single-version-externally-managed install_data[0m
[2.387s] [34mcolcon.colcon_core.environment[0m [1;30mLevel 1[0m checking '/home/mtrn/MTRN4231-T9-1/my_gripper/install/my_gripper_pkg' for CMake module files
[2.388s] [34mcolcon.colcon_core.environment[0m [1;30mLevel 1[0m checking '/home/mtrn/MTRN4231-T9-1/my_gripper/install/my_gripper_pkg' for CMake config files
[2.389s] [34mcolcon.colcon_core.environment[0m [1;30mLevel 1[0m checking '/home/mtrn/MTRN4231-T9-1/my_gripper/install/my_gripper_pkg/lib'
[2.389s] [34mcolcon.colcon_core.environment[0m [1;30mLevel 1[0m checking '/home/mtrn/MTRN4231-T9-1/my_gripper/install/my_gripper_pkg/bin'
[2.389s] [34mcolcon.colcon_core.environment[0m [1;30mLevel 1[0m checking '/home/mtrn/MTRN4231-T9-1/my_gripper/install/my_gripper_pkg/lib/pkgconfig/my_gripper_pkg.pc'
[2.389s] [34mcolcon.colcon_core.environment[0m [1;30mLevel 1[0m checking '/home/mtrn/MTRN4231-T9-1/my_gripper/install/my_gripper_pkg/lib/python3.10/site-packages'
[2.389s] [34mcolcon.colcon_core.shell[0m [1;30mLevel 1[0m create_environment_hook('my_gripper_pkg', 'pythonpath')
[2.390s] [34mcolcon.colcon_core.shell[0m [1;30mINFO[0m Creating environment hook '/home/mtrn/MTRN4231-T9-1/my_gripper/install/my_gripper_pkg/share/my_gripper_pkg/hook/pythonpath.ps1'
[2.390s] [34mcolcon.colcon_core.shell[0m [1;30mINFO[0m Creating environment descriptor '/home/mtrn/MTRN4231-T9-1/my_gripper/install/my_gripper_pkg/share/my_gripper_pkg/hook/pythonpath.dsv'
[2.391s] [34mcolcon.colcon_core.shell[0m [1;30mINFO[0m Creating environment hook '/home/mtrn/MTRN4231-T9-1/my_gripper/install/my_gripper_pkg/share/my_gripper_pkg/hook/pythonpath.sh'
[2.392s] [34mcolcon.colcon_core.environment[0m [1;30mLevel 1[0m checking '/home/mtrn/MTRN4231-T9-1/my_gripper/install/my_gripper_pkg/bin'
[2.392s] [34mcolcon.colcon_core.environment[0m [1;30mLevel 1[0m create_environment_scripts_only(my_gripper_pkg)
[2.392s] [34mcolcon.colcon_core.shell[0m [1;30mINFO[0m Creating package script '/home/mtrn/MTRN4231-T9-1/my_gripper/install/my_gripper_pkg/share/my_gripper_pkg/package.ps1'
[2.393s] [34mcolcon.colcon_core.shell[0m [1;30mINFO[0m Creating package descriptor '/home/mtrn/MTRN4231-T9-1/my_gripper/install/my_gripper_pkg/share/my_gripper_pkg/package.dsv'
[2.394s] [34mcolcon.colcon_core.shell[0m [1;30mINFO[0m Creating package script '/home/mtrn/MTRN4231-T9-1/my_gripper/install/my_gripper_pkg/share/my_gripper_pkg/package.sh'
[2.395s] [34mcolcon.colcon_core.shell[0m [1;30mINFO[0m Creating package script '/home/mtrn/MTRN4231-T9-1/my_gripper/install/my_gripper_pkg/share/my_gripper_pkg/package.bash'
[2.396s] [34mcolcon.colcon_core.shell[0m [1;30mINFO[0m Creating package script '/home/mtrn/MTRN4231-T9-1/my_gripper/install/my_gripper_pkg/share/my_gripper_pkg/package.zsh'
[2.397s] [34mcolcon.colcon_core.environment[0m [1;30mLevel 1[0m create_file_with_runtime_dependencies(/home/mtrn/MTRN4231-T9-1/my_gripper/install/my_gripper_pkg/share/colcon-core/packages/my_gripper_pkg)
[2.398s] [34mcolcon.colcon_parallel_executor.executor.parallel[0m [1;30mDEBUG[0m [32mclosing loop[0m
[2.398s] [34mcolcon.colcon_parallel_executor.executor.parallel[0m [1;30mDEBUG[0m [32mloop closed[0m
[2.398s] [34mcolcon.colcon_parallel_executor.executor.parallel[0m [1;30mDEBUG[0m [32mrun_until_complete finished with '0'[0m
[2.398s] [34mcolcon.colcon_core.event_reactor[0m [1;30mDEBUG[0m [32mjoining thread[0m
[2.413s] [34mcolcon.colcon_core.plugin_system[0m [1;30mINFO[0m Skipping extension 'colcon_notification.desktop_notification.terminal_notifier': Not used on non-Darwin systems
[2.414s] [34mcolcon.colcon_core.plugin_system[0m [1;30mINFO[0m Skipping extension 'colcon_notification.desktop_notification.win32': Not used on non-Windows systems
[2.414s] [34mcolcon.colcon_notification.desktop_notification[0m [1;30mINFO[0m Sending desktop notification using 'notify2'
[2.435s] [34mcolcon.colcon_core.event_reactor[0m [1;30mDEBUG[0m [32mjoined thread[0m
[2.436s] [34mcolcon.colcon_core.shell[0m [1;30mINFO[0m Creating prefix script '/home/mtrn/MTRN4231-T9-1/my_gripper/install/local_setup.ps1'
[2.437s] [34mcolcon.colcon_core.shell[0m [1;30mINFO[0m Creating prefix util module '/home/mtrn/MTRN4231-T9-1/my_gripper/install/_local_setup_util_ps1.py'
[2.440s] [34mcolcon.colcon_core.shell[0m [1;30mINFO[0m Creating prefix chain script '/home/mtrn/MTRN4231-T9-1/my_gripper/install/setup.ps1'
[2.442s] [34mcolcon.colcon_core.shell[0m [1;30mINFO[0m Creating prefix script '/home/mtrn/MTRN4231-T9-1/my_gripper/install/local_setup.sh'
[2.443s] [34mcolcon.colcon_core.shell[0m [1;30mINFO[0m Creating prefix util module '/home/mtrn/MTRN4231-T9-1/my_gripper/install/_local_setup_util_sh.py'
[2.443s] [34mcolcon.colcon_core.shell[0m [1;30mINFO[0m Creating prefix chain script '/home/mtrn/MTRN4231-T9-1/my_gripper/install/setup.sh'
[2.445s] [34mcolcon.colcon_core.shell[0m [1;30mINFO[0m Creating prefix script '/home/mtrn/MTRN4231-T9-1/my_gripper/install/local_setup.bash'
[2.445s] [34mcolcon.colcon_core.shell[0m [1;30mINFO[0m Creating prefix chain script '/home/mtrn/MTRN4231-T9-1/my_gripper/install/setup.bash'
[2.447s] [34mcolcon.colcon_core.shell[0m [1;30mINFO[0m Creating prefix script '/home/mtrn/MTRN4231-T9-1/my_gripper/install/local_setup.zsh'
[2.447s] [34mcolcon.colcon_core.shell[0m [1;30mINFO[0m Creating prefix chain script '/home/mtrn/MTRN4231-T9-1/my_gripper/install/setup.zsh'
