running egg_info
creating build/ur_with_gripper_description/ur_with_gripper_description.egg-info
writing build/ur_with_gripper_description/ur_with_gripper_description.egg-info/PKG-INFO
writing dependency_links to build/ur_with_gripper_description/ur_with_gripper_description.egg-info/dependency_links.txt
writing entry points to build/ur_with_gripper_description/ur_with_gripper_description.egg-info/entry_points.txt
writing requirements to build/ur_with_gripper_description/ur_with_gripper_description.egg-info/requires.txt
writing top-level names to build/ur_with_gripper_description/ur_with_gripper_description.egg-info/top_level.txt
writing manifest file 'build/ur_with_gripper_description/ur_with_gripper_description.egg-info/SOURCES.txt'
reading manifest file 'build/ur_with_gripper_description/ur_with_gripper_description.egg-info/SOURCES.txt'
writing manifest file 'build/ur_with_gripper_description/ur_with_gripper_description.egg-info/SOURCES.txt'
running build
running build_py
creating /home/mtrn/4231/ur_with_gripper_description/build/ur_with_gripper_description/build
creating /home/mtrn/4231/ur_with_gripper_description/build/ur_with_gripper_description/build/lib
creating /home/mtrn/4231/ur_with_gripper_description/build/ur_with_gripper_description/build/lib/ur_with_gripper_description
copying ur_with_gripper_description/__init__.py -> /home/mtrn/4231/ur_with_gripper_description/build/ur_with_gripper_description/build/lib/ur_with_gripper_description
running install
/usr/lib/python3/dist-packages/setuptools/command/install.py:34: SetuptoolsDeprecationWarning: setup.py install is deprecated. Use build and pip and other standards-based tools.
  warnings.warn(
running install_lib
creating /home/mtrn/4231/ur_with_gripper_description/install/ur_with_gripper_description/lib/python3.10/site-packages/ur_with_gripper_description
copying /home/mtrn/4231/ur_with_gripper_description/build/ur_with_gripper_description/build/lib/ur_with_gripper_description/__init__.py -> /home/mtrn/4231/ur_with_gripper_description/install/ur_with_gripper_description/lib/python3.10/site-packages/ur_with_gripper_description
byte-compiling /home/mtrn/4231/ur_with_gripper_description/install/ur_with_gripper_description/lib/python3.10/site-packages/ur_with_gripper_description/__init__.py to __init__.cpython-310.pyc
running install_data
creating /home/mtrn/4231/ur_with_gripper_description/install/ur_with_gripper_description/share/ament_index
creating /home/mtrn/4231/ur_with_gripper_description/install/ur_with_gripper_description/share/ament_index/resource_index
creating /home/mtrn/4231/ur_with_gripper_description/install/ur_with_gripper_description/share/ament_index/resource_index/packages
copying resource/ur_with_gripper_description -> /home/mtrn/4231/ur_with_gripper_description/install/ur_with_gripper_description/share/ament_index/resource_index/packages
copying package.xml -> /home/mtrn/4231/ur_with_gripper_description/install/ur_with_gripper_description/share/ur_with_gripper_description
running install_egg_info
Copying build/ur_with_gripper_description/ur_with_gripper_description.egg-info to /home/mtrn/4231/ur_with_gripper_description/install/ur_with_gripper_description/lib/python3.10/site-packages/ur_with_gripper_description-0.0.0-py3.10.egg-info
running install_scripts
writing list of installed files to '/home/mtrn/4231/ur_with_gripper_description/build/ur_with_gripper_description/install.log'
