[0.153s] DEBUG:colcon:Command line arguments: ['/usr/bin/colcon', 'build']
[0.153s] DEBUG:colcon:Parsed command line arguments: Namespace(log_base=None, log_level=None, verb_name='build', build_base='build', install_base='install', merge_install=False, symlink_install=False, test_result_base=None, continue_on_error=False, executor='parallel', parallel_workers=8, event_handlers=None, ignore_user_meta=False, metas=['./colcon.meta'], base_paths=['.'], packages_ignore=None, packages_ignore_regex=None, paths=None, packages_up_to=None, packages_up_to_regex=None, packages_above=None, packages_above_and_dependencies=None, packages_above_depth=None, packages_select_by_dep=None, packages_skip_by_dep=None, packages_skip_up_to=None, packages_select_build_failed=False, packages_skip_build_finished=False, packages_select_test_failures=False, packages_skip_test_passed=False, packages_select=None, packages_skip=None, packages_select_regex=None, packages_skip_regex=None, packages_start=None, packages_end=None, allow_overriding=[], cmake_args=None, cmake_target=None, cmake_target_skip_unavailable=False, cmake_clean_cache=False, cmake_clean_first=False, cmake_force_configure=False, ament_cmake_args=None, catkin_cmake_args=None, catkin_skip_building_tests=False, verb_parser=<colcon_defaults.argument_parser.defaults.DefaultArgumentsDecorator object at 0x7002cec52a10>, verb_extension=<colcon_core.verb.build.BuildVerb object at 0x7002cedcb6a0>, main=<bound method BuildVerb.main of <colcon_core.verb.build.BuildVerb object at 0x7002cedcb6a0>>)
[0.391s] Level 1:colcon.colcon_core.package_discovery:discover_packages(colcon_meta) check parameters
[0.391s] Level 1:colcon.colcon_core.package_discovery:discover_packages(recursive) check parameters
[0.391s] Level 1:colcon.colcon_core.package_discovery:discover_packages(ignore) check parameters
[0.391s] Level 1:colcon.colcon_core.package_discovery:discover_packages(path) check parameters
[0.391s] Level 1:colcon.colcon_core.package_discovery:discover_packages(colcon_meta) discover
[0.391s] Level 1:colcon.colcon_core.package_discovery:discover_packages(recursive) discover
[0.391s] INFO:colcon.colcon_core.package_discovery:Crawling recursively for packages in '/home/ryan/unsw/MTRN4231_group/tictactoe-bot'
[0.392s] Level 1:colcon.colcon_core.package_identification:_identify(.) by extensions ['ignore', 'ignore_ament_install']
[0.392s] Level 1:colcon.colcon_core.package_identification:_identify(.) by extension 'ignore'
[0.392s] Level 1:colcon.colcon_core.package_identification:_identify(.) by extension 'ignore_ament_install'
[0.392s] Level 1:colcon.colcon_core.package_identification:_identify(.) by extensions ['colcon_pkg']
[0.392s] Level 1:colcon.colcon_core.package_identification:_identify(.) by extension 'colcon_pkg'
[0.392s] Level 1:colcon.colcon_core.package_identification:_identify(.) by extensions ['colcon_meta']
[0.392s] Level 1:colcon.colcon_core.package_identification:_identify(.) by extension 'colcon_meta'
[0.393s] Level 1:colcon.colcon_core.package_identification:_identify(.) by extensions ['ros']
[0.393s] Level 1:colcon.colcon_core.package_identification:_identify(.) by extension 'ros'
[0.407s] Level 1:colcon.colcon_core.package_identification:_identify(.) by extensions ['cmake', 'python']
[0.407s] Level 1:colcon.colcon_core.package_identification:_identify(.) by extension 'cmake'
[0.407s] Level 1:colcon.colcon_core.package_identification:_identify(.) by extension 'python'
[0.407s] Level 1:colcon.colcon_core.package_identification:_identify(.) by extensions ['python_setup_py']
[0.407s] Level 1:colcon.colcon_core.package_identification:_identify(.) by extension 'python_setup_py'
[0.408s] Level 1:colcon.colcon_core.package_identification:_identify(build) by extensions ['ignore', 'ignore_ament_install']
[0.408s] Level 1:colcon.colcon_core.package_identification:_identify(build) by extension 'ignore'
[0.408s] Level 1:colcon.colcon_core.package_identification:_identify(build) ignored
[0.408s] Level 1:colcon.colcon_core.package_identification:_identify(install) by extensions ['ignore', 'ignore_ament_install']
[0.408s] Level 1:colcon.colcon_core.package_identification:_identify(install) by extension 'ignore'
[0.408s] Level 1:colcon.colcon_core.package_identification:_identify(install) ignored
[0.408s] Level 1:colcon.colcon_core.package_identification:_identify(log) by extensions ['ignore', 'ignore_ament_install']
[0.408s] Level 1:colcon.colcon_core.package_identification:_identify(log) by extension 'ignore'
[0.408s] Level 1:colcon.colcon_core.package_identification:_identify(log) ignored
[0.408s] Level 1:colcon.colcon_core.package_identification:_identify(src) by extensions ['ignore', 'ignore_ament_install']
[0.409s] Level 1:colcon.colcon_core.package_identification:_identify(src) by extension 'ignore'
[0.409s] Level 1:colcon.colcon_core.package_identification:_identify(src) by extension 'ignore_ament_install'
[0.409s] Level 1:colcon.colcon_core.package_identification:_identify(src) by extensions ['colcon_pkg']
[0.409s] Level 1:colcon.colcon_core.package_identification:_identify(src) by extension 'colcon_pkg'
[0.409s] Level 1:colcon.colcon_core.package_identification:_identify(src) by extensions ['colcon_meta']
[0.409s] Level 1:colcon.colcon_core.package_identification:_identify(src) by extension 'colcon_meta'
[0.409s] Level 1:colcon.colcon_core.package_identification:_identify(src) by extensions ['ros']
[0.409s] Level 1:colcon.colcon_core.package_identification:_identify(src) by extension 'ros'
[0.409s] Level 1:colcon.colcon_core.package_identification:_identify(src) by extensions ['cmake', 'python']
[0.409s] Level 1:colcon.colcon_core.package_identification:_identify(src) by extension 'cmake'
[0.409s] Level 1:colcon.colcon_core.package_identification:_identify(src) by extension 'python'
[0.409s] Level 1:colcon.colcon_core.package_identification:_identify(src) by extensions ['python_setup_py']
[0.409s] Level 1:colcon.colcon_core.package_identification:_identify(src) by extension 'python_setup_py'
[0.409s] Level 1:colcon.colcon_core.package_identification:_identify(src/arm) by extensions ['ignore', 'ignore_ament_install']
[0.409s] Level 1:colcon.colcon_core.package_identification:_identify(src/arm) by extension 'ignore'
[0.409s] Level 1:colcon.colcon_core.package_identification:_identify(src/arm) by extension 'ignore_ament_install'
[0.409s] Level 1:colcon.colcon_core.package_identification:_identify(src/arm) by extensions ['colcon_pkg']
[0.410s] Level 1:colcon.colcon_core.package_identification:_identify(src/arm) by extension 'colcon_pkg'
[0.410s] Level 1:colcon.colcon_core.package_identification:_identify(src/arm) by extensions ['colcon_meta']
[0.410s] Level 1:colcon.colcon_core.package_identification:_identify(src/arm) by extension 'colcon_meta'
[0.410s] Level 1:colcon.colcon_core.package_identification:_identify(src/arm) by extensions ['ros']
[0.410s] Level 1:colcon.colcon_core.package_identification:_identify(src/arm) by extension 'ros'
[0.413s] DEBUG:colcon.colcon_core.package_identification:Package 'src/arm' with type 'ros.ament_cmake' and name 'arm'
[0.413s] Level 1:colcon.colcon_core.package_identification:_identify(src/depth_camera) by extensions ['ignore', 'ignore_ament_install']
[0.413s] Level 1:colcon.colcon_core.package_identification:_identify(src/depth_camera) by extension 'ignore'
[0.413s] Level 1:colcon.colcon_core.package_identification:_identify(src/depth_camera) by extension 'ignore_ament_install'
[0.414s] Level 1:colcon.colcon_core.package_identification:_identify(src/depth_camera) by extensions ['colcon_pkg']
[0.414s] Level 1:colcon.colcon_core.package_identification:_identify(src/depth_camera) by extension 'colcon_pkg'
[0.414s] Level 1:colcon.colcon_core.package_identification:_identify(src/depth_camera) by extensions ['colcon_meta']
[0.414s] Level 1:colcon.colcon_core.package_identification:_identify(src/depth_camera) by extension 'colcon_meta'
[0.414s] Level 1:colcon.colcon_core.package_identification:_identify(src/depth_camera) by extensions ['ros']
[0.414s] Level 1:colcon.colcon_core.package_identification:_identify(src/depth_camera) by extension 'ros'
[0.415s] DEBUG:colcon.colcon_core.package_identification:Package 'src/depth_camera' with type 'ros.ament_python' and name 'depth_camera'
[0.415s] Level 1:colcon.colcon_core.package_discovery:discover_packages(recursive) using defaults
[0.415s] Level 1:colcon.colcon_core.package_discovery:discover_packages(ignore) discover
[0.415s] Level 1:colcon.colcon_core.package_discovery:discover_packages(ignore) using defaults
[0.415s] Level 1:colcon.colcon_core.package_discovery:discover_packages(path) discover
[0.415s] Level 1:colcon.colcon_core.package_discovery:discover_packages(path) using defaults
[0.456s] Level 1:colcon.colcon_core.package_discovery:discover_packages(prefix_path) check parameters
[0.456s] Level 1:colcon.colcon_core.package_discovery:discover_packages(prefix_path) discover
[0.462s] DEBUG:colcon.colcon_installed_package_information.package_discovery:Found 2 installed packages in /home/ryan/unsw/MTRN4231_group/tictactoe-bot/install
[0.463s] DEBUG:colcon.colcon_installed_package_information.package_discovery:Found 4 installed packages in /home/ryan/ros2_packages/install
[0.464s] DEBUG:colcon.colcon_installed_package_information.package_discovery:Found 7 installed packages in /home/ryan/workspace/ros_ur_driver/install
[0.466s] DEBUG:colcon.colcon_installed_package_information.package_discovery:Found 48 installed packages in /home/ryan/ws_moveit2/install
[0.467s] DEBUG:colcon.colcon_installed_package_information.package_discovery:Found 5 installed packages in /home/ryan/unsw/MTRN4231/4231SuppliedCode/4231_demo_packages/install
[0.469s] DEBUG:colcon.colcon_installed_package_information.package_discovery:Found 329 installed packages in /opt/ros/humble
[0.471s] Level 1:colcon.colcon_core.package_discovery:discover_packages(prefix_path) using defaults
[0.541s] Level 5:colcon.colcon_core.verb:set package 'arm' build argument 'cmake_args' from command line to 'None'
[0.541s] Level 5:colcon.colcon_core.verb:set package 'arm' build argument 'cmake_target' from command line to 'None'
[0.541s] Level 5:colcon.colcon_core.verb:set package 'arm' build argument 'cmake_target_skip_unavailable' from command line to 'False'
[0.541s] Level 5:colcon.colcon_core.verb:set package 'arm' build argument 'cmake_clean_cache' from command line to 'False'
[0.541s] Level 5:colcon.colcon_core.verb:set package 'arm' build argument 'cmake_clean_first' from command line to 'False'
[0.541s] Level 5:colcon.colcon_core.verb:set package 'arm' build argument 'cmake_force_configure' from command line to 'False'
[0.541s] Level 5:colcon.colcon_core.verb:set package 'arm' build argument 'ament_cmake_args' from command line to 'None'
[0.541s] Level 5:colcon.colcon_core.verb:set package 'arm' build argument 'catkin_cmake_args' from command line to 'None'
[0.541s] Level 5:colcon.colcon_core.verb:set package 'arm' build argument 'catkin_skip_building_tests' from command line to 'False'
[0.541s] DEBUG:colcon.colcon_core.verb:Building package 'arm' with the following arguments: {'ament_cmake_args': None, 'build_base': '/home/ryan/unsw/MTRN4231_group/tictactoe-bot/build/arm', 'catkin_cmake_args': None, 'catkin_skip_building_tests': False, 'cmake_args': None, 'cmake_clean_cache': False, 'cmake_clean_first': False, 'cmake_force_configure': False, 'cmake_target': None, 'cmake_target_skip_unavailable': False, 'install_base': '/home/ryan/unsw/MTRN4231_group/tictactoe-bot/install/arm', 'merge_install': False, 'path': '/home/ryan/unsw/MTRN4231_group/tictactoe-bot/src/arm', 'symlink_install': False, 'test_result_base': None}
[0.542s] Level 5:colcon.colcon_core.verb:set package 'depth_camera' build argument 'cmake_args' from command line to 'None'
[0.542s] Level 5:colcon.colcon_core.verb:set package 'depth_camera' build argument 'cmake_target' from command line to 'None'
[0.542s] Level 5:colcon.colcon_core.verb:set package 'depth_camera' build argument 'cmake_target_skip_unavailable' from command line to 'False'
[0.542s] Level 5:colcon.colcon_core.verb:set package 'depth_camera' build argument 'cmake_clean_cache' from command line to 'False'
[0.542s] Level 5:colcon.colcon_core.verb:set package 'depth_camera' build argument 'cmake_clean_first' from command line to 'False'
[0.542s] Level 5:colcon.colcon_core.verb:set package 'depth_camera' build argument 'cmake_force_configure' from command line to 'False'
[0.542s] Level 5:colcon.colcon_core.verb:set package 'depth_camera' build argument 'ament_cmake_args' from command line to 'None'
[0.542s] Level 5:colcon.colcon_core.verb:set package 'depth_camera' build argument 'catkin_cmake_args' from command line to 'None'
[0.542s] Level 5:colcon.colcon_core.verb:set package 'depth_camera' build argument 'catkin_skip_building_tests' from command line to 'False'
[0.542s] DEBUG:colcon.colcon_core.verb:Building package 'depth_camera' with the following arguments: {'ament_cmake_args': None, 'build_base': '/home/ryan/unsw/MTRN4231_group/tictactoe-bot/build/depth_camera', 'catkin_cmake_args': None, 'catkin_skip_building_tests': False, 'cmake_args': None, 'cmake_clean_cache': False, 'cmake_clean_first': False, 'cmake_force_configure': False, 'cmake_target': None, 'cmake_target_skip_unavailable': False, 'install_base': '/home/ryan/unsw/MTRN4231_group/tictactoe-bot/install/depth_camera', 'merge_install': False, 'path': '/home/ryan/unsw/MTRN4231_group/tictactoe-bot/src/depth_camera', 'symlink_install': False, 'test_result_base': None}
[0.542s] INFO:colcon.colcon_core.executor:Executing jobs using 'parallel' executor
[0.543s] DEBUG:colcon.colcon_parallel_executor.executor.parallel:run_until_complete
[0.543s] INFO:colcon.colcon_ros.task.ament_cmake.build:Building ROS package in '/home/ryan/unsw/MTRN4231_group/tictactoe-bot/src/arm' with build type 'ament_cmake'
[0.543s] INFO:colcon.colcon_cmake.task.cmake.build:Building CMake package in '/home/ryan/unsw/MTRN4231_group/tictactoe-bot/src/arm'
[0.546s] INFO:colcon.colcon_core.plugin_system:Skipping extension 'colcon_core.shell.bat': Not used on non-Windows systems
[0.546s] INFO:colcon.colcon_core.shell:Skip shell extension 'powershell' for command environment: Not usable outside of PowerShell
[0.546s] DEBUG:colcon.colcon_core.shell:Skip shell extension 'dsv' for command environment
[0.559s] INFO:colcon.colcon_ros.task.ament_python.build:Building ROS package in '/home/ryan/unsw/MTRN4231_group/tictactoe-bot/src/depth_camera' with build type 'ament_python'
[0.559s] Level 1:colcon.colcon_core.shell:create_environment_hook('depth_camera', 'ament_prefix_path')
[0.560s] INFO:colcon.colcon_core.shell:Creating environment hook '/home/ryan/unsw/MTRN4231_group/tictactoe-bot/install/depth_camera/share/depth_camera/hook/ament_prefix_path.ps1'
[0.560s] INFO:colcon.colcon_core.shell:Creating environment descriptor '/home/ryan/unsw/MTRN4231_group/tictactoe-bot/install/depth_camera/share/depth_camera/hook/ament_prefix_path.dsv'
[0.561s] INFO:colcon.colcon_core.shell:Creating environment hook '/home/ryan/unsw/MTRN4231_group/tictactoe-bot/install/depth_camera/share/depth_camera/hook/ament_prefix_path.sh'
[0.562s] INFO:colcon.colcon_core.shell:Skip shell extension 'powershell' for command environment: Not usable outside of PowerShell
[0.562s] DEBUG:colcon.colcon_core.shell:Skip shell extension 'dsv' for command environment
[0.580s] DEBUG:colcon.colcon_core.event_handler.log_command:Invoking command in '/home/ryan/unsw/MTRN4231_group/tictactoe-bot/build/arm': CMAKE_PREFIX_PATH=${CMAKE_PREFIX_PATH}:/home/ryan/unsw/MTRN4231_group/tictactoe-bot/install/depth_camera:/home/ryan/ros2_packages/install/yolo_ros:/home/ryan/ws_moveit2/install/moveit_configs_utils:/home/ryan/unsw/MTRN4231/4231SuppliedCode/4231_demo_packages/install/demo_launch_param:/opt/ros/humble /usr/bin/cmake --build /home/ryan/unsw/MTRN4231_group/tictactoe-bot/build/arm -- -j8 -l8
[0.948s] INFO:colcon.colcon_core.task.python.build:Building Python package in '/home/ryan/unsw/MTRN4231_group/tictactoe-bot/src/depth_camera'
[0.948s] INFO:colcon.colcon_core.shell:Skip shell extension 'powershell' for command environment: Not usable outside of PowerShell
[0.948s] DEBUG:colcon.colcon_core.shell:Skip shell extension 'dsv' for command environment
[0.961s] DEBUG:colcon.colcon_core.event_handler.log_command:Invoked command in '/home/ryan/unsw/MTRN4231_group/tictactoe-bot/build/arm' returned '0': CMAKE_PREFIX_PATH=${CMAKE_PREFIX_PATH}:/home/ryan/unsw/MTRN4231_group/tictactoe-bot/install/depth_camera:/home/ryan/ros2_packages/install/yolo_ros:/home/ryan/ws_moveit2/install/moveit_configs_utils:/home/ryan/unsw/MTRN4231/4231SuppliedCode/4231_demo_packages/install/demo_launch_param:/opt/ros/humble /usr/bin/cmake --build /home/ryan/unsw/MTRN4231_group/tictactoe-bot/build/arm -- -j8 -l8
[0.980s] DEBUG:colcon.colcon_core.event_handler.log_command:Invoking command in '/home/ryan/unsw/MTRN4231_group/tictactoe-bot/build/arm': CMAKE_PREFIX_PATH=${CMAKE_PREFIX_PATH}:/home/ryan/unsw/MTRN4231_group/tictactoe-bot/install/depth_camera:/home/ryan/ros2_packages/install/yolo_ros:/home/ryan/ws_moveit2/install/moveit_configs_utils:/home/ryan/unsw/MTRN4231/4231SuppliedCode/4231_demo_packages/install/demo_launch_param:/opt/ros/humble /usr/bin/cmake --install /home/ryan/unsw/MTRN4231_group/tictactoe-bot/build/arm
[0.999s] Level 1:colcon.colcon_core.environment:create_environment_scripts_only(arm)
[1.000s] DEBUG:colcon.colcon_core.event_handler.log_command:Invoked command in '/home/ryan/unsw/MTRN4231_group/tictactoe-bot/build/arm' returned '0': CMAKE_PREFIX_PATH=${CMAKE_PREFIX_PATH}:/home/ryan/unsw/MTRN4231_group/tictactoe-bot/install/depth_camera:/home/ryan/ros2_packages/install/yolo_ros:/home/ryan/ws_moveit2/install/moveit_configs_utils:/home/ryan/unsw/MTRN4231/4231SuppliedCode/4231_demo_packages/install/demo_launch_param:/opt/ros/humble /usr/bin/cmake --install /home/ryan/unsw/MTRN4231_group/tictactoe-bot/build/arm
[1.003s] Level 1:colcon.colcon_core.environment:checking '/home/ryan/unsw/MTRN4231_group/tictactoe-bot/install/arm' for CMake module files
[1.003s] Level 1:colcon.colcon_core.environment:checking '/home/ryan/unsw/MTRN4231_group/tictactoe-bot/install/arm' for CMake config files
[1.004s] Level 1:colcon.colcon_core.shell:create_environment_hook('arm', 'cmake_prefix_path')
[1.004s] INFO:colcon.colcon_core.shell:Creating environment hook '/home/ryan/unsw/MTRN4231_group/tictactoe-bot/install/arm/share/arm/hook/cmake_prefix_path.ps1'
[1.005s] INFO:colcon.colcon_core.shell:Creating environment descriptor '/home/ryan/unsw/MTRN4231_group/tictactoe-bot/install/arm/share/arm/hook/cmake_prefix_path.dsv'
[1.005s] INFO:colcon.colcon_core.shell:Creating environment hook '/home/ryan/unsw/MTRN4231_group/tictactoe-bot/install/arm/share/arm/hook/cmake_prefix_path.sh'
[1.006s] Level 1:colcon.colcon_core.environment:checking '/home/ryan/unsw/MTRN4231_group/tictactoe-bot/install/arm/lib'
[1.006s] Level 1:colcon.colcon_core.environment:checking '/home/ryan/unsw/MTRN4231_group/tictactoe-bot/install/arm/bin'
[1.006s] Level 1:colcon.colcon_core.environment:checking '/home/ryan/unsw/MTRN4231_group/tictactoe-bot/install/arm/lib/pkgconfig/arm.pc'
[1.006s] Level 1:colcon.colcon_core.environment:checking '/home/ryan/unsw/MTRN4231_group/tictactoe-bot/install/arm/lib/python3.10/site-packages'
[1.007s] Level 1:colcon.colcon_core.environment:checking '/home/ryan/unsw/MTRN4231_group/tictactoe-bot/install/arm/bin'
[1.007s] INFO:colcon.colcon_core.shell:Creating package script '/home/ryan/unsw/MTRN4231_group/tictactoe-bot/install/arm/share/arm/package.ps1'
[1.008s] INFO:colcon.colcon_core.shell:Creating package descriptor '/home/ryan/unsw/MTRN4231_group/tictactoe-bot/install/arm/share/arm/package.dsv'
[1.009s] INFO:colcon.colcon_core.shell:Creating package script '/home/ryan/unsw/MTRN4231_group/tictactoe-bot/install/arm/share/arm/package.sh'
[1.010s] INFO:colcon.colcon_core.shell:Creating package script '/home/ryan/unsw/MTRN4231_group/tictactoe-bot/install/arm/share/arm/package.bash'
[1.011s] INFO:colcon.colcon_core.shell:Creating package script '/home/ryan/unsw/MTRN4231_group/tictactoe-bot/install/arm/share/arm/package.zsh'
[1.012s] Level 1:colcon.colcon_core.environment:create_file_with_runtime_dependencies(/home/ryan/unsw/MTRN4231_group/tictactoe-bot/install/arm/share/colcon-core/packages/arm)
[1.013s] Level 1:colcon.colcon_core.environment:create_environment_scripts_only(arm)
[1.013s] Level 1:colcon.colcon_core.environment:checking '/home/ryan/unsw/MTRN4231_group/tictactoe-bot/install/arm' for CMake module files
[1.014s] Level 1:colcon.colcon_core.environment:checking '/home/ryan/unsw/MTRN4231_group/tictactoe-bot/install/arm' for CMake config files
[1.014s] Level 1:colcon.colcon_core.shell:create_environment_hook('arm', 'cmake_prefix_path')
[1.014s] INFO:colcon.colcon_core.shell:Creating environment hook '/home/ryan/unsw/MTRN4231_group/tictactoe-bot/install/arm/share/arm/hook/cmake_prefix_path.ps1'
[1.015s] INFO:colcon.colcon_core.shell:Creating environment descriptor '/home/ryan/unsw/MTRN4231_group/tictactoe-bot/install/arm/share/arm/hook/cmake_prefix_path.dsv'
[1.015s] INFO:colcon.colcon_core.shell:Creating environment hook '/home/ryan/unsw/MTRN4231_group/tictactoe-bot/install/arm/share/arm/hook/cmake_prefix_path.sh'
[1.016s] Level 1:colcon.colcon_core.environment:checking '/home/ryan/unsw/MTRN4231_group/tictactoe-bot/install/arm/lib'
[1.016s] Level 1:colcon.colcon_core.environment:checking '/home/ryan/unsw/MTRN4231_group/tictactoe-bot/install/arm/bin'
[1.016s] Level 1:colcon.colcon_core.environment:checking '/home/ryan/unsw/MTRN4231_group/tictactoe-bot/install/arm/lib/pkgconfig/arm.pc'
[1.016s] Level 1:colcon.colcon_core.environment:checking '/home/ryan/unsw/MTRN4231_group/tictactoe-bot/install/arm/lib/python3.10/site-packages'
[1.017s] Level 1:colcon.colcon_core.environment:checking '/home/ryan/unsw/MTRN4231_group/tictactoe-bot/install/arm/bin'
[1.017s] INFO:colcon.colcon_core.shell:Creating package script '/home/ryan/unsw/MTRN4231_group/tictactoe-bot/install/arm/share/arm/package.ps1'
[1.018s] INFO:colcon.colcon_core.shell:Creating package descriptor '/home/ryan/unsw/MTRN4231_group/tictactoe-bot/install/arm/share/arm/package.dsv'
[1.018s] INFO:colcon.colcon_core.shell:Creating package script '/home/ryan/unsw/MTRN4231_group/tictactoe-bot/install/arm/share/arm/package.sh'
[1.019s] INFO:colcon.colcon_core.shell:Creating package script '/home/ryan/unsw/MTRN4231_group/tictactoe-bot/install/arm/share/arm/package.bash'
[1.019s] INFO:colcon.colcon_core.shell:Creating package script '/home/ryan/unsw/MTRN4231_group/tictactoe-bot/install/arm/share/arm/package.zsh'
[1.020s] Level 1:colcon.colcon_core.environment:create_file_with_runtime_dependencies(/home/ryan/unsw/MTRN4231_group/tictactoe-bot/install/arm/share/colcon-core/packages/arm)
[1.469s] DEBUG:colcon.colcon_core.event_handler.log_command:Invoking command in '/home/ryan/unsw/MTRN4231_group/tictactoe-bot/src/depth_camera': PYTHONPATH=/home/ryan/unsw/MTRN4231_group/tictactoe-bot/build/depth_camera/prefix_override:/usr/lib/python3/dist-packages/colcon_core/task/python/colcon_distutils_commands:/home/ryan/unsw/MTRN4231_group/tictactoe-bot/install/depth_camera/lib/python3.10/site-packages:${PYTHONPATH} /usr/bin/python3 -W ignore:setup.py install is deprecated -W ignore:easy_install command is deprecated setup.py egg_info --egg-base ../../build/depth_camera build --build-base /home/ryan/unsw/MTRN4231_group/tictactoe-bot/build/depth_camera/build install --record /home/ryan/unsw/MTRN4231_group/tictactoe-bot/build/depth_camera/install.log --single-version-externally-managed install_data
[1.866s] Level 1:colcon.colcon_core.environment:checking '/home/ryan/unsw/MTRN4231_group/tictactoe-bot/install/depth_camera' for CMake module files
[1.867s] DEBUG:colcon.colcon_core.event_handler.log_command:Invoked command in '/home/ryan/unsw/MTRN4231_group/tictactoe-bot/src/depth_camera' returned '0': PYTHONPATH=/home/ryan/unsw/MTRN4231_group/tictactoe-bot/build/depth_camera/prefix_override:/usr/lib/python3/dist-packages/colcon_core/task/python/colcon_distutils_commands:/home/ryan/unsw/MTRN4231_group/tictactoe-bot/install/depth_camera/lib/python3.10/site-packages:${PYTHONPATH} /usr/bin/python3 -W ignore:setup.py install is deprecated -W ignore:easy_install command is deprecated setup.py egg_info --egg-base ../../build/depth_camera build --build-base /home/ryan/unsw/MTRN4231_group/tictactoe-bot/build/depth_camera/build install --record /home/ryan/unsw/MTRN4231_group/tictactoe-bot/build/depth_camera/install.log --single-version-externally-managed install_data
[1.867s] Level 1:colcon.colcon_core.environment:checking '/home/ryan/unsw/MTRN4231_group/tictactoe-bot/install/depth_camera' for CMake config files
[1.868s] Level 1:colcon.colcon_core.environment:checking '/home/ryan/unsw/MTRN4231_group/tictactoe-bot/install/depth_camera/lib'
[1.868s] Level 1:colcon.colcon_core.environment:checking '/home/ryan/unsw/MTRN4231_group/tictactoe-bot/install/depth_camera/bin'
[1.868s] Level 1:colcon.colcon_core.environment:checking '/home/ryan/unsw/MTRN4231_group/tictactoe-bot/install/depth_camera/lib/pkgconfig/depth_camera.pc'
[1.868s] Level 1:colcon.colcon_core.environment:checking '/home/ryan/unsw/MTRN4231_group/tictactoe-bot/install/depth_camera/lib/python3.10/site-packages'
[1.868s] Level 1:colcon.colcon_core.shell:create_environment_hook('depth_camera', 'pythonpath')
[1.869s] INFO:colcon.colcon_core.shell:Creating environment hook '/home/ryan/unsw/MTRN4231_group/tictactoe-bot/install/depth_camera/share/depth_camera/hook/pythonpath.ps1'
[1.869s] INFO:colcon.colcon_core.shell:Creating environment descriptor '/home/ryan/unsw/MTRN4231_group/tictactoe-bot/install/depth_camera/share/depth_camera/hook/pythonpath.dsv'
[1.870s] INFO:colcon.colcon_core.shell:Creating environment hook '/home/ryan/unsw/MTRN4231_group/tictactoe-bot/install/depth_camera/share/depth_camera/hook/pythonpath.sh'
[1.870s] Level 1:colcon.colcon_core.environment:checking '/home/ryan/unsw/MTRN4231_group/tictactoe-bot/install/depth_camera/bin'
[1.870s] Level 1:colcon.colcon_core.environment:create_environment_scripts_only(depth_camera)
[1.871s] INFO:colcon.colcon_core.shell:Creating package script '/home/ryan/unsw/MTRN4231_group/tictactoe-bot/install/depth_camera/share/depth_camera/package.ps1'
[1.872s] INFO:colcon.colcon_core.shell:Creating package descriptor '/home/ryan/unsw/MTRN4231_group/tictactoe-bot/install/depth_camera/share/depth_camera/package.dsv'
[1.872s] INFO:colcon.colcon_core.shell:Creating package script '/home/ryan/unsw/MTRN4231_group/tictactoe-bot/install/depth_camera/share/depth_camera/package.sh'
[1.873s] INFO:colcon.colcon_core.shell:Creating package script '/home/ryan/unsw/MTRN4231_group/tictactoe-bot/install/depth_camera/share/depth_camera/package.bash'
[1.874s] INFO:colcon.colcon_core.shell:Creating package script '/home/ryan/unsw/MTRN4231_group/tictactoe-bot/install/depth_camera/share/depth_camera/package.zsh'
[1.874s] Level 1:colcon.colcon_core.environment:create_file_with_runtime_dependencies(/home/ryan/unsw/MTRN4231_group/tictactoe-bot/install/depth_camera/share/colcon-core/packages/depth_camera)
[1.875s] DEBUG:colcon.colcon_parallel_executor.executor.parallel:closing loop
[1.875s] DEBUG:colcon.colcon_parallel_executor.executor.parallel:loop closed
[1.875s] DEBUG:colcon.colcon_parallel_executor.executor.parallel:run_until_complete finished with '0'
[1.875s] DEBUG:colcon.colcon_core.event_reactor:joining thread
[1.883s] INFO:colcon.colcon_core.plugin_system:Skipping extension 'colcon_notification.desktop_notification.terminal_notifier': Not used on non-Darwin systems
[1.883s] INFO:colcon.colcon_core.plugin_system:Skipping extension 'colcon_notification.desktop_notification.win32': Not used on non-Windows systems
[1.883s] INFO:colcon.colcon_notification.desktop_notification:Sending desktop notification using 'notify2'
[1.896s] DEBUG:colcon.colcon_core.event_reactor:joined thread
[1.897s] INFO:colcon.colcon_core.shell:Creating prefix script '/home/ryan/unsw/MTRN4231_group/tictactoe-bot/install/local_setup.ps1'
[1.898s] INFO:colcon.colcon_core.shell:Creating prefix util module '/home/ryan/unsw/MTRN4231_group/tictactoe-bot/install/_local_setup_util_ps1.py'
[1.900s] INFO:colcon.colcon_core.shell:Creating prefix chain script '/home/ryan/unsw/MTRN4231_group/tictactoe-bot/install/setup.ps1'
[1.906s] INFO:colcon.colcon_core.shell:Creating prefix script '/home/ryan/unsw/MTRN4231_group/tictactoe-bot/install/local_setup.sh'
[1.907s] INFO:colcon.colcon_core.shell:Creating prefix util module '/home/ryan/unsw/MTRN4231_group/tictactoe-bot/install/_local_setup_util_sh.py'
[1.908s] INFO:colcon.colcon_core.shell:Creating prefix chain script '/home/ryan/unsw/MTRN4231_group/tictactoe-bot/install/setup.sh'
[1.913s] INFO:colcon.colcon_core.shell:Creating prefix script '/home/ryan/unsw/MTRN4231_group/tictactoe-bot/install/local_setup.bash'
[1.913s] INFO:colcon.colcon_core.shell:Creating prefix chain script '/home/ryan/unsw/MTRN4231_group/tictactoe-bot/install/setup.bash'
[1.919s] INFO:colcon.colcon_core.shell:Creating prefix script '/home/ryan/unsw/MTRN4231_group/tictactoe-bot/install/local_setup.zsh'
[1.920s] INFO:colcon.colcon_core.shell:Creating prefix chain script '/home/ryan/unsw/MTRN4231_group/tictactoe-bot/install/setup.zsh'
