running egg_info
creating ../../build/depth_camera/depth_camera.egg-info
writing ../../build/depth_camera/depth_camera.egg-info/PKG-INFO
writing dependency_links to ../../build/depth_camera/depth_camera.egg-info/dependency_links.txt
writing entry points to ../../build/depth_camera/depth_camera.egg-info/entry_points.txt
writing requirements to ../../build/depth_camera/depth_camera.egg-info/requires.txt
writing top-level names to ../../build/depth_camera/depth_camera.egg-info/top_level.txt
writing manifest file '../../build/depth_camera/depth_camera.egg-info/SOURCES.txt'
reading manifest file '../../build/depth_camera/depth_camera.egg-info/SOURCES.txt'
adding license file 'LICENSE'
writing manifest file '../../build/depth_camera/depth_camera.egg-info/SOURCES.txt'
running build
running build_py
creating /home/ryan/unsw/MTRN4231_group/tictactoe-bot/build/depth_camera/build
creating /home/ryan/unsw/MTRN4231_group/tictactoe-bot/build/depth_camera/build/lib
creating /home/ryan/unsw/MTRN4231_group/tictactoe-bot/build/depth_camera/build/lib/depth_camera
copying depth_camera/__init__.py -> /home/ryan/unsw/MTRN4231_group/tictactoe-bot/build/depth_camera/build/lib/depth_camera
copying depth_camera/camera_tf.py -> /home/ryan/unsw/MTRN4231_group/tictactoe-bot/build/depth_camera/build/lib/depth_camera
running install
running install_lib
creating /home/ryan/unsw/MTRN4231_group/tictactoe-bot/install/depth_camera/lib/python3.10/site-packages/depth_camera
copying /home/ryan/unsw/MTRN4231_group/tictactoe-bot/build/depth_camera/build/lib/depth_camera/__init__.py -> /home/ryan/unsw/MTRN4231_group/tictactoe-bot/install/depth_camera/lib/python3.10/site-packages/depth_camera
copying /home/ryan/unsw/MTRN4231_group/tictactoe-bot/build/depth_camera/build/lib/depth_camera/camera_tf.py -> /home/ryan/unsw/MTRN4231_group/tictactoe-bot/install/depth_camera/lib/python3.10/site-packages/depth_camera
byte-compiling /home/ryan/unsw/MTRN4231_group/tictactoe-bot/install/depth_camera/lib/python3.10/site-packages/depth_camera/__init__.py to __init__.cpython-310.pyc
byte-compiling /home/ryan/unsw/MTRN4231_group/tictactoe-bot/install/depth_camera/lib/python3.10/site-packages/depth_camera/camera_tf.py to camera_tf.cpython-310.pyc
running install_data
creating /home/ryan/unsw/MTRN4231_group/tictactoe-bot/install/depth_camera/share/ament_index
creating /home/ryan/unsw/MTRN4231_group/tictactoe-bot/install/depth_camera/share/ament_index/resource_index
creating /home/ryan/unsw/MTRN4231_group/tictactoe-bot/install/depth_camera/share/ament_index/resource_index/packages
copying resource/depth_camera -> /home/ryan/unsw/MTRN4231_group/tictactoe-bot/install/depth_camera/share/ament_index/resource_index/packages
copying package.xml -> /home/ryan/unsw/MTRN4231_group/tictactoe-bot/install/depth_camera/share/depth_camera
creating /home/ryan/unsw/MTRN4231_group/tictactoe-bot/install/depth_camera/share/depth_camera/launch
copying launch/depth_camera.launch.py -> /home/ryan/unsw/MTRN4231_group/tictactoe-bot/install/depth_camera/share/depth_camera/launch
running install_egg_info
Copying ../../build/depth_camera/depth_camera.egg-info to /home/ryan/unsw/MTRN4231_group/tictactoe-bot/install/depth_camera/lib/python3.10/site-packages/depth_camera-0.0.0-py3.10.egg-info
running install_scripts
Installing OOI_tf script to /home/ryan/unsw/MTRN4231_group/tictactoe-bot/install/depth_camera/lib/depth_camera
Installing camera_tf script to /home/ryan/unsw/MTRN4231_group/tictactoe-bot/install/depth_camera/lib/depth_camera
Installing detection script to /home/ryan/unsw/MTRN4231_group/tictactoe-bot/install/depth_camera/lib/depth_camera
Installing visualisation script to /home/ryan/unsw/MTRN4231_group/tictactoe-bot/install/depth_camera/lib/depth_camera
writing list of installed files to '/home/ryan/unsw/MTRN4231_group/tictactoe-bot/build/depth_camera/install.log'
