running egg_info
writing build/my_gripper_pkg/my_gripper_pkg.egg-info/PKG-INFO
writing dependency_links to build/my_gripper_pkg/my_gripper_pkg.egg-info/dependency_links.txt
writing entry points to build/my_gripper_pkg/my_gripper_pkg.egg-info/entry_points.txt
writing requirements to build/my_gripper_pkg/my_gripper_pkg.egg-info/requires.txt
writing top-level names to build/my_gripper_pkg/my_gripper_pkg.egg-info/top_level.txt
reading manifest file 'build/my_gripper_pkg/my_gripper_pkg.egg-info/SOURCES.txt'
writing manifest file 'build/my_gripper_pkg/my_gripper_pkg.egg-info/SOURCES.txt'
running build
running build_py
copying my_gripper_pkg/end_effector_node.py -> /home/mtrn/MTRN4231-T9-1/my_gripper/build/my_gripper_pkg/build/lib/my_gripper_pkg
running install
running install_lib
copying /home/mtrn/MTRN4231-T9-1/my_gripper/build/my_gripper_pkg/build/lib/my_gripper_pkg/end_effector_node.py -> /home/mtrn/MTRN4231-T9-1/my_gripper/install/my_gripper_pkg/lib/python3.10/site-packages/my_gripper_pkg
byte-compiling /home/mtrn/MTRN4231-T9-1/my_gripper/install/my_gripper_pkg/lib/python3.10/site-packages/my_gripper_pkg/end_effector_node.py to end_effector_node.cpython-310.pyc
running install_data
running install_egg_info
removing '/home/mtrn/MTRN4231-T9-1/my_gripper/install/my_gripper_pkg/lib/python3.10/site-packages/my_gripper_pkg-0.0.0-py3.10.egg-info' (and everything under it)
Copying build/my_gripper_pkg/my_gripper_pkg.egg-info to /home/mtrn/MTRN4231-T9-1/my_gripper/install/my_gripper_pkg/lib/python3.10/site-packages/my_gripper_pkg-0.0.0-py3.10.egg-info
running install_scripts
Installing arduino_serial_node script to /home/mtrn/MTRN4231-T9-1/my_gripper/install/my_gripper_pkg/lib/my_gripper_pkg
Installing end_effector_node script to /home/mtrn/MTRN4231-T9-1/my_gripper/install/my_gripper_pkg/lib/my_gripper_pkg
writing list of installed files to '/home/mtrn/MTRN4231-T9-1/my_gripper/build/my_gripper_pkg/install.log'
