[1.189s] Invoking command in '/home/mtrn/MTRN4231-T9-1/my_gripper': PYTHONPATH=/home/mtrn/MTRN4231-T9-1/my_gripper/build/my_gripper_pkg/prefix_override:/usr/lib/python3/dist-packages/colcon_core/task/python/colcon_distutils_commands:/home/mtrn/MTRN4231-T9-1/my_gripper/install/my_gripper_pkg/lib/python3.10/site-packages:${PYTHONPATH} /usr/bin/python3 -W ignore:setup.py install is deprecated setup.py egg_info --egg-base build/my_gripper_pkg build --build-base /home/mtrn/MTRN4231-T9-1/my_gripper/build/my_gripper_pkg/build install --record /home/mtrn/MTRN4231-T9-1/my_gripper/build/my_gripper_pkg/install.log --single-version-externally-managed install_data
[1.616s] running egg_info
[1.635s] writing build/my_gripper_pkg/my_gripper_pkg.egg-info/PKG-INFO
[1.635s] writing dependency_links to build/my_gripper_pkg/my_gripper_pkg.egg-info/dependency_links.txt
[1.636s] writing entry points to build/my_gripper_pkg/my_gripper_pkg.egg-info/entry_points.txt
[1.636s] writing requirements to build/my_gripper_pkg/my_gripper_pkg.egg-info/requires.txt
[1.636s] writing top-level names to build/my_gripper_pkg/my_gripper_pkg.egg-info/top_level.txt
[1.671s] reading manifest file 'build/my_gripper_pkg/my_gripper_pkg.egg-info/SOURCES.txt'
[1.671s] writing manifest file 'build/my_gripper_pkg/my_gripper_pkg.egg-info/SOURCES.txt'
[1.672s] running build
[1.672s] running build_py
[1.672s] copying my_gripper_pkg/end_effector_node.py -> /home/mtrn/MTRN4231-T9-1/my_gripper/build/my_gripper_pkg/build/lib/my_gripper_pkg
[1.672s] running install
[1.677s] running install_lib
[1.695s] copying /home/mtrn/MTRN4231-T9-1/my_gripper/build/my_gripper_pkg/build/lib/my_gripper_pkg/end_effector_node.py -> /home/mtrn/MTRN4231-T9-1/my_gripper/install/my_gripper_pkg/lib/python3.10/site-packages/my_gripper_pkg
[1.695s] byte-compiling /home/mtrn/MTRN4231-T9-1/my_gripper/install/my_gripper_pkg/lib/python3.10/site-packages/my_gripper_pkg/end_effector_node.py to end_effector_node.cpython-310.pyc
[1.695s] running install_data
[1.696s] running install_egg_info
[1.716s] removing '/home/mtrn/MTRN4231-T9-1/my_gripper/install/my_gripper_pkg/lib/python3.10/site-packages/my_gripper_pkg-0.0.0-py3.10.egg-info' (and everything under it)
[1.716s] Copying build/my_gripper_pkg/my_gripper_pkg.egg-info to /home/mtrn/MTRN4231-T9-1/my_gripper/install/my_gripper_pkg/lib/python3.10/site-packages/my_gripper_pkg-0.0.0-py3.10.egg-info
[1.716s] running install_scripts
[1.785s] Installing arduino_serial_node script to /home/mtrn/MTRN4231-T9-1/my_gripper/install/my_gripper_pkg/lib/my_gripper_pkg
[1.785s] Installing end_effector_node script to /home/mtrn/MTRN4231-T9-1/my_gripper/install/my_gripper_pkg/lib/my_gripper_pkg
[1.785s] writing list of installed files to '/home/mtrn/MTRN4231-T9-1/my_gripper/build/my_gripper_pkg/install.log'
[1.842s] Invoked command in '/home/mtrn/MTRN4231-T9-1/my_gripper' returned '0': PYTHONPATH=/home/mtrn/MTRN4231-T9-1/my_gripper/build/my_gripper_pkg/prefix_override:/usr/lib/python3/dist-packages/colcon_core/task/python/colcon_distutils_commands:/home/mtrn/MTRN4231-T9-1/my_gripper/install/my_gripper_pkg/lib/python3.10/site-packages:${PYTHONPATH} /usr/bin/python3 -W ignore:setup.py install is deprecated setup.py egg_info --egg-base build/my_gripper_pkg build --build-base /home/mtrn/MTRN4231-T9-1/my_gripper/build/my_gripper_pkg/build install --record /home/mtrn/MTRN4231-T9-1/my_gripper/build/my_gripper_pkg/install.log --single-version-externally-managed install_data
