running egg_info
creating build/visualization/visualization.egg-info
writing build/visualization/visualization.egg-info/PKG-INFO
writing dependency_links to build/visualization/visualization.egg-info/dependency_links.txt
writing entry points to build/visualization/visualization.egg-info/entry_points.txt
writing requirements to build/visualization/visualization.egg-info/requires.txt
writing top-level names to build/visualization/visualization.egg-info/top_level.txt
writing manifest file 'build/visualization/visualization.egg-info/SOURCES.txt'
reading manifest file 'build/visualization/visualization.egg-info/SOURCES.txt'
writing manifest file 'build/visualization/visualization.egg-info/SOURCES.txt'
running build
running build_py
creating /home/mtrn/MTRN4231-sherry_urdf/visualization/build/visualization/build
creating /home/mtrn/MTRN4231-sherry_urdf/visualization/build/visualization/build/lib
creating /home/mtrn/MTRN4231-sherry_urdf/visualization/build/visualization/build/lib/visualization
copying visualization/__init__.py -> /home/mtrn/MTRN4231-sherry_urdf/visualization/build/visualization/build/lib/visualization
running install
running install_lib
creating /home/mtrn/MTRN4231-sherry_urdf/visualization/install/visualization/lib/python3.10/site-packages/visualization
copying /home/mtrn/MTRN4231-sherry_urdf/visualization/build/visualization/build/lib/visualization/__init__.py -> /home/mtrn/MTRN4231-sherry_urdf/visualization/install/visualization/lib/python3.10/site-packages/visualization
byte-compiling /home/mtrn/MTRN4231-sherry_urdf/visualization/install/visualization/lib/python3.10/site-packages/visualization/__init__.py to __init__.cpython-310.pyc
running install_data
creating /home/mtrn/MTRN4231-sherry_urdf/visualization/install/visualization/share/ament_index
creating /home/mtrn/MTRN4231-sherry_urdf/visualization/install/visualization/share/ament_index/resource_index
creating /home/mtrn/MTRN4231-sherry_urdf/visualization/install/visualization/share/ament_index/resource_index/packages
copying resource/visualization -> /home/mtrn/MTRN4231-sherry_urdf/visualization/install/visualization/share/ament_index/resource_index/packages
copying package.xml -> /home/mtrn/MTRN4231-sherry_urdf/visualization/install/visualization/share/visualization
creating /home/mtrn/MTRN4231-sherry_urdf/visualization/install/visualization/share/visualization/launch
copying launch/visualization.launch.py -> /home/mtrn/MTRN4231-sherry_urdf/visualization/install/visualization/share/visualization/launch
creating /home/mtrn/MTRN4231-sherry_urdf/visualization/install/visualization/share/visualization/meshes
copying meshes/my_gripper.stl -> /home/mtrn/MTRN4231-sherry_urdf/visualization/install/visualization/share/visualization/meshes
running install_egg_info
Copying build/visualization/visualization.egg-info to /home/mtrn/MTRN4231-sherry_urdf/visualization/install/visualization/lib/python3.10/site-packages/visualization-0.0.0-py3.10.egg-info
running install_scripts
Installing attach_gripper script to /home/mtrn/MTRN4231-sherry_urdf/visualization/install/visualization/lib/visualization
writing list of installed files to '/home/mtrn/MTRN4231-sherry_urdf/visualization/build/visualization/install.log'
