[0.744s] Invoking command in '/home/mtrn/MTRN4231-sherry_urdf/visualization': PYTHONPATH=/home/mtrn/MTRN4231-sherry_urdf/visualization/build/visualization/prefix_override:/usr/lib/python3/dist-packages/colcon_core/task/python/colcon_distutils_commands:/home/mtrn/MTRN4231-sherry_urdf/visualization/install/visualization/lib/python3.10/site-packages:${PYTHONPATH} /usr/bin/python3 -W ignore:setup.py install is deprecated setup.py egg_info --egg-base build/visualization build --build-base /home/mtrn/MTRN4231-sherry_urdf/visualization/build/visualization/build install --record /home/mtrn/MTRN4231-sherry_urdf/visualization/build/visualization/install.log --single-version-externally-managed install_data
[0.987s] running egg_info
[0.988s] creating build/visualization/visualization.egg-info
[0.988s] writing build/visualization/visualization.egg-info/PKG-INFO
[0.989s] writing dependency_links to build/visualization/visualization.egg-info/dependency_links.txt
[0.989s] writing entry points to build/visualization/visualization.egg-info/entry_points.txt
[0.989s] writing requirements to build/visualization/visualization.egg-info/requires.txt
[0.989s] writing top-level names to build/visualization/visualization.egg-info/top_level.txt
[0.990s] writing manifest file 'build/visualization/visualization.egg-info/SOURCES.txt'
[0.990s] reading manifest file 'build/visualization/visualization.egg-info/SOURCES.txt'
[0.990s] writing manifest file 'build/visualization/visualization.egg-info/SOURCES.txt'
[0.991s] running build
[0.991s] running build_py
[0.992s] creating /home/mtrn/MTRN4231-sherry_urdf/visualization/build/visualization/build
[0.992s] creating /home/mtrn/MTRN4231-sherry_urdf/visualization/build/visualization/build/lib
[0.992s] creating /home/mtrn/MTRN4231-sherry_urdf/visualization/build/visualization/build/lib/visualization
[0.992s] copying visualization/__init__.py -> /home/mtrn/MTRN4231-sherry_urdf/visualization/build/visualization/build/lib/visualization
[0.992s] running install
[0.993s] running install_lib
[0.993s] creating /home/mtrn/MTRN4231-sherry_urdf/visualization/install/visualization/lib/python3.10/site-packages/visualization
[0.993s] copying /home/mtrn/MTRN4231-sherry_urdf/visualization/build/visualization/build/lib/visualization/__init__.py -> /home/mtrn/MTRN4231-sherry_urdf/visualization/install/visualization/lib/python3.10/site-packages/visualization
[0.993s] byte-compiling /home/mtrn/MTRN4231-sherry_urdf/visualization/install/visualization/lib/python3.10/site-packages/visualization/__init__.py to __init__.cpython-310.pyc
[0.994s] running install_data
[0.994s] creating /home/mtrn/MTRN4231-sherry_urdf/visualization/install/visualization/share/ament_index
[0.994s] creating /home/mtrn/MTRN4231-sherry_urdf/visualization/install/visualization/share/ament_index/resource_index
[0.994s] creating /home/mtrn/MTRN4231-sherry_urdf/visualization/install/visualization/share/ament_index/resource_index/packages
[0.994s] copying resource/visualization -> /home/mtrn/MTRN4231-sherry_urdf/visualization/install/visualization/share/ament_index/resource_index/packages
[0.994s] copying package.xml -> /home/mtrn/MTRN4231-sherry_urdf/visualization/install/visualization/share/visualization
[0.995s] creating /home/mtrn/MTRN4231-sherry_urdf/visualization/install/visualization/share/visualization/launch
[0.995s] copying launch/visualization.launch.py -> /home/mtrn/MTRN4231-sherry_urdf/visualization/install/visualization/share/visualization/launch
[0.995s] creating /home/mtrn/MTRN4231-sherry_urdf/visualization/install/visualization/share/visualization/meshes
[0.995s] copying meshes/my_gripper.stl -> /home/mtrn/MTRN4231-sherry_urdf/visualization/install/visualization/share/visualization/meshes
[0.995s] running install_egg_info
[0.995s] Copying build/visualization/visualization.egg-info to /home/mtrn/MTRN4231-sherry_urdf/visualization/install/visualization/lib/python3.10/site-packages/visualization-0.0.0-py3.10.egg-info
[0.996s] running install_scripts
[1.015s] Installing attach_gripper script to /home/mtrn/MTRN4231-sherry_urdf/visualization/install/visualization/lib/visualization
[1.015s] writing list of installed files to '/home/mtrn/MTRN4231-sherry_urdf/visualization/build/visualization/install.log'
[1.046s] Invoked command in '/home/mtrn/MTRN4231-sherry_urdf/visualization' returned '0': PYTHONPATH=/home/mtrn/MTRN4231-sherry_urdf/visualization/build/visualization/prefix_override:/usr/lib/python3/dist-packages/colcon_core/task/python/colcon_distutils_commands:/home/mtrn/MTRN4231-sherry_urdf/visualization/install/visualization/lib/python3.10/site-packages:${PYTHONPATH} /usr/bin/python3 -W ignore:setup.py install is deprecated setup.py egg_info --egg-base build/visualization build --build-base /home/mtrn/MTRN4231-sherry_urdf/visualization/build/visualization/build install --record /home/mtrn/MTRN4231-sherry_urdf/visualization/build/visualization/install.log --single-version-externally-managed install_data
