[1.147s] Invoking command in '/home/mtrn/t1_ws/src/my_robot_cv': PYTHONPATH=/home/mtrn/t1_ws/build/my_robot_cv/prefix_override:/usr/lib/python3/dist-packages/colcon_core/task/python/colcon_distutils_commands:/home/mtrn/t1_ws/install/my_robot_cv/lib/python3.10/site-packages:${PYTHONPATH} /usr/bin/python3 -W ignore:setup.py install is deprecated setup.py egg_info --egg-base ../../build/my_robot_cv build --build-base /home/mtrn/t1_ws/build/my_robot_cv/build install --record /home/mtrn/t1_ws/build/my_robot_cv/install.log --single-version-externally-managed install_data
[1.584s] running egg_info
[1.601s] writing ../../build/my_robot_cv/my_robot_cv.egg-info/PKG-INFO
[1.601s] writing dependency_links to ../../build/my_robot_cv/my_robot_cv.egg-info/dependency_links.txt
[1.601s] writing entry points to ../../build/my_robot_cv/my_robot_cv.egg-info/entry_points.txt
[1.602s] writing requirements to ../../build/my_robot_cv/my_robot_cv.egg-info/requires.txt
[1.602s] writing top-level names to ../../build/my_robot_cv/my_robot_cv.egg-info/top_level.txt
[1.635s] reading manifest file '../../build/my_robot_cv/my_robot_cv.egg-info/SOURCES.txt'
[1.636s] writing manifest file '../../build/my_robot_cv/my_robot_cv.egg-info/SOURCES.txt'
[1.636s] running build
[1.636s] running build_py
[1.637s] copying my_robot_cv/object_recognizer.py -> /home/mtrn/t1_ws/build/my_robot_cv/build/lib/my_robot_cv
[1.637s] running install
[1.642s] running install_lib
[1.658s] copying /home/mtrn/t1_ws/build/my_robot_cv/build/lib/my_robot_cv/object_recognizer.py -> /home/mtrn/t1_ws/install/my_robot_cv/lib/python3.10/site-packages/my_robot_cv
[1.659s] byte-compiling /home/mtrn/t1_ws/install/my_robot_cv/lib/python3.10/site-packages/my_robot_cv/object_recognizer.py to object_recognizer.cpython-310.pyc
[1.661s] running install_data
[1.661s] running install_egg_info
[1.679s] removing '/home/mtrn/t1_ws/install/my_robot_cv/lib/python3.10/site-packages/my_robot_cv-0.0.0-py3.10.egg-info' (and everything under it)
[1.679s] Copying ../../build/my_robot_cv/my_robot_cv.egg-info to /home/mtrn/t1_ws/install/my_robot_cv/lib/python3.10/site-packages/my_robot_cv-0.0.0-py3.10.egg-info
[1.679s] running install_scripts
[1.744s] Installing object_recognizer script to /home/mtrn/t1_ws/install/my_robot_cv/lib/my_robot_cv
[1.745s] writing list of installed files to '/home/mtrn/t1_ws/build/my_robot_cv/install.log'
[1.794s] Invoked command in '/home/mtrn/t1_ws/src/my_robot_cv' returned '0': PYTHONPATH=/home/mtrn/t1_ws/build/my_robot_cv/prefix_override:/usr/lib/python3/dist-packages/colcon_core/task/python/colcon_distutils_commands:/home/mtrn/t1_ws/install/my_robot_cv/lib/python3.10/site-packages:${PYTHONPATH} /usr/bin/python3 -W ignore:setup.py install is deprecated setup.py egg_info --egg-base ../../build/my_robot_cv build --build-base /home/mtrn/t1_ws/build/my_robot_cv/build install --record /home/mtrn/t1_ws/build/my_robot_cv/install.log --single-version-externally-managed install_data
