[0.909s] Invoking command in '/home/ryan/unsw/MTRN4231_group/tictactoe-bot/src/depth_camera': PYTHONPATH=/home/ryan/unsw/MTRN4231_group/tictactoe-bot/build/depth_camera/prefix_override:/usr/lib/python3/dist-packages/colcon_core/task/python/colcon_distutils_commands:/home/ryan/unsw/MTRN4231_group/tictactoe-bot/install/depth_camera/lib/python3.10/site-packages:${PYTHONPATH} /usr/bin/python3 -W ignore:setup.py install is deprecated -W ignore:easy_install command is deprecated setup.py egg_info --egg-base ../../build/depth_camera build --build-base /home/ryan/unsw/MTRN4231_group/tictactoe-bot/build/depth_camera/build install --record /home/ryan/unsw/MTRN4231_group/tictactoe-bot/build/depth_camera/install.log --single-version-externally-managed install_data
[1.236s] running egg_info
[1.238s] writing ../../build/depth_camera/depth_camera.egg-info/PKG-INFO
[1.238s] writing dependency_links to ../../build/depth_camera/depth_camera.egg-info/dependency_links.txt
[1.239s] writing entry points to ../../build/depth_camera/depth_camera.egg-info/entry_points.txt
[1.239s] writing requirements to ../../build/depth_camera/depth_camera.egg-info/requires.txt
[1.239s] writing top-level names to ../../build/depth_camera/depth_camera.egg-info/top_level.txt
[1.241s] reading manifest file '../../build/depth_camera/depth_camera.egg-info/SOURCES.txt'
[1.241s] adding license file 'LICENSE'
[1.242s] writing manifest file '../../build/depth_camera/depth_camera.egg-info/SOURCES.txt'
[1.242s] running build
[1.242s] running build_py
[1.242s] copying depth_camera/camera_tf.py -> /home/ryan/unsw/MTRN4231_group/tictactoe-bot/build/depth_camera/build/lib/depth_camera
[1.243s] running install
[1.243s] running install_lib
[1.244s] copying /home/ryan/unsw/MTRN4231_group/tictactoe-bot/build/depth_camera/build/lib/depth_camera/camera_tf.py -> /home/ryan/unsw/MTRN4231_group/tictactoe-bot/install/depth_camera/lib/python3.10/site-packages/depth_camera
[1.244s] byte-compiling /home/ryan/unsw/MTRN4231_group/tictactoe-bot/install/depth_camera/lib/python3.10/site-packages/depth_camera/camera_tf.py to camera_tf.cpython-310.pyc
[1.245s] running install_data
[1.245s] running install_egg_info
[1.248s] removing '/home/ryan/unsw/MTRN4231_group/tictactoe-bot/install/depth_camera/lib/python3.10/site-packages/depth_camera-0.0.0-py3.10.egg-info' (and everything under it)
[1.248s] Copying ../../build/depth_camera/depth_camera.egg-info to /home/ryan/unsw/MTRN4231_group/tictactoe-bot/install/depth_camera/lib/python3.10/site-packages/depth_camera-0.0.0-py3.10.egg-info
[1.249s] running install_scripts
[1.275s] Installing OOI_tf script to /home/ryan/unsw/MTRN4231_group/tictactoe-bot/install/depth_camera/lib/depth_camera
[1.276s] Installing camera_tf script to /home/ryan/unsw/MTRN4231_group/tictactoe-bot/install/depth_camera/lib/depth_camera
[1.276s] Installing detection script to /home/ryan/unsw/MTRN4231_group/tictactoe-bot/install/depth_camera/lib/depth_camera
[1.276s] Installing visualisation script to /home/ryan/unsw/MTRN4231_group/tictactoe-bot/install/depth_camera/lib/depth_camera
[1.276s] writing list of installed files to '/home/ryan/unsw/MTRN4231_group/tictactoe-bot/build/depth_camera/install.log'
[1.307s] Invoked command in '/home/ryan/unsw/MTRN4231_group/tictactoe-bot/src/depth_camera' returned '0': PYTHONPATH=/home/ryan/unsw/MTRN4231_group/tictactoe-bot/build/depth_camera/prefix_override:/usr/lib/python3/dist-packages/colcon_core/task/python/colcon_distutils_commands:/home/ryan/unsw/MTRN4231_group/tictactoe-bot/install/depth_camera/lib/python3.10/site-packages:${PYTHONPATH} /usr/bin/python3 -W ignore:setup.py install is deprecated -W ignore:easy_install command is deprecated setup.py egg_info --egg-base ../../build/depth_camera build --build-base /home/ryan/unsw/MTRN4231_group/tictactoe-bot/build/depth_camera/build install --record /home/ryan/unsw/MTRN4231_group/tictactoe-bot/build/depth_camera/install.log --single-version-externally-managed install_data
