running egg_info
creating ../build/my_robot_cv/my_robot_cv.egg-info
writing ../build/my_robot_cv/my_robot_cv.egg-info/PKG-INFO
writing dependency_links to ../build/my_robot_cv/my_robot_cv.egg-info/dependency_links.txt
writing entry points to ../build/my_robot_cv/my_robot_cv.egg-info/entry_points.txt
writing requirements to ../build/my_robot_cv/my_robot_cv.egg-info/requires.txt
writing top-level names to ../build/my_robot_cv/my_robot_cv.egg-info/top_level.txt
writing manifest file '../build/my_robot_cv/my_robot_cv.egg-info/SOURCES.txt'
reading manifest file '../build/my_robot_cv/my_robot_cv.egg-info/SOURCES.txt'
writing manifest file '../build/my_robot_cv/my_robot_cv.egg-info/SOURCES.txt'
running build
running build_py
creating /home/mtrn/t1_ws/src/build/my_robot_cv/build
creating /home/mtrn/t1_ws/src/build/my_robot_cv/build/lib
creating /home/mtrn/t1_ws/src/build/my_robot_cv/build/lib/my_robot_cv
copying my_robot_cv/__init__.py -> /home/mtrn/t1_ws/src/build/my_robot_cv/build/lib/my_robot_cv
copying my_robot_cv/object_recognizer.py -> /home/mtrn/t1_ws/src/build/my_robot_cv/build/lib/my_robot_cv
running install
running install_lib
creating /home/mtrn/t1_ws/src/install/my_robot_cv/lib/python3.10/site-packages/my_robot_cv
copying /home/mtrn/t1_ws/src/build/my_robot_cv/build/lib/my_robot_cv/__init__.py -> /home/mtrn/t1_ws/src/install/my_robot_cv/lib/python3.10/site-packages/my_robot_cv
copying /home/mtrn/t1_ws/src/build/my_robot_cv/build/lib/my_robot_cv/object_recognizer.py -> /home/mtrn/t1_ws/src/install/my_robot_cv/lib/python3.10/site-packages/my_robot_cv
byte-compiling /home/mtrn/t1_ws/src/install/my_robot_cv/lib/python3.10/site-packages/my_robot_cv/__init__.py to __init__.cpython-310.pyc
byte-compiling /home/mtrn/t1_ws/src/install/my_robot_cv/lib/python3.10/site-packages/my_robot_cv/object_recognizer.py to object_recognizer.cpython-310.pyc
running install_data
creating /home/mtrn/t1_ws/src/install/my_robot_cv/share/ament_index
creating /home/mtrn/t1_ws/src/install/my_robot_cv/share/ament_index/resource_index
creating /home/mtrn/t1_ws/src/install/my_robot_cv/share/ament_index/resource_index/packages
copying resource/my_robot_cv -> /home/mtrn/t1_ws/src/install/my_robot_cv/share/ament_index/resource_index/packages
copying package.xml -> /home/mtrn/t1_ws/src/install/my_robot_cv/share/my_robot_cv
running install_egg_info
Copying ../build/my_robot_cv/my_robot_cv.egg-info to /home/mtrn/t1_ws/src/install/my_robot_cv/lib/python3.10/site-packages/my_robot_cv-0.0.0-py3.10.egg-info
running install_scripts
Installing object_recognizer script to /home/mtrn/t1_ws/src/install/my_robot_cv/lib/my_robot_cv
writing list of installed files to '/home/mtrn/t1_ws/src/build/my_robot_cv/install.log'
