[1.214s] Invoking command in '/home/mtrn/t1_ws/src/my_robot_cv': PYTHONPATH=/home/mtrn/t1_ws/src/build/my_robot_cv/prefix_override:/usr/lib/python3/dist-packages/colcon_core/task/python/colcon_distutils_commands:/home/mtrn/t1_ws/src/install/my_robot_cv/lib/python3.10/site-packages:${PYTHONPATH} /usr/bin/python3 -W ignore:setup.py install is deprecated setup.py egg_info --egg-base ../build/my_robot_cv build --build-base /home/mtrn/t1_ws/src/build/my_robot_cv/build install --record /home/mtrn/t1_ws/src/build/my_robot_cv/install.log --single-version-externally-managed install_data
[1.685s] running egg_info
[1.685s] creating ../build/my_robot_cv/my_robot_cv.egg-info
[1.702s] writing ../build/my_robot_cv/my_robot_cv.egg-info/PKG-INFO
[1.702s] writing dependency_links to ../build/my_robot_cv/my_robot_cv.egg-info/dependency_links.txt
[1.702s] writing entry points to ../build/my_robot_cv/my_robot_cv.egg-info/entry_points.txt
[1.702s] writing requirements to ../build/my_robot_cv/my_robot_cv.egg-info/requires.txt
[1.702s] writing top-level names to ../build/my_robot_cv/my_robot_cv.egg-info/top_level.txt
[1.702s] writing manifest file '../build/my_robot_cv/my_robot_cv.egg-info/SOURCES.txt'
[1.739s] reading manifest file '../build/my_robot_cv/my_robot_cv.egg-info/SOURCES.txt'
[1.740s] writing manifest file '../build/my_robot_cv/my_robot_cv.egg-info/SOURCES.txt'
[1.740s] running build
[1.740s] running build_py
[1.741s] creating /home/mtrn/t1_ws/src/build/my_robot_cv/build
[1.741s] creating /home/mtrn/t1_ws/src/build/my_robot_cv/build/lib
[1.741s] creating /home/mtrn/t1_ws/src/build/my_robot_cv/build/lib/my_robot_cv
[1.741s] copying my_robot_cv/__init__.py -> /home/mtrn/t1_ws/src/build/my_robot_cv/build/lib/my_robot_cv
[1.741s] copying my_robot_cv/object_recognizer.py -> /home/mtrn/t1_ws/src/build/my_robot_cv/build/lib/my_robot_cv
[1.742s] running install
[1.747s] running install_lib
[1.765s] creating /home/mtrn/t1_ws/src/install/my_robot_cv/lib/python3.10/site-packages/my_robot_cv
[1.765s] copying /home/mtrn/t1_ws/src/build/my_robot_cv/build/lib/my_robot_cv/__init__.py -> /home/mtrn/t1_ws/src/install/my_robot_cv/lib/python3.10/site-packages/my_robot_cv
[1.765s] copying /home/mtrn/t1_ws/src/build/my_robot_cv/build/lib/my_robot_cv/object_recognizer.py -> /home/mtrn/t1_ws/src/install/my_robot_cv/lib/python3.10/site-packages/my_robot_cv
[1.765s] byte-compiling /home/mtrn/t1_ws/src/install/my_robot_cv/lib/python3.10/site-packages/my_robot_cv/__init__.py to __init__.cpython-310.pyc
[1.766s] byte-compiling /home/mtrn/t1_ws/src/install/my_robot_cv/lib/python3.10/site-packages/my_robot_cv/object_recognizer.py to object_recognizer.cpython-310.pyc
[1.767s] running install_data
[1.767s] creating /home/mtrn/t1_ws/src/install/my_robot_cv/share/ament_index
[1.768s] creating /home/mtrn/t1_ws/src/install/my_robot_cv/share/ament_index/resource_index
[1.768s] creating /home/mtrn/t1_ws/src/install/my_robot_cv/share/ament_index/resource_index/packages
[1.768s] copying resource/my_robot_cv -> /home/mtrn/t1_ws/src/install/my_robot_cv/share/ament_index/resource_index/packages
[1.768s] copying package.xml -> /home/mtrn/t1_ws/src/install/my_robot_cv/share/my_robot_cv
[1.769s] running install_egg_info
[1.788s] Copying ../build/my_robot_cv/my_robot_cv.egg-info to /home/mtrn/t1_ws/src/install/my_robot_cv/lib/python3.10/site-packages/my_robot_cv-0.0.0-py3.10.egg-info
[1.789s] running install_scripts
[1.859s] Installing object_recognizer script to /home/mtrn/t1_ws/src/install/my_robot_cv/lib/my_robot_cv
[1.859s] writing list of installed files to '/home/mtrn/t1_ws/src/build/my_robot_cv/install.log'
[1.925s] Invoked command in '/home/mtrn/t1_ws/src/my_robot_cv' returned '0': PYTHONPATH=/home/mtrn/t1_ws/src/build/my_robot_cv/prefix_override:/usr/lib/python3/dist-packages/colcon_core/task/python/colcon_distutils_commands:/home/mtrn/t1_ws/src/install/my_robot_cv/lib/python3.10/site-packages:${PYTHONPATH} /usr/bin/python3 -W ignore:setup.py install is deprecated setup.py egg_info --egg-base ../build/my_robot_cv build --build-base /home/mtrn/t1_ws/src/build/my_robot_cv/build install --record /home/mtrn/t1_ws/src/build/my_robot_cv/install.log --single-version-externally-managed install_data
