[0.092s] DEBUG:colcon:Command line arguments: ['/usr/bin/colcon', 'build']
[0.092s] DEBUG:colcon:Parsed command line arguments: Namespace(log_base=None, log_level=None, verb_name='build', build_base='build', install_base='install', merge_install=False, symlink_install=False, test_result_base=None, continue_on_error=False, executor='parallel', parallel_workers=20, event_handlers=None, ignore_user_meta=False, metas=['./colcon.meta'], base_paths=['.'], packages_ignore=None, packages_ignore_regex=None, paths=None, packages_up_to=None, packages_up_to_regex=None, packages_above=None, packages_above_and_dependencies=None, packages_above_depth=None, packages_select_by_dep=None, packages_skip_by_dep=None, packages_skip_up_to=None, packages_select_build_failed=False, packages_skip_build_finished=False, packages_select_test_failures=False, packages_skip_test_passed=False, packages_select=None, packages_skip=None, packages_select_regex=None, packages_skip_regex=None, packages_start=None, packages_end=None, allow_overriding=[], cmake_args=None, cmake_target=None, cmake_target_skip_unavailable=False, cmake_clean_cache=False, cmake_clean_first=False, cmake_force_configure=False, ament_cmake_args=None, catkin_cmake_args=None, catkin_skip_building_tests=False, mixin_files=None, mixin=None, verb_parser=<colcon_mixin.mixin.mixin_argument.MixinArgumentDecorator object at 0x72445ce62170>, verb_extension=<colcon_core.verb.build.BuildVerb object at 0x72445cf76770>, main=<bound method BuildVerb.main of <colcon_core.verb.build.BuildVerb object at 0x72445cf76770>>, mixin_verb=('build',))
[0.252s] Level 1:colcon.colcon_core.package_discovery:discover_packages(colcon_meta) check parameters
[0.252s] Level 1:colcon.colcon_core.package_discovery:discover_packages(recursive) check parameters
[0.252s] Level 1:colcon.colcon_core.package_discovery:discover_packages(ignore) check parameters
[0.252s] Level 1:colcon.colcon_core.package_discovery:discover_packages(path) check parameters
[0.252s] Level 1:colcon.colcon_core.package_discovery:discover_packages(colcon_meta) discover
[0.252s] Level 1:colcon.colcon_core.package_discovery:discover_packages(recursive) discover
[0.252s] INFO:colcon.colcon_core.package_discovery:Crawling recursively for packages in '/home/mtrn/MTRN4231-T9-1/lab3-main'
[0.253s] Level 1:colcon.colcon_core.package_identification:_identify(.) by extensions ['ignore', 'ignore_ament_install']
[0.253s] Level 1:colcon.colcon_core.package_identification:_identify(.) by extension 'ignore'
[0.253s] Level 1:colcon.colcon_core.package_identification:_identify(.) by extension 'ignore_ament_install'
[0.253s] Level 1:colcon.colcon_core.package_identification:_identify(.) by extensions ['colcon_pkg']
[0.253s] Level 1:colcon.colcon_core.package_identification:_identify(.) by extension 'colcon_pkg'
[0.253s] Level 1:colcon.colcon_core.package_identification:_identify(.) by extensions ['colcon_meta']
[0.253s] Level 1:colcon.colcon_core.package_identification:_identify(.) by extension 'colcon_meta'
[0.253s] Level 1:colcon.colcon_core.package_identification:_identify(.) by extensions ['ros']
[0.254s] Level 1:colcon.colcon_core.package_identification:_identify(.) by extension 'ros'
[0.280s] Level 1:colcon.colcon_core.package_identification:_identify(.) by extensions ['cmake', 'python']
[0.280s] Level 1:colcon.colcon_core.package_identification:_identify(.) by extension 'cmake'
[0.280s] Level 1:colcon.colcon_core.package_identification:_identify(.) by extension 'python'
[0.280s] Level 1:colcon.colcon_core.package_identification:_identify(.) by extensions ['python_setup_py']
[0.280s] Level 1:colcon.colcon_core.package_identification:_identify(.) by extension 'python_setup_py'
[0.280s] Level 1:colcon.colcon_core.package_identification:_identify(build) by extensions ['ignore', 'ignore_ament_install']
[0.280s] Level 1:colcon.colcon_core.package_identification:_identify(build) by extension 'ignore'
[0.280s] Level 1:colcon.colcon_core.package_identification:_identify(build) ignored
[0.280s] Level 1:colcon.colcon_core.package_identification:_identify(install) by extensions ['ignore', 'ignore_ament_install']
[0.281s] Level 1:colcon.colcon_core.package_identification:_identify(install) by extension 'ignore'
[0.281s] Level 1:colcon.colcon_core.package_identification:_identify(install) ignored
[0.281s] Level 1:colcon.colcon_core.package_identification:_identify(log) by extensions ['ignore', 'ignore_ament_install']
[0.281s] Level 1:colcon.colcon_core.package_identification:_identify(log) by extension 'ignore'
[0.281s] Level 1:colcon.colcon_core.package_identification:_identify(log) ignored
[0.281s] Level 1:colcon.colcon_core.package_identification:_identify(src) by extensions ['ignore', 'ignore_ament_install']
[0.281s] Level 1:colcon.colcon_core.package_identification:_identify(src) by extension 'ignore'
[0.281s] Level 1:colcon.colcon_core.package_identification:_identify(src) by extension 'ignore_ament_install'
[0.281s] Level 1:colcon.colcon_core.package_identification:_identify(src) by extensions ['colcon_pkg']
[0.281s] Level 1:colcon.colcon_core.package_identification:_identify(src) by extension 'colcon_pkg'
[0.281s] Level 1:colcon.colcon_core.package_identification:_identify(src) by extensions ['colcon_meta']
[0.281s] Level 1:colcon.colcon_core.package_identification:_identify(src) by extension 'colcon_meta'
[0.281s] Level 1:colcon.colcon_core.package_identification:_identify(src) by extensions ['ros']
[0.281s] Level 1:colcon.colcon_core.package_identification:_identify(src) by extension 'ros'
[0.281s] Level 1:colcon.colcon_core.package_identification:_identify(src) by extensions ['cmake', 'python']
[0.282s] Level 1:colcon.colcon_core.package_identification:_identify(src) by extension 'cmake'
[0.282s] Level 1:colcon.colcon_core.package_identification:_identify(src) by extension 'python'
[0.282s] Level 1:colcon.colcon_core.package_identification:_identify(src) by extensions ['python_setup_py']
[0.282s] Level 1:colcon.colcon_core.package_identification:_identify(src) by extension 'python_setup_py'
[0.282s] Level 1:colcon.colcon_core.package_identification:_identify(src/lab3_moveit) by extensions ['ignore', 'ignore_ament_install']
[0.282s] Level 1:colcon.colcon_core.package_identification:_identify(src/lab3_moveit) by extension 'ignore'
[0.282s] Level 1:colcon.colcon_core.package_identification:_identify(src/lab3_moveit) by extension 'ignore_ament_install'
[0.282s] Level 1:colcon.colcon_core.package_identification:_identify(src/lab3_moveit) by extensions ['colcon_pkg']
[0.282s] Level 1:colcon.colcon_core.package_identification:_identify(src/lab3_moveit) by extension 'colcon_pkg'
[0.282s] Level 1:colcon.colcon_core.package_identification:_identify(src/lab3_moveit) by extensions ['colcon_meta']
[0.282s] Level 1:colcon.colcon_core.package_identification:_identify(src/lab3_moveit) by extension 'colcon_meta'
[0.282s] Level 1:colcon.colcon_core.package_identification:_identify(src/lab3_moveit) by extensions ['ros']
[0.282s] Level 1:colcon.colcon_core.package_identification:_identify(src/lab3_moveit) by extension 'ros'
[0.285s] DEBUG:colcon.colcon_core.package_identification:Package 'src/lab3_moveit' with type 'ros.ament_cmake' and name 'lab3_moveit'
[0.286s] Level 1:colcon.colcon_core.package_identification:_identify(src/object_detect) by extensions ['ignore', 'ignore_ament_install']
[0.286s] Level 1:colcon.colcon_core.package_identification:_identify(src/object_detect) by extension 'ignore'
[0.286s] Level 1:colcon.colcon_core.package_identification:_identify(src/object_detect) by extension 'ignore_ament_install'
[0.286s] Level 1:colcon.colcon_core.package_identification:_identify(src/object_detect) by extensions ['colcon_pkg']
[0.286s] Level 1:colcon.colcon_core.package_identification:_identify(src/object_detect) by extension 'colcon_pkg'
[0.286s] Level 1:colcon.colcon_core.package_identification:_identify(src/object_detect) by extensions ['colcon_meta']
[0.286s] Level 1:colcon.colcon_core.package_identification:_identify(src/object_detect) by extension 'colcon_meta'
[0.286s] Level 1:colcon.colcon_core.package_identification:_identify(src/object_detect) by extensions ['ros']
[0.286s] Level 1:colcon.colcon_core.package_identification:_identify(src/object_detect) by extension 'ros'
[0.296s] DEBUG:colcon.colcon_core.package_identification:Package 'src/object_detect' with type 'ros.ament_python' and name 'object_detect'
[0.296s] Level 1:colcon.colcon_core.package_discovery:discover_packages(recursive) using defaults
[0.297s] Level 1:colcon.colcon_core.package_discovery:discover_packages(ignore) discover
[0.297s] Level 1:colcon.colcon_core.package_discovery:discover_packages(ignore) using defaults
[0.297s] Level 1:colcon.colcon_core.package_discovery:discover_packages(path) discover
[0.297s] Level 1:colcon.colcon_core.package_discovery:discover_packages(path) using defaults
[0.312s] Level 1:colcon.colcon_core.package_discovery:discover_packages(prefix_path) check parameters
[0.312s] Level 1:colcon.colcon_core.package_discovery:discover_packages(prefix_path) discover
[0.314s] DEBUG:colcon.colcon_installed_package_information.package_discovery:Found 351 installed packages in /opt/ros/humble
[0.315s] Level 1:colcon.colcon_core.package_discovery:discover_packages(prefix_path) using defaults
[0.349s] Level 5:colcon.colcon_core.verb:set package 'lab3_moveit' build argument 'cmake_args' from command line to 'None'
[0.349s] Level 5:colcon.colcon_core.verb:set package 'lab3_moveit' build argument 'cmake_target' from command line to 'None'
[0.349s] Level 5:colcon.colcon_core.verb:set package 'lab3_moveit' build argument 'cmake_target_skip_unavailable' from command line to 'False'
[0.349s] Level 5:colcon.colcon_core.verb:set package 'lab3_moveit' build argument 'cmake_clean_cache' from command line to 'False'
[0.349s] Level 5:colcon.colcon_core.verb:set package 'lab3_moveit' build argument 'cmake_clean_first' from command line to 'False'
[0.349s] Level 5:colcon.colcon_core.verb:set package 'lab3_moveit' build argument 'cmake_force_configure' from command line to 'False'
[0.349s] Level 5:colcon.colcon_core.verb:set package 'lab3_moveit' build argument 'ament_cmake_args' from command line to 'None'
[0.349s] Level 5:colcon.colcon_core.verb:set package 'lab3_moveit' build argument 'catkin_cmake_args' from command line to 'None'
[0.349s] Level 5:colcon.colcon_core.verb:set package 'lab3_moveit' build argument 'catkin_skip_building_tests' from command line to 'False'
[0.349s] DEBUG:colcon.colcon_core.verb:Building package 'lab3_moveit' with the following arguments: {'ament_cmake_args': None, 'build_base': '/home/mtrn/MTRN4231-T9-1/lab3-main/build/lab3_moveit', 'catkin_cmake_args': None, 'catkin_skip_building_tests': False, 'cmake_args': None, 'cmake_clean_cache': False, 'cmake_clean_first': False, 'cmake_force_configure': False, 'cmake_target': None, 'cmake_target_skip_unavailable': False, 'install_base': '/home/mtrn/MTRN4231-T9-1/lab3-main/install/lab3_moveit', 'merge_install': False, 'path': '/home/mtrn/MTRN4231-T9-1/lab3-main/src/lab3_moveit', 'symlink_install': False, 'test_result_base': None}
[0.350s] Level 5:colcon.colcon_core.verb:set package 'object_detect' build argument 'cmake_args' from command line to 'None'
[0.350s] Level 5:colcon.colcon_core.verb:set package 'object_detect' build argument 'cmake_target' from command line to 'None'
[0.350s] Level 5:colcon.colcon_core.verb:set package 'object_detect' build argument 'cmake_target_skip_unavailable' from command line to 'False'
[0.350s] Level 5:colcon.colcon_core.verb:set package 'object_detect' build argument 'cmake_clean_cache' from command line to 'False'
[0.350s] Level 5:colcon.colcon_core.verb:set package 'object_detect' build argument 'cmake_clean_first' from command line to 'False'
[0.350s] Level 5:colcon.colcon_core.verb:set package 'object_detect' build argument 'cmake_force_configure' from command line to 'False'
[0.350s] Level 5:colcon.colcon_core.verb:set package 'object_detect' build argument 'ament_cmake_args' from command line to 'None'
[0.350s] Level 5:colcon.colcon_core.verb:set package 'object_detect' build argument 'catkin_cmake_args' from command line to 'None'
[0.350s] Level 5:colcon.colcon_core.verb:set package 'object_detect' build argument 'catkin_skip_building_tests' from command line to 'False'
[0.350s] DEBUG:colcon.colcon_core.verb:Building package 'object_detect' with the following arguments: {'ament_cmake_args': None, 'build_base': '/home/mtrn/MTRN4231-T9-1/lab3-main/build/object_detect', 'catkin_cmake_args': None, 'catkin_skip_building_tests': False, 'cmake_args': None, 'cmake_clean_cache': False, 'cmake_clean_first': False, 'cmake_force_configure': False, 'cmake_target': None, 'cmake_target_skip_unavailable': False, 'install_base': '/home/mtrn/MTRN4231-T9-1/lab3-main/install/object_detect', 'merge_install': False, 'path': '/home/mtrn/MTRN4231-T9-1/lab3-main/src/object_detect', 'symlink_install': False, 'test_result_base': None}
[0.350s] INFO:colcon.colcon_core.executor:Executing jobs using 'parallel' executor
[0.351s] DEBUG:colcon.colcon_parallel_executor.executor.parallel:run_until_complete
[0.351s] INFO:colcon.colcon_ros.task.ament_cmake.build:Building ROS package in '/home/mtrn/MTRN4231-T9-1/lab3-main/src/lab3_moveit' with build type 'ament_cmake'
[0.351s] INFO:colcon.colcon_cmake.task.cmake.build:Building CMake package in '/home/mtrn/MTRN4231-T9-1/lab3-main/src/lab3_moveit'
[0.353s] INFO:colcon.colcon_core.plugin_system:Skipping extension 'colcon_core.shell.bat': Not used on non-Windows systems
[0.353s] INFO:colcon.colcon_core.shell:Skip shell extension 'powershell' for command environment: Not usable outside of PowerShell
[0.353s] DEBUG:colcon.colcon_core.shell:Skip shell extension 'dsv' for command environment
[0.356s] INFO:colcon.colcon_ros.task.ament_python.build:Building ROS package in '/home/mtrn/MTRN4231-T9-1/lab3-main/src/object_detect' with build type 'ament_python'
[0.356s] Level 1:colcon.colcon_core.shell:create_environment_hook('object_detect', 'ament_prefix_path')
[0.356s] INFO:colcon.colcon_core.shell:Creating environment hook '/home/mtrn/MTRN4231-T9-1/lab3-main/install/object_detect/share/object_detect/hook/ament_prefix_path.ps1'
[0.356s] INFO:colcon.colcon_core.shell:Creating environment descriptor '/home/mtrn/MTRN4231-T9-1/lab3-main/install/object_detect/share/object_detect/hook/ament_prefix_path.dsv'
[0.357s] INFO:colcon.colcon_core.shell:Creating environment hook '/home/mtrn/MTRN4231-T9-1/lab3-main/install/object_detect/share/object_detect/hook/ament_prefix_path.sh'
[0.357s] INFO:colcon.colcon_core.shell:Skip shell extension 'powershell' for command environment: Not usable outside of PowerShell
[0.357s] DEBUG:colcon.colcon_core.shell:Skip shell extension 'dsv' for command environment
[0.363s] DEBUG:colcon.colcon_core.event_handler.log_command:Invoking command in '/home/mtrn/MTRN4231-T9-1/lab3-main/build/lab3_moveit': CMAKE_PREFIX_PATH=/opt/ros/humble /home/mtrn/.local/bin/cmake /home/mtrn/MTRN4231-T9-1/lab3-main/src/lab3_moveit -DCMAKE_INSTALL_PREFIX=/home/mtrn/MTRN4231-T9-1/lab3-main/install/lab3_moveit
[0.614s] INFO:colcon.colcon_core.task.python.build:Building Python package in '/home/mtrn/MTRN4231-T9-1/lab3-main/src/object_detect'
[0.614s] INFO:colcon.colcon_core.shell:Skip shell extension 'powershell' for command environment: Not usable outside of PowerShell
[0.614s] DEBUG:colcon.colcon_core.shell:Skip shell extension 'dsv' for command environment
[1.001s] DEBUG:colcon.colcon_core.event_handler.log_command:Invoking command in '/home/mtrn/MTRN4231-T9-1/lab3-main/src/object_detect': PYTHONPATH=/home/mtrn/MTRN4231-T9-1/lab3-main/build/object_detect/prefix_override:/usr/lib/python3/dist-packages/colcon_core/task/python/colcon_distutils_commands:/home/mtrn/MTRN4231-T9-1/lab3-main/install/object_detect/lib/python3.10/site-packages:${PYTHONPATH} /usr/bin/python3 -W ignore:setup.py install is deprecated setup.py egg_info --egg-base ../../build/object_detect build --build-base /home/mtrn/MTRN4231-T9-1/lab3-main/build/object_detect/build install --record /home/mtrn/MTRN4231-T9-1/lab3-main/build/object_detect/install.log --single-version-externally-managed install_data
[1.306s] DEBUG:colcon.colcon_core.event_handler.log_command:Invoked command in '/home/mtrn/MTRN4231-T9-1/lab3-main/src/object_detect' returned '0': PYTHONPATH=/home/mtrn/MTRN4231-T9-1/lab3-main/build/object_detect/prefix_override:/usr/lib/python3/dist-packages/colcon_core/task/python/colcon_distutils_commands:/home/mtrn/MTRN4231-T9-1/lab3-main/install/object_detect/lib/python3.10/site-packages:${PYTHONPATH} /usr/bin/python3 -W ignore:setup.py install is deprecated setup.py egg_info --egg-base ../../build/object_detect build --build-base /home/mtrn/MTRN4231-T9-1/lab3-main/build/object_detect/build install --record /home/mtrn/MTRN4231-T9-1/lab3-main/build/object_detect/install.log --single-version-externally-managed install_data
[1.311s] Level 1:colcon.colcon_core.environment:checking '/home/mtrn/MTRN4231-T9-1/lab3-main/install/object_detect' for CMake module files
[1.312s] Level 1:colcon.colcon_core.environment:checking '/home/mtrn/MTRN4231-T9-1/lab3-main/install/object_detect' for CMake config files
[1.313s] Level 1:colcon.colcon_core.environment:checking '/home/mtrn/MTRN4231-T9-1/lab3-main/install/object_detect/lib'
[1.314s] Level 1:colcon.colcon_core.environment:checking '/home/mtrn/MTRN4231-T9-1/lab3-main/install/object_detect/bin'
[1.314s] Level 1:colcon.colcon_core.environment:checking '/home/mtrn/MTRN4231-T9-1/lab3-main/install/object_detect/lib/pkgconfig/object_detect.pc'
[1.315s] Level 1:colcon.colcon_core.environment:checking '/home/mtrn/MTRN4231-T9-1/lab3-main/install/object_detect/lib/python3.10/site-packages'
[1.315s] Level 1:colcon.colcon_core.shell:create_environment_hook('object_detect', 'pythonpath')
[1.315s] INFO:colcon.colcon_core.shell:Creating environment hook '/home/mtrn/MTRN4231-T9-1/lab3-main/install/object_detect/share/object_detect/hook/pythonpath.ps1'
[1.317s] INFO:colcon.colcon_core.shell:Creating environment descriptor '/home/mtrn/MTRN4231-T9-1/lab3-main/install/object_detect/share/object_detect/hook/pythonpath.dsv'
[1.318s] INFO:colcon.colcon_core.shell:Creating environment hook '/home/mtrn/MTRN4231-T9-1/lab3-main/install/object_detect/share/object_detect/hook/pythonpath.sh'
[1.320s] Level 1:colcon.colcon_core.environment:checking '/home/mtrn/MTRN4231-T9-1/lab3-main/install/object_detect/bin'
[1.320s] Level 1:colcon.colcon_core.environment:create_environment_scripts_only(object_detect)
[1.321s] INFO:colcon.colcon_core.shell:Creating package script '/home/mtrn/MTRN4231-T9-1/lab3-main/install/object_detect/share/object_detect/package.ps1'
[1.322s] INFO:colcon.colcon_core.shell:Creating package descriptor '/home/mtrn/MTRN4231-T9-1/lab3-main/install/object_detect/share/object_detect/package.dsv'
[1.323s] INFO:colcon.colcon_core.shell:Creating package script '/home/mtrn/MTRN4231-T9-1/lab3-main/install/object_detect/share/object_detect/package.sh'
[1.324s] INFO:colcon.colcon_core.shell:Creating package script '/home/mtrn/MTRN4231-T9-1/lab3-main/install/object_detect/share/object_detect/package.bash'
[1.326s] INFO:colcon.colcon_core.shell:Creating package script '/home/mtrn/MTRN4231-T9-1/lab3-main/install/object_detect/share/object_detect/package.zsh'
[1.327s] Level 1:colcon.colcon_core.environment:create_file_with_runtime_dependencies(/home/mtrn/MTRN4231-T9-1/lab3-main/install/object_detect/share/colcon-core/packages/object_detect)
[2.667s] DEBUG:colcon.colcon_core.event_handler.log_command:Invoked command in '/home/mtrn/MTRN4231-T9-1/lab3-main/build/lab3_moveit' returned '0': CMAKE_PREFIX_PATH=/opt/ros/humble /home/mtrn/.local/bin/cmake /home/mtrn/MTRN4231-T9-1/lab3-main/src/lab3_moveit -DCMAKE_INSTALL_PREFIX=/home/mtrn/MTRN4231-T9-1/lab3-main/install/lab3_moveit
[2.671s] DEBUG:colcon.colcon_core.event_handler.log_command:Invoking command in '/home/mtrn/MTRN4231-T9-1/lab3-main/build/lab3_moveit': CMAKE_PREFIX_PATH=/opt/ros/humble /home/mtrn/.local/bin/cmake --build /home/mtrn/MTRN4231-T9-1/lab3-main/build/lab3_moveit -- -j20 -l20
[9.825s] DEBUG:colcon.colcon_core.event_handler.log_command:Invoked command in '/home/mtrn/MTRN4231-T9-1/lab3-main/build/lab3_moveit' returned '0': CMAKE_PREFIX_PATH=/opt/ros/humble /home/mtrn/.local/bin/cmake --build /home/mtrn/MTRN4231-T9-1/lab3-main/build/lab3_moveit -- -j20 -l20
[9.976s] DEBUG:colcon.colcon_core.event_handler.log_command:Invoking command in '/home/mtrn/MTRN4231-T9-1/lab3-main/build/lab3_moveit': CMAKE_PREFIX_PATH=/opt/ros/humble /home/mtrn/.local/bin/cmake --install /home/mtrn/MTRN4231-T9-1/lab3-main/build/lab3_moveit
[10.019s] Level 1:colcon.colcon_core.environment:create_environment_scripts_only(lab3_moveit)
[10.020s] Level 1:colcon.colcon_core.environment:checking '/home/mtrn/MTRN4231-T9-1/lab3-main/install/lab3_moveit' for CMake module files
[10.021s] DEBUG:colcon.colcon_core.event_handler.log_command:Invoked command in '/home/mtrn/MTRN4231-T9-1/lab3-main/build/lab3_moveit' returned '0': CMAKE_PREFIX_PATH=/opt/ros/humble /home/mtrn/.local/bin/cmake --install /home/mtrn/MTRN4231-T9-1/lab3-main/build/lab3_moveit
[10.022s] Level 1:colcon.colcon_core.environment:checking '/home/mtrn/MTRN4231-T9-1/lab3-main/install/lab3_moveit' for CMake config files
[10.022s] Level 1:colcon.colcon_core.shell:create_environment_hook('lab3_moveit', 'cmake_prefix_path')
[10.023s] INFO:colcon.colcon_core.shell:Creating environment hook '/home/mtrn/MTRN4231-T9-1/lab3-main/install/lab3_moveit/share/lab3_moveit/hook/cmake_prefix_path.ps1'
[10.024s] INFO:colcon.colcon_core.shell:Creating environment descriptor '/home/mtrn/MTRN4231-T9-1/lab3-main/install/lab3_moveit/share/lab3_moveit/hook/cmake_prefix_path.dsv'
[10.025s] INFO:colcon.colcon_core.shell:Creating environment hook '/home/mtrn/MTRN4231-T9-1/lab3-main/install/lab3_moveit/share/lab3_moveit/hook/cmake_prefix_path.sh'
[10.026s] Level 1:colcon.colcon_core.environment:checking '/home/mtrn/MTRN4231-T9-1/lab3-main/install/lab3_moveit/lib'
[10.026s] Level 1:colcon.colcon_core.environment:checking '/home/mtrn/MTRN4231-T9-1/lab3-main/install/lab3_moveit/bin'
[10.027s] Level 1:colcon.colcon_core.environment:checking '/home/mtrn/MTRN4231-T9-1/lab3-main/install/lab3_moveit/lib/pkgconfig/lab3_moveit.pc'
[10.027s] Level 1:colcon.colcon_core.environment:checking '/home/mtrn/MTRN4231-T9-1/lab3-main/install/lab3_moveit/lib/python3.10/site-packages'
[10.028s] Level 1:colcon.colcon_core.environment:checking '/home/mtrn/MTRN4231-T9-1/lab3-main/install/lab3_moveit/bin'
[10.029s] INFO:colcon.colcon_core.shell:Creating package script '/home/mtrn/MTRN4231-T9-1/lab3-main/install/lab3_moveit/share/lab3_moveit/package.ps1'
[10.030s] INFO:colcon.colcon_core.shell:Creating package descriptor '/home/mtrn/MTRN4231-T9-1/lab3-main/install/lab3_moveit/share/lab3_moveit/package.dsv'
[10.031s] INFO:colcon.colcon_core.shell:Creating package script '/home/mtrn/MTRN4231-T9-1/lab3-main/install/lab3_moveit/share/lab3_moveit/package.sh'
[10.032s] INFO:colcon.colcon_core.shell:Creating package script '/home/mtrn/MTRN4231-T9-1/lab3-main/install/lab3_moveit/share/lab3_moveit/package.bash'
[10.033s] INFO:colcon.colcon_core.shell:Creating package script '/home/mtrn/MTRN4231-T9-1/lab3-main/install/lab3_moveit/share/lab3_moveit/package.zsh'
[10.033s] Level 1:colcon.colcon_core.environment:create_file_with_runtime_dependencies(/home/mtrn/MTRN4231-T9-1/lab3-main/install/lab3_moveit/share/colcon-core/packages/lab3_moveit)
[10.114s] Level 1:colcon.colcon_core.environment:create_environment_scripts_only(lab3_moveit)
[10.115s] Level 1:colcon.colcon_core.environment:checking '/home/mtrn/MTRN4231-T9-1/lab3-main/install/lab3_moveit' for CMake module files
[10.116s] Level 1:colcon.colcon_core.environment:checking '/home/mtrn/MTRN4231-T9-1/lab3-main/install/lab3_moveit' for CMake config files
[10.116s] Level 1:colcon.colcon_core.shell:create_environment_hook('lab3_moveit', 'cmake_prefix_path')
[10.117s] INFO:colcon.colcon_core.shell:Creating environment hook '/home/mtrn/MTRN4231-T9-1/lab3-main/install/lab3_moveit/share/lab3_moveit/hook/cmake_prefix_path.ps1'
[10.118s] INFO:colcon.colcon_core.shell:Creating environment descriptor '/home/mtrn/MTRN4231-T9-1/lab3-main/install/lab3_moveit/share/lab3_moveit/hook/cmake_prefix_path.dsv'
[10.119s] INFO:colcon.colcon_core.shell:Creating environment hook '/home/mtrn/MTRN4231-T9-1/lab3-main/install/lab3_moveit/share/lab3_moveit/hook/cmake_prefix_path.sh'
[10.120s] Level 1:colcon.colcon_core.environment:checking '/home/mtrn/MTRN4231-T9-1/lab3-main/install/lab3_moveit/lib'
[10.120s] Level 1:colcon.colcon_core.environment:checking '/home/mtrn/MTRN4231-T9-1/lab3-main/install/lab3_moveit/bin'
[10.121s] Level 1:colcon.colcon_core.environment:checking '/home/mtrn/MTRN4231-T9-1/lab3-main/install/lab3_moveit/lib/pkgconfig/lab3_moveit.pc'
[10.121s] Level 1:colcon.colcon_core.environment:checking '/home/mtrn/MTRN4231-T9-1/lab3-main/install/lab3_moveit/lib/python3.10/site-packages'
[10.122s] Level 1:colcon.colcon_core.environment:checking '/home/mtrn/MTRN4231-T9-1/lab3-main/install/lab3_moveit/bin'
[10.122s] INFO:colcon.colcon_core.shell:Creating package script '/home/mtrn/MTRN4231-T9-1/lab3-main/install/lab3_moveit/share/lab3_moveit/package.ps1'
[10.124s] INFO:colcon.colcon_core.shell:Creating package descriptor '/home/mtrn/MTRN4231-T9-1/lab3-main/install/lab3_moveit/share/lab3_moveit/package.dsv'
[10.125s] INFO:colcon.colcon_core.shell:Creating package script '/home/mtrn/MTRN4231-T9-1/lab3-main/install/lab3_moveit/share/lab3_moveit/package.sh'
[10.126s] INFO:colcon.colcon_core.shell:Creating package script '/home/mtrn/MTRN4231-T9-1/lab3-main/install/lab3_moveit/share/lab3_moveit/package.bash'
[10.126s] INFO:colcon.colcon_core.shell:Creating package script '/home/mtrn/MTRN4231-T9-1/lab3-main/install/lab3_moveit/share/lab3_moveit/package.zsh'
[10.127s] Level 1:colcon.colcon_core.environment:create_file_with_runtime_dependencies(/home/mtrn/MTRN4231-T9-1/lab3-main/install/lab3_moveit/share/colcon-core/packages/lab3_moveit)
[10.127s] DEBUG:colcon.colcon_parallel_executor.executor.parallel:closing loop
[10.128s] DEBUG:colcon.colcon_parallel_executor.executor.parallel:loop closed
[10.128s] DEBUG:colcon.colcon_parallel_executor.executor.parallel:run_until_complete finished with '0'
[10.128s] DEBUG:colcon.colcon_core.event_reactor:joining thread
[10.137s] INFO:colcon.colcon_core.plugin_system:Skipping extension 'colcon_notification.desktop_notification.terminal_notifier': Not used on non-Darwin systems
[10.137s] INFO:colcon.colcon_core.plugin_system:Skipping extension 'colcon_notification.desktop_notification.win32': Not used on non-Windows systems
[10.137s] INFO:colcon.colcon_notification.desktop_notification:Sending desktop notification using 'notify2'
[10.160s] DEBUG:colcon.colcon_core.event_reactor:joined thread
[10.161s] INFO:colcon.colcon_core.shell:Creating prefix script '/home/mtrn/MTRN4231-T9-1/lab3-main/install/local_setup.ps1'
[10.163s] INFO:colcon.colcon_core.shell:Creating prefix util module '/home/mtrn/MTRN4231-T9-1/lab3-main/install/_local_setup_util_ps1.py'
[10.168s] INFO:colcon.colcon_core.shell:Creating prefix chain script '/home/mtrn/MTRN4231-T9-1/lab3-main/install/setup.ps1'
[10.171s] INFO:colcon.colcon_core.shell:Creating prefix script '/home/mtrn/MTRN4231-T9-1/lab3-main/install/local_setup.sh'
[10.173s] INFO:colcon.colcon_core.shell:Creating prefix util module '/home/mtrn/MTRN4231-T9-1/lab3-main/install/_local_setup_util_sh.py'
[10.174s] INFO:colcon.colcon_core.shell:Creating prefix chain script '/home/mtrn/MTRN4231-T9-1/lab3-main/install/setup.sh'
[10.175s] INFO:colcon.colcon_core.shell:Creating prefix script '/home/mtrn/MTRN4231-T9-1/lab3-main/install/local_setup.bash'
[10.176s] INFO:colcon.colcon_core.shell:Creating prefix chain script '/home/mtrn/MTRN4231-T9-1/lab3-main/install/setup.bash'
[10.177s] INFO:colcon.colcon_core.shell:Creating prefix script '/home/mtrn/MTRN4231-T9-1/lab3-main/install/local_setup.zsh'
[10.177s] INFO:colcon.colcon_core.shell:Creating prefix chain script '/home/mtrn/MTRN4231-T9-1/lab3-main/install/setup.zsh'
