-- Install configuration: ""
-- Up-to-date: /home/mtrn/MTRN4231-T9-1/lab4-main/install/yolo_bringup/share/yolo_bringup//launch
-- Up-to-date: /home/mtrn/MTRN4231-T9-1/lab4-main/install/yolo_bringup/share/yolo_bringup//launch/yolo.launch.py
-- Up-to-date: /home/mtrn/MTRN4231-T9-1/lab4-main/install/yolo_bringup/share/yolo_bringup//launch/yolov8.launch.py
-- Up-to-date: /home/mtrn/MTRN4231-T9-1/lab4-main/install/yolo_bringup/share/yolo_bringup//launch/yolo-world.launch.py
-- Up-to-date: /home/mtrn/MTRN4231-T9-1/lab4-main/install/yolo_bringup/share/yolo_bringup//launch/yoloe.launch.py
-- Up-to-date: /home/mtrn/MTRN4231-T9-1/lab4-main/install/yolo_bringup/share/yolo_bringup//launch/yolov5.launch.py
-- Up-to-date: /home/mtrn/MTRN4231-T9-1/lab4-main/install/yolo_bringup/share/yolo_bringup//launch/yolov11.launch.py
-- Up-to-date: /home/mtrn/MTRN4231-T9-1/lab4-main/install/yolo_bringup/share/yolo_bringup//launch/yolov9.launch.py
-- Up-to-date: /home/mtrn/MTRN4231-T9-1/lab4-main/install/yolo_bringup/share/yolo_bringup//launch/yolov10.launch.py
-- Up-to-date: /home/mtrn/MTRN4231-T9-1/lab4-main/install/yolo_bringup/share/yolo_bringup//launch/yolov12.launch.py
-- Up-to-date: /home/mtrn/MTRN4231-T9-1/lab4-main/install/yolo_bringup/share/ament_index/resource_index/package_run_dependencies/yolo_bringup
-- Up-to-date: /home/mtrn/MTRN4231-T9-1/lab4-main/install/yolo_bringup/share/ament_index/resource_index/parent_prefix_path/yolo_bringup
-- Up-to-date: /home/mtrn/MTRN4231-T9-1/lab4-main/install/yolo_bringup/share/yolo_bringup/environment/ament_prefix_path.sh
-- Up-to-date: /home/mtrn/MTRN4231-T9-1/lab4-main/install/yolo_bringup/share/yolo_bringup/environment/ament_prefix_path.dsv
-- Up-to-date: /home/mtrn/MTRN4231-T9-1/lab4-main/install/yolo_bringup/share/yolo_bringup/environment/path.sh
-- Up-to-date: /home/mtrn/MTRN4231-T9-1/lab4-main/install/yolo_bringup/share/yolo_bringup/environment/path.dsv
-- Up-to-date: /home/mtrn/MTRN4231-T9-1/lab4-main/install/yolo_bringup/share/yolo_bringup/local_setup.bash
-- Up-to-date: /home/mtrn/MTRN4231-T9-1/lab4-main/install/yolo_bringup/share/yolo_bringup/local_setup.sh
-- Up-to-date: /home/mtrn/MTRN4231-T9-1/lab4-main/install/yolo_bringup/share/yolo_bringup/local_setup.zsh
-- Up-to-date: /home/mtrn/MTRN4231-T9-1/lab4-main/install/yolo_bringup/share/yolo_bringup/local_setup.dsv
-- Up-to-date: /home/mtrn/MTRN4231-T9-1/lab4-main/install/yolo_bringup/share/yolo_bringup/package.dsv
-- Up-to-date: /home/mtrn/MTRN4231-T9-1/lab4-main/install/yolo_bringup/share/ament_index/resource_index/packages/yolo_bringup
-- Up-to-date: /home/mtrn/MTRN4231-T9-1/lab4-main/install/yolo_bringup/share/yolo_bringup/cmake/yolo_bringupConfig.cmake
-- Up-to-date: /home/mtrn/MTRN4231-T9-1/lab4-main/install/yolo_bringup/share/yolo_bringup/cmake/yolo_bringupConfig-version.cmake
-- Up-to-date: /home/mtrn/MTRN4231-T9-1/lab4-main/install/yolo_bringup/share/yolo_bringup/package.xml
