[0.113s] DEBUG:colcon:Command line arguments: ['/usr/bin/colcon', 'build', '--cmake-args', '-DCMAKE_EXPORT_COMPILE_COMMANDS=ON']
[0.113s] DEBUG:colcon:Parsed command line arguments: Namespace(log_base=None, log_level=None, verb_name='build', build_base='build', install_base='install', merge_install=False, symlink_install=False, test_result_base=None, continue_on_error=False, executor='parallel', parallel_workers=8, event_handlers=None, ignore_user_meta=False, metas=['./colcon.meta'], base_paths=['.'], packages_ignore=None, packages_ignore_regex=None, paths=None, packages_up_to=None, packages_up_to_regex=None, packages_above=None, packages_above_and_dependencies=None, packages_above_depth=None, packages_select_by_dep=None, packages_skip_by_dep=None, packages_skip_up_to=None, packages_select_build_failed=False, packages_skip_build_finished=False, packages_select_test_failures=False, packages_skip_test_passed=False, packages_select=None, packages_skip=None, packages_select_regex=None, packages_skip_regex=None, packages_start=None, packages_end=None, allow_overriding=[], cmake_args=['-DCMAKE_EXPORT_COMPILE_COMMANDS=ON'], cmake_target=None, cmake_target_skip_unavailable=False, cmake_clean_cache=False, cmake_clean_first=False, cmake_force_configure=False, ament_cmake_args=None, catkin_cmake_args=None, catkin_skip_building_tests=False, verb_parser=<colcon_defaults.argument_parser.defaults.DefaultArgumentsDecorator object at 0x7b355e94e6e0>, verb_extension=<colcon_core.verb.build.BuildVerb object at 0x7b355eacbfa0>, main=<bound method BuildVerb.main of <colcon_core.verb.build.BuildVerb object at 0x7b355eacbfa0>>)
[0.288s] Level 1:colcon.colcon_core.package_discovery:discover_packages(colcon_meta) check parameters
[0.288s] Level 1:colcon.colcon_core.package_discovery:discover_packages(recursive) check parameters
[0.288s] Level 1:colcon.colcon_core.package_discovery:discover_packages(ignore) check parameters
[0.288s] Level 1:colcon.colcon_core.package_discovery:discover_packages(path) check parameters
[0.288s] Level 1:colcon.colcon_core.package_discovery:discover_packages(colcon_meta) discover
[0.288s] Level 1:colcon.colcon_core.package_discovery:discover_packages(recursive) discover
[0.289s] INFO:colcon.colcon_core.package_discovery:Crawling recursively for packages in '/home/ryan/unsw/MTRN4231_group/tictactoe-bot'
[0.289s] Level 1:colcon.colcon_core.package_identification:_identify(.) by extensions ['ignore', 'ignore_ament_install']
[0.289s] Level 1:colcon.colcon_core.package_identification:_identify(.) by extension 'ignore'
[0.289s] Level 1:colcon.colcon_core.package_identification:_identify(.) by extension 'ignore_ament_install'
[0.289s] Level 1:colcon.colcon_core.package_identification:_identify(.) by extensions ['colcon_pkg']
[0.289s] Level 1:colcon.colcon_core.package_identification:_identify(.) by extension 'colcon_pkg'
[0.289s] Level 1:colcon.colcon_core.package_identification:_identify(.) by extensions ['colcon_meta']
[0.289s] Level 1:colcon.colcon_core.package_identification:_identify(.) by extension 'colcon_meta'
[0.289s] Level 1:colcon.colcon_core.package_identification:_identify(.) by extensions ['ros']
[0.289s] Level 1:colcon.colcon_core.package_identification:_identify(.) by extension 'ros'
[0.299s] Level 1:colcon.colcon_core.package_identification:_identify(.) by extensions ['cmake', 'python']
[0.299s] Level 1:colcon.colcon_core.package_identification:_identify(.) by extension 'cmake'
[0.299s] Level 1:colcon.colcon_core.package_identification:_identify(.) by extension 'python'
[0.299s] Level 1:colcon.colcon_core.package_identification:_identify(.) by extensions ['python_setup_py']
[0.299s] Level 1:colcon.colcon_core.package_identification:_identify(.) by extension 'python_setup_py'
[0.299s] Level 1:colcon.colcon_core.package_identification:_identify(build) by extensions ['ignore', 'ignore_ament_install']
[0.300s] Level 1:colcon.colcon_core.package_identification:_identify(build) by extension 'ignore'
[0.300s] Level 1:colcon.colcon_core.package_identification:_identify(build) ignored
[0.300s] Level 1:colcon.colcon_core.package_identification:_identify(install) by extensions ['ignore', 'ignore_ament_install']
[0.300s] Level 1:colcon.colcon_core.package_identification:_identify(install) by extension 'ignore'
[0.300s] Level 1:colcon.colcon_core.package_identification:_identify(install) ignored
[0.300s] Level 1:colcon.colcon_core.package_identification:_identify(log) by extensions ['ignore', 'ignore_ament_install']
[0.300s] Level 1:colcon.colcon_core.package_identification:_identify(log) by extension 'ignore'
[0.300s] Level 1:colcon.colcon_core.package_identification:_identify(log) ignored
[0.300s] Level 1:colcon.colcon_core.package_identification:_identify(src) by extensions ['ignore', 'ignore_ament_install']
[0.300s] Level 1:colcon.colcon_core.package_identification:_identify(src) by extension 'ignore'
[0.300s] Level 1:colcon.colcon_core.package_identification:_identify(src) by extension 'ignore_ament_install'
[0.300s] Level 1:colcon.colcon_core.package_identification:_identify(src) by extensions ['colcon_pkg']
[0.300s] Level 1:colcon.colcon_core.package_identification:_identify(src) by extension 'colcon_pkg'
[0.300s] Level 1:colcon.colcon_core.package_identification:_identify(src) by extensions ['colcon_meta']
[0.300s] Level 1:colcon.colcon_core.package_identification:_identify(src) by extension 'colcon_meta'
[0.300s] Level 1:colcon.colcon_core.package_identification:_identify(src) by extensions ['ros']
[0.300s] Level 1:colcon.colcon_core.package_identification:_identify(src) by extension 'ros'
[0.300s] Level 1:colcon.colcon_core.package_identification:_identify(src) by extensions ['cmake', 'python']
[0.301s] Level 1:colcon.colcon_core.package_identification:_identify(src) by extension 'cmake'
[0.301s] Level 1:colcon.colcon_core.package_identification:_identify(src) by extension 'python'
[0.301s] Level 1:colcon.colcon_core.package_identification:_identify(src) by extensions ['python_setup_py']
[0.301s] Level 1:colcon.colcon_core.package_identification:_identify(src) by extension 'python_setup_py'
[0.301s] Level 1:colcon.colcon_core.package_identification:_identify(src/arm) by extensions ['ignore', 'ignore_ament_install']
[0.301s] Level 1:colcon.colcon_core.package_identification:_identify(src/arm) by extension 'ignore'
[0.301s] Level 1:colcon.colcon_core.package_identification:_identify(src/arm) by extension 'ignore_ament_install'
[0.301s] Level 1:colcon.colcon_core.package_identification:_identify(src/arm) by extensions ['colcon_pkg']
[0.301s] Level 1:colcon.colcon_core.package_identification:_identify(src/arm) by extension 'colcon_pkg'
[0.301s] Level 1:colcon.colcon_core.package_identification:_identify(src/arm) by extensions ['colcon_meta']
[0.301s] Level 1:colcon.colcon_core.package_identification:_identify(src/arm) by extension 'colcon_meta'
[0.301s] Level 1:colcon.colcon_core.package_identification:_identify(src/arm) by extensions ['ros']
[0.301s] Level 1:colcon.colcon_core.package_identification:_identify(src/arm) by extension 'ros'
[0.304s] DEBUG:colcon.colcon_core.package_identification:Package 'src/arm' with type 'ros.ament_cmake' and name 'arm'
[0.304s] Level 1:colcon.colcon_core.package_discovery:discover_packages(recursive) using defaults
[0.304s] Level 1:colcon.colcon_core.package_discovery:discover_packages(ignore) discover
[0.304s] Level 1:colcon.colcon_core.package_discovery:discover_packages(ignore) using defaults
[0.304s] Level 1:colcon.colcon_core.package_discovery:discover_packages(path) discover
[0.304s] Level 1:colcon.colcon_core.package_discovery:discover_packages(path) using defaults
[0.335s] Level 1:colcon.colcon_core.package_discovery:discover_packages(prefix_path) check parameters
[0.335s] Level 1:colcon.colcon_core.package_discovery:discover_packages(prefix_path) discover
[0.340s] DEBUG:colcon.colcon_installed_package_information.package_discovery:Found 4 installed packages in /home/ryan/ros2_packages/install
[0.341s] DEBUG:colcon.colcon_installed_package_information.package_discovery:Found 7 installed packages in /home/ryan/workspace/ros_ur_driver/install
[0.343s] DEBUG:colcon.colcon_installed_package_information.package_discovery:Found 48 installed packages in /home/ryan/ws_moveit2/install
[0.344s] DEBUG:colcon.colcon_installed_package_information.package_discovery:Found 5 installed packages in /home/ryan/unsw/MTRN4231/4231SuppliedCode/4231_demo_packages/install
[0.346s] DEBUG:colcon.colcon_installed_package_information.package_discovery:Found 329 installed packages in /opt/ros/humble
[0.348s] Level 1:colcon.colcon_core.package_discovery:discover_packages(prefix_path) using defaults
[0.399s] Level 5:colcon.colcon_core.verb:set package 'arm' build argument 'cmake_args' from command line to '['-DCMAKE_EXPORT_COMPILE_COMMANDS=ON']'
[0.399s] Level 5:colcon.colcon_core.verb:set package 'arm' build argument 'cmake_target' from command line to 'None'
[0.399s] Level 5:colcon.colcon_core.verb:set package 'arm' build argument 'cmake_target_skip_unavailable' from command line to 'False'
[0.399s] Level 5:colcon.colcon_core.verb:set package 'arm' build argument 'cmake_clean_cache' from command line to 'False'
[0.399s] Level 5:colcon.colcon_core.verb:set package 'arm' build argument 'cmake_clean_first' from command line to 'False'
[0.399s] Level 5:colcon.colcon_core.verb:set package 'arm' build argument 'cmake_force_configure' from command line to 'False'
[0.399s] Level 5:colcon.colcon_core.verb:set package 'arm' build argument 'ament_cmake_args' from command line to 'None'
[0.399s] Level 5:colcon.colcon_core.verb:set package 'arm' build argument 'catkin_cmake_args' from command line to 'None'
[0.399s] Level 5:colcon.colcon_core.verb:set package 'arm' build argument 'catkin_skip_building_tests' from command line to 'False'
[0.399s] DEBUG:colcon.colcon_core.verb:Building package 'arm' with the following arguments: {'ament_cmake_args': None, 'build_base': '/home/ryan/unsw/MTRN4231_group/tictactoe-bot/build/arm', 'catkin_cmake_args': None, 'catkin_skip_building_tests': False, 'cmake_args': ['-DCMAKE_EXPORT_COMPILE_COMMANDS=ON'], 'cmake_clean_cache': False, 'cmake_clean_first': False, 'cmake_force_configure': False, 'cmake_target': None, 'cmake_target_skip_unavailable': False, 'install_base': '/home/ryan/unsw/MTRN4231_group/tictactoe-bot/install/arm', 'merge_install': False, 'path': '/home/ryan/unsw/MTRN4231_group/tictactoe-bot/src/arm', 'symlink_install': False, 'test_result_base': None}
[0.399s] INFO:colcon.colcon_core.executor:Executing jobs using 'parallel' executor
[0.400s] DEBUG:colcon.colcon_parallel_executor.executor.parallel:run_until_complete
[0.400s] INFO:colcon.colcon_ros.task.ament_cmake.build:Building ROS package in '/home/ryan/unsw/MTRN4231_group/tictactoe-bot/src/arm' with build type 'ament_cmake'
[0.400s] INFO:colcon.colcon_cmake.task.cmake.build:Building CMake package in '/home/ryan/unsw/MTRN4231_group/tictactoe-bot/src/arm'
[0.403s] INFO:colcon.colcon_core.plugin_system:Skipping extension 'colcon_core.shell.bat': Not used on non-Windows systems
[0.403s] INFO:colcon.colcon_core.shell:Skip shell extension 'powershell' for command environment: Not usable outside of PowerShell
[0.403s] DEBUG:colcon.colcon_core.shell:Skip shell extension 'dsv' for command environment
[0.421s] DEBUG:colcon.colcon_core.event_handler.log_command:Invoking command in '/home/ryan/unsw/MTRN4231_group/tictactoe-bot/build/arm': CMAKE_PREFIX_PATH=${CMAKE_PREFIX_PATH}:/home/ryan/ros2_packages/install/yolo_ros:/home/ryan/ws_moveit2/install/moveit_configs_utils:/home/ryan/unsw/MTRN4231/4231SuppliedCode/4231_demo_packages/install/demo_launch_param:/opt/ros/humble /usr/bin/cmake /home/ryan/unsw/MTRN4231_group/tictactoe-bot/src/arm -DCMAKE_EXPORT_COMPILE_COMMANDS=ON -DCMAKE_INSTALL_PREFIX=/home/ryan/unsw/MTRN4231_group/tictactoe-bot/install/arm
[3.509s] DEBUG:colcon.colcon_core.event_handler.log_command:Invoked command in '/home/ryan/unsw/MTRN4231_group/tictactoe-bot/build/arm' returned '0': CMAKE_PREFIX_PATH=${CMAKE_PREFIX_PATH}:/home/ryan/ros2_packages/install/yolo_ros:/home/ryan/ws_moveit2/install/moveit_configs_utils:/home/ryan/unsw/MTRN4231/4231SuppliedCode/4231_demo_packages/install/demo_launch_param:/opt/ros/humble /usr/bin/cmake /home/ryan/unsw/MTRN4231_group/tictactoe-bot/src/arm -DCMAKE_EXPORT_COMPILE_COMMANDS=ON -DCMAKE_INSTALL_PREFIX=/home/ryan/unsw/MTRN4231_group/tictactoe-bot/install/arm
[3.512s] DEBUG:colcon.colcon_core.event_handler.log_command:Invoking command in '/home/ryan/unsw/MTRN4231_group/tictactoe-bot/build/arm': CMAKE_PREFIX_PATH=${CMAKE_PREFIX_PATH}:/home/ryan/ros2_packages/install/yolo_ros:/home/ryan/ws_moveit2/install/moveit_configs_utils:/home/ryan/unsw/MTRN4231/4231SuppliedCode/4231_demo_packages/install/demo_launch_param:/opt/ros/humble /usr/bin/cmake --build /home/ryan/unsw/MTRN4231_group/tictactoe-bot/build/arm -- -j8 -l8
[14.045s] DEBUG:colcon.colcon_core.event_handler.log_command:Invoked command in '/home/ryan/unsw/MTRN4231_group/tictactoe-bot/build/arm' returned '0': CMAKE_PREFIX_PATH=${CMAKE_PREFIX_PATH}:/home/ryan/ros2_packages/install/yolo_ros:/home/ryan/ws_moveit2/install/moveit_configs_utils:/home/ryan/unsw/MTRN4231/4231SuppliedCode/4231_demo_packages/install/demo_launch_param:/opt/ros/humble /usr/bin/cmake --build /home/ryan/unsw/MTRN4231_group/tictactoe-bot/build/arm -- -j8 -l8
[14.063s] DEBUG:colcon.colcon_core.event_handler.log_command:Invoking command in '/home/ryan/unsw/MTRN4231_group/tictactoe-bot/build/arm': CMAKE_PREFIX_PATH=${CMAKE_PREFIX_PATH}:/home/ryan/ros2_packages/install/yolo_ros:/home/ryan/ws_moveit2/install/moveit_configs_utils:/home/ryan/unsw/MTRN4231/4231SuppliedCode/4231_demo_packages/install/demo_launch_param:/opt/ros/humble /usr/bin/cmake --install /home/ryan/unsw/MTRN4231_group/tictactoe-bot/build/arm
[14.083s] Level 1:colcon.colcon_core.environment:create_environment_scripts_only(arm)
[14.084s] DEBUG:colcon.colcon_core.event_handler.log_command:Invoked command in '/home/ryan/unsw/MTRN4231_group/tictactoe-bot/build/arm' returned '0': CMAKE_PREFIX_PATH=${CMAKE_PREFIX_PATH}:/home/ryan/ros2_packages/install/yolo_ros:/home/ryan/ws_moveit2/install/moveit_configs_utils:/home/ryan/unsw/MTRN4231/4231SuppliedCode/4231_demo_packages/install/demo_launch_param:/opt/ros/humble /usr/bin/cmake --install /home/ryan/unsw/MTRN4231_group/tictactoe-bot/build/arm
[14.087s] Level 1:colcon.colcon_core.environment:checking '/home/ryan/unsw/MTRN4231_group/tictactoe-bot/install/arm' for CMake module files
[14.088s] Level 1:colcon.colcon_core.environment:checking '/home/ryan/unsw/MTRN4231_group/tictactoe-bot/install/arm' for CMake config files
[14.088s] Level 1:colcon.colcon_core.shell:create_environment_hook('arm', 'cmake_prefix_path')
[14.088s] INFO:colcon.colcon_core.shell:Creating environment hook '/home/ryan/unsw/MTRN4231_group/tictactoe-bot/install/arm/share/arm/hook/cmake_prefix_path.ps1'
[14.089s] INFO:colcon.colcon_core.shell:Creating environment descriptor '/home/ryan/unsw/MTRN4231_group/tictactoe-bot/install/arm/share/arm/hook/cmake_prefix_path.dsv'
[14.089s] INFO:colcon.colcon_core.shell:Creating environment hook '/home/ryan/unsw/MTRN4231_group/tictactoe-bot/install/arm/share/arm/hook/cmake_prefix_path.sh'
[14.090s] Level 1:colcon.colcon_core.environment:checking '/home/ryan/unsw/MTRN4231_group/tictactoe-bot/install/arm/lib'
[14.091s] Level 1:colcon.colcon_core.environment:checking '/home/ryan/unsw/MTRN4231_group/tictactoe-bot/install/arm/bin'
[14.091s] Level 1:colcon.colcon_core.environment:checking '/home/ryan/unsw/MTRN4231_group/tictactoe-bot/install/arm/lib/pkgconfig/arm.pc'
[14.091s] Level 1:colcon.colcon_core.environment:checking '/home/ryan/unsw/MTRN4231_group/tictactoe-bot/install/arm/lib/python3.10/site-packages'
[14.091s] Level 1:colcon.colcon_core.environment:checking '/home/ryan/unsw/MTRN4231_group/tictactoe-bot/install/arm/bin'
[14.092s] INFO:colcon.colcon_core.shell:Creating package script '/home/ryan/unsw/MTRN4231_group/tictactoe-bot/install/arm/share/arm/package.ps1'
[14.092s] INFO:colcon.colcon_core.shell:Creating package descriptor '/home/ryan/unsw/MTRN4231_group/tictactoe-bot/install/arm/share/arm/package.dsv'
[14.093s] INFO:colcon.colcon_core.shell:Creating package script '/home/ryan/unsw/MTRN4231_group/tictactoe-bot/install/arm/share/arm/package.sh'
[14.094s] INFO:colcon.colcon_core.shell:Creating package script '/home/ryan/unsw/MTRN4231_group/tictactoe-bot/install/arm/share/arm/package.bash'
[14.095s] INFO:colcon.colcon_core.shell:Creating package script '/home/ryan/unsw/MTRN4231_group/tictactoe-bot/install/arm/share/arm/package.zsh'
[14.095s] Level 1:colcon.colcon_core.environment:create_file_with_runtime_dependencies(/home/ryan/unsw/MTRN4231_group/tictactoe-bot/install/arm/share/colcon-core/packages/arm)
[14.096s] Level 1:colcon.colcon_core.environment:create_environment_scripts_only(arm)
[14.096s] Level 1:colcon.colcon_core.environment:checking '/home/ryan/unsw/MTRN4231_group/tictactoe-bot/install/arm' for CMake module files
[14.097s] Level 1:colcon.colcon_core.environment:checking '/home/ryan/unsw/MTRN4231_group/tictactoe-bot/install/arm' for CMake config files
[14.097s] Level 1:colcon.colcon_core.shell:create_environment_hook('arm', 'cmake_prefix_path')
[14.097s] INFO:colcon.colcon_core.shell:Creating environment hook '/home/ryan/unsw/MTRN4231_group/tictactoe-bot/install/arm/share/arm/hook/cmake_prefix_path.ps1'
[14.098s] INFO:colcon.colcon_core.shell:Creating environment descriptor '/home/ryan/unsw/MTRN4231_group/tictactoe-bot/install/arm/share/arm/hook/cmake_prefix_path.dsv'
[14.098s] INFO:colcon.colcon_core.shell:Creating environment hook '/home/ryan/unsw/MTRN4231_group/tictactoe-bot/install/arm/share/arm/hook/cmake_prefix_path.sh'
[14.099s] Level 1:colcon.colcon_core.environment:checking '/home/ryan/unsw/MTRN4231_group/tictactoe-bot/install/arm/lib'
[14.099s] Level 1:colcon.colcon_core.environment:checking '/home/ryan/unsw/MTRN4231_group/tictactoe-bot/install/arm/bin'
[14.099s] Level 1:colcon.colcon_core.environment:checking '/home/ryan/unsw/MTRN4231_group/tictactoe-bot/install/arm/lib/pkgconfig/arm.pc'
[14.099s] Level 1:colcon.colcon_core.environment:checking '/home/ryan/unsw/MTRN4231_group/tictactoe-bot/install/arm/lib/python3.10/site-packages'
[14.099s] Level 1:colcon.colcon_core.environment:checking '/home/ryan/unsw/MTRN4231_group/tictactoe-bot/install/arm/bin'
[14.100s] INFO:colcon.colcon_core.shell:Creating package script '/home/ryan/unsw/MTRN4231_group/tictactoe-bot/install/arm/share/arm/package.ps1'
[14.100s] INFO:colcon.colcon_core.shell:Creating package descriptor '/home/ryan/unsw/MTRN4231_group/tictactoe-bot/install/arm/share/arm/package.dsv'
[14.101s] INFO:colcon.colcon_core.shell:Creating package script '/home/ryan/unsw/MTRN4231_group/tictactoe-bot/install/arm/share/arm/package.sh'
[14.101s] INFO:colcon.colcon_core.shell:Creating package script '/home/ryan/unsw/MTRN4231_group/tictactoe-bot/install/arm/share/arm/package.bash'
[14.102s] INFO:colcon.colcon_core.shell:Creating package script '/home/ryan/unsw/MTRN4231_group/tictactoe-bot/install/arm/share/arm/package.zsh'
[14.102s] Level 1:colcon.colcon_core.environment:create_file_with_runtime_dependencies(/home/ryan/unsw/MTRN4231_group/tictactoe-bot/install/arm/share/colcon-core/packages/arm)
[14.103s] DEBUG:colcon.colcon_parallel_executor.executor.parallel:closing loop
[14.103s] DEBUG:colcon.colcon_parallel_executor.executor.parallel:loop closed
[14.103s] DEBUG:colcon.colcon_parallel_executor.executor.parallel:run_until_complete finished with '0'
[14.103s] DEBUG:colcon.colcon_core.event_reactor:joining thread
[14.110s] INFO:colcon.colcon_core.plugin_system:Skipping extension 'colcon_notification.desktop_notification.terminal_notifier': Not used on non-Darwin systems
[14.110s] INFO:colcon.colcon_core.plugin_system:Skipping extension 'colcon_notification.desktop_notification.win32': Not used on non-Windows systems
[14.110s] INFO:colcon.colcon_notification.desktop_notification:Sending desktop notification using 'notify2'
[14.123s] DEBUG:colcon.colcon_core.event_reactor:joined thread
[14.123s] INFO:colcon.colcon_core.shell:Creating prefix script '/home/ryan/unsw/MTRN4231_group/tictactoe-bot/install/local_setup.ps1'
[14.124s] INFO:colcon.colcon_core.shell:Creating prefix util module '/home/ryan/unsw/MTRN4231_group/tictactoe-bot/install/_local_setup_util_ps1.py'
[14.126s] INFO:colcon.colcon_core.shell:Creating prefix chain script '/home/ryan/unsw/MTRN4231_group/tictactoe-bot/install/setup.ps1'
[14.131s] INFO:colcon.colcon_core.shell:Creating prefix script '/home/ryan/unsw/MTRN4231_group/tictactoe-bot/install/local_setup.sh'
[14.131s] INFO:colcon.colcon_core.shell:Creating prefix util module '/home/ryan/unsw/MTRN4231_group/tictactoe-bot/install/_local_setup_util_sh.py'
[14.132s] INFO:colcon.colcon_core.shell:Creating prefix chain script '/home/ryan/unsw/MTRN4231_group/tictactoe-bot/install/setup.sh'
[14.137s] INFO:colcon.colcon_core.shell:Creating prefix script '/home/ryan/unsw/MTRN4231_group/tictactoe-bot/install/local_setup.bash'
[14.138s] INFO:colcon.colcon_core.shell:Creating prefix chain script '/home/ryan/unsw/MTRN4231_group/tictactoe-bot/install/setup.bash'
[14.142s] INFO:colcon.colcon_core.shell:Creating prefix script '/home/ryan/unsw/MTRN4231_group/tictactoe-bot/install/local_setup.zsh'
[14.143s] INFO:colcon.colcon_core.shell:Creating prefix chain script '/home/ryan/unsw/MTRN4231_group/tictactoe-bot/install/setup.zsh'
