running egg_info
writing ../../build/lab4_perception_example/lab4_perception_example.egg-info/PKG-INFO
writing dependency_links to ../../build/lab4_perception_example/lab4_perception_example.egg-info/dependency_links.txt
writing entry points to ../../build/lab4_perception_example/lab4_perception_example.egg-info/entry_points.txt
writing requirements to ../../build/lab4_perception_example/lab4_perception_example.egg-info/requires.txt
writing top-level names to ../../build/lab4_perception_example/lab4_perception_example.egg-info/top_level.txt
reading manifest file '../../build/lab4_perception_example/lab4_perception_example.egg-info/SOURCES.txt'
adding license file 'LICENSE'
writing manifest file '../../build/lab4_perception_example/lab4_perception_example.egg-info/SOURCES.txt'
running build
running build_py
copying lab4_perception_example/perception_example.py -> /home/mtrn/MTRN4231-T9-1/lab4-main/build/lab4_perception_example/build/lib/lab4_perception_example
running install
running install_lib
copying /home/mtrn/MTRN4231-T9-1/lab4-main/build/lab4_perception_example/build/lib/lab4_perception_example/perception_example.py -> /home/mtrn/MTRN4231-T9-1/lab4-main/install/lab4_perception_example/lib/python3.10/site-packages/lab4_perception_example
byte-compiling /home/mtrn/MTRN4231-T9-1/lab4-main/install/lab4_perception_example/lib/python3.10/site-packages/lab4_perception_example/perception_example.py to perception_example.cpython-310.pyc
running install_data
copying package.xml -> /home/mtrn/MTRN4231-T9-1/lab4-main/install/lab4_perception_example/share/lab4_perception_example
running install_egg_info
removing '/home/mtrn/MTRN4231-T9-1/lab4-main/install/lab4_perception_example/lib/python3.10/site-packages/lab4_perception_example-0.0.0-py3.10.egg-info' (and everything under it)
Copying ../../build/lab4_perception_example/lab4_perception_example.egg-info to /home/mtrn/MTRN4231-T9-1/lab4-main/install/lab4_perception_example/lib/python3.10/site-packages/lab4_perception_example-0.0.0-py3.10.egg-info
running install_scripts
Installing perception_example script to /home/mtrn/MTRN4231-T9-1/lab4-main/install/lab4_perception_example/lib/lab4_perception_example
writing list of installed files to '/home/mtrn/MTRN4231-T9-1/lab4-main/build/lab4_perception_example/install.log'
