[0.014s] Invoking command in '/home/mtrn/MTRN4231-T9-1/lab4-main/build/yolo_msgs': CMAKE_PREFIX_PATH=${CMAKE_PREFIX_PATH}:/home/mtrn/MTRN4231-T9-1/lab4-main/install/yolo_ros:/home/mtrn/MTRN4231-T9-1/lab4-main/install/lab4_perception_example:/opt/ros/humble /home/mtrn/.local/bin/cmake --build /home/mtrn/MTRN4231-T9-1/lab4-main/build/yolo_msgs -- -j20 -l20
[0.099s] [  0%] Built target yolo_msgs__cpp
[0.107s] [  0%] Built target ament_cmake_python_copy_yolo_msgs
[0.118s] [ 12%] Built target yolo_msgs__rosidl_generator_c
[0.142s] [ 24%] Built target yolo_msgs__rosidl_typesupport_c
[0.143s] [ 36%] Built target yolo_msgs__rosidl_typesupport_introspection_cpp
[0.146s] [ 48%] Built target yolo_msgs__rosidl_typesupport_cpp
[0.149s] [ 60%] Built target yolo_msgs__rosidl_typesupport_fastrtps_cpp
[0.151s] [ 72%] Built target yolo_msgs__rosidl_typesupport_introspection_c
[0.160s] [ 84%] Built target yolo_msgs__rosidl_typesupport_fastrtps_c
[0.178s] [ 84%] Built target yolo_msgs
[0.197s] [ 85%] Built target yolo_msgs__py
[0.253s] [ 96%] Built target yolo_msgs__rosidl_generator_py
[0.279s] [ 97%] Built target yolo_msgs__rosidl_typesupport_c__pyext
[0.280s] [ 98%] Built target yolo_msgs__rosidl_typesupport_fastrtps_c__pyext
[0.283s] [100%] Built target yolo_msgs__rosidl_typesupport_introspection_c__pyext
[0.341s] running egg_info
[0.341s] writing yolo_msgs.egg-info/PKG-INFO
[0.341s] writing dependency_links to yolo_msgs.egg-info/dependency_links.txt
[0.342s] writing top-level names to yolo_msgs.egg-info/top_level.txt
[0.344s] reading manifest file 'yolo_msgs.egg-info/SOURCES.txt'
[0.344s] writing manifest file 'yolo_msgs.egg-info/SOURCES.txt'
[0.369s] [100%] Built target ament_cmake_python_build_yolo_msgs_egg
[0.384s] Invoked command in '/home/mtrn/MTRN4231-T9-1/lab4-main/build/yolo_msgs' returned '0': CMAKE_PREFIX_PATH=${CMAKE_PREFIX_PATH}:/home/mtrn/MTRN4231-T9-1/lab4-main/install/yolo_ros:/home/mtrn/MTRN4231-T9-1/lab4-main/install/lab4_perception_example:/opt/ros/humble /home/mtrn/.local/bin/cmake --build /home/mtrn/MTRN4231-T9-1/lab4-main/build/yolo_msgs -- -j20 -l20
[1.020s] Invoking command in '/home/mtrn/MTRN4231-T9-1/lab4-main/build/yolo_msgs': CMAKE_PREFIX_PATH=${CMAKE_PREFIX_PATH}:/home/mtrn/MTRN4231-T9-1/lab4-main/install/yolo_ros:/home/mtrn/MTRN4231-T9-1/lab4-main/install/lab4_perception_example:/opt/ros/humble /home/mtrn/.local/bin/cmake --install /home/mtrn/MTRN4231-T9-1/lab4-main/build/yolo_msgs
[1.054s] -- Install configuration: ""
[1.054s] -- Up-to-date: /home/mtrn/MTRN4231-T9-1/lab4-main/install/yolo_msgs/share/ament_index/resource_index/rosidl_interfaces/yolo_msgs
[1.054s] -- Up-to-date: /home/mtrn/MTRN4231-T9-1/lab4-main/install/yolo_msgs/include/yolo_msgs/yolo_msgs
[1.054s] -- Up-to-date: /home/mtrn/MTRN4231-T9-1/lab4-main/install/yolo_msgs/include/yolo_msgs/yolo_msgs/srv
[1.054s] -- Up-to-date: /home/mtrn/MTRN4231-T9-1/lab4-main/install/yolo_msgs/include/yolo_msgs/yolo_msgs/srv/set_classes.h
[1.054s] -- Up-to-date: /home/mtrn/MTRN4231-T9-1/lab4-main/install/yolo_msgs/include/yolo_msgs/yolo_msgs/srv/detail
[1.054s] -- Up-to-date: /home/mtrn/MTRN4231-T9-1/lab4-main/install/yolo_msgs/include/yolo_msgs/yolo_msgs/srv/detail/set_classes__functions.c
[1.054s] -- Up-to-date: /home/mtrn/MTRN4231-T9-1/lab4-main/install/yolo_msgs/include/yolo_msgs/yolo_msgs/srv/detail/set_classes__type_support.h
[1.054s] -- Up-to-date: /home/mtrn/MTRN4231-T9-1/lab4-main/install/yolo_msgs/include/yolo_msgs/yolo_msgs/srv/detail/set_classes__functions.h
[1.054s] -- Up-to-date: /home/mtrn/MTRN4231-T9-1/lab4-main/install/yolo_msgs/include/yolo_msgs/yolo_msgs/srv/detail/set_classes__struct.h
[1.055s] -- Up-to-date: /home/mtrn/MTRN4231-T9-1/lab4-main/install/yolo_msgs/include/yolo_msgs/yolo_msgs/msg
[1.055s] -- Up-to-date: /home/mtrn/MTRN4231-T9-1/lab4-main/install/yolo_msgs/include/yolo_msgs/yolo_msgs/msg/detection_array.h
[1.055s] -- Up-to-date: /home/mtrn/MTRN4231-T9-1/lab4-main/install/yolo_msgs/include/yolo_msgs/yolo_msgs/msg/pose2_d.h
[1.055s] -- Up-to-date: /home/mtrn/MTRN4231-T9-1/lab4-main/install/yolo_msgs/include/yolo_msgs/yolo_msgs/msg/rosidl_generator_c__visibility_control.h
[1.055s] -- Up-to-date: /home/mtrn/MTRN4231-T9-1/lab4-main/install/yolo_msgs/include/yolo_msgs/yolo_msgs/msg/point2_d.h
[1.055s] -- Up-to-date: /home/mtrn/MTRN4231-T9-1/lab4-main/install/yolo_msgs/include/yolo_msgs/yolo_msgs/msg/mask.h
[1.056s] -- Up-to-date: /home/mtrn/MTRN4231-T9-1/lab4-main/install/yolo_msgs/include/yolo_msgs/yolo_msgs/msg/key_point2_d.h
[1.056s] -- Up-to-date: /home/mtrn/MTRN4231-T9-1/lab4-main/install/yolo_msgs/include/yolo_msgs/yolo_msgs/msg/vector2.h
[1.056s] -- Up-to-date: /home/mtrn/MTRN4231-T9-1/lab4-main/install/yolo_msgs/include/yolo_msgs/yolo_msgs/msg/bounding_box2_d.h
[1.056s] -- Up-to-date: /home/mtrn/MTRN4231-T9-1/lab4-main/install/yolo_msgs/include/yolo_msgs/yolo_msgs/msg/key_point3_d_array.h
[1.056s] -- Up-to-date: /home/mtrn/MTRN4231-T9-1/lab4-main/install/yolo_msgs/include/yolo_msgs/yolo_msgs/msg/detection.h
[1.056s] -- Up-to-date: /home/mtrn/MTRN4231-T9-1/lab4-main/install/yolo_msgs/include/yolo_msgs/yolo_msgs/msg/bounding_box3_d.h
[1.056s] -- Up-to-date: /home/mtrn/MTRN4231-T9-1/lab4-main/install/yolo_msgs/include/yolo_msgs/yolo_msgs/msg/detail
[1.056s] -- Up-to-date: /home/mtrn/MTRN4231-T9-1/lab4-main/install/yolo_msgs/include/yolo_msgs/yolo_msgs/msg/detail/mask__type_support.h
[1.056s] -- Up-to-date: /home/mtrn/MTRN4231-T9-1/lab4-main/install/yolo_msgs/include/yolo_msgs/yolo_msgs/msg/detail/key_point3_d__struct.h
[1.056s] -- Up-to-date: /home/mtrn/MTRN4231-T9-1/lab4-main/install/yolo_msgs/include/yolo_msgs/yolo_msgs/msg/detail/key_point3_d_array__struct.h
[1.056s] -- Up-to-date: /home/mtrn/MTRN4231-T9-1/lab4-main/install/yolo_msgs/include/yolo_msgs/yolo_msgs/msg/detail/key_point3_d_array__functions.h
[1.056s] -- Up-to-date: /home/mtrn/MTRN4231-T9-1/lab4-main/install/yolo_msgs/include/yolo_msgs/yolo_msgs/msg/detail/detection__functions.h
[1.056s] -- Up-to-date: /home/mtrn/MTRN4231-T9-1/lab4-main/install/yolo_msgs/include/yolo_msgs/yolo_msgs/msg/detail/detection__struct.h
[1.056s] -- Up-to-date: /home/mtrn/MTRN4231-T9-1/lab4-main/install/yolo_msgs/include/yolo_msgs/yolo_msgs/msg/detail/bounding_box2_d__functions.h
[1.056s] -- Up-to-date: /home/mtrn/MTRN4231-T9-1/lab4-main/install/yolo_msgs/include/yolo_msgs/yolo_msgs/msg/detail/detection_array__functions.c
[1.056s] -- Up-to-date: /home/mtrn/MTRN4231-T9-1/lab4-main/install/yolo_msgs/include/yolo_msgs/yolo_msgs/msg/detail/vector2__type_support.h
[1.056s] -- Up-to-date: /home/mtrn/MTRN4231-T9-1/lab4-main/install/yolo_msgs/include/yolo_msgs/yolo_msgs/msg/detail/key_point2_d__type_support.h
[1.057s] -- Up-to-date: /home/mtrn/MTRN4231-T9-1/lab4-main/install/yolo_msgs/include/yolo_msgs/yolo_msgs/msg/detail/detection_array__type_support.h
[1.057s] -- Up-to-date: /home/mtrn/MTRN4231-T9-1/lab4-main/install/yolo_msgs/include/yolo_msgs/yolo_msgs/msg/detail/bounding_box3_d__type_support.h
[1.057s] -- Up-to-date: /home/mtrn/MTRN4231-T9-1/lab4-main/install/yolo_msgs/include/yolo_msgs/yolo_msgs/msg/detail/bounding_box2_d__functions.c
[1.057s] -- Up-to-date: /home/mtrn/MTRN4231-T9-1/lab4-main/install/yolo_msgs/include/yolo_msgs/yolo_msgs/msg/detail/mask__functions.h
[1.057s] -- Up-to-date: /home/mtrn/MTRN4231-T9-1/lab4-main/install/yolo_msgs/include/yolo_msgs/yolo_msgs/msg/detail/vector2__struct.h
[1.057s] -- Up-to-date: /home/mtrn/MTRN4231-T9-1/lab4-main/install/yolo_msgs/include/yolo_msgs/yolo_msgs/msg/detail/pose2_d__functions.h
[1.057s] -- Up-to-date: /home/mtrn/MTRN4231-T9-1/lab4-main/install/yolo_msgs/include/yolo_msgs/yolo_msgs/msg/detail/key_point2_d_array__functions.h
[1.057s] -- Up-to-date: /home/mtrn/MTRN4231-T9-1/lab4-main/install/yolo_msgs/include/yolo_msgs/yolo_msgs/msg/detail/key_point2_d_array__functions.c
[1.057s] -- Up-to-date: /home/mtrn/MTRN4231-T9-1/lab4-main/install/yolo_msgs/include/yolo_msgs/yolo_msgs/msg/detail/key_point2_d_array__type_support.h
[1.057s] -- Up-to-date: /home/mtrn/MTRN4231-T9-1/lab4-main/install/yolo_msgs/include/yolo_msgs/yolo_msgs/msg/detail/key_point2_d__struct.h
[1.057s] -- Up-to-date: /home/mtrn/MTRN4231-T9-1/lab4-main/install/yolo_msgs/include/yolo_msgs/yolo_msgs/msg/detail/detection__type_support.h
[1.057s] -- Up-to-date: /home/mtrn/MTRN4231-T9-1/lab4-main/install/yolo_msgs/include/yolo_msgs/yolo_msgs/msg/detail/point2_d__functions.h
[1.057s] -- Up-to-date: /home/mtrn/MTRN4231-T9-1/lab4-main/install/yolo_msgs/include/yolo_msgs/yolo_msgs/msg/detail/bounding_box3_d__struct.h
[1.057s] -- Up-to-date: /home/mtrn/MTRN4231-T9-1/lab4-main/install/yolo_msgs/include/yolo_msgs/yolo_msgs/msg/detail/point2_d__functions.c
[1.057s] -- Up-to-date: /home/mtrn/MTRN4231-T9-1/lab4-main/install/yolo_msgs/include/yolo_msgs/yolo_msgs/msg/detail/bounding_box2_d__struct.h
[1.057s] -- Up-to-date: /home/mtrn/MTRN4231-T9-1/lab4-main/install/yolo_msgs/include/yolo_msgs/yolo_msgs/msg/detail/key_point2_d_array__struct.h
[1.057s] -- Up-to-date: /home/mtrn/MTRN4231-T9-1/lab4-main/install/yolo_msgs/include/yolo_msgs/yolo_msgs/msg/detail/vector2__functions.c
[1.058s] -- Up-to-date: /home/mtrn/MTRN4231-T9-1/lab4-main/install/yolo_msgs/include/yolo_msgs/yolo_msgs/msg/detail/mask__functions.c
[1.058s] -- Up-to-date: /home/mtrn/MTRN4231-T9-1/lab4-main/install/yolo_msgs/include/yolo_msgs/yolo_msgs/msg/detail/mask__struct.h
[1.058s] -- Up-to-date: /home/mtrn/MTRN4231-T9-1/lab4-main/install/yolo_msgs/include/yolo_msgs/yolo_msgs/msg/detail/bounding_box3_d__functions.h
[1.058s] -- Up-to-date: /home/mtrn/MTRN4231-T9-1/lab4-main/install/yolo_msgs/include/yolo_msgs/yolo_msgs/msg/detail/detection_array__struct.h
[1.058s] -- Up-to-date: /home/mtrn/MTRN4231-T9-1/lab4-main/install/yolo_msgs/include/yolo_msgs/yolo_msgs/msg/detail/key_point3_d__functions.h
[1.058s] -- Up-to-date: /home/mtrn/MTRN4231-T9-1/lab4-main/install/yolo_msgs/include/yolo_msgs/yolo_msgs/msg/detail/pose2_d__functions.c
[1.058s] -- Up-to-date: /home/mtrn/MTRN4231-T9-1/lab4-main/install/yolo_msgs/include/yolo_msgs/yolo_msgs/msg/detail/key_point3_d__functions.c
[1.058s] -- Up-to-date: /home/mtrn/MTRN4231-T9-1/lab4-main/install/yolo_msgs/include/yolo_msgs/yolo_msgs/msg/detail/bounding_box2_d__type_support.h
[1.058s] -- Up-to-date: /home/mtrn/MTRN4231-T9-1/lab4-main/install/yolo_msgs/include/yolo_msgs/yolo_msgs/msg/detail/pose2_d__struct.h
[1.058s] -- Up-to-date: /home/mtrn/MTRN4231-T9-1/lab4-main/install/yolo_msgs/include/yolo_msgs/yolo_msgs/msg/detail/key_point3_d_array__functions.c
[1.058s] -- Up-to-date: /home/mtrn/MTRN4231-T9-1/lab4-main/install/yolo_msgs/include/yolo_msgs/yolo_msgs/msg/detail/pose2_d__type_support.h
[1.058s] -- Up-to-date: /home/mtrn/MTRN4231-T9-1/lab4-main/install/yolo_msgs/include/yolo_msgs/yolo_msgs/msg/detail/key_point3_d_array__type_support.h
[1.058s] -- Up-to-date: /home/mtrn/MTRN4231-T9-1/lab4-main/install/yolo_msgs/include/yolo_msgs/yolo_msgs/msg/detail/vector2__functions.h
[1.058s] -- Up-to-date: /home/mtrn/MTRN4231-T9-1/lab4-main/install/yolo_msgs/include/yolo_msgs/yolo_msgs/msg/detail/point2_d__type_support.h
[1.058s] -- Up-to-date: /home/mtrn/MTRN4231-T9-1/lab4-main/install/yolo_msgs/include/yolo_msgs/yolo_msgs/msg/detail/bounding_box3_d__functions.c
[1.058s] -- Up-to-date: /home/mtrn/MTRN4231-T9-1/lab4-main/install/yolo_msgs/include/yolo_msgs/yolo_msgs/msg/detail/point2_d__struct.h
[1.058s] -- Up-to-date: /home/mtrn/MTRN4231-T9-1/lab4-main/install/yolo_msgs/include/yolo_msgs/yolo_msgs/msg/detail/key_point2_d__functions.c
[1.059s] -- Up-to-date: /home/mtrn/MTRN4231-T9-1/lab4-main/install/yolo_msgs/include/yolo_msgs/yolo_msgs/msg/detail/key_point3_d__type_support.h
[1.059s] -- Up-to-date: /home/mtrn/MTRN4231-T9-1/lab4-main/install/yolo_msgs/include/yolo_msgs/yolo_msgs/msg/detail/key_point2_d__functions.h
[1.060s] -- Up-to-date: /home/mtrn/MTRN4231-T9-1/lab4-main/install/yolo_msgs/include/yolo_msgs/yolo_msgs/msg/detail/detection__functions.c
[1.060s] -- Up-to-date: /home/mtrn/MTRN4231-T9-1/lab4-main/install/yolo_msgs/include/yolo_msgs/yolo_msgs/msg/detail/detection_array__functions.h
[1.060s] -- Up-to-date: /home/mtrn/MTRN4231-T9-1/lab4-main/install/yolo_msgs/include/yolo_msgs/yolo_msgs/msg/key_point3_d.h
[1.060s] -- Up-to-date: /home/mtrn/MTRN4231-T9-1/lab4-main/install/yolo_msgs/include/yolo_msgs/yolo_msgs/msg/key_point2_d_array.h
[1.060s] -- Up-to-date: /home/mtrn/MTRN4231-T9-1/lab4-main/install/yolo_msgs/share/yolo_msgs/environment/library_path.sh
[1.061s] -- Up-to-date: /home/mtrn/MTRN4231-T9-1/lab4-main/install/yolo_msgs/share/yolo_msgs/environment/library_path.dsv
[1.061s] -- Up-to-date: /home/mtrn/MTRN4231-T9-1/lab4-main/install/yolo_msgs/lib/libyolo_msgs__rosidl_generator_c.so
[1.061s] -- Up-to-date: /home/mtrn/MTRN4231-T9-1/lab4-main/install/yolo_msgs/include/yolo_msgs/yolo_msgs
[1.062s] -- Up-to-date: /home/mtrn/MTRN4231-T9-1/lab4-main/install/yolo_msgs/include/yolo_msgs/yolo_msgs/srv
[1.062s] -- Up-to-date: /home/mtrn/MTRN4231-T9-1/lab4-main/install/yolo_msgs/include/yolo_msgs/yolo_msgs/srv/detail
[1.062s] -- Up-to-date: /home/mtrn/MTRN4231-T9-1/lab4-main/install/yolo_msgs/include/yolo_msgs/yolo_msgs/srv/detail/set_classes__rosidl_typesupport_fastrtps_c.h
[1.062s] -- Up-to-date: /home/mtrn/MTRN4231-T9-1/lab4-main/install/yolo_msgs/include/yolo_msgs/yolo_msgs/msg
[1.062s] -- Up-to-date: /home/mtrn/MTRN4231-T9-1/lab4-main/install/yolo_msgs/include/yolo_msgs/yolo_msgs/msg/rosidl_typesupport_fastrtps_c__visibility_control.h
[1.062s] -- Up-to-date: /home/mtrn/MTRN4231-T9-1/lab4-main/install/yolo_msgs/include/yolo_msgs/yolo_msgs/msg/detail
[1.062s] -- Up-to-date: /home/mtrn/MTRN4231-T9-1/lab4-main/install/yolo_msgs/include/yolo_msgs/yolo_msgs/msg/detail/key_point2_d__rosidl_typesupport_fastrtps_c.h
[1.062s] -- Up-to-date: /home/mtrn/MTRN4231-T9-1/lab4-main/install/yolo_msgs/include/yolo_msgs/yolo_msgs/msg/detail/bounding_box2_d__rosidl_typesupport_fastrtps_c.h
[1.062s] -- Up-to-date: /home/mtrn/MTRN4231-T9-1/lab4-main/install/yolo_msgs/include/yolo_msgs/yolo_msgs/msg/detail/key_point2_d_array__rosidl_typesupport_fastrtps_c.h
[1.062s] -- Up-to-date: /home/mtrn/MTRN4231-T9-1/lab4-main/install/yolo_msgs/include/yolo_msgs/yolo_msgs/msg/detail/key_point3_d_array__rosidl_typesupport_fastrtps_c.h
[1.062s] -- Up-to-date: /home/mtrn/MTRN4231-T9-1/lab4-main/install/yolo_msgs/include/yolo_msgs/yolo_msgs/msg/detail/detection__rosidl_typesupport_fastrtps_c.h
[1.064s] -- Up-to-date: /home/mtrn/MTRN4231-T9-1/lab4-main/install/yolo_msgs/include/yolo_msgs/yolo_msgs/msg/detail/detection_array__rosidl_typesupport_fastrtps_c.h
[1.064s] -- Up-to-date: /home/mtrn/MTRN4231-T9-1/lab4-main/install/yolo_msgs/include/yolo_msgs/yolo_msgs/msg/detail/vector2__rosidl_typesupport_fastrtps_c.h
[1.064s] -- Up-to-date: /home/mtrn/MTRN4231-T9-1/lab4-main/install/yolo_msgs/include/yolo_msgs/yolo_msgs/msg/detail/key_point3_d__rosidl_typesupport_fastrtps_c.h
[1.064s] -- Up-to-date: /home/mtrn/MTRN4231-T9-1/lab4-main/install/yolo_msgs/include/yolo_msgs/yolo_msgs/msg/detail/mask__rosidl_typesupport_fastrtps_c.h
[1.064s] -- Up-to-date: /home/mtrn/MTRN4231-T9-1/lab4-main/install/yolo_msgs/include/yolo_msgs/yolo_msgs/msg/detail/point2_d__rosidl_typesupport_fastrtps_c.h
[1.064s] -- Up-to-date: /home/mtrn/MTRN4231-T9-1/lab4-main/install/yolo_msgs/include/yolo_msgs/yolo_msgs/msg/detail/bounding_box3_d__rosidl_typesupport_fastrtps_c.h
[1.064s] -- Up-to-date: /home/mtrn/MTRN4231-T9-1/lab4-main/install/yolo_msgs/include/yolo_msgs/yolo_msgs/msg/detail/pose2_d__rosidl_typesupport_fastrtps_c.h
[1.064s] -- Up-to-date: /home/mtrn/MTRN4231-T9-1/lab4-main/install/yolo_msgs/lib/libyolo_msgs__rosidl_typesupport_fastrtps_c.so
[1.064s] -- Up-to-date: /home/mtrn/MTRN4231-T9-1/lab4-main/install/yolo_msgs/include/yolo_msgs/yolo_msgs
[1.064s] -- Up-to-date: /home/mtrn/MTRN4231-T9-1/lab4-main/install/yolo_msgs/include/yolo_msgs/yolo_msgs/srv
[1.064s] -- Up-to-date: /home/mtrn/MTRN4231-T9-1/lab4-main/install/yolo_msgs/include/yolo_msgs/yolo_msgs/srv/detail
[1.065s] -- Up-to-date: /home/mtrn/MTRN4231-T9-1/lab4-main/install/yolo_msgs/include/yolo_msgs/yolo_msgs/srv/detail/set_classes__type_support.c
[1.065s] -- Up-to-date: /home/mtrn/MTRN4231-T9-1/lab4-main/install/yolo_msgs/include/yolo_msgs/yolo_msgs/srv/detail/set_classes__rosidl_typesupport_introspection_c.h
[1.065s] -- Up-to-date: /home/mtrn/MTRN4231-T9-1/lab4-main/install/yolo_msgs/include/yolo_msgs/yolo_msgs/msg
[1.066s] -- Up-to-date: /home/mtrn/MTRN4231-T9-1/lab4-main/install/yolo_msgs/include/yolo_msgs/yolo_msgs/msg/rosidl_typesupport_introspection_c__visibility_control.h
[1.066s] -- Up-to-date: /home/mtrn/MTRN4231-T9-1/lab4-main/install/yolo_msgs/include/yolo_msgs/yolo_msgs/msg/detail
[1.066s] -- Up-to-date: /home/mtrn/MTRN4231-T9-1/lab4-main/install/yolo_msgs/include/yolo_msgs/yolo_msgs/msg/detail/pose2_d__rosidl_typesupport_introspection_c.h
[1.067s] -- Up-to-date: /home/mtrn/MTRN4231-T9-1/lab4-main/install/yolo_msgs/include/yolo_msgs/yolo_msgs/msg/detail/bounding_box2_d__type_support.c
[1.067s] -- Up-to-date: /home/mtrn/MTRN4231-T9-1/lab4-main/install/yolo_msgs/include/yolo_msgs/yolo_msgs/msg/detail/key_point3_d_array__type_support.c
[1.067s] -- Up-to-date: /home/mtrn/MTRN4231-T9-1/lab4-main/install/yolo_msgs/include/yolo_msgs/yolo_msgs/msg/detail/bounding_box3_d__rosidl_typesupport_introspection_c.h
[1.067s] -- Up-to-date: /home/mtrn/MTRN4231-T9-1/lab4-main/install/yolo_msgs/include/yolo_msgs/yolo_msgs/msg/detail/mask__type_support.c
[1.067s] -- Up-to-date: /home/mtrn/MTRN4231-T9-1/lab4-main/install/yolo_msgs/include/yolo_msgs/yolo_msgs/msg/detail/key_point3_d__rosidl_typesupport_introspection_c.h
[1.067s] -- Up-to-date: /home/mtrn/MTRN4231-T9-1/lab4-main/install/yolo_msgs/include/yolo_msgs/yolo_msgs/msg/detail/vector2__rosidl_typesupport_introspection_c.h
[1.068s] -- Up-to-date: /home/mtrn/MTRN4231-T9-1/lab4-main/install/yolo_msgs/include/yolo_msgs/yolo_msgs/msg/detail/key_point2_d_array__type_support.c
[1.068s] -- Up-to-date: /home/mtrn/MTRN4231-T9-1/lab4-main/install/yolo_msgs/include/yolo_msgs/yolo_msgs/msg/detail/vector2__type_support.c
[1.068s] -- Up-to-date: /home/mtrn/MTRN4231-T9-1/lab4-main/install/yolo_msgs/include/yolo_msgs/yolo_msgs/msg/detail/bounding_box2_d__rosidl_typesupport_introspection_c.h
[1.068s] -- Up-to-date: /home/mtrn/MTRN4231-T9-1/lab4-main/install/yolo_msgs/include/yolo_msgs/yolo_msgs/msg/detail/detection_array__type_support.c
[1.068s] -- Up-to-date: /home/mtrn/MTRN4231-T9-1/lab4-main/install/yolo_msgs/include/yolo_msgs/yolo_msgs/msg/detail/key_point2_d__rosidl_typesupport_introspection_c.h
[1.068s] -- Up-to-date: /home/mtrn/MTRN4231-T9-1/lab4-main/install/yolo_msgs/include/yolo_msgs/yolo_msgs/msg/detail/detection__type_support.c
[1.068s] -- Up-to-date: /home/mtrn/MTRN4231-T9-1/lab4-main/install/yolo_msgs/include/yolo_msgs/yolo_msgs/msg/detail/bounding_box3_d__type_support.c
[1.068s] -- Up-to-date: /home/mtrn/MTRN4231-T9-1/lab4-main/install/yolo_msgs/include/yolo_msgs/yolo_msgs/msg/detail/key_point2_d_array__rosidl_typesupport_introspection_c.h
[1.069s] -- Up-to-date: /home/mtrn/MTRN4231-T9-1/lab4-main/install/yolo_msgs/include/yolo_msgs/yolo_msgs/msg/detail/pose2_d__type_support.c
[1.069s] -- Up-to-date: /home/mtrn/MTRN4231-T9-1/lab4-main/install/yolo_msgs/include/yolo_msgs/yolo_msgs/msg/detail/mask__rosidl_typesupport_introspection_c.h
[1.069s] -- Up-to-date: /home/mtrn/MTRN4231-T9-1/lab4-main/install/yolo_msgs/include/yolo_msgs/yolo_msgs/msg/detail/detection__rosidl_typesupport_introspection_c.h
[1.069s] -- Up-to-date: /home/mtrn/MTRN4231-T9-1/lab4-main/install/yolo_msgs/include/yolo_msgs/yolo_msgs/msg/detail/point2_d__rosidl_typesupport_introspection_c.h
[1.069s] -- Up-to-date: /home/mtrn/MTRN4231-T9-1/lab4-main/install/yolo_msgs/include/yolo_msgs/yolo_msgs/msg/detail/key_point3_d_array__rosidl_typesupport_introspection_c.h
[1.069s] -- Up-to-date: /home/mtrn/MTRN4231-T9-1/lab4-main/install/yolo_msgs/include/yolo_msgs/yolo_msgs/msg/detail/detection_array__rosidl_typesupport_introspection_c.h
[1.069s] -- Up-to-date: /home/mtrn/MTRN4231-T9-1/lab4-main/install/yolo_msgs/include/yolo_msgs/yolo_msgs/msg/detail/point2_d__type_support.c
[1.070s] -- Up-to-date: /home/mtrn/MTRN4231-T9-1/lab4-main/install/yolo_msgs/include/yolo_msgs/yolo_msgs/msg/detail/key_point2_d__type_support.c
[1.070s] -- Up-to-date: /home/mtrn/MTRN4231-T9-1/lab4-main/install/yolo_msgs/include/yolo_msgs/yolo_msgs/msg/detail/key_point3_d__type_support.c
[1.070s] -- Up-to-date: /home/mtrn/MTRN4231-T9-1/lab4-main/install/yolo_msgs/lib/libyolo_msgs__rosidl_typesupport_introspection_c.so
[1.070s] -- Up-to-date: /home/mtrn/MTRN4231-T9-1/lab4-main/install/yolo_msgs/lib/libyolo_msgs__rosidl_typesupport_c.so
[1.070s] -- Up-to-date: /home/mtrn/MTRN4231-T9-1/lab4-main/install/yolo_msgs/include/yolo_msgs/yolo_msgs
[1.070s] -- Up-to-date: /home/mtrn/MTRN4231-T9-1/lab4-main/install/yolo_msgs/include/yolo_msgs/yolo_msgs/srv
[1.070s] -- Up-to-date: /home/mtrn/MTRN4231-T9-1/lab4-main/install/yolo_msgs/include/yolo_msgs/yolo_msgs/srv/set_classes.hpp
[1.071s] -- Up-to-date: /home/mtrn/MTRN4231-T9-1/lab4-main/install/yolo_msgs/include/yolo_msgs/yolo_msgs/srv/detail
[1.071s] -- Up-to-date: /home/mtrn/MTRN4231-T9-1/lab4-main/install/yolo_msgs/include/yolo_msgs/yolo_msgs/srv/detail/set_classes__struct.hpp
[1.071s] -- Up-to-date: /home/mtrn/MTRN4231-T9-1/lab4-main/install/yolo_msgs/include/yolo_msgs/yolo_msgs/srv/detail/set_classes__builder.hpp
[1.071s] -- Up-to-date: /home/mtrn/MTRN4231-T9-1/lab4-main/install/yolo_msgs/include/yolo_msgs/yolo_msgs/srv/detail/set_classes__traits.hpp
[1.071s] -- Up-to-date: /home/mtrn/MTRN4231-T9-1/lab4-main/install/yolo_msgs/include/yolo_msgs/yolo_msgs/msg
[1.071s] -- Up-to-date: /home/mtrn/MTRN4231-T9-1/lab4-main/install/yolo_msgs/include/yolo_msgs/yolo_msgs/msg/key_point3_d.hpp
[1.071s] -- Up-to-date: /home/mtrn/MTRN4231-T9-1/lab4-main/install/yolo_msgs/include/yolo_msgs/yolo_msgs/msg/key_point2_d_array.hpp
[1.072s] -- Up-to-date: /home/mtrn/MTRN4231-T9-1/lab4-main/install/yolo_msgs/include/yolo_msgs/yolo_msgs/msg/bounding_box3_d.hpp
[1.072s] -- Up-to-date: /home/mtrn/MTRN4231-T9-1/lab4-main/install/yolo_msgs/include/yolo_msgs/yolo_msgs/msg/mask.hpp
[1.072s] -- Up-to-date: /home/mtrn/MTRN4231-T9-1/lab4-main/install/yolo_msgs/include/yolo_msgs/yolo_msgs/msg/bounding_box2_d.hpp
[1.072s] -- Up-to-date: /home/mtrn/MTRN4231-T9-1/lab4-main/install/yolo_msgs/include/yolo_msgs/yolo_msgs/msg/detection_array.hpp
[1.072s] -- Up-to-date: /home/mtrn/MTRN4231-T9-1/lab4-main/install/yolo_msgs/include/yolo_msgs/yolo_msgs/msg/point2_d.hpp
[1.072s] -- Up-to-date: /home/mtrn/MTRN4231-T9-1/lab4-main/install/yolo_msgs/include/yolo_msgs/yolo_msgs/msg/pose2_d.hpp
[1.072s] -- Up-to-date: /home/mtrn/MTRN4231-T9-1/lab4-main/install/yolo_msgs/include/yolo_msgs/yolo_msgs/msg/detection.hpp
[1.072s] -- Up-to-date: /home/mtrn/MTRN4231-T9-1/lab4-main/install/yolo_msgs/include/yolo_msgs/yolo_msgs/msg/vector2.hpp
[1.073s] -- Up-to-date: /home/mtrn/MTRN4231-T9-1/lab4-main/install/yolo_msgs/include/yolo_msgs/yolo_msgs/msg/detail
[1.073s] -- Up-to-date: /home/mtrn/MTRN4231-T9-1/lab4-main/install/yolo_msgs/include/yolo_msgs/yolo_msgs/msg/detail/key_point2_d_array__builder.hpp
[1.073s] -- Up-to-date: /home/mtrn/MTRN4231-T9-1/lab4-main/install/yolo_msgs/include/yolo_msgs/yolo_msgs/msg/detail/detection__struct.hpp
[1.073s] -- Up-to-date: /home/mtrn/MTRN4231-T9-1/lab4-main/install/yolo_msgs/include/yolo_msgs/yolo_msgs/msg/detail/key_point2_d__traits.hpp
[1.073s] -- Up-to-date: /home/mtrn/MTRN4231-T9-1/lab4-main/install/yolo_msgs/include/yolo_msgs/yolo_msgs/msg/detail/key_point2_d__builder.hpp
[1.073s] -- Up-to-date: /home/mtrn/MTRN4231-T9-1/lab4-main/install/yolo_msgs/include/yolo_msgs/yolo_msgs/msg/detail/mask__struct.hpp
[1.073s] -- Up-to-date: /home/mtrn/MTRN4231-T9-1/lab4-main/install/yolo_msgs/include/yolo_msgs/yolo_msgs/msg/detail/mask__traits.hpp
[1.074s] -- Up-to-date: /home/mtrn/MTRN4231-T9-1/lab4-main/install/yolo_msgs/include/yolo_msgs/yolo_msgs/msg/detail/point2_d__struct.hpp
[1.074s] -- Up-to-date: /home/mtrn/MTRN4231-T9-1/lab4-main/install/yolo_msgs/include/yolo_msgs/yolo_msgs/msg/detail/key_point2_d_array__struct.hpp
[1.074s] -- Up-to-date: /home/mtrn/MTRN4231-T9-1/lab4-main/install/yolo_msgs/include/yolo_msgs/yolo_msgs/msg/detail/detection_array__traits.hpp
[1.074s] -- Up-to-date: /home/mtrn/MTRN4231-T9-1/lab4-main/install/yolo_msgs/include/yolo_msgs/yolo_msgs/msg/detail/key_point2_d__struct.hpp
[1.074s] -- Up-to-date: /home/mtrn/MTRN4231-T9-1/lab4-main/install/yolo_msgs/include/yolo_msgs/yolo_msgs/msg/detail/bounding_box2_d__struct.hpp
[1.074s] -- Up-to-date: /home/mtrn/MTRN4231-T9-1/lab4-main/install/yolo_msgs/include/yolo_msgs/yolo_msgs/msg/detail/key_point3_d_array__traits.hpp
[1.074s] -- Up-to-date: /home/mtrn/MTRN4231-T9-1/lab4-main/install/yolo_msgs/include/yolo_msgs/yolo_msgs/msg/detail/pose2_d__builder.hpp
[1.074s] -- Up-to-date: /home/mtrn/MTRN4231-T9-1/lab4-main/install/yolo_msgs/include/yolo_msgs/yolo_msgs/msg/detail/bounding_box3_d__builder.hpp
[1.074s] -- Up-to-date: /home/mtrn/MTRN4231-T9-1/lab4-main/install/yolo_msgs/include/yolo_msgs/yolo_msgs/msg/detail/detection_array__struct.hpp
[1.075s] -- Up-to-date: /home/mtrn/MTRN4231-T9-1/lab4-main/install/yolo_msgs/include/yolo_msgs/yolo_msgs/msg/detail/bounding_box3_d__traits.hpp
[1.075s] -- Up-to-date: /home/mtrn/MTRN4231-T9-1/lab4-main/install/yolo_msgs/include/yolo_msgs/yolo_msgs/msg/detail/key_point3_d__traits.hpp
[1.075s] -- Up-to-date: /home/mtrn/MTRN4231-T9-1/lab4-main/install/yolo_msgs/include/yolo_msgs/yolo_msgs/msg/detail/key_point3_d__struct.hpp
[1.075s] -- Up-to-date: /home/mtrn/MTRN4231-T9-1/lab4-main/install/yolo_msgs/include/yolo_msgs/yolo_msgs/msg/detail/key_point3_d_array__builder.hpp
[1.075s] -- Up-to-date: /home/mtrn/MTRN4231-T9-1/lab4-main/install/yolo_msgs/include/yolo_msgs/yolo_msgs/msg/detail/pose2_d__struct.hpp
[1.075s] -- Up-to-date: /home/mtrn/MTRN4231-T9-1/lab4-main/install/yolo_msgs/include/yolo_msgs/yolo_msgs/msg/detail/vector2__traits.hpp
[1.075s] -- Up-to-date: /home/mtrn/MTRN4231-T9-1/lab4-main/install/yolo_msgs/include/yolo_msgs/yolo_msgs/msg/detail/detection__traits.hpp
[1.075s] -- Up-to-date: /home/mtrn/MTRN4231-T9-1/lab4-main/install/yolo_msgs/include/yolo_msgs/yolo_msgs/msg/detail/vector2__builder.hpp
[1.076s] -- Up-to-date: /home/mtrn/MTRN4231-T9-1/lab4-main/install/yolo_msgs/include/yolo_msgs/yolo_msgs/msg/detail/key_point3_d__builder.hpp
[1.076s] -- Up-to-date: /home/mtrn/MTRN4231-T9-1/lab4-main/install/yolo_msgs/include/yolo_msgs/yolo_msgs/msg/detail/bounding_box2_d__traits.hpp
[1.076s] -- Up-to-date: /home/mtrn/MTRN4231-T9-1/lab4-main/install/yolo_msgs/include/yolo_msgs/yolo_msgs/msg/detail/key_point2_d_array__traits.hpp
[1.076s] -- Up-to-date: /home/mtrn/MTRN4231-T9-1/lab4-main/install/yolo_msgs/include/yolo_msgs/yolo_msgs/msg/detail/detection_array__builder.hpp
[1.076s] -- Up-to-date: /home/mtrn/MTRN4231-T9-1/lab4-main/install/yolo_msgs/include/yolo_msgs/yolo_msgs/msg/detail/mask__builder.hpp
[1.076s] -- Up-to-date: /home/mtrn/MTRN4231-T9-1/lab4-main/install/yolo_msgs/include/yolo_msgs/yolo_msgs/msg/detail/point2_d__builder.hpp
[1.076s] -- Up-to-date: /home/mtrn/MTRN4231-T9-1/lab4-main/install/yolo_msgs/include/yolo_msgs/yolo_msgs/msg/detail/key_point3_d_array__struct.hpp
[1.076s] -- Up-to-date: /home/mtrn/MTRN4231-T9-1/lab4-main/install/yolo_msgs/include/yolo_msgs/yolo_msgs/msg/detail/point2_d__traits.hpp
[1.076s] -- Up-to-date: /home/mtrn/MTRN4231-T9-1/lab4-main/install/yolo_msgs/include/yolo_msgs/yolo_msgs/msg/detail/bounding_box3_d__struct.hpp
[1.077s] -- Up-to-date: /home/mtrn/MTRN4231-T9-1/lab4-main/install/yolo_msgs/include/yolo_msgs/yolo_msgs/msg/detail/detection__builder.hpp
[1.077s] -- Up-to-date: /home/mtrn/MTRN4231-T9-1/lab4-main/install/yolo_msgs/include/yolo_msgs/yolo_msgs/msg/detail/bounding_box2_d__builder.hpp
[1.077s] -- Up-to-date: /home/mtrn/MTRN4231-T9-1/lab4-main/install/yolo_msgs/include/yolo_msgs/yolo_msgs/msg/detail/pose2_d__traits.hpp
[1.077s] -- Up-to-date: /home/mtrn/MTRN4231-T9-1/lab4-main/install/yolo_msgs/include/yolo_msgs/yolo_msgs/msg/detail/vector2__struct.hpp
[1.077s] -- Up-to-date: /home/mtrn/MTRN4231-T9-1/lab4-main/install/yolo_msgs/include/yolo_msgs/yolo_msgs/msg/key_point2_d.hpp
[1.077s] -- Up-to-date: /home/mtrn/MTRN4231-T9-1/lab4-main/install/yolo_msgs/include/yolo_msgs/yolo_msgs/msg/key_point3_d_array.hpp
[1.077s] -- Up-to-date: /home/mtrn/MTRN4231-T9-1/lab4-main/install/yolo_msgs/include/yolo_msgs/yolo_msgs
[1.077s] -- Up-to-date: /home/mtrn/MTRN4231-T9-1/lab4-main/install/yolo_msgs/include/yolo_msgs/yolo_msgs/srv
[1.078s] -- Up-to-date: /home/mtrn/MTRN4231-T9-1/lab4-main/install/yolo_msgs/include/yolo_msgs/yolo_msgs/srv/detail
[1.078s] -- Up-to-date: /home/mtrn/MTRN4231-T9-1/lab4-main/install/yolo_msgs/include/yolo_msgs/yolo_msgs/srv/detail/set_classes__rosidl_typesupport_fastrtps_cpp.hpp
[1.078s] -- Up-to-date: /home/mtrn/MTRN4231-T9-1/lab4-main/install/yolo_msgs/include/yolo_msgs/yolo_msgs/srv/detail/dds_fastrtps
[1.078s] -- Up-to-date: /home/mtrn/MTRN4231-T9-1/lab4-main/install/yolo_msgs/include/yolo_msgs/yolo_msgs/msg
[1.078s] -- Up-to-date: /home/mtrn/MTRN4231-T9-1/lab4-main/install/yolo_msgs/include/yolo_msgs/yolo_msgs/msg/detail
[1.078s] -- Up-to-date: /home/mtrn/MTRN4231-T9-1/lab4-main/install/yolo_msgs/include/yolo_msgs/yolo_msgs/msg/detail/detection_array__rosidl_typesupport_fastrtps_cpp.hpp
[1.078s] -- Up-to-date: /home/mtrn/MTRN4231-T9-1/lab4-main/install/yolo_msgs/include/yolo_msgs/yolo_msgs/msg/detail/mask__rosidl_typesupport_fastrtps_cpp.hpp
[1.078s] -- Up-to-date: /home/mtrn/MTRN4231-T9-1/lab4-main/install/yolo_msgs/include/yolo_msgs/yolo_msgs/msg/detail/bounding_box2_d__rosidl_typesupport_fastrtps_cpp.hpp
[1.079s] -- Up-to-date: /home/mtrn/MTRN4231-T9-1/lab4-main/install/yolo_msgs/include/yolo_msgs/yolo_msgs/msg/detail/pose2_d__rosidl_typesupport_fastrtps_cpp.hpp
[1.079s] -- Up-to-date: /home/mtrn/MTRN4231-T9-1/lab4-main/install/yolo_msgs/include/yolo_msgs/yolo_msgs/msg/detail/dds_fastrtps
[1.079s] -- Up-to-date: /home/mtrn/MTRN4231-T9-1/lab4-main/install/yolo_msgs/include/yolo_msgs/yolo_msgs/msg/detail/vector2__rosidl_typesupport_fastrtps_cpp.hpp
[1.079s] -- Up-to-date: /home/mtrn/MTRN4231-T9-1/lab4-main/install/yolo_msgs/include/yolo_msgs/yolo_msgs/msg/detail/key_point2_d_array__rosidl_typesupport_fastrtps_cpp.hpp
[1.079s] -- Up-to-date: /home/mtrn/MTRN4231-T9-1/lab4-main/install/yolo_msgs/include/yolo_msgs/yolo_msgs/msg/detail/bounding_box3_d__rosidl_typesupport_fastrtps_cpp.hpp
[1.079s] -- Up-to-date: /home/mtrn/MTRN4231-T9-1/lab4-main/install/yolo_msgs/include/yolo_msgs/yolo_msgs/msg/detail/key_point2_d__rosidl_typesupport_fastrtps_cpp.hpp
[1.079s] -- Up-to-date: /home/mtrn/MTRN4231-T9-1/lab4-main/install/yolo_msgs/include/yolo_msgs/yolo_msgs/msg/detail/point2_d__rosidl_typesupport_fastrtps_cpp.hpp
[1.079s] -- Up-to-date: /home/mtrn/MTRN4231-T9-1/lab4-main/install/yolo_msgs/include/yolo_msgs/yolo_msgs/msg/detail/key_point3_d_array__rosidl_typesupport_fastrtps_cpp.hpp
[1.079s] -- Up-to-date: /home/mtrn/MTRN4231-T9-1/lab4-main/install/yolo_msgs/include/yolo_msgs/yolo_msgs/msg/detail/key_point3_d__rosidl_typesupport_fastrtps_cpp.hpp
[1.079s] -- Up-to-date: /home/mtrn/MTRN4231-T9-1/lab4-main/install/yolo_msgs/include/yolo_msgs/yolo_msgs/msg/detail/detection__rosidl_typesupport_fastrtps_cpp.hpp
[1.079s] -- Up-to-date: /home/mtrn/MTRN4231-T9-1/lab4-main/install/yolo_msgs/include/yolo_msgs/yolo_msgs/msg/rosidl_typesupport_fastrtps_cpp__visibility_control.h
[1.079s] -- Up-to-date: /home/mtrn/MTRN4231-T9-1/lab4-main/install/yolo_msgs/lib/libyolo_msgs__rosidl_typesupport_fastrtps_cpp.so
[1.079s] -- Up-to-date: /home/mtrn/MTRN4231-T9-1/lab4-main/install/yolo_msgs/include/yolo_msgs/yolo_msgs
[1.079s] -- Up-to-date: /home/mtrn/MTRN4231-T9-1/lab4-main/install/yolo_msgs/include/yolo_msgs/yolo_msgs/srv
[1.079s] -- Up-to-date: /home/mtrn/MTRN4231-T9-1/lab4-main/install/yolo_msgs/include/yolo_msgs/yolo_msgs/srv/detail
[1.079s] -- Up-to-date: /home/mtrn/MTRN4231-T9-1/lab4-main/install/yolo_msgs/include/yolo_msgs/yolo_msgs/srv/detail/set_classes__rosidl_typesupport_introspection_cpp.hpp
[1.079s] -- Up-to-date: /home/mtrn/MTRN4231-T9-1/lab4-main/install/yolo_msgs/include/yolo_msgs/yolo_msgs/srv/detail/set_classes__type_support.cpp
[1.080s] -- Up-to-date: /home/mtrn/MTRN4231-T9-1/lab4-main/install/yolo_msgs/include/yolo_msgs/yolo_msgs/msg
[1.080s] -- Up-to-date: /home/mtrn/MTRN4231-T9-1/lab4-main/install/yolo_msgs/include/yolo_msgs/yolo_msgs/msg/detail
[1.080s] -- Up-to-date: /home/mtrn/MTRN4231-T9-1/lab4-main/install/yolo_msgs/include/yolo_msgs/yolo_msgs/msg/detail/detection_array__type_support.cpp
[1.080s] -- Up-to-date: /home/mtrn/MTRN4231-T9-1/lab4-main/install/yolo_msgs/include/yolo_msgs/yolo_msgs/msg/detail/key_point2_d_array__rosidl_typesupport_introspection_cpp.hpp
[1.080s] -- Up-to-date: /home/mtrn/MTRN4231-T9-1/lab4-main/install/yolo_msgs/include/yolo_msgs/yolo_msgs/msg/detail/bounding_box2_d__type_support.cpp
[1.080s] -- Up-to-date: /home/mtrn/MTRN4231-T9-1/lab4-main/install/yolo_msgs/include/yolo_msgs/yolo_msgs/msg/detail/detection_array__rosidl_typesupport_introspection_cpp.hpp
[1.080s] -- Up-to-date: /home/mtrn/MTRN4231-T9-1/lab4-main/install/yolo_msgs/include/yolo_msgs/yolo_msgs/msg/detail/key_point2_d_array__type_support.cpp
[1.080s] -- Up-to-date: /home/mtrn/MTRN4231-T9-1/lab4-main/install/yolo_msgs/include/yolo_msgs/yolo_msgs/msg/detail/key_point3_d_array__type_support.cpp
[1.080s] -- Up-to-date: /home/mtrn/MTRN4231-T9-1/lab4-main/install/yolo_msgs/include/yolo_msgs/yolo_msgs/msg/detail/key_point2_d__type_support.cpp
[1.080s] -- Up-to-date: /home/mtrn/MTRN4231-T9-1/lab4-main/install/yolo_msgs/include/yolo_msgs/yolo_msgs/msg/detail/bounding_box3_d__type_support.cpp
[1.080s] -- Up-to-date: /home/mtrn/MTRN4231-T9-1/lab4-main/install/yolo_msgs/include/yolo_msgs/yolo_msgs/msg/detail/detection__rosidl_typesupport_introspection_cpp.hpp
[1.080s] -- Up-to-date: /home/mtrn/MTRN4231-T9-1/lab4-main/install/yolo_msgs/include/yolo_msgs/yolo_msgs/msg/detail/point2_d__type_support.cpp
[1.080s] -- Up-to-date: /home/mtrn/MTRN4231-T9-1/lab4-main/install/yolo_msgs/include/yolo_msgs/yolo_msgs/msg/detail/detection__type_support.cpp
[1.080s] -- Up-to-date: /home/mtrn/MTRN4231-T9-1/lab4-main/install/yolo_msgs/include/yolo_msgs/yolo_msgs/msg/detail/pose2_d__rosidl_typesupport_introspection_cpp.hpp
[1.080s] -- Up-to-date: /home/mtrn/MTRN4231-T9-1/lab4-main/install/yolo_msgs/include/yolo_msgs/yolo_msgs/msg/detail/key_point3_d__type_support.cpp
[1.080s] -- Up-to-date: /home/mtrn/MTRN4231-T9-1/lab4-main/install/yolo_msgs/include/yolo_msgs/yolo_msgs/msg/detail/vector2__rosidl_typesupport_introspection_cpp.hpp
[1.080s] -- Up-to-date: /home/mtrn/MTRN4231-T9-1/lab4-main/install/yolo_msgs/include/yolo_msgs/yolo_msgs/msg/detail/vector2__type_support.cpp
[1.080s] -- Up-to-date: /home/mtrn/MTRN4231-T9-1/lab4-main/install/yolo_msgs/include/yolo_msgs/yolo_msgs/msg/detail/pose2_d__type_support.cpp
[1.081s] -- Up-to-date: /home/mtrn/MTRN4231-T9-1/lab4-main/install/yolo_msgs/include/yolo_msgs/yolo_msgs/msg/detail/key_point2_d__rosidl_typesupport_introspection_cpp.hpp
[1.081s] -- Up-to-date: /home/mtrn/MTRN4231-T9-1/lab4-main/install/yolo_msgs/include/yolo_msgs/yolo_msgs/msg/detail/key_point3_d__rosidl_typesupport_introspection_cpp.hpp
[1.081s] -- Up-to-date: /home/mtrn/MTRN4231-T9-1/lab4-main/install/yolo_msgs/include/yolo_msgs/yolo_msgs/msg/detail/mask__rosidl_typesupport_introspection_cpp.hpp
[1.081s] -- Up-to-date: /home/mtrn/MTRN4231-T9-1/lab4-main/install/yolo_msgs/include/yolo_msgs/yolo_msgs/msg/detail/point2_d__rosidl_typesupport_introspection_cpp.hpp
[1.081s] -- Up-to-date: /home/mtrn/MTRN4231-T9-1/lab4-main/install/yolo_msgs/include/yolo_msgs/yolo_msgs/msg/detail/key_point3_d_array__rosidl_typesupport_introspection_cpp.hpp
[1.081s] -- Up-to-date: /home/mtrn/MTRN4231-T9-1/lab4-main/install/yolo_msgs/include/yolo_msgs/yolo_msgs/msg/detail/bounding_box2_d__rosidl_typesupport_introspection_cpp.hpp
[1.081s] -- Up-to-date: /home/mtrn/MTRN4231-T9-1/lab4-main/install/yolo_msgs/include/yolo_msgs/yolo_msgs/msg/detail/bounding_box3_d__rosidl_typesupport_introspection_cpp.hpp
[1.081s] -- Up-to-date: /home/mtrn/MTRN4231-T9-1/lab4-main/install/yolo_msgs/include/yolo_msgs/yolo_msgs/msg/detail/mask__type_support.cpp
[1.081s] -- Up-to-date: /home/mtrn/MTRN4231-T9-1/lab4-main/install/yolo_msgs/lib/libyolo_msgs__rosidl_typesupport_introspection_cpp.so
[1.081s] -- Up-to-date: /home/mtrn/MTRN4231-T9-1/lab4-main/install/yolo_msgs/lib/libyolo_msgs__rosidl_typesupport_cpp.so
[1.081s] -- Up-to-date: /home/mtrn/MTRN4231-T9-1/lab4-main/install/yolo_msgs/share/yolo_msgs/environment/pythonpath.sh
[1.081s] -- Up-to-date: /home/mtrn/MTRN4231-T9-1/lab4-main/install/yolo_msgs/share/yolo_msgs/environment/pythonpath.dsv
[1.081s] -- Up-to-date: /home/mtrn/MTRN4231-T9-1/lab4-main/install/yolo_msgs/local/lib/python3.10/dist-packages/yolo_msgs-4.3.1-py3.10.egg-info
[1.081s] -- Installing: /home/mtrn/MTRN4231-T9-1/lab4-main/install/yolo_msgs/local/lib/python3.10/dist-packages/yolo_msgs-4.3.1-py3.10.egg-info/PKG-INFO
[1.081s] -- Installing: /home/mtrn/MTRN4231-T9-1/lab4-main/install/yolo_msgs/local/lib/python3.10/dist-packages/yolo_msgs-4.3.1-py3.10.egg-info/top_level.txt
[1.081s] -- Installing: /home/mtrn/MTRN4231-T9-1/lab4-main/install/yolo_msgs/local/lib/python3.10/dist-packages/yolo_msgs-4.3.1-py3.10.egg-info/dependency_links.txt
[1.081s] -- Installing: /home/mtrn/MTRN4231-T9-1/lab4-main/install/yolo_msgs/local/lib/python3.10/dist-packages/yolo_msgs-4.3.1-py3.10.egg-info/SOURCES.txt
[1.081s] -- Up-to-date: /home/mtrn/MTRN4231-T9-1/lab4-main/install/yolo_msgs/local/lib/python3.10/dist-packages/yolo_msgs
[1.082s] -- Up-to-date: /home/mtrn/MTRN4231-T9-1/lab4-main/install/yolo_msgs/local/lib/python3.10/dist-packages/yolo_msgs/yolo_msgs_s__rosidl_typesupport_fastrtps_c.cpython-310-x86_64-linux-gnu.so
[1.082s] -- Up-to-date: /home/mtrn/MTRN4231-T9-1/lab4-main/install/yolo_msgs/local/lib/python3.10/dist-packages/yolo_msgs/_yolo_msgs_s.ep.rosidl_typesupport_introspection_c.c
[1.082s] -- Up-to-date: /home/mtrn/MTRN4231-T9-1/lab4-main/install/yolo_msgs/local/lib/python3.10/dist-packages/yolo_msgs/libyolo_msgs__rosidl_generator_py.so
[1.082s] -- Up-to-date: /home/mtrn/MTRN4231-T9-1/lab4-main/install/yolo_msgs/local/lib/python3.10/dist-packages/yolo_msgs/_yolo_msgs_s.ep.rosidl_typesupport_fastrtps_c.c
[1.082s] -- Up-to-date: /home/mtrn/MTRN4231-T9-1/lab4-main/install/yolo_msgs/local/lib/python3.10/dist-packages/yolo_msgs/yolo_msgs_s__rosidl_typesupport_c.cpython-310-x86_64-linux-gnu.so
[1.082s] -- Up-to-date: /home/mtrn/MTRN4231-T9-1/lab4-main/install/yolo_msgs/local/lib/python3.10/dist-packages/yolo_msgs/__init__.py
[1.082s] -- Up-to-date: /home/mtrn/MTRN4231-T9-1/lab4-main/install/yolo_msgs/local/lib/python3.10/dist-packages/yolo_msgs/_yolo_msgs_s.ep.rosidl_typesupport_c.c
[1.082s] -- Up-to-date: /home/mtrn/MTRN4231-T9-1/lab4-main/install/yolo_msgs/local/lib/python3.10/dist-packages/yolo_msgs/srv
[1.082s] -- Up-to-date: /home/mtrn/MTRN4231-T9-1/lab4-main/install/yolo_msgs/local/lib/python3.10/dist-packages/yolo_msgs/srv/_set_classes.py
[1.082s] -- Up-to-date: /home/mtrn/MTRN4231-T9-1/lab4-main/install/yolo_msgs/local/lib/python3.10/dist-packages/yolo_msgs/srv/__init__.py
[1.082s] -- Up-to-date: /home/mtrn/MTRN4231-T9-1/lab4-main/install/yolo_msgs/local/lib/python3.10/dist-packages/yolo_msgs/srv/_set_classes_s.c
[1.082s] -- Up-to-date: /home/mtrn/MTRN4231-T9-1/lab4-main/install/yolo_msgs/local/lib/python3.10/dist-packages/yolo_msgs/yolo_msgs_s__rosidl_typesupport_introspection_c.cpython-310-x86_64-linux-gnu.so
[1.082s] -- Up-to-date: /home/mtrn/MTRN4231-T9-1/lab4-main/install/yolo_msgs/local/lib/python3.10/dist-packages/yolo_msgs/msg
[1.082s] -- Up-to-date: /home/mtrn/MTRN4231-T9-1/lab4-main/install/yolo_msgs/local/lib/python3.10/dist-packages/yolo_msgs/msg/_key_point2_d_array.py
[1.082s] -- Up-to-date: /home/mtrn/MTRN4231-T9-1/lab4-main/install/yolo_msgs/local/lib/python3.10/dist-packages/yolo_msgs/msg/_vector2.py
[1.082s] -- Up-to-date: /home/mtrn/MTRN4231-T9-1/lab4-main/install/yolo_msgs/local/lib/python3.10/dist-packages/yolo_msgs/msg/_key_point3_d_s.c
[1.082s] -- Up-to-date: /home/mtrn/MTRN4231-T9-1/lab4-main/install/yolo_msgs/local/lib/python3.10/dist-packages/yolo_msgs/msg/_key_point2_d_s.c
[1.082s] -- Up-to-date: /home/mtrn/MTRN4231-T9-1/lab4-main/install/yolo_msgs/local/lib/python3.10/dist-packages/yolo_msgs/msg/_key_point2_d.py
[1.083s] -- Up-to-date: /home/mtrn/MTRN4231-T9-1/lab4-main/install/yolo_msgs/local/lib/python3.10/dist-packages/yolo_msgs/msg/_detection_array_s.c
[1.083s] -- Up-to-date: /home/mtrn/MTRN4231-T9-1/lab4-main/install/yolo_msgs/local/lib/python3.10/dist-packages/yolo_msgs/msg/_pose2_d.py
[1.083s] -- Up-to-date: /home/mtrn/MTRN4231-T9-1/lab4-main/install/yolo_msgs/local/lib/python3.10/dist-packages/yolo_msgs/msg/_key_point3_d_array.py
[1.083s] -- Up-to-date: /home/mtrn/MTRN4231-T9-1/lab4-main/install/yolo_msgs/local/lib/python3.10/dist-packages/yolo_msgs/msg/_detection_s.c
[1.083s] -- Up-to-date: /home/mtrn/MTRN4231-T9-1/lab4-main/install/yolo_msgs/local/lib/python3.10/dist-packages/yolo_msgs/msg/__init__.py
[1.083s] -- Up-to-date: /home/mtrn/MTRN4231-T9-1/lab4-main/install/yolo_msgs/local/lib/python3.10/dist-packages/yolo_msgs/msg/_key_point3_d_array_s.c
[1.083s] -- Up-to-date: /home/mtrn/MTRN4231-T9-1/lab4-main/install/yolo_msgs/local/lib/python3.10/dist-packages/yolo_msgs/msg/_detection.py
[1.083s] -- Up-to-date: /home/mtrn/MTRN4231-T9-1/lab4-main/install/yolo_msgs/local/lib/python3.10/dist-packages/yolo_msgs/msg/_point2_d_s.c
[1.083s] -- Up-to-date: /home/mtrn/MTRN4231-T9-1/lab4-main/install/yolo_msgs/local/lib/python3.10/dist-packages/yolo_msgs/msg/_bounding_box3_d_s.c
[1.083s] -- Up-to-date: /home/mtrn/MTRN4231-T9-1/lab4-main/install/yolo_msgs/local/lib/python3.10/dist-packages/yolo_msgs/msg/_bounding_box2_d.py
[1.083s] -- Up-to-date: /home/mtrn/MTRN4231-T9-1/lab4-main/install/yolo_msgs/local/lib/python3.10/dist-packages/yolo_msgs/msg/_bounding_box2_d_s.c
[1.083s] -- Up-to-date: /home/mtrn/MTRN4231-T9-1/lab4-main/install/yolo_msgs/local/lib/python3.10/dist-packages/yolo_msgs/msg/_pose2_d_s.c
[1.083s] -- Up-to-date: /home/mtrn/MTRN4231-T9-1/lab4-main/install/yolo_msgs/local/lib/python3.10/dist-packages/yolo_msgs/msg/_detection_array.py
[1.083s] -- Up-to-date: /home/mtrn/MTRN4231-T9-1/lab4-main/install/yolo_msgs/local/lib/python3.10/dist-packages/yolo_msgs/msg/_point2_d.py
[1.083s] -- Up-to-date: /home/mtrn/MTRN4231-T9-1/lab4-main/install/yolo_msgs/local/lib/python3.10/dist-packages/yolo_msgs/msg/_key_point2_d_array_s.c
[1.083s] -- Up-to-date: /home/mtrn/MTRN4231-T9-1/lab4-main/install/yolo_msgs/local/lib/python3.10/dist-packages/yolo_msgs/msg/_mask.py
[1.083s] -- Up-to-date: /home/mtrn/MTRN4231-T9-1/lab4-main/install/yolo_msgs/local/lib/python3.10/dist-packages/yolo_msgs/msg/_bounding_box3_d.py
[1.084s] -- Up-to-date: /home/mtrn/MTRN4231-T9-1/lab4-main/install/yolo_msgs/local/lib/python3.10/dist-packages/yolo_msgs/msg/_mask_s.c
[1.084s] -- Up-to-date: /home/mtrn/MTRN4231-T9-1/lab4-main/install/yolo_msgs/local/lib/python3.10/dist-packages/yolo_msgs/msg/_key_point3_d.py
[1.084s] -- Up-to-date: /home/mtrn/MTRN4231-T9-1/lab4-main/install/yolo_msgs/local/lib/python3.10/dist-packages/yolo_msgs/msg/_vector2_s.c
[1.101s] Listing '/home/mtrn/MTRN4231-T9-1/lab4-main/install/yolo_msgs/local/lib/python3.10/dist-packages/yolo_msgs'...
[1.101s] Listing '/home/mtrn/MTRN4231-T9-1/lab4-main/install/yolo_msgs/local/lib/python3.10/dist-packages/yolo_msgs/msg'...
[1.101s] Listing '/home/mtrn/MTRN4231-T9-1/lab4-main/install/yolo_msgs/local/lib/python3.10/dist-packages/yolo_msgs/srv'...
[1.104s] -- Up-to-date: /home/mtrn/MTRN4231-T9-1/lab4-main/install/yolo_msgs/local/lib/python3.10/dist-packages/yolo_msgs/yolo_msgs_s__rosidl_typesupport_fastrtps_c.cpython-310-x86_64-linux-gnu.so
[1.104s] -- Up-to-date: /home/mtrn/MTRN4231-T9-1/lab4-main/install/yolo_msgs/local/lib/python3.10/dist-packages/yolo_msgs/yolo_msgs_s__rosidl_typesupport_introspection_c.cpython-310-x86_64-linux-gnu.so
[1.105s] -- Up-to-date: /home/mtrn/MTRN4231-T9-1/lab4-main/install/yolo_msgs/local/lib/python3.10/dist-packages/yolo_msgs/yolo_msgs_s__rosidl_typesupport_c.cpython-310-x86_64-linux-gnu.so
[1.105s] -- Up-to-date: /home/mtrn/MTRN4231-T9-1/lab4-main/install/yolo_msgs/lib/libyolo_msgs__rosidl_generator_py.so
[1.105s] -- Up-to-date: /home/mtrn/MTRN4231-T9-1/lab4-main/install/yolo_msgs/share/yolo_msgs/msg/Point2D.idl
[1.105s] -- Up-to-date: /home/mtrn/MTRN4231-T9-1/lab4-main/install/yolo_msgs/share/yolo_msgs/msg/Vector2.idl
[1.105s] -- Up-to-date: /home/mtrn/MTRN4231-T9-1/lab4-main/install/yolo_msgs/share/yolo_msgs/msg/Pose2D.idl
[1.105s] -- Up-to-date: /home/mtrn/MTRN4231-T9-1/lab4-main/install/yolo_msgs/share/yolo_msgs/msg/BoundingBox2D.idl
[1.105s] -- Up-to-date: /home/mtrn/MTRN4231-T9-1/lab4-main/install/yolo_msgs/share/yolo_msgs/msg/BoundingBox3D.idl
[1.105s] -- Up-to-date: /home/mtrn/MTRN4231-T9-1/lab4-main/install/yolo_msgs/share/yolo_msgs/msg/Mask.idl
[1.105s] -- Up-to-date: /home/mtrn/MTRN4231-T9-1/lab4-main/install/yolo_msgs/share/yolo_msgs/msg/KeyPoint2D.idl
[1.105s] -- Up-to-date: /home/mtrn/MTRN4231-T9-1/lab4-main/install/yolo_msgs/share/yolo_msgs/msg/KeyPoint2DArray.idl
[1.105s] -- Up-to-date: /home/mtrn/MTRN4231-T9-1/lab4-main/install/yolo_msgs/share/yolo_msgs/msg/KeyPoint3D.idl
[1.105s] -- Up-to-date: /home/mtrn/MTRN4231-T9-1/lab4-main/install/yolo_msgs/share/yolo_msgs/msg/KeyPoint3DArray.idl
[1.106s] -- Up-to-date: /home/mtrn/MTRN4231-T9-1/lab4-main/install/yolo_msgs/share/yolo_msgs/msg/Detection.idl
[1.106s] -- Up-to-date: /home/mtrn/MTRN4231-T9-1/lab4-main/install/yolo_msgs/share/yolo_msgs/msg/DetectionArray.idl
[1.106s] -- Up-to-date: /home/mtrn/MTRN4231-T9-1/lab4-main/install/yolo_msgs/share/yolo_msgs/srv/SetClasses.idl
[1.106s] -- Up-to-date: /home/mtrn/MTRN4231-T9-1/lab4-main/install/yolo_msgs/share/yolo_msgs/msg/Point2D.msg
[1.106s] -- Up-to-date: /home/mtrn/MTRN4231-T9-1/lab4-main/install/yolo_msgs/share/yolo_msgs/msg/Vector2.msg
[1.106s] -- Up-to-date: /home/mtrn/MTRN4231-T9-1/lab4-main/install/yolo_msgs/share/yolo_msgs/msg/Pose2D.msg
[1.106s] -- Up-to-date: /home/mtrn/MTRN4231-T9-1/lab4-main/install/yolo_msgs/share/yolo_msgs/msg/BoundingBox2D.msg
[1.106s] -- Up-to-date: /home/mtrn/MTRN4231-T9-1/lab4-main/install/yolo_msgs/share/yolo_msgs/msg/BoundingBox3D.msg
[1.106s] -- Up-to-date: /home/mtrn/MTRN4231-T9-1/lab4-main/install/yolo_msgs/share/yolo_msgs/msg/Mask.msg
[1.106s] -- Up-to-date: /home/mtrn/MTRN4231-T9-1/lab4-main/install/yolo_msgs/share/yolo_msgs/msg/KeyPoint2D.msg
[1.106s] -- Up-to-date: /home/mtrn/MTRN4231-T9-1/lab4-main/install/yolo_msgs/share/yolo_msgs/msg/KeyPoint2DArray.msg
[1.106s] -- Up-to-date: /home/mtrn/MTRN4231-T9-1/lab4-main/install/yolo_msgs/share/yolo_msgs/msg/KeyPoint3D.msg
[1.106s] -- Up-to-date: /home/mtrn/MTRN4231-T9-1/lab4-main/install/yolo_msgs/share/yolo_msgs/msg/KeyPoint3DArray.msg
[1.106s] -- Up-to-date: /home/mtrn/MTRN4231-T9-1/lab4-main/install/yolo_msgs/share/yolo_msgs/msg/Detection.msg
[1.106s] -- Up-to-date: /home/mtrn/MTRN4231-T9-1/lab4-main/install/yolo_msgs/share/yolo_msgs/msg/DetectionArray.msg
[1.107s] -- Up-to-date: /home/mtrn/MTRN4231-T9-1/lab4-main/install/yolo_msgs/share/yolo_msgs/srv/SetClasses.srv
[1.107s] -- Up-to-date: /home/mtrn/MTRN4231-T9-1/lab4-main/install/yolo_msgs/share/yolo_msgs/srv/SetClasses_Request.msg
[1.107s] -- Up-to-date: /home/mtrn/MTRN4231-T9-1/lab4-main/install/yolo_msgs/share/yolo_msgs/srv/SetClasses_Response.msg
[1.107s] -- Up-to-date: /home/mtrn/MTRN4231-T9-1/lab4-main/install/yolo_msgs/share/ament_index/resource_index/package_run_dependencies/yolo_msgs
[1.107s] -- Up-to-date: /home/mtrn/MTRN4231-T9-1/lab4-main/install/yolo_msgs/share/ament_index/resource_index/parent_prefix_path/yolo_msgs
[1.107s] -- Up-to-date: /home/mtrn/MTRN4231-T9-1/lab4-main/install/yolo_msgs/share/yolo_msgs/environment/ament_prefix_path.sh
[1.107s] -- Up-to-date: /home/mtrn/MTRN4231-T9-1/lab4-main/install/yolo_msgs/share/yolo_msgs/environment/ament_prefix_path.dsv
[1.107s] -- Up-to-date: /home/mtrn/MTRN4231-T9-1/lab4-main/install/yolo_msgs/share/yolo_msgs/environment/path.sh
[1.107s] -- Up-to-date: /home/mtrn/MTRN4231-T9-1/lab4-main/install/yolo_msgs/share/yolo_msgs/environment/path.dsv
[1.107s] -- Up-to-date: /home/mtrn/MTRN4231-T9-1/lab4-main/install/yolo_msgs/share/yolo_msgs/local_setup.bash
[1.107s] -- Up-to-date: /home/mtrn/MTRN4231-T9-1/lab4-main/install/yolo_msgs/share/yolo_msgs/local_setup.sh
[1.107s] -- Up-to-date: /home/mtrn/MTRN4231-T9-1/lab4-main/install/yolo_msgs/share/yolo_msgs/local_setup.zsh
[1.107s] -- Up-to-date: /home/mtrn/MTRN4231-T9-1/lab4-main/install/yolo_msgs/share/yolo_msgs/local_setup.dsv
[1.107s] -- Installing: /home/mtrn/MTRN4231-T9-1/lab4-main/install/yolo_msgs/share/yolo_msgs/package.dsv
[1.107s] -- Up-to-date: /home/mtrn/MTRN4231-T9-1/lab4-main/install/yolo_msgs/share/ament_index/resource_index/packages/yolo_msgs
[1.107s] -- Up-to-date: /home/mtrn/MTRN4231-T9-1/lab4-main/install/yolo_msgs/share/yolo_msgs/cmake/export_yolo_msgs__rosidl_generator_cExport.cmake
[1.107s] -- Up-to-date: /home/mtrn/MTRN4231-T9-1/lab4-main/install/yolo_msgs/share/yolo_msgs/cmake/export_yolo_msgs__rosidl_generator_cExport-noconfig.cmake
[1.107s] -- Up-to-date: /home/mtrn/MTRN4231-T9-1/lab4-main/install/yolo_msgs/share/yolo_msgs/cmake/export_yolo_msgs__rosidl_typesupport_fastrtps_cExport.cmake
[1.107s] -- Up-to-date: /home/mtrn/MTRN4231-T9-1/lab4-main/install/yolo_msgs/share/yolo_msgs/cmake/export_yolo_msgs__rosidl_typesupport_fastrtps_cExport-noconfig.cmake
[1.108s] -- Up-to-date: /home/mtrn/MTRN4231-T9-1/lab4-main/install/yolo_msgs/share/yolo_msgs/cmake/yolo_msgs__rosidl_typesupport_introspection_cExport.cmake
[1.108s] -- Up-to-date: /home/mtrn/MTRN4231-T9-1/lab4-main/install/yolo_msgs/share/yolo_msgs/cmake/yolo_msgs__rosidl_typesupport_introspection_cExport-noconfig.cmake
[1.108s] -- Up-to-date: /home/mtrn/MTRN4231-T9-1/lab4-main/install/yolo_msgs/share/yolo_msgs/cmake/yolo_msgs__rosidl_typesupport_cExport.cmake
[1.108s] -- Up-to-date: /home/mtrn/MTRN4231-T9-1/lab4-main/install/yolo_msgs/share/yolo_msgs/cmake/yolo_msgs__rosidl_typesupport_cExport-noconfig.cmake
[1.108s] -- Up-to-date: /home/mtrn/MTRN4231-T9-1/lab4-main/install/yolo_msgs/share/yolo_msgs/cmake/export_yolo_msgs__rosidl_generator_cppExport.cmake
[1.108s] -- Up-to-date: /home/mtrn/MTRN4231-T9-1/lab4-main/install/yolo_msgs/share/yolo_msgs/cmake/export_yolo_msgs__rosidl_typesupport_fastrtps_cppExport.cmake
[1.108s] -- Up-to-date: /home/mtrn/MTRN4231-T9-1/lab4-main/install/yolo_msgs/share/yolo_msgs/cmake/export_yolo_msgs__rosidl_typesupport_fastrtps_cppExport-noconfig.cmake
[1.108s] -- Up-to-date: /home/mtrn/MTRN4231-T9-1/lab4-main/install/yolo_msgs/share/yolo_msgs/cmake/yolo_msgs__rosidl_typesupport_introspection_cppExport.cmake
[1.108s] -- Up-to-date: /home/mtrn/MTRN4231-T9-1/lab4-main/install/yolo_msgs/share/yolo_msgs/cmake/yolo_msgs__rosidl_typesupport_introspection_cppExport-noconfig.cmake
[1.108s] -- Up-to-date: /home/mtrn/MTRN4231-T9-1/lab4-main/install/yolo_msgs/share/yolo_msgs/cmake/yolo_msgs__rosidl_typesupport_cppExport.cmake
[1.108s] -- Up-to-date: /home/mtrn/MTRN4231-T9-1/lab4-main/install/yolo_msgs/share/yolo_msgs/cmake/yolo_msgs__rosidl_typesupport_cppExport-noconfig.cmake
[1.108s] -- Up-to-date: /home/mtrn/MTRN4231-T9-1/lab4-main/install/yolo_msgs/share/yolo_msgs/cmake/export_yolo_msgs__rosidl_generator_pyExport.cmake
[1.108s] -- Up-to-date: /home/mtrn/MTRN4231-T9-1/lab4-main/install/yolo_msgs/share/yolo_msgs/cmake/export_yolo_msgs__rosidl_generator_pyExport-noconfig.cmake
[1.108s] -- Up-to-date: /home/mtrn/MTRN4231-T9-1/lab4-main/install/yolo_msgs/share/yolo_msgs/cmake/rosidl_cmake-extras.cmake
[1.108s] -- Up-to-date: /home/mtrn/MTRN4231-T9-1/lab4-main/install/yolo_msgs/share/yolo_msgs/cmake/ament_cmake_export_dependencies-extras.cmake
[1.108s] -- Up-to-date: /home/mtrn/MTRN4231-T9-1/lab4-main/install/yolo_msgs/share/yolo_msgs/cmake/ament_cmake_export_include_directories-extras.cmake
[1.108s] -- Up-to-date: /home/mtrn/MTRN4231-T9-1/lab4-main/install/yolo_msgs/share/yolo_msgs/cmake/ament_cmake_export_libraries-extras.cmake
[1.108s] -- Up-to-date: /home/mtrn/MTRN4231-T9-1/lab4-main/install/yolo_msgs/share/yolo_msgs/cmake/ament_cmake_export_targets-extras.cmake
[1.108s] -- Up-to-date: /home/mtrn/MTRN4231-T9-1/lab4-main/install/yolo_msgs/share/yolo_msgs/cmake/rosidl_cmake_export_typesupport_targets-extras.cmake
[1.109s] -- Up-to-date: /home/mtrn/MTRN4231-T9-1/lab4-main/install/yolo_msgs/share/yolo_msgs/cmake/rosidl_cmake_export_typesupport_libraries-extras.cmake
[1.109s] -- Up-to-date: /home/mtrn/MTRN4231-T9-1/lab4-main/install/yolo_msgs/share/yolo_msgs/cmake/yolo_msgsConfig.cmake
[1.109s] -- Up-to-date: /home/mtrn/MTRN4231-T9-1/lab4-main/install/yolo_msgs/share/yolo_msgs/cmake/yolo_msgsConfig-version.cmake
[1.109s] -- Up-to-date: /home/mtrn/MTRN4231-T9-1/lab4-main/install/yolo_msgs/share/yolo_msgs/package.xml
[1.114s] Invoked command in '/home/mtrn/MTRN4231-T9-1/lab4-main/build/yolo_msgs' returned '0': CMAKE_PREFIX_PATH=${CMAKE_PREFIX_PATH}:/home/mtrn/MTRN4231-T9-1/lab4-main/install/yolo_ros:/home/mtrn/MTRN4231-T9-1/lab4-main/install/lab4_perception_example:/opt/ros/humble /home/mtrn/.local/bin/cmake --install /home/mtrn/MTRN4231-T9-1/lab4-main/build/yolo_msgs
