[0.113s] DEBUG:colcon:Command line arguments: ['/usr/bin/colcon', 'build']
[0.113s] DEBUG:colcon:Parsed command line arguments: Namespace(log_base=None, log_level=None, verb_name='build', build_base='build', install_base='install', merge_install=False, symlink_install=False, test_result_base=None, continue_on_error=False, executor='parallel', parallel_workers=20, event_handlers=None, ignore_user_meta=False, metas=['./colcon.meta'], base_paths=['.'], packages_ignore=None, packages_ignore_regex=None, paths=None, packages_up_to=None, packages_up_to_regex=None, packages_above=None, packages_above_and_dependencies=None, packages_above_depth=None, packages_select_by_dep=None, packages_skip_by_dep=None, packages_skip_up_to=None, packages_select_build_failed=False, packages_skip_build_finished=False, packages_select_test_failures=False, packages_skip_test_passed=False, packages_select=None, packages_skip=None, packages_select_regex=None, packages_skip_regex=None, packages_start=None, packages_end=None, allow_overriding=[], cmake_args=None, cmake_target=None, cmake_target_skip_unavailable=False, cmake_clean_cache=False, cmake_clean_first=False, cmake_force_configure=False, ament_cmake_args=None, catkin_cmake_args=None, catkin_skip_building_tests=False, mixin_files=None, mixin=None, verb_parser=<colcon_mixin.mixin.mixin_argument.MixinArgumentDecorator object at 0x7bb1e196afe0>, verb_extension=<colcon_core.verb.build.BuildVerb object at 0x7bb1e1a73670>, main=<bound method BuildVerb.main of <colcon_core.verb.build.BuildVerb object at 0x7bb1e1a73670>>, mixin_verb=('build',))
[0.250s] Level 1:colcon.colcon_core.package_discovery:discover_packages(colcon_meta) check parameters
[0.250s] Level 1:colcon.colcon_core.package_discovery:discover_packages(recursive) check parameters
[0.250s] Level 1:colcon.colcon_core.package_discovery:discover_packages(ignore) check parameters
[0.250s] Level 1:colcon.colcon_core.package_discovery:discover_packages(path) check parameters
[0.250s] Level 1:colcon.colcon_core.package_discovery:discover_packages(colcon_meta) discover
[0.250s] Level 1:colcon.colcon_core.package_discovery:discover_packages(recursive) discover
[0.250s] INFO:colcon.colcon_core.package_discovery:Crawling recursively for packages in '/home/mtrn/MTRN4231-T9-1/lab4-main'
[0.250s] Level 1:colcon.colcon_core.package_identification:_identify(.) by extensions ['ignore', 'ignore_ament_install']
[0.250s] Level 1:colcon.colcon_core.package_identification:_identify(.) by extension 'ignore'
[0.250s] Level 1:colcon.colcon_core.package_identification:_identify(.) by extension 'ignore_ament_install'
[0.250s] Level 1:colcon.colcon_core.package_identification:_identify(.) by extensions ['colcon_pkg']
[0.250s] Level 1:colcon.colcon_core.package_identification:_identify(.) by extension 'colcon_pkg'
[0.250s] Level 1:colcon.colcon_core.package_identification:_identify(.) by extensions ['colcon_meta']
[0.250s] Level 1:colcon.colcon_core.package_identification:_identify(.) by extension 'colcon_meta'
[0.250s] Level 1:colcon.colcon_core.package_identification:_identify(.) by extensions ['ros']
[0.250s] Level 1:colcon.colcon_core.package_identification:_identify(.) by extension 'ros'
[0.268s] Level 1:colcon.colcon_core.package_identification:_identify(.) by extensions ['cmake', 'python']
[0.268s] Level 1:colcon.colcon_core.package_identification:_identify(.) by extension 'cmake'
[0.269s] Level 1:colcon.colcon_core.package_identification:_identify(.) by extension 'python'
[0.269s] Level 1:colcon.colcon_core.package_identification:_identify(.) by extensions ['python_setup_py']
[0.269s] Level 1:colcon.colcon_core.package_identification:_identify(.) by extension 'python_setup_py'
[0.269s] Level 1:colcon.colcon_core.package_identification:_identify(build) by extensions ['ignore', 'ignore_ament_install']
[0.269s] Level 1:colcon.colcon_core.package_identification:_identify(build) by extension 'ignore'
[0.269s] Level 1:colcon.colcon_core.package_identification:_identify(build) ignored
[0.269s] Level 1:colcon.colcon_core.package_identification:_identify(install) by extensions ['ignore', 'ignore_ament_install']
[0.269s] Level 1:colcon.colcon_core.package_identification:_identify(install) by extension 'ignore'
[0.269s] Level 1:colcon.colcon_core.package_identification:_identify(install) ignored
[0.269s] Level 1:colcon.colcon_core.package_identification:_identify(log) by extensions ['ignore', 'ignore_ament_install']
[0.269s] Level 1:colcon.colcon_core.package_identification:_identify(log) by extension 'ignore'
[0.269s] Level 1:colcon.colcon_core.package_identification:_identify(log) ignored
[0.269s] Level 1:colcon.colcon_core.package_identification:_identify(my_dataset) by extensions ['ignore', 'ignore_ament_install']
[0.269s] Level 1:colcon.colcon_core.package_identification:_identify(my_dataset) by extension 'ignore'
[0.269s] Level 1:colcon.colcon_core.package_identification:_identify(my_dataset) by extension 'ignore_ament_install'
[0.269s] Level 1:colcon.colcon_core.package_identification:_identify(my_dataset) by extensions ['colcon_pkg']
[0.269s] Level 1:colcon.colcon_core.package_identification:_identify(my_dataset) by extension 'colcon_pkg'
[0.269s] Level 1:colcon.colcon_core.package_identification:_identify(my_dataset) by extensions ['colcon_meta']
[0.269s] Level 1:colcon.colcon_core.package_identification:_identify(my_dataset) by extension 'colcon_meta'
[0.269s] Level 1:colcon.colcon_core.package_identification:_identify(my_dataset) by extensions ['ros']
[0.269s] Level 1:colcon.colcon_core.package_identification:_identify(my_dataset) by extension 'ros'
[0.269s] Level 1:colcon.colcon_core.package_identification:_identify(my_dataset) by extensions ['cmake', 'python']
[0.270s] Level 1:colcon.colcon_core.package_identification:_identify(my_dataset) by extension 'cmake'
[0.270s] Level 1:colcon.colcon_core.package_identification:_identify(my_dataset) by extension 'python'
[0.270s] Level 1:colcon.colcon_core.package_identification:_identify(my_dataset) by extensions ['python_setup_py']
[0.270s] Level 1:colcon.colcon_core.package_identification:_identify(my_dataset) by extension 'python_setup_py'
[0.270s] Level 1:colcon.colcon_core.package_identification:_identify(my_dataset/train) by extensions ['ignore', 'ignore_ament_install']
[0.270s] Level 1:colcon.colcon_core.package_identification:_identify(my_dataset/train) by extension 'ignore'
[0.270s] Level 1:colcon.colcon_core.package_identification:_identify(my_dataset/train) by extension 'ignore_ament_install'
[0.270s] Level 1:colcon.colcon_core.package_identification:_identify(my_dataset/train) by extensions ['colcon_pkg']
[0.270s] Level 1:colcon.colcon_core.package_identification:_identify(my_dataset/train) by extension 'colcon_pkg'
[0.270s] Level 1:colcon.colcon_core.package_identification:_identify(my_dataset/train) by extensions ['colcon_meta']
[0.270s] Level 1:colcon.colcon_core.package_identification:_identify(my_dataset/train) by extension 'colcon_meta'
[0.270s] Level 1:colcon.colcon_core.package_identification:_identify(my_dataset/train) by extensions ['ros']
[0.270s] Level 1:colcon.colcon_core.package_identification:_identify(my_dataset/train) by extension 'ros'
[0.270s] Level 1:colcon.colcon_core.package_identification:_identify(my_dataset/train) by extensions ['cmake', 'python']
[0.270s] Level 1:colcon.colcon_core.package_identification:_identify(my_dataset/train) by extension 'cmake'
[0.270s] Level 1:colcon.colcon_core.package_identification:_identify(my_dataset/train) by extension 'python'
[0.270s] Level 1:colcon.colcon_core.package_identification:_identify(my_dataset/train) by extensions ['python_setup_py']
[0.270s] Level 1:colcon.colcon_core.package_identification:_identify(my_dataset/train) by extension 'python_setup_py'
[0.270s] Level 1:colcon.colcon_core.package_identification:_identify(my_dataset/train/images) by extensions ['ignore', 'ignore_ament_install']
[0.270s] Level 1:colcon.colcon_core.package_identification:_identify(my_dataset/train/images) by extension 'ignore'
[0.270s] Level 1:colcon.colcon_core.package_identification:_identify(my_dataset/train/images) by extension 'ignore_ament_install'
[0.270s] Level 1:colcon.colcon_core.package_identification:_identify(my_dataset/train/images) by extensions ['colcon_pkg']
[0.270s] Level 1:colcon.colcon_core.package_identification:_identify(my_dataset/train/images) by extension 'colcon_pkg'
[0.270s] Level 1:colcon.colcon_core.package_identification:_identify(my_dataset/train/images) by extensions ['colcon_meta']
[0.270s] Level 1:colcon.colcon_core.package_identification:_identify(my_dataset/train/images) by extension 'colcon_meta'
[0.270s] Level 1:colcon.colcon_core.package_identification:_identify(my_dataset/train/images) by extensions ['ros']
[0.270s] Level 1:colcon.colcon_core.package_identification:_identify(my_dataset/train/images) by extension 'ros'
[0.270s] Level 1:colcon.colcon_core.package_identification:_identify(my_dataset/train/images) by extensions ['cmake', 'python']
[0.270s] Level 1:colcon.colcon_core.package_identification:_identify(my_dataset/train/images) by extension 'cmake'
[0.270s] Level 1:colcon.colcon_core.package_identification:_identify(my_dataset/train/images) by extension 'python'
[0.270s] Level 1:colcon.colcon_core.package_identification:_identify(my_dataset/train/images) by extensions ['python_setup_py']
[0.271s] Level 1:colcon.colcon_core.package_identification:_identify(my_dataset/train/images) by extension 'python_setup_py'
[0.271s] Level 1:colcon.colcon_core.package_identification:_identify(my_dataset/train/labels) by extensions ['ignore', 'ignore_ament_install']
[0.271s] Level 1:colcon.colcon_core.package_identification:_identify(my_dataset/train/labels) by extension 'ignore'
[0.271s] Level 1:colcon.colcon_core.package_identification:_identify(my_dataset/train/labels) by extension 'ignore_ament_install'
[0.271s] Level 1:colcon.colcon_core.package_identification:_identify(my_dataset/train/labels) by extensions ['colcon_pkg']
[0.271s] Level 1:colcon.colcon_core.package_identification:_identify(my_dataset/train/labels) by extension 'colcon_pkg'
[0.271s] Level 1:colcon.colcon_core.package_identification:_identify(my_dataset/train/labels) by extensions ['colcon_meta']
[0.271s] Level 1:colcon.colcon_core.package_identification:_identify(my_dataset/train/labels) by extension 'colcon_meta'
[0.271s] Level 1:colcon.colcon_core.package_identification:_identify(my_dataset/train/labels) by extensions ['ros']
[0.271s] Level 1:colcon.colcon_core.package_identification:_identify(my_dataset/train/labels) by extension 'ros'
[0.271s] Level 1:colcon.colcon_core.package_identification:_identify(my_dataset/train/labels) by extensions ['cmake', 'python']
[0.271s] Level 1:colcon.colcon_core.package_identification:_identify(my_dataset/train/labels) by extension 'cmake'
[0.271s] Level 1:colcon.colcon_core.package_identification:_identify(my_dataset/train/labels) by extension 'python'
[0.271s] Level 1:colcon.colcon_core.package_identification:_identify(my_dataset/train/labels) by extensions ['python_setup_py']
[0.271s] Level 1:colcon.colcon_core.package_identification:_identify(my_dataset/train/labels) by extension 'python_setup_py'
[0.271s] Level 1:colcon.colcon_core.package_identification:_identify(my_dataset/val) by extensions ['ignore', 'ignore_ament_install']
[0.271s] Level 1:colcon.colcon_core.package_identification:_identify(my_dataset/val) by extension 'ignore'
[0.271s] Level 1:colcon.colcon_core.package_identification:_identify(my_dataset/val) by extension 'ignore_ament_install'
[0.271s] Level 1:colcon.colcon_core.package_identification:_identify(my_dataset/val) by extensions ['colcon_pkg']
[0.271s] Level 1:colcon.colcon_core.package_identification:_identify(my_dataset/val) by extension 'colcon_pkg'
[0.271s] Level 1:colcon.colcon_core.package_identification:_identify(my_dataset/val) by extensions ['colcon_meta']
[0.271s] Level 1:colcon.colcon_core.package_identification:_identify(my_dataset/val) by extension 'colcon_meta'
[0.271s] Level 1:colcon.colcon_core.package_identification:_identify(my_dataset/val) by extensions ['ros']
[0.271s] Level 1:colcon.colcon_core.package_identification:_identify(my_dataset/val) by extension 'ros'
[0.271s] Level 1:colcon.colcon_core.package_identification:_identify(my_dataset/val) by extensions ['cmake', 'python']
[0.271s] Level 1:colcon.colcon_core.package_identification:_identify(my_dataset/val) by extension 'cmake'
[0.271s] Level 1:colcon.colcon_core.package_identification:_identify(my_dataset/val) by extension 'python'
[0.271s] Level 1:colcon.colcon_core.package_identification:_identify(my_dataset/val) by extensions ['python_setup_py']
[0.271s] Level 1:colcon.colcon_core.package_identification:_identify(my_dataset/val) by extension 'python_setup_py'
[0.271s] Level 1:colcon.colcon_core.package_identification:_identify(my_dataset/val/images) by extensions ['ignore', 'ignore_ament_install']
[0.272s] Level 1:colcon.colcon_core.package_identification:_identify(my_dataset/val/images) by extension 'ignore'
[0.272s] Level 1:colcon.colcon_core.package_identification:_identify(my_dataset/val/images) by extension 'ignore_ament_install'
[0.272s] Level 1:colcon.colcon_core.package_identification:_identify(my_dataset/val/images) by extensions ['colcon_pkg']
[0.272s] Level 1:colcon.colcon_core.package_identification:_identify(my_dataset/val/images) by extension 'colcon_pkg'
[0.272s] Level 1:colcon.colcon_core.package_identification:_identify(my_dataset/val/images) by extensions ['colcon_meta']
[0.272s] Level 1:colcon.colcon_core.package_identification:_identify(my_dataset/val/images) by extension 'colcon_meta'
[0.272s] Level 1:colcon.colcon_core.package_identification:_identify(my_dataset/val/images) by extensions ['ros']
[0.272s] Level 1:colcon.colcon_core.package_identification:_identify(my_dataset/val/images) by extension 'ros'
[0.272s] Level 1:colcon.colcon_core.package_identification:_identify(my_dataset/val/images) by extensions ['cmake', 'python']
[0.272s] Level 1:colcon.colcon_core.package_identification:_identify(my_dataset/val/images) by extension 'cmake'
[0.272s] Level 1:colcon.colcon_core.package_identification:_identify(my_dataset/val/images) by extension 'python'
[0.272s] Level 1:colcon.colcon_core.package_identification:_identify(my_dataset/val/images) by extensions ['python_setup_py']
[0.272s] Level 1:colcon.colcon_core.package_identification:_identify(my_dataset/val/images) by extension 'python_setup_py'
[0.272s] Level 1:colcon.colcon_core.package_identification:_identify(my_dataset/val/labels) by extensions ['ignore', 'ignore_ament_install']
[0.272s] Level 1:colcon.colcon_core.package_identification:_identify(my_dataset/val/labels) by extension 'ignore'
[0.272s] Level 1:colcon.colcon_core.package_identification:_identify(my_dataset/val/labels) by extension 'ignore_ament_install'
[0.272s] Level 1:colcon.colcon_core.package_identification:_identify(my_dataset/val/labels) by extensions ['colcon_pkg']
[0.272s] Level 1:colcon.colcon_core.package_identification:_identify(my_dataset/val/labels) by extension 'colcon_pkg'
[0.272s] Level 1:colcon.colcon_core.package_identification:_identify(my_dataset/val/labels) by extensions ['colcon_meta']
[0.272s] Level 1:colcon.colcon_core.package_identification:_identify(my_dataset/val/labels) by extension 'colcon_meta'
[0.272s] Level 1:colcon.colcon_core.package_identification:_identify(my_dataset/val/labels) by extensions ['ros']
[0.272s] Level 1:colcon.colcon_core.package_identification:_identify(my_dataset/val/labels) by extension 'ros'
[0.272s] Level 1:colcon.colcon_core.package_identification:_identify(my_dataset/val/labels) by extensions ['cmake', 'python']
[0.272s] Level 1:colcon.colcon_core.package_identification:_identify(my_dataset/val/labels) by extension 'cmake'
[0.272s] Level 1:colcon.colcon_core.package_identification:_identify(my_dataset/val/labels) by extension 'python'
[0.272s] Level 1:colcon.colcon_core.package_identification:_identify(my_dataset/val/labels) by extensions ['python_setup_py']
[0.272s] Level 1:colcon.colcon_core.package_identification:_identify(my_dataset/val/labels) by extension 'python_setup_py'
[0.272s] Level 1:colcon.colcon_core.package_identification:_identify(src) by extensions ['ignore', 'ignore_ament_install']
[0.272s] Level 1:colcon.colcon_core.package_identification:_identify(src) by extension 'ignore'
[0.273s] Level 1:colcon.colcon_core.package_identification:_identify(src) by extension 'ignore_ament_install'
[0.273s] Level 1:colcon.colcon_core.package_identification:_identify(src) by extensions ['colcon_pkg']
[0.273s] Level 1:colcon.colcon_core.package_identification:_identify(src) by extension 'colcon_pkg'
[0.273s] Level 1:colcon.colcon_core.package_identification:_identify(src) by extensions ['colcon_meta']
[0.273s] Level 1:colcon.colcon_core.package_identification:_identify(src) by extension 'colcon_meta'
[0.273s] Level 1:colcon.colcon_core.package_identification:_identify(src) by extensions ['ros']
[0.273s] Level 1:colcon.colcon_core.package_identification:_identify(src) by extension 'ros'
[0.273s] Level 1:colcon.colcon_core.package_identification:_identify(src) by extensions ['cmake', 'python']
[0.273s] Level 1:colcon.colcon_core.package_identification:_identify(src) by extension 'cmake'
[0.273s] Level 1:colcon.colcon_core.package_identification:_identify(src) by extension 'python'
[0.273s] Level 1:colcon.colcon_core.package_identification:_identify(src) by extensions ['python_setup_py']
[0.273s] Level 1:colcon.colcon_core.package_identification:_identify(src) by extension 'python_setup_py'
[0.273s] Level 1:colcon.colcon_core.package_identification:_identify(src/lab4_perception_example) by extensions ['ignore', 'ignore_ament_install']
[0.273s] Level 1:colcon.colcon_core.package_identification:_identify(src/lab4_perception_example) by extension 'ignore'
[0.273s] Level 1:colcon.colcon_core.package_identification:_identify(src/lab4_perception_example) by extension 'ignore_ament_install'
[0.273s] Level 1:colcon.colcon_core.package_identification:_identify(src/lab4_perception_example) by extensions ['colcon_pkg']
[0.273s] Level 1:colcon.colcon_core.package_identification:_identify(src/lab4_perception_example) by extension 'colcon_pkg'
[0.273s] Level 1:colcon.colcon_core.package_identification:_identify(src/lab4_perception_example) by extensions ['colcon_meta']
[0.273s] Level 1:colcon.colcon_core.package_identification:_identify(src/lab4_perception_example) by extension 'colcon_meta'
[0.273s] Level 1:colcon.colcon_core.package_identification:_identify(src/lab4_perception_example) by extensions ['ros']
[0.273s] Level 1:colcon.colcon_core.package_identification:_identify(src/lab4_perception_example) by extension 'ros'
[0.275s] DEBUG:colcon.colcon_core.package_identification:Package 'src/lab4_perception_example' with type 'ros.ament_python' and name 'lab4_perception_example'
[0.275s] Level 1:colcon.colcon_core.package_identification:_identify(src/yolo_ros) by extensions ['ignore', 'ignore_ament_install']
[0.275s] Level 1:colcon.colcon_core.package_identification:_identify(src/yolo_ros) by extension 'ignore'
[0.275s] Level 1:colcon.colcon_core.package_identification:_identify(src/yolo_ros) by extension 'ignore_ament_install'
[0.275s] Level 1:colcon.colcon_core.package_identification:_identify(src/yolo_ros) by extensions ['colcon_pkg']
[0.275s] Level 1:colcon.colcon_core.package_identification:_identify(src/yolo_ros) by extension 'colcon_pkg'
[0.275s] Level 1:colcon.colcon_core.package_identification:_identify(src/yolo_ros) by extensions ['colcon_meta']
[0.275s] Level 1:colcon.colcon_core.package_identification:_identify(src/yolo_ros) by extension 'colcon_meta'
[0.275s] Level 1:colcon.colcon_core.package_identification:_identify(src/yolo_ros) by extensions ['ros']
[0.276s] Level 1:colcon.colcon_core.package_identification:_identify(src/yolo_ros) by extension 'ros'
[0.276s] Level 1:colcon.colcon_core.package_identification:_identify(src/yolo_ros) by extensions ['cmake', 'python']
[0.276s] Level 1:colcon.colcon_core.package_identification:_identify(src/yolo_ros) by extension 'cmake'
[0.276s] Level 1:colcon.colcon_core.package_identification:_identify(src/yolo_ros) by extension 'python'
[0.276s] Level 1:colcon.colcon_core.package_identification:_identify(src/yolo_ros) by extensions ['python_setup_py']
[0.276s] Level 1:colcon.colcon_core.package_identification:_identify(src/yolo_ros) by extension 'python_setup_py'
[0.276s] Level 1:colcon.colcon_core.package_identification:_identify(src/yolo_ros/docs) by extensions ['ignore', 'ignore_ament_install']
[0.276s] Level 1:colcon.colcon_core.package_identification:_identify(src/yolo_ros/docs) by extension 'ignore'
[0.276s] Level 1:colcon.colcon_core.package_identification:_identify(src/yolo_ros/docs) by extension 'ignore_ament_install'
[0.276s] Level 1:colcon.colcon_core.package_identification:_identify(src/yolo_ros/docs) by extensions ['colcon_pkg']
[0.276s] Level 1:colcon.colcon_core.package_identification:_identify(src/yolo_ros/docs) by extension 'colcon_pkg'
[0.276s] Level 1:colcon.colcon_core.package_identification:_identify(src/yolo_ros/docs) by extensions ['colcon_meta']
[0.276s] Level 1:colcon.colcon_core.package_identification:_identify(src/yolo_ros/docs) by extension 'colcon_meta'
[0.276s] Level 1:colcon.colcon_core.package_identification:_identify(src/yolo_ros/docs) by extensions ['ros']
[0.276s] Level 1:colcon.colcon_core.package_identification:_identify(src/yolo_ros/docs) by extension 'ros'
[0.276s] Level 1:colcon.colcon_core.package_identification:_identify(src/yolo_ros/docs) by extensions ['cmake', 'python']
[0.276s] Level 1:colcon.colcon_core.package_identification:_identify(src/yolo_ros/docs) by extension 'cmake'
[0.276s] Level 1:colcon.colcon_core.package_identification:_identify(src/yolo_ros/docs) by extension 'python'
[0.276s] Level 1:colcon.colcon_core.package_identification:_identify(src/yolo_ros/docs) by extensions ['python_setup_py']
[0.276s] Level 1:colcon.colcon_core.package_identification:_identify(src/yolo_ros/docs) by extension 'python_setup_py'
[0.276s] Level 1:colcon.colcon_core.package_identification:_identify(src/yolo_ros/yolo_bringup) by extensions ['ignore', 'ignore_ament_install']
[0.276s] Level 1:colcon.colcon_core.package_identification:_identify(src/yolo_ros/yolo_bringup) by extension 'ignore'
[0.276s] Level 1:colcon.colcon_core.package_identification:_identify(src/yolo_ros/yolo_bringup) by extension 'ignore_ament_install'
[0.276s] Level 1:colcon.colcon_core.package_identification:_identify(src/yolo_ros/yolo_bringup) by extensions ['colcon_pkg']
[0.276s] Level 1:colcon.colcon_core.package_identification:_identify(src/yolo_ros/yolo_bringup) by extension 'colcon_pkg'
[0.276s] Level 1:colcon.colcon_core.package_identification:_identify(src/yolo_ros/yolo_bringup) by extensions ['colcon_meta']
[0.276s] Level 1:colcon.colcon_core.package_identification:_identify(src/yolo_ros/yolo_bringup) by extension 'colcon_meta'
[0.277s] Level 1:colcon.colcon_core.package_identification:_identify(src/yolo_ros/yolo_bringup) by extensions ['ros']
[0.277s] Level 1:colcon.colcon_core.package_identification:_identify(src/yolo_ros/yolo_bringup) by extension 'ros'
[0.277s] DEBUG:colcon.colcon_core.package_identification:Package 'src/yolo_ros/yolo_bringup' with type 'ros.ament_cmake' and name 'yolo_bringup'
[0.277s] Level 1:colcon.colcon_core.package_identification:_identify(src/yolo_ros/yolo_msgs) by extensions ['ignore', 'ignore_ament_install']
[0.277s] Level 1:colcon.colcon_core.package_identification:_identify(src/yolo_ros/yolo_msgs) by extension 'ignore'
[0.277s] Level 1:colcon.colcon_core.package_identification:_identify(src/yolo_ros/yolo_msgs) by extension 'ignore_ament_install'
[0.277s] Level 1:colcon.colcon_core.package_identification:_identify(src/yolo_ros/yolo_msgs) by extensions ['colcon_pkg']
[0.277s] Level 1:colcon.colcon_core.package_identification:_identify(src/yolo_ros/yolo_msgs) by extension 'colcon_pkg'
[0.277s] Level 1:colcon.colcon_core.package_identification:_identify(src/yolo_ros/yolo_msgs) by extensions ['colcon_meta']
[0.277s] Level 1:colcon.colcon_core.package_identification:_identify(src/yolo_ros/yolo_msgs) by extension 'colcon_meta'
[0.277s] Level 1:colcon.colcon_core.package_identification:_identify(src/yolo_ros/yolo_msgs) by extensions ['ros']
[0.277s] Level 1:colcon.colcon_core.package_identification:_identify(src/yolo_ros/yolo_msgs) by extension 'ros'
[0.278s] DEBUG:colcon.colcon_core.package_identification:Package 'src/yolo_ros/yolo_msgs' with type 'ros.ament_cmake' and name 'yolo_msgs'
[0.278s] Level 1:colcon.colcon_core.package_identification:_identify(src/yolo_ros/yolo_ros) by extensions ['ignore', 'ignore_ament_install']
[0.278s] Level 1:colcon.colcon_core.package_identification:_identify(src/yolo_ros/yolo_ros) by extension 'ignore'
[0.278s] Level 1:colcon.colcon_core.package_identification:_identify(src/yolo_ros/yolo_ros) by extension 'ignore_ament_install'
[0.278s] Level 1:colcon.colcon_core.package_identification:_identify(src/yolo_ros/yolo_ros) by extensions ['colcon_pkg']
[0.278s] Level 1:colcon.colcon_core.package_identification:_identify(src/yolo_ros/yolo_ros) by extension 'colcon_pkg'
[0.278s] Level 1:colcon.colcon_core.package_identification:_identify(src/yolo_ros/yolo_ros) by extensions ['colcon_meta']
[0.278s] Level 1:colcon.colcon_core.package_identification:_identify(src/yolo_ros/yolo_ros) by extension 'colcon_meta'
[0.278s] Level 1:colcon.colcon_core.package_identification:_identify(src/yolo_ros/yolo_ros) by extensions ['ros']
[0.278s] Level 1:colcon.colcon_core.package_identification:_identify(src/yolo_ros/yolo_ros) by extension 'ros'
[0.279s] DEBUG:colcon.colcon_core.package_identification:Package 'src/yolo_ros/yolo_ros' with type 'ros.ament_python' and name 'yolo_ros'
[0.279s] Level 1:colcon.colcon_core.package_discovery:discover_packages(recursive) using defaults
[0.279s] Level 1:colcon.colcon_core.package_discovery:discover_packages(ignore) discover
[0.279s] Level 1:colcon.colcon_core.package_discovery:discover_packages(ignore) using defaults
[0.279s] Level 1:colcon.colcon_core.package_discovery:discover_packages(path) discover
[0.279s] Level 1:colcon.colcon_core.package_discovery:discover_packages(path) using defaults
[0.295s] Level 1:colcon.colcon_core.package_discovery:discover_packages(prefix_path) check parameters
[0.295s] Level 1:colcon.colcon_core.package_discovery:discover_packages(prefix_path) discover
[0.296s] DEBUG:colcon.colcon_installed_package_information.package_discovery:Found 4 installed packages in /home/mtrn/MTRN4231-T9-1/lab4-main/install
[0.298s] DEBUG:colcon.colcon_installed_package_information.package_discovery:Found 351 installed packages in /opt/ros/humble
[0.299s] Level 1:colcon.colcon_core.package_discovery:discover_packages(prefix_path) using defaults
[0.333s] Level 5:colcon.colcon_core.verb:set package 'lab4_perception_example' build argument 'cmake_args' from command line to 'None'
[0.333s] Level 5:colcon.colcon_core.verb:set package 'lab4_perception_example' build argument 'cmake_target' from command line to 'None'
[0.333s] Level 5:colcon.colcon_core.verb:set package 'lab4_perception_example' build argument 'cmake_target_skip_unavailable' from command line to 'False'
[0.333s] Level 5:colcon.colcon_core.verb:set package 'lab4_perception_example' build argument 'cmake_clean_cache' from command line to 'False'
[0.333s] Level 5:colcon.colcon_core.verb:set package 'lab4_perception_example' build argument 'cmake_clean_first' from command line to 'False'
[0.333s] Level 5:colcon.colcon_core.verb:set package 'lab4_perception_example' build argument 'cmake_force_configure' from command line to 'False'
[0.333s] Level 5:colcon.colcon_core.verb:set package 'lab4_perception_example' build argument 'ament_cmake_args' from command line to 'None'
[0.333s] Level 5:colcon.colcon_core.verb:set package 'lab4_perception_example' build argument 'catkin_cmake_args' from command line to 'None'
[0.333s] Level 5:colcon.colcon_core.verb:set package 'lab4_perception_example' build argument 'catkin_skip_building_tests' from command line to 'False'
[0.333s] DEBUG:colcon.colcon_core.verb:Building package 'lab4_perception_example' with the following arguments: {'ament_cmake_args': None, 'build_base': '/home/mtrn/MTRN4231-T9-1/lab4-main/build/lab4_perception_example', 'catkin_cmake_args': None, 'catkin_skip_building_tests': False, 'cmake_args': None, 'cmake_clean_cache': False, 'cmake_clean_first': False, 'cmake_force_configure': False, 'cmake_target': None, 'cmake_target_skip_unavailable': False, 'install_base': '/home/mtrn/MTRN4231-T9-1/lab4-main/install/lab4_perception_example', 'merge_install': False, 'path': '/home/mtrn/MTRN4231-T9-1/lab4-main/src/lab4_perception_example', 'symlink_install': False, 'test_result_base': None}
[0.334s] Level 5:colcon.colcon_core.verb:set package 'yolo_msgs' build argument 'cmake_args' from command line to 'None'
[0.334s] Level 5:colcon.colcon_core.verb:set package 'yolo_msgs' build argument 'cmake_target' from command line to 'None'
[0.334s] Level 5:colcon.colcon_core.verb:set package 'yolo_msgs' build argument 'cmake_target_skip_unavailable' from command line to 'False'
[0.334s] Level 5:colcon.colcon_core.verb:set package 'yolo_msgs' build argument 'cmake_clean_cache' from command line to 'False'
[0.334s] Level 5:colcon.colcon_core.verb:set package 'yolo_msgs' build argument 'cmake_clean_first' from command line to 'False'
[0.334s] Level 5:colcon.colcon_core.verb:set package 'yolo_msgs' build argument 'cmake_force_configure' from command line to 'False'
[0.334s] Level 5:colcon.colcon_core.verb:set package 'yolo_msgs' build argument 'ament_cmake_args' from command line to 'None'
[0.334s] Level 5:colcon.colcon_core.verb:set package 'yolo_msgs' build argument 'catkin_cmake_args' from command line to 'None'
[0.334s] Level 5:colcon.colcon_core.verb:set package 'yolo_msgs' build argument 'catkin_skip_building_tests' from command line to 'False'
[0.334s] DEBUG:colcon.colcon_core.verb:Building package 'yolo_msgs' with the following arguments: {'ament_cmake_args': None, 'build_base': '/home/mtrn/MTRN4231-T9-1/lab4-main/build/yolo_msgs', 'catkin_cmake_args': None, 'catkin_skip_building_tests': False, 'cmake_args': None, 'cmake_clean_cache': False, 'cmake_clean_first': False, 'cmake_force_configure': False, 'cmake_target': None, 'cmake_target_skip_unavailable': False, 'install_base': '/home/mtrn/MTRN4231-T9-1/lab4-main/install/yolo_msgs', 'merge_install': False, 'path': '/home/mtrn/MTRN4231-T9-1/lab4-main/src/yolo_ros/yolo_msgs', 'symlink_install': False, 'test_result_base': None}
[0.334s] Level 5:colcon.colcon_core.verb:set package 'yolo_ros' build argument 'cmake_args' from command line to 'None'
[0.334s] Level 5:colcon.colcon_core.verb:set package 'yolo_ros' build argument 'cmake_target' from command line to 'None'
[0.334s] Level 5:colcon.colcon_core.verb:set package 'yolo_ros' build argument 'cmake_target_skip_unavailable' from command line to 'False'
[0.334s] Level 5:colcon.colcon_core.verb:set package 'yolo_ros' build argument 'cmake_clean_cache' from command line to 'False'
[0.334s] Level 5:colcon.colcon_core.verb:set package 'yolo_ros' build argument 'cmake_clean_first' from command line to 'False'
[0.334s] Level 5:colcon.colcon_core.verb:set package 'yolo_ros' build argument 'cmake_force_configure' from command line to 'False'
[0.334s] Level 5:colcon.colcon_core.verb:set package 'yolo_ros' build argument 'ament_cmake_args' from command line to 'None'
[0.334s] Level 5:colcon.colcon_core.verb:set package 'yolo_ros' build argument 'catkin_cmake_args' from command line to 'None'
[0.334s] Level 5:colcon.colcon_core.verb:set package 'yolo_ros' build argument 'catkin_skip_building_tests' from command line to 'False'
[0.334s] DEBUG:colcon.colcon_core.verb:Building package 'yolo_ros' with the following arguments: {'ament_cmake_args': None, 'build_base': '/home/mtrn/MTRN4231-T9-1/lab4-main/build/yolo_ros', 'catkin_cmake_args': None, 'catkin_skip_building_tests': False, 'cmake_args': None, 'cmake_clean_cache': False, 'cmake_clean_first': False, 'cmake_force_configure': False, 'cmake_target': None, 'cmake_target_skip_unavailable': False, 'install_base': '/home/mtrn/MTRN4231-T9-1/lab4-main/install/yolo_ros', 'merge_install': False, 'path': '/home/mtrn/MTRN4231-T9-1/lab4-main/src/yolo_ros/yolo_ros', 'symlink_install': False, 'test_result_base': None}
[0.335s] Level 5:colcon.colcon_core.verb:set package 'yolo_bringup' build argument 'cmake_args' from command line to 'None'
[0.335s] Level 5:colcon.colcon_core.verb:set package 'yolo_bringup' build argument 'cmake_target' from command line to 'None'
[0.335s] Level 5:colcon.colcon_core.verb:set package 'yolo_bringup' build argument 'cmake_target_skip_unavailable' from command line to 'False'
[0.335s] Level 5:colcon.colcon_core.verb:set package 'yolo_bringup' build argument 'cmake_clean_cache' from command line to 'False'
[0.335s] Level 5:colcon.colcon_core.verb:set package 'yolo_bringup' build argument 'cmake_clean_first' from command line to 'False'
[0.335s] Level 5:colcon.colcon_core.verb:set package 'yolo_bringup' build argument 'cmake_force_configure' from command line to 'False'
[0.335s] Level 5:colcon.colcon_core.verb:set package 'yolo_bringup' build argument 'ament_cmake_args' from command line to 'None'
[0.335s] Level 5:colcon.colcon_core.verb:set package 'yolo_bringup' build argument 'catkin_cmake_args' from command line to 'None'
[0.335s] Level 5:colcon.colcon_core.verb:set package 'yolo_bringup' build argument 'catkin_skip_building_tests' from command line to 'False'
[0.335s] DEBUG:colcon.colcon_core.verb:Building package 'yolo_bringup' with the following arguments: {'ament_cmake_args': None, 'build_base': '/home/mtrn/MTRN4231-T9-1/lab4-main/build/yolo_bringup', 'catkin_cmake_args': None, 'catkin_skip_building_tests': False, 'cmake_args': None, 'cmake_clean_cache': False, 'cmake_clean_first': False, 'cmake_force_configure': False, 'cmake_target': None, 'cmake_target_skip_unavailable': False, 'install_base': '/home/mtrn/MTRN4231-T9-1/lab4-main/install/yolo_bringup', 'merge_install': False, 'path': '/home/mtrn/MTRN4231-T9-1/lab4-main/src/yolo_ros/yolo_bringup', 'symlink_install': False, 'test_result_base': None}
[0.335s] INFO:colcon.colcon_core.executor:Executing jobs using 'parallel' executor
[0.336s] DEBUG:colcon.colcon_parallel_executor.executor.parallel:run_until_complete
[0.336s] INFO:colcon.colcon_ros.task.ament_cmake.build:Building ROS package in '/home/mtrn/MTRN4231-T9-1/lab4-main/src/yolo_ros/yolo_msgs' with build type 'ament_cmake'
[0.336s] INFO:colcon.colcon_cmake.task.cmake.build:Building CMake package in '/home/mtrn/MTRN4231-T9-1/lab4-main/src/yolo_ros/yolo_msgs'
[0.338s] INFO:colcon.colcon_core.plugin_system:Skipping extension 'colcon_core.shell.bat': Not used on non-Windows systems
[0.338s] INFO:colcon.colcon_core.shell:Skip shell extension 'powershell' for command environment: Not usable outside of PowerShell
[0.338s] DEBUG:colcon.colcon_core.shell:Skip shell extension 'dsv' for command environment
[0.341s] INFO:colcon.colcon_ros.task.ament_python.build:Building ROS package in '/home/mtrn/MTRN4231-T9-1/lab4-main/src/lab4_perception_example' with build type 'ament_python'
[0.341s] Level 1:colcon.colcon_core.shell:create_environment_hook('lab4_perception_example', 'ament_prefix_path')
[0.342s] INFO:colcon.colcon_core.shell:Creating environment hook '/home/mtrn/MTRN4231-T9-1/lab4-main/install/lab4_perception_example/share/lab4_perception_example/hook/ament_prefix_path.ps1'
[0.342s] INFO:colcon.colcon_core.shell:Creating environment descriptor '/home/mtrn/MTRN4231-T9-1/lab4-main/install/lab4_perception_example/share/lab4_perception_example/hook/ament_prefix_path.dsv'
[0.343s] INFO:colcon.colcon_core.shell:Creating environment hook '/home/mtrn/MTRN4231-T9-1/lab4-main/install/lab4_perception_example/share/lab4_perception_example/hook/ament_prefix_path.sh'
[0.343s] INFO:colcon.colcon_core.shell:Skip shell extension 'powershell' for command environment: Not usable outside of PowerShell
[0.343s] DEBUG:colcon.colcon_core.shell:Skip shell extension 'dsv' for command environment
[0.352s] DEBUG:colcon.colcon_core.event_handler.log_command:Invoking command in '/home/mtrn/MTRN4231-T9-1/lab4-main/build/yolo_msgs': CMAKE_PREFIX_PATH=${CMAKE_PREFIX_PATH}:/home/mtrn/MTRN4231-T9-1/lab4-main/install/yolo_ros:/home/mtrn/MTRN4231-T9-1/lab4-main/install/lab4_perception_example:/opt/ros/humble /home/mtrn/.local/bin/cmake --build /home/mtrn/MTRN4231-T9-1/lab4-main/build/yolo_msgs -- -j20 -l20
[0.571s] INFO:colcon.colcon_core.task.python.build:Building Python package in '/home/mtrn/MTRN4231-T9-1/lab4-main/src/lab4_perception_example'
[0.572s] INFO:colcon.colcon_core.shell:Skip shell extension 'powershell' for command environment: Not usable outside of PowerShell
[0.572s] DEBUG:colcon.colcon_core.shell:Skip shell extension 'dsv' for command environment
[0.762s] DEBUG:colcon.colcon_core.event_handler.log_command:Invoked command in '/home/mtrn/MTRN4231-T9-1/lab4-main/build/yolo_msgs' returned '0': CMAKE_PREFIX_PATH=${CMAKE_PREFIX_PATH}:/home/mtrn/MTRN4231-T9-1/lab4-main/install/yolo_ros:/home/mtrn/MTRN4231-T9-1/lab4-main/install/lab4_perception_example:/opt/ros/humble /home/mtrn/.local/bin/cmake --build /home/mtrn/MTRN4231-T9-1/lab4-main/build/yolo_msgs -- -j20 -l20
[0.990s] DEBUG:colcon.colcon_core.event_handler.log_command:Invoking command in '/home/mtrn/MTRN4231-T9-1/lab4-main/src/lab4_perception_example': PYTHONPATH=/home/mtrn/MTRN4231-T9-1/lab4-main/build/lab4_perception_example/prefix_override:/usr/lib/python3/dist-packages/colcon_core/task/python/colcon_distutils_commands:/home/mtrn/MTRN4231-T9-1/lab4-main/install/lab4_perception_example/lib/python3.10/site-packages:${PYTHONPATH} /usr/bin/python3 -W ignore:setup.py install is deprecated setup.py egg_info --egg-base ../../build/lab4_perception_example build --build-base /home/mtrn/MTRN4231-T9-1/lab4-main/build/lab4_perception_example/build install --record /home/mtrn/MTRN4231-T9-1/lab4-main/build/lab4_perception_example/install.log --single-version-externally-managed install_data
[1.272s] DEBUG:colcon.colcon_core.event_handler.log_command:Invoked command in '/home/mtrn/MTRN4231-T9-1/lab4-main/src/lab4_perception_example' returned '0': PYTHONPATH=/home/mtrn/MTRN4231-T9-1/lab4-main/build/lab4_perception_example/prefix_override:/usr/lib/python3/dist-packages/colcon_core/task/python/colcon_distutils_commands:/home/mtrn/MTRN4231-T9-1/lab4-main/install/lab4_perception_example/lib/python3.10/site-packages:${PYTHONPATH} /usr/bin/python3 -W ignore:setup.py install is deprecated setup.py egg_info --egg-base ../../build/lab4_perception_example build --build-base /home/mtrn/MTRN4231-T9-1/lab4-main/build/lab4_perception_example/build install --record /home/mtrn/MTRN4231-T9-1/lab4-main/build/lab4_perception_example/install.log --single-version-externally-managed install_data
[1.277s] Level 1:colcon.colcon_core.environment:checking '/home/mtrn/MTRN4231-T9-1/lab4-main/install/lab4_perception_example' for CMake module files
[1.278s] Level 1:colcon.colcon_core.environment:checking '/home/mtrn/MTRN4231-T9-1/lab4-main/install/lab4_perception_example' for CMake config files
[1.280s] Level 1:colcon.colcon_core.environment:checking '/home/mtrn/MTRN4231-T9-1/lab4-main/install/lab4_perception_example/lib'
[1.280s] Level 1:colcon.colcon_core.environment:checking '/home/mtrn/MTRN4231-T9-1/lab4-main/install/lab4_perception_example/bin'
[1.280s] Level 1:colcon.colcon_core.environment:checking '/home/mtrn/MTRN4231-T9-1/lab4-main/install/lab4_perception_example/lib/pkgconfig/lab4_perception_example.pc'
[1.281s] Level 1:colcon.colcon_core.environment:checking '/home/mtrn/MTRN4231-T9-1/lab4-main/install/lab4_perception_example/lib/python3.10/site-packages'
[1.281s] Level 1:colcon.colcon_core.shell:create_environment_hook('lab4_perception_example', 'pythonpath')
[1.282s] INFO:colcon.colcon_core.shell:Creating environment hook '/home/mtrn/MTRN4231-T9-1/lab4-main/install/lab4_perception_example/share/lab4_perception_example/hook/pythonpath.ps1'
[1.283s] INFO:colcon.colcon_core.shell:Creating environment descriptor '/home/mtrn/MTRN4231-T9-1/lab4-main/install/lab4_perception_example/share/lab4_perception_example/hook/pythonpath.dsv'
[1.284s] INFO:colcon.colcon_core.shell:Creating environment hook '/home/mtrn/MTRN4231-T9-1/lab4-main/install/lab4_perception_example/share/lab4_perception_example/hook/pythonpath.sh'
[1.285s] Level 1:colcon.colcon_core.environment:checking '/home/mtrn/MTRN4231-T9-1/lab4-main/install/lab4_perception_example/bin'
[1.285s] Level 1:colcon.colcon_core.environment:create_environment_scripts_only(lab4_perception_example)
[1.286s] INFO:colcon.colcon_core.shell:Creating package script '/home/mtrn/MTRN4231-T9-1/lab4-main/install/lab4_perception_example/share/lab4_perception_example/package.ps1'
[1.288s] INFO:colcon.colcon_core.shell:Creating package descriptor '/home/mtrn/MTRN4231-T9-1/lab4-main/install/lab4_perception_example/share/lab4_perception_example/package.dsv'
[1.289s] INFO:colcon.colcon_core.shell:Creating package script '/home/mtrn/MTRN4231-T9-1/lab4-main/install/lab4_perception_example/share/lab4_perception_example/package.sh'
[1.290s] INFO:colcon.colcon_core.shell:Creating package script '/home/mtrn/MTRN4231-T9-1/lab4-main/install/lab4_perception_example/share/lab4_perception_example/package.bash'
[1.291s] INFO:colcon.colcon_core.shell:Creating package script '/home/mtrn/MTRN4231-T9-1/lab4-main/install/lab4_perception_example/share/lab4_perception_example/package.zsh'
[1.292s] Level 1:colcon.colcon_core.environment:create_file_with_runtime_dependencies(/home/mtrn/MTRN4231-T9-1/lab4-main/install/lab4_perception_example/share/colcon-core/packages/lab4_perception_example)
[1.440s] DEBUG:colcon.colcon_core.event_handler.log_command:Invoking command in '/home/mtrn/MTRN4231-T9-1/lab4-main/build/yolo_msgs': CMAKE_PREFIX_PATH=${CMAKE_PREFIX_PATH}:/home/mtrn/MTRN4231-T9-1/lab4-main/install/yolo_ros:/home/mtrn/MTRN4231-T9-1/lab4-main/install/lab4_perception_example:/opt/ros/humble /home/mtrn/.local/bin/cmake --install /home/mtrn/MTRN4231-T9-1/lab4-main/build/yolo_msgs
[1.571s] Level 1:colcon.colcon_core.environment:create_environment_scripts_only(yolo_msgs)
[1.572s] Level 1:colcon.colcon_core.environment:checking '/home/mtrn/MTRN4231-T9-1/lab4-main/install/yolo_msgs' for CMake module files
[1.573s] DEBUG:colcon.colcon_core.event_handler.log_command:Invoked command in '/home/mtrn/MTRN4231-T9-1/lab4-main/build/yolo_msgs' returned '0': CMAKE_PREFIX_PATH=${CMAKE_PREFIX_PATH}:/home/mtrn/MTRN4231-T9-1/lab4-main/install/yolo_ros:/home/mtrn/MTRN4231-T9-1/lab4-main/install/lab4_perception_example:/opt/ros/humble /home/mtrn/.local/bin/cmake --install /home/mtrn/MTRN4231-T9-1/lab4-main/build/yolo_msgs
[1.574s] Level 1:colcon.colcon_core.environment:checking '/home/mtrn/MTRN4231-T9-1/lab4-main/install/yolo_msgs' for CMake config files
[1.576s] Level 1:colcon.colcon_core.shell:create_environment_hook('yolo_msgs', 'cmake_prefix_path')
[1.576s] INFO:colcon.colcon_core.shell:Creating environment hook '/home/mtrn/MTRN4231-T9-1/lab4-main/install/yolo_msgs/share/yolo_msgs/hook/cmake_prefix_path.ps1'
[1.577s] INFO:colcon.colcon_core.shell:Creating environment descriptor '/home/mtrn/MTRN4231-T9-1/lab4-main/install/yolo_msgs/share/yolo_msgs/hook/cmake_prefix_path.dsv'
[1.578s] INFO:colcon.colcon_core.shell:Creating environment hook '/home/mtrn/MTRN4231-T9-1/lab4-main/install/yolo_msgs/share/yolo_msgs/hook/cmake_prefix_path.sh'
[1.579s] Level 1:colcon.colcon_core.environment:checking '/home/mtrn/MTRN4231-T9-1/lab4-main/install/yolo_msgs/lib'
[1.579s] Level 1:colcon.colcon_core.shell:create_environment_hook('yolo_msgs', 'ld_library_path_lib')
[1.580s] INFO:colcon.colcon_core.shell:Creating environment hook '/home/mtrn/MTRN4231-T9-1/lab4-main/install/yolo_msgs/share/yolo_msgs/hook/ld_library_path_lib.ps1'
[1.580s] INFO:colcon.colcon_core.shell:Creating environment descriptor '/home/mtrn/MTRN4231-T9-1/lab4-main/install/yolo_msgs/share/yolo_msgs/hook/ld_library_path_lib.dsv'
[1.581s] INFO:colcon.colcon_core.shell:Creating environment hook '/home/mtrn/MTRN4231-T9-1/lab4-main/install/yolo_msgs/share/yolo_msgs/hook/ld_library_path_lib.sh'
[1.581s] Level 1:colcon.colcon_core.environment:checking '/home/mtrn/MTRN4231-T9-1/lab4-main/install/yolo_msgs/bin'
[1.581s] Level 1:colcon.colcon_core.environment:checking '/home/mtrn/MTRN4231-T9-1/lab4-main/install/yolo_msgs/lib/pkgconfig/yolo_msgs.pc'
[1.582s] Level 1:colcon.colcon_core.environment:checking '/home/mtrn/MTRN4231-T9-1/lab4-main/install/yolo_msgs/lib/python3.10/site-packages'
[1.582s] Level 1:colcon.colcon_core.environment:checking '/home/mtrn/MTRN4231-T9-1/lab4-main/install/yolo_msgs/bin'
[1.582s] INFO:colcon.colcon_core.shell:Creating package script '/home/mtrn/MTRN4231-T9-1/lab4-main/install/yolo_msgs/share/yolo_msgs/package.ps1'
[1.583s] INFO:colcon.colcon_core.shell:Creating package descriptor '/home/mtrn/MTRN4231-T9-1/lab4-main/install/yolo_msgs/share/yolo_msgs/package.dsv'
[1.584s] INFO:colcon.colcon_core.shell:Creating package script '/home/mtrn/MTRN4231-T9-1/lab4-main/install/yolo_msgs/share/yolo_msgs/package.sh'
[1.584s] INFO:colcon.colcon_core.shell:Creating package script '/home/mtrn/MTRN4231-T9-1/lab4-main/install/yolo_msgs/share/yolo_msgs/package.bash'
[1.585s] INFO:colcon.colcon_core.shell:Creating package script '/home/mtrn/MTRN4231-T9-1/lab4-main/install/yolo_msgs/share/yolo_msgs/package.zsh'
[1.585s] Level 1:colcon.colcon_core.environment:create_file_with_runtime_dependencies(/home/mtrn/MTRN4231-T9-1/lab4-main/install/yolo_msgs/share/colcon-core/packages/yolo_msgs)
[2.282s] Level 1:colcon.colcon_core.environment:create_environment_scripts_only(yolo_msgs)
[2.283s] Level 1:colcon.colcon_core.environment:checking '/home/mtrn/MTRN4231-T9-1/lab4-main/install/yolo_msgs' for CMake module files
[2.285s] Level 1:colcon.colcon_core.environment:checking '/home/mtrn/MTRN4231-T9-1/lab4-main/install/yolo_msgs' for CMake config files
[2.287s] Level 1:colcon.colcon_core.shell:create_environment_hook('yolo_msgs', 'cmake_prefix_path')
[2.287s] INFO:colcon.colcon_core.shell:Creating environment hook '/home/mtrn/MTRN4231-T9-1/lab4-main/install/yolo_msgs/share/yolo_msgs/hook/cmake_prefix_path.ps1'
[2.289s] INFO:colcon.colcon_core.shell:Creating environment descriptor '/home/mtrn/MTRN4231-T9-1/lab4-main/install/yolo_msgs/share/yolo_msgs/hook/cmake_prefix_path.dsv'
[2.290s] INFO:colcon.colcon_core.shell:Creating environment hook '/home/mtrn/MTRN4231-T9-1/lab4-main/install/yolo_msgs/share/yolo_msgs/hook/cmake_prefix_path.sh'
[2.291s] Level 1:colcon.colcon_core.environment:checking '/home/mtrn/MTRN4231-T9-1/lab4-main/install/yolo_msgs/lib'
[2.291s] Level 1:colcon.colcon_core.shell:create_environment_hook('yolo_msgs', 'ld_library_path_lib')
[2.291s] INFO:colcon.colcon_core.shell:Creating environment hook '/home/mtrn/MTRN4231-T9-1/lab4-main/install/yolo_msgs/share/yolo_msgs/hook/ld_library_path_lib.ps1'
[2.292s] INFO:colcon.colcon_core.shell:Creating environment descriptor '/home/mtrn/MTRN4231-T9-1/lab4-main/install/yolo_msgs/share/yolo_msgs/hook/ld_library_path_lib.dsv'
[2.293s] INFO:colcon.colcon_core.shell:Creating environment hook '/home/mtrn/MTRN4231-T9-1/lab4-main/install/yolo_msgs/share/yolo_msgs/hook/ld_library_path_lib.sh'
[2.293s] Level 1:colcon.colcon_core.environment:checking '/home/mtrn/MTRN4231-T9-1/lab4-main/install/yolo_msgs/bin'
[2.293s] Level 1:colcon.colcon_core.environment:checking '/home/mtrn/MTRN4231-T9-1/lab4-main/install/yolo_msgs/lib/pkgconfig/yolo_msgs.pc'
[2.294s] Level 1:colcon.colcon_core.environment:checking '/home/mtrn/MTRN4231-T9-1/lab4-main/install/yolo_msgs/lib/python3.10/site-packages'
[2.294s] Level 1:colcon.colcon_core.environment:checking '/home/mtrn/MTRN4231-T9-1/lab4-main/install/yolo_msgs/bin'
[2.295s] INFO:colcon.colcon_core.shell:Creating package script '/home/mtrn/MTRN4231-T9-1/lab4-main/install/yolo_msgs/share/yolo_msgs/package.ps1'
[2.296s] INFO:colcon.colcon_core.shell:Creating package descriptor '/home/mtrn/MTRN4231-T9-1/lab4-main/install/yolo_msgs/share/yolo_msgs/package.dsv'
[2.297s] INFO:colcon.colcon_core.shell:Creating package script '/home/mtrn/MTRN4231-T9-1/lab4-main/install/yolo_msgs/share/yolo_msgs/package.sh'
[2.298s] INFO:colcon.colcon_core.shell:Creating package script '/home/mtrn/MTRN4231-T9-1/lab4-main/install/yolo_msgs/share/yolo_msgs/package.bash'
[2.298s] INFO:colcon.colcon_core.shell:Creating package script '/home/mtrn/MTRN4231-T9-1/lab4-main/install/yolo_msgs/share/yolo_msgs/package.zsh'
[2.299s] Level 1:colcon.colcon_core.environment:create_file_with_runtime_dependencies(/home/mtrn/MTRN4231-T9-1/lab4-main/install/yolo_msgs/share/colcon-core/packages/yolo_msgs)
[2.300s] INFO:colcon.colcon_ros.task.ament_python.build:Building ROS package in '/home/mtrn/MTRN4231-T9-1/lab4-main/src/yolo_ros/yolo_ros' with build type 'ament_python'
[2.300s] Level 1:colcon.colcon_core.shell:create_environment_hook('yolo_ros', 'ament_prefix_path')
[2.300s] INFO:colcon.colcon_core.shell:Creating environment hook '/home/mtrn/MTRN4231-T9-1/lab4-main/install/yolo_ros/share/yolo_ros/hook/ament_prefix_path.ps1'
[2.302s] INFO:colcon.colcon_core.shell:Creating environment descriptor '/home/mtrn/MTRN4231-T9-1/lab4-main/install/yolo_ros/share/yolo_ros/hook/ament_prefix_path.dsv'
[2.303s] INFO:colcon.colcon_core.shell:Creating environment hook '/home/mtrn/MTRN4231-T9-1/lab4-main/install/yolo_ros/share/yolo_ros/hook/ament_prefix_path.sh'
[2.304s] INFO:colcon.colcon_core.shell:Skip shell extension 'powershell' for command environment: Not usable outside of PowerShell
[2.304s] DEBUG:colcon.colcon_core.shell:Skip shell extension 'dsv' for command environment
[2.615s] INFO:colcon.colcon_core.task.python.build:Building Python package in '/home/mtrn/MTRN4231-T9-1/lab4-main/src/yolo_ros/yolo_ros'
[2.615s] INFO:colcon.colcon_core.shell:Skip shell extension 'powershell' for command environment: Not usable outside of PowerShell
[2.615s] DEBUG:colcon.colcon_core.shell:Skip shell extension 'dsv' for command environment
[2.995s] DEBUG:colcon.colcon_core.event_handler.log_command:Invoking command in '/home/mtrn/MTRN4231-T9-1/lab4-main/src/yolo_ros/yolo_ros': CMAKE_PREFIX_PATH=/home/mtrn/MTRN4231-T9-1/lab4-main/install/yolo_msgs:/home/mtrn/MTRN4231-T9-1/lab4-main/install/yolo_bringup PYTHONPATH=/home/mtrn/MTRN4231-T9-1/lab4-main/build/yolo_ros/prefix_override:/usr/lib/python3/dist-packages/colcon_core/task/python/colcon_distutils_commands:/home/mtrn/MTRN4231-T9-1/lab4-main/install/yolo_ros/lib/python3.10/site-packages:${PYTHONPATH} /usr/bin/python3 -W ignore:setup.py install is deprecated setup.py egg_info --egg-base ../../../build/yolo_ros build --build-base /home/mtrn/MTRN4231-T9-1/lab4-main/build/yolo_ros/build install --record /home/mtrn/MTRN4231-T9-1/lab4-main/build/yolo_ros/install.log --single-version-externally-managed install_data
[3.239s] Level 1:colcon.colcon_core.environment:checking '/home/mtrn/MTRN4231-T9-1/lab4-main/install/yolo_ros' for CMake module files
[3.240s] DEBUG:colcon.colcon_core.event_handler.log_command:Invoked command in '/home/mtrn/MTRN4231-T9-1/lab4-main/src/yolo_ros/yolo_ros' returned '0': CMAKE_PREFIX_PATH=/home/mtrn/MTRN4231-T9-1/lab4-main/install/yolo_msgs:/home/mtrn/MTRN4231-T9-1/lab4-main/install/yolo_bringup PYTHONPATH=/home/mtrn/MTRN4231-T9-1/lab4-main/build/yolo_ros/prefix_override:/usr/lib/python3/dist-packages/colcon_core/task/python/colcon_distutils_commands:/home/mtrn/MTRN4231-T9-1/lab4-main/install/yolo_ros/lib/python3.10/site-packages:${PYTHONPATH} /usr/bin/python3 -W ignore:setup.py install is deprecated setup.py egg_info --egg-base ../../../build/yolo_ros build --build-base /home/mtrn/MTRN4231-T9-1/lab4-main/build/yolo_ros/build install --record /home/mtrn/MTRN4231-T9-1/lab4-main/build/yolo_ros/install.log --single-version-externally-managed install_data
[3.240s] Level 1:colcon.colcon_core.environment:checking '/home/mtrn/MTRN4231-T9-1/lab4-main/install/yolo_ros' for CMake config files
[3.241s] Level 1:colcon.colcon_core.environment:checking '/home/mtrn/MTRN4231-T9-1/lab4-main/install/yolo_ros/lib'
[3.241s] Level 1:colcon.colcon_core.environment:checking '/home/mtrn/MTRN4231-T9-1/lab4-main/install/yolo_ros/bin'
[3.241s] Level 1:colcon.colcon_core.environment:checking '/home/mtrn/MTRN4231-T9-1/lab4-main/install/yolo_ros/lib/pkgconfig/yolo_ros.pc'
[3.241s] Level 1:colcon.colcon_core.environment:checking '/home/mtrn/MTRN4231-T9-1/lab4-main/install/yolo_ros/lib/python3.10/site-packages'
[3.241s] Level 1:colcon.colcon_core.shell:create_environment_hook('yolo_ros', 'pythonpath')
[3.241s] INFO:colcon.colcon_core.shell:Creating environment hook '/home/mtrn/MTRN4231-T9-1/lab4-main/install/yolo_ros/share/yolo_ros/hook/pythonpath.ps1'
[3.242s] INFO:colcon.colcon_core.shell:Creating environment descriptor '/home/mtrn/MTRN4231-T9-1/lab4-main/install/yolo_ros/share/yolo_ros/hook/pythonpath.dsv'
[3.242s] INFO:colcon.colcon_core.shell:Creating environment hook '/home/mtrn/MTRN4231-T9-1/lab4-main/install/yolo_ros/share/yolo_ros/hook/pythonpath.sh'
[3.243s] Level 1:colcon.colcon_core.environment:checking '/home/mtrn/MTRN4231-T9-1/lab4-main/install/yolo_ros/bin'
[3.243s] Level 1:colcon.colcon_core.environment:create_environment_scripts_only(yolo_ros)
[3.243s] INFO:colcon.colcon_core.shell:Creating package script '/home/mtrn/MTRN4231-T9-1/lab4-main/install/yolo_ros/share/yolo_ros/package.ps1'
[3.243s] INFO:colcon.colcon_core.shell:Creating package descriptor '/home/mtrn/MTRN4231-T9-1/lab4-main/install/yolo_ros/share/yolo_ros/package.dsv'
[3.244s] INFO:colcon.colcon_core.shell:Creating package script '/home/mtrn/MTRN4231-T9-1/lab4-main/install/yolo_ros/share/yolo_ros/package.sh'
[3.244s] INFO:colcon.colcon_core.shell:Creating package script '/home/mtrn/MTRN4231-T9-1/lab4-main/install/yolo_ros/share/yolo_ros/package.bash'
[3.244s] INFO:colcon.colcon_core.shell:Creating package script '/home/mtrn/MTRN4231-T9-1/lab4-main/install/yolo_ros/share/yolo_ros/package.zsh'
[3.245s] Level 1:colcon.colcon_core.environment:create_file_with_runtime_dependencies(/home/mtrn/MTRN4231-T9-1/lab4-main/install/yolo_ros/share/colcon-core/packages/yolo_ros)
[3.245s] INFO:colcon.colcon_ros.task.ament_cmake.build:Building ROS package in '/home/mtrn/MTRN4231-T9-1/lab4-main/src/yolo_ros/yolo_bringup' with build type 'ament_cmake'
[3.245s] INFO:colcon.colcon_cmake.task.cmake.build:Building CMake package in '/home/mtrn/MTRN4231-T9-1/lab4-main/src/yolo_ros/yolo_bringup'
[3.245s] INFO:colcon.colcon_core.shell:Skip shell extension 'powershell' for command environment: Not usable outside of PowerShell
[3.245s] DEBUG:colcon.colcon_core.shell:Skip shell extension 'dsv' for command environment
[3.261s] DEBUG:colcon.colcon_core.event_handler.log_command:Invoking command in '/home/mtrn/MTRN4231-T9-1/lab4-main/build/yolo_bringup': AMENT_PREFIX_PATH=/home/mtrn/MTRN4231-T9-1/lab4-main/install/yolo_ros:/home/mtrn/MTRN4231-T9-1/lab4-main/install/yolo_bringup:/home/mtrn/MTRN4231-T9-1/lab4-main/install/yolo_msgs:/home/mtrn/MTRN4231-T9-1/lab4-main/install/lab4_perception_example:/opt/ros/humble CMAKE_PREFIX_PATH=/home/mtrn/MTRN4231-T9-1/lab4-main/install/yolo_msgs:/home/mtrn/MTRN4231-T9-1/lab4-main/install/yolo_bringup:/home/mtrn/MTRN4231-T9-1/lab4-main/install/yolo_ros:/home/mtrn/MTRN4231-T9-1/lab4-main/install/lab4_perception_example:/opt/ros/humble /home/mtrn/.local/bin/cmake --build /home/mtrn/MTRN4231-T9-1/lab4-main/build/yolo_bringup -- -j20 -l20
[3.331s] DEBUG:colcon.colcon_core.event_handler.log_command:Invoked command in '/home/mtrn/MTRN4231-T9-1/lab4-main/build/yolo_bringup' returned '0': AMENT_PREFIX_PATH=/home/mtrn/MTRN4231-T9-1/lab4-main/install/yolo_ros:/home/mtrn/MTRN4231-T9-1/lab4-main/install/yolo_bringup:/home/mtrn/MTRN4231-T9-1/lab4-main/install/yolo_msgs:/home/mtrn/MTRN4231-T9-1/lab4-main/install/lab4_perception_example:/opt/ros/humble CMAKE_PREFIX_PATH=/home/mtrn/MTRN4231-T9-1/lab4-main/install/yolo_msgs:/home/mtrn/MTRN4231-T9-1/lab4-main/install/yolo_bringup:/home/mtrn/MTRN4231-T9-1/lab4-main/install/yolo_ros:/home/mtrn/MTRN4231-T9-1/lab4-main/install/lab4_perception_example:/opt/ros/humble /home/mtrn/.local/bin/cmake --build /home/mtrn/MTRN4231-T9-1/lab4-main/build/yolo_bringup -- -j20 -l20
[3.423s] DEBUG:colcon.colcon_core.event_handler.log_command:Invoking command in '/home/mtrn/MTRN4231-T9-1/lab4-main/build/yolo_bringup': AMENT_PREFIX_PATH=/home/mtrn/MTRN4231-T9-1/lab4-main/install/yolo_ros:/home/mtrn/MTRN4231-T9-1/lab4-main/install/yolo_bringup:/home/mtrn/MTRN4231-T9-1/lab4-main/install/yolo_msgs:/home/mtrn/MTRN4231-T9-1/lab4-main/install/lab4_perception_example:/opt/ros/humble CMAKE_PREFIX_PATH=/home/mtrn/MTRN4231-T9-1/lab4-main/install/yolo_msgs:/home/mtrn/MTRN4231-T9-1/lab4-main/install/yolo_bringup:/home/mtrn/MTRN4231-T9-1/lab4-main/install/yolo_ros:/home/mtrn/MTRN4231-T9-1/lab4-main/install/lab4_perception_example:/opt/ros/humble /home/mtrn/.local/bin/cmake --install /home/mtrn/MTRN4231-T9-1/lab4-main/build/yolo_bringup
[3.470s] Level 1:colcon.colcon_core.environment:create_environment_scripts_only(yolo_bringup)
[3.471s] Level 1:colcon.colcon_core.environment:checking '/home/mtrn/MTRN4231-T9-1/lab4-main/install/yolo_bringup' for CMake module files
[3.472s] DEBUG:colcon.colcon_core.event_handler.log_command:Invoked command in '/home/mtrn/MTRN4231-T9-1/lab4-main/build/yolo_bringup' returned '0': AMENT_PREFIX_PATH=/home/mtrn/MTRN4231-T9-1/lab4-main/install/yolo_ros:/home/mtrn/MTRN4231-T9-1/lab4-main/install/yolo_bringup:/home/mtrn/MTRN4231-T9-1/lab4-main/install/yolo_msgs:/home/mtrn/MTRN4231-T9-1/lab4-main/install/lab4_perception_example:/opt/ros/humble CMAKE_PREFIX_PATH=/home/mtrn/MTRN4231-T9-1/lab4-main/install/yolo_msgs:/home/mtrn/MTRN4231-T9-1/lab4-main/install/yolo_bringup:/home/mtrn/MTRN4231-T9-1/lab4-main/install/yolo_ros:/home/mtrn/MTRN4231-T9-1/lab4-main/install/lab4_perception_example:/opt/ros/humble /home/mtrn/.local/bin/cmake --install /home/mtrn/MTRN4231-T9-1/lab4-main/build/yolo_bringup
[3.473s] Level 1:colcon.colcon_core.environment:checking '/home/mtrn/MTRN4231-T9-1/lab4-main/install/yolo_bringup' for CMake config files
[3.473s] Level 1:colcon.colcon_core.shell:create_environment_hook('yolo_bringup', 'cmake_prefix_path')
[3.474s] INFO:colcon.colcon_core.shell:Creating environment hook '/home/mtrn/MTRN4231-T9-1/lab4-main/install/yolo_bringup/share/yolo_bringup/hook/cmake_prefix_path.ps1'
[3.475s] INFO:colcon.colcon_core.shell:Creating environment descriptor '/home/mtrn/MTRN4231-T9-1/lab4-main/install/yolo_bringup/share/yolo_bringup/hook/cmake_prefix_path.dsv'
[3.475s] INFO:colcon.colcon_core.shell:Creating environment hook '/home/mtrn/MTRN4231-T9-1/lab4-main/install/yolo_bringup/share/yolo_bringup/hook/cmake_prefix_path.sh'
[3.477s] Level 1:colcon.colcon_core.environment:checking '/home/mtrn/MTRN4231-T9-1/lab4-main/install/yolo_bringup/bin'
[3.477s] Level 1:colcon.colcon_core.environment:checking '/home/mtrn/MTRN4231-T9-1/lab4-main/install/yolo_bringup/lib/pkgconfig/yolo_bringup.pc'
[3.477s] Level 1:colcon.colcon_core.environment:checking '/home/mtrn/MTRN4231-T9-1/lab4-main/install/yolo_bringup/lib/python3.10/site-packages'
[3.478s] Level 1:colcon.colcon_core.environment:checking '/home/mtrn/MTRN4231-T9-1/lab4-main/install/yolo_bringup/bin'
[3.478s] INFO:colcon.colcon_core.shell:Creating package script '/home/mtrn/MTRN4231-T9-1/lab4-main/install/yolo_bringup/share/yolo_bringup/package.ps1'
[3.479s] INFO:colcon.colcon_core.shell:Creating package descriptor '/home/mtrn/MTRN4231-T9-1/lab4-main/install/yolo_bringup/share/yolo_bringup/package.dsv'
[3.480s] INFO:colcon.colcon_core.shell:Creating package script '/home/mtrn/MTRN4231-T9-1/lab4-main/install/yolo_bringup/share/yolo_bringup/package.sh'
[3.481s] INFO:colcon.colcon_core.shell:Creating package script '/home/mtrn/MTRN4231-T9-1/lab4-main/install/yolo_bringup/share/yolo_bringup/package.bash'
[3.481s] INFO:colcon.colcon_core.shell:Creating package script '/home/mtrn/MTRN4231-T9-1/lab4-main/install/yolo_bringup/share/yolo_bringup/package.zsh'
[3.482s] Level 1:colcon.colcon_core.environment:create_file_with_runtime_dependencies(/home/mtrn/MTRN4231-T9-1/lab4-main/install/yolo_bringup/share/colcon-core/packages/yolo_bringup)
[3.572s] Level 1:colcon.colcon_core.environment:create_environment_scripts_only(yolo_bringup)
[3.573s] Level 1:colcon.colcon_core.environment:checking '/home/mtrn/MTRN4231-T9-1/lab4-main/install/yolo_bringup' for CMake module files
[3.574s] Level 1:colcon.colcon_core.environment:checking '/home/mtrn/MTRN4231-T9-1/lab4-main/install/yolo_bringup' for CMake config files
[3.574s] Level 1:colcon.colcon_core.shell:create_environment_hook('yolo_bringup', 'cmake_prefix_path')
[3.574s] INFO:colcon.colcon_core.shell:Creating environment hook '/home/mtrn/MTRN4231-T9-1/lab4-main/install/yolo_bringup/share/yolo_bringup/hook/cmake_prefix_path.ps1'
[3.576s] INFO:colcon.colcon_core.shell:Creating environment descriptor '/home/mtrn/MTRN4231-T9-1/lab4-main/install/yolo_bringup/share/yolo_bringup/hook/cmake_prefix_path.dsv'
[3.577s] INFO:colcon.colcon_core.shell:Creating environment hook '/home/mtrn/MTRN4231-T9-1/lab4-main/install/yolo_bringup/share/yolo_bringup/hook/cmake_prefix_path.sh'
[3.578s] Level 1:colcon.colcon_core.environment:checking '/home/mtrn/MTRN4231-T9-1/lab4-main/install/yolo_bringup/bin'
[3.578s] Level 1:colcon.colcon_core.environment:checking '/home/mtrn/MTRN4231-T9-1/lab4-main/install/yolo_bringup/lib/pkgconfig/yolo_bringup.pc'
[3.579s] Level 1:colcon.colcon_core.environment:checking '/home/mtrn/MTRN4231-T9-1/lab4-main/install/yolo_bringup/lib/python3.10/site-packages'
[3.580s] Level 1:colcon.colcon_core.environment:checking '/home/mtrn/MTRN4231-T9-1/lab4-main/install/yolo_bringup/bin'
[3.581s] INFO:colcon.colcon_core.shell:Creating package script '/home/mtrn/MTRN4231-T9-1/lab4-main/install/yolo_bringup/share/yolo_bringup/package.ps1'
[3.582s] INFO:colcon.colcon_core.shell:Creating package descriptor '/home/mtrn/MTRN4231-T9-1/lab4-main/install/yolo_bringup/share/yolo_bringup/package.dsv'
[3.583s] INFO:colcon.colcon_core.shell:Creating package script '/home/mtrn/MTRN4231-T9-1/lab4-main/install/yolo_bringup/share/yolo_bringup/package.sh'
[3.584s] INFO:colcon.colcon_core.shell:Creating package script '/home/mtrn/MTRN4231-T9-1/lab4-main/install/yolo_bringup/share/yolo_bringup/package.bash'
[3.585s] INFO:colcon.colcon_core.shell:Creating package script '/home/mtrn/MTRN4231-T9-1/lab4-main/install/yolo_bringup/share/yolo_bringup/package.zsh'
[3.586s] Level 1:colcon.colcon_core.environment:create_file_with_runtime_dependencies(/home/mtrn/MTRN4231-T9-1/lab4-main/install/yolo_bringup/share/colcon-core/packages/yolo_bringup)
[3.586s] DEBUG:colcon.colcon_parallel_executor.executor.parallel:closing loop
[3.587s] DEBUG:colcon.colcon_parallel_executor.executor.parallel:loop closed
[3.587s] DEBUG:colcon.colcon_parallel_executor.executor.parallel:run_until_complete finished with '0'
[3.587s] DEBUG:colcon.colcon_core.event_reactor:joining thread
[3.598s] INFO:colcon.colcon_core.plugin_system:Skipping extension 'colcon_notification.desktop_notification.terminal_notifier': Not used on non-Darwin systems
[3.598s] INFO:colcon.colcon_core.plugin_system:Skipping extension 'colcon_notification.desktop_notification.win32': Not used on non-Windows systems
[3.598s] INFO:colcon.colcon_notification.desktop_notification:Sending desktop notification using 'notify2'
[3.624s] DEBUG:colcon.colcon_core.event_reactor:joined thread
[3.625s] INFO:colcon.colcon_core.shell:Creating prefix script '/home/mtrn/MTRN4231-T9-1/lab4-main/install/local_setup.ps1'
[3.628s] INFO:colcon.colcon_core.shell:Creating prefix util module '/home/mtrn/MTRN4231-T9-1/lab4-main/install/_local_setup_util_ps1.py'
[3.634s] INFO:colcon.colcon_core.shell:Creating prefix chain script '/home/mtrn/MTRN4231-T9-1/lab4-main/install/setup.ps1'
[3.637s] INFO:colcon.colcon_core.shell:Creating prefix script '/home/mtrn/MTRN4231-T9-1/lab4-main/install/local_setup.sh'
[3.638s] INFO:colcon.colcon_core.shell:Creating prefix util module '/home/mtrn/MTRN4231-T9-1/lab4-main/install/_local_setup_util_sh.py'
[3.639s] INFO:colcon.colcon_core.shell:Creating prefix chain script '/home/mtrn/MTRN4231-T9-1/lab4-main/install/setup.sh'
[3.641s] INFO:colcon.colcon_core.shell:Creating prefix script '/home/mtrn/MTRN4231-T9-1/lab4-main/install/local_setup.bash'
[3.642s] INFO:colcon.colcon_core.shell:Creating prefix chain script '/home/mtrn/MTRN4231-T9-1/lab4-main/install/setup.bash'
[3.644s] INFO:colcon.colcon_core.shell:Creating prefix script '/home/mtrn/MTRN4231-T9-1/lab4-main/install/local_setup.zsh'
[3.645s] INFO:colcon.colcon_core.shell:Creating prefix chain script '/home/mtrn/MTRN4231-T9-1/lab4-main/install/setup.zsh'
