-- The C compiler identification is GNU 11.4.0
-- The CXX compiler identification is GNU 11.4.0
-- Detecting C compiler ABI info
-- Detecting C compiler ABI info - done
-- Check for working C compiler: /usr/bin/cc - skipped
-- Detecting C compile features
-- Detecting C compile features - done
-- Detecting CXX compiler ABI info
-- Detecting CXX compiler ABI info - done
-- Check for working CXX compiler: /usr/bin/c++ - skipped
-- Detecting CXX compile features
-- Detecting CXX compile features - done
-- Found ament_cmake: 1.3.10 (/opt/ros/humble/share/ament_cmake/cmake)
-- Found Python3: /usr/bin/python3 (found version "3.10.12") found components: Interpreter 
-- Found rosidl_default_generators: 1.2.0 (/opt/ros/humble/share/rosidl_default_generators/cmake)
-- Using all available rosidl_typesupport_c: rosidl_typesupport_fastrtps_c;rosidl_typesupport_introspection_c
-- Found rosidl_adapter: 3.1.5 (/opt/ros/humble/share/rosidl_adapter/cmake)
-- Using all available rosidl_typesupport_cpp: rosidl_typesupport_fastrtps_cpp;rosidl_typesupport_introspection_cpp
-- Found std_msgs: 4.2.4 (/opt/ros/humble/share/std_msgs/cmake)
-- Found geometry_msgs: 4.2.4 (/opt/ros/humble/share/geometry_msgs/cmake)
-- Found ament_cmake_ros: 0.10.0 (/opt/ros/humble/share/ament_cmake_ros/cmake)
-- Using all available rosidl_typesupport_c: rosidl_typesupport_fastrtps_c;rosidl_typesupport_introspection_c
-- Using all available rosidl_typesupport_cpp: rosidl_typesupport_fastrtps_cpp;rosidl_typesupport_introspection_cpp
[33mCMake Warning (dev) at /opt/ros/humble/share/rosidl_generator_py/cmake/rosidl_generator_py_generate_interfaces.cmake:20 (find_package):
  Policy CMP0148 is not set: The FindPythonInterp and FindPythonLibs modules
  are removed.  Run "cmake --help-policy CMP0148" for policy details.  Use
  the cmake_policy command to set the policy and suppress this warning.

Call Stack (most recent call first):
  /opt/ros/humble/share/ament_cmake_core/cmake/core/ament_execute_extensions.cmake:48 (include)
  /opt/ros/humble/share/rosidl_cmake/cmake/rosidl_generate_interfaces.cmake:286 (ament_execute_extensions)
  CMakeLists.txt:10 (rosidl_generate_interfaces)
This warning is for project developers.  Use -Wno-dev to suppress it.
[0m
-- Found PythonInterp: /usr/bin/python3 (found suitable version "3.10.12", minimum required is "3.6") 
-- Found python_cmake_module: 0.10.0 (/opt/ros/humble/share/python_cmake_module/cmake)
[33mCMake Warning (dev) at /opt/ros/humble/share/python_cmake_module/cmake/Modules/FindPythonExtra.cmake:52 (find_package):
  Policy CMP0148 is not set: The FindPythonInterp and FindPythonLibs modules
  are removed.  Run "cmake --help-policy CMP0148" for policy details.  Use
  the cmake_policy command to set the policy and suppress this warning.

Call Stack (most recent call first):
  /opt/ros/humble/share/rosidl_generator_py/cmake/rosidl_generator_py_generate_interfaces.cmake:23 (find_package)
  /opt/ros/humble/share/ament_cmake_core/cmake/core/ament_execute_extensions.cmake:48 (include)
  /opt/ros/humble/share/rosidl_cmake/cmake/rosidl_generate_interfaces.cmake:286 (ament_execute_extensions)
  CMakeLists.txt:10 (rosidl_generate_interfaces)
This warning is for project developers.  Use -Wno-dev to suppress it.
[0m
[33mCMake Warning (dev) at /opt/ros/humble/share/python_cmake_module/cmake/Modules/FindPythonExtra.cmake:140 (find_package):
  Policy CMP0148 is not set: The FindPythonInterp and FindPythonLibs modules
  are removed.  Run "cmake --help-policy CMP0148" for policy details.  Use
  the cmake_policy command to set the policy and suppress this warning.

Call Stack (most recent call first):
  /opt/ros/humble/share/rosidl_generator_py/cmake/rosidl_generator_py_generate_interfaces.cmake:23 (find_package)
  /opt/ros/humble/share/ament_cmake_core/cmake/core/ament_execute_extensions.cmake:48 (include)
  /opt/ros/humble/share/rosidl_cmake/cmake/rosidl_generate_interfaces.cmake:286 (ament_execute_extensions)
  CMakeLists.txt:10 (rosidl_generate_interfaces)
This warning is for project developers.  Use -Wno-dev to suppress it.
[0m
-- Found PythonLibs: /usr/lib/x86_64-linux-gnu/libpython3.10.so (found suitable version "3.10.12", minimum required is "3.5") 
-- Using PYTHON_EXECUTABLE: /usr/bin/python3
-- Using PYTHON_INCLUDE_DIRS: /usr/include/python3.10
-- Using PYTHON_LIBRARIES: /usr/lib/x86_64-linux-gnu/libpython3.10.so
-- Found PythonExtra: .so  
-- Configuring done (3.8s)
-- Generating done (0.0s)
-- Build files have been written to: /home/mtrn/MTRN4231-T9-1/lab4-main/build/yolo_msgs
[  1%] [34m[1mGenerating C code for ROS interfaces[0m
[  1%] [34m[1mGenerating C++ code for ROS interfaces[0m
[  1%] Built target ament_cmake_python_copy_yolo_msgs
running egg_info
creating yolo_msgs.egg-info
writing yolo_msgs.egg-info/PKG-INFO
writing dependency_links to yolo_msgs.egg-info/dependency_links.txt
writing top-level names to yolo_msgs.egg-info/top_level.txt
writing manifest file 'yolo_msgs.egg-info/SOURCES.txt'
reading manifest file 'yolo_msgs.egg-info/SOURCES.txt'
writing manifest file 'yolo_msgs.egg-info/SOURCES.txt'
[  1%] Built target ament_cmake_python_build_yolo_msgs_egg
[  1%] Built target yolo_msgs__cpp
[  2%] [34m[1mGenerating C++ type support for eProsima Fast-RTPS[0m
[  3%] [34m[1mGenerating C++ type support dispatch for ROS interfaces[0m
[  3%] [34m[1mGenerating C++ introspection for ROS interfaces[0m
[  3%] [32mBuilding C object CMakeFiles/yolo_msgs__rosidl_generator_c.dir/rosidl_generator_c/yolo_msgs/msg/detail/vector2__functions.c.o[0m
[  5%] [32mBuilding C object CMakeFiles/yolo_msgs__rosidl_generator_c.dir/rosidl_generator_c/yolo_msgs/msg/detail/mask__functions.c.o[0m
[  5%] [32mBuilding C object CMakeFiles/yolo_msgs__rosidl_generator_c.dir/rosidl_generator_c/yolo_msgs/msg/detail/point2_d__functions.c.o[0m
[  6%] [32mBuilding C object CMakeFiles/yolo_msgs__rosidl_generator_c.dir/rosidl_generator_c/yolo_msgs/msg/detail/pose2_d__functions.c.o[0m
[  8%] [32mBuilding C object CMakeFiles/yolo_msgs__rosidl_generator_c.dir/rosidl_generator_c/yolo_msgs/msg/detail/key_point2_d_array__functions.c.o[0m
[  8%] [32mBuilding C object CMakeFiles/yolo_msgs__rosidl_generator_c.dir/rosidl_generator_c/yolo_msgs/msg/detail/bounding_box3_d__functions.c.o[0m
[  9%] [32mBuilding C object CMakeFiles/yolo_msgs__rosidl_generator_c.dir/rosidl_generator_c/yolo_msgs/msg/detail/bounding_box2_d__functions.c.o[0m
[  9%] [32mBuilding C object CMakeFiles/yolo_msgs__rosidl_generator_c.dir/rosidl_generator_c/yolo_msgs/msg/detail/key_point2_d__functions.c.o[0m
[ 10%] [32mBuilding C object CMakeFiles/yolo_msgs__rosidl_generator_c.dir/rosidl_generator_c/yolo_msgs/srv/detail/set_classes__functions.c.o[0m
[ 11%] [32mBuilding C object CMakeFiles/yolo_msgs__rosidl_generator_c.dir/rosidl_generator_c/yolo_msgs/msg/detail/key_point3_d__functions.c.o[0m
[ 11%] [32mBuilding C object CMakeFiles/yolo_msgs__rosidl_generator_c.dir/rosidl_generator_c/yolo_msgs/msg/detail/detection_array__functions.c.o[0m
[ 12%] [32mBuilding C object CMakeFiles/yolo_msgs__rosidl_generator_c.dir/rosidl_generator_c/yolo_msgs/msg/detail/key_point3_d_array__functions.c.o[0m
[ 13%] [32mBuilding C object CMakeFiles/yolo_msgs__rosidl_generator_c.dir/rosidl_generator_c/yolo_msgs/msg/detail/detection__functions.c.o[0m
[ 14%] [32m[1mLinking C shared library libyolo_msgs__rosidl_generator_c.so[0m
[ 14%] Built target yolo_msgs__rosidl_generator_c
[ 15%] [34m[1mGenerating C introspection for ROS interfaces[0m
[ 16%] [34m[1mGenerating C type support for eProsima Fast-RTPS[0m
[ 17%] [34m[1mGenerating C type support dispatch for ROS interfaces[0m
[ 17%] [32mBuilding CXX object CMakeFiles/yolo_msgs__rosidl_typesupport_cpp.dir/rosidl_typesupport_cpp/yolo_msgs/msg/pose2_d__type_support.cpp.o[0m
[ 18%] [32mBuilding CXX object CMakeFiles/yolo_msgs__rosidl_typesupport_cpp.dir/rosidl_typesupport_cpp/yolo_msgs/msg/bounding_box2_d__type_support.cpp.o[0m
[ 19%] [32mBuilding CXX object CMakeFiles/yolo_msgs__rosidl_typesupport_cpp.dir/rosidl_typesupport_cpp/yolo_msgs/msg/bounding_box3_d__type_support.cpp.o[0m
[ 20%] [32mBuilding CXX object CMakeFiles/yolo_msgs__rosidl_typesupport_cpp.dir/rosidl_typesupport_cpp/yolo_msgs/msg/key_point2_d_array__type_support.cpp.o[0m
[ 20%] [32mBuilding CXX object CMakeFiles/yolo_msgs__rosidl_typesupport_cpp.dir/rosidl_typesupport_cpp/yolo_msgs/msg/mask__type_support.cpp.o[0m
[ 21%] [32mBuilding CXX object CMakeFiles/yolo_msgs__rosidl_typesupport_cpp.dir/rosidl_typesupport_cpp/yolo_msgs/msg/point2_d__type_support.cpp.o[0m
[ 22%] [32mBuilding CXX object CMakeFiles/yolo_msgs__rosidl_typesupport_cpp.dir/rosidl_typesupport_cpp/yolo_msgs/msg/vector2__type_support.cpp.o[0m
[ 23%] [32mBuilding CXX object CMakeFiles/yolo_msgs__rosidl_typesupport_cpp.dir/rosidl_typesupport_cpp/yolo_msgs/msg/key_point3_d_array__type_support.cpp.o[0m
[ 24%] [32mBuilding CXX object CMakeFiles/yolo_msgs__rosidl_typesupport_cpp.dir/rosidl_typesupport_cpp/yolo_msgs/msg/key_point3_d__type_support.cpp.o[0m
[ 25%] [32mBuilding CXX object CMakeFiles/yolo_msgs__rosidl_typesupport_cpp.dir/rosidl_typesupport_cpp/yolo_msgs/msg/detection__type_support.cpp.o[0m
[ 25%] [32mBuilding CXX object CMakeFiles/yolo_msgs__rosidl_typesupport_cpp.dir/rosidl_typesupport_cpp/yolo_msgs/srv/set_classes__type_support.cpp.o[0m
[ 26%] [32mBuilding CXX object CMakeFiles/yolo_msgs__rosidl_typesupport_cpp.dir/rosidl_typesupport_cpp/yolo_msgs/msg/key_point2_d__type_support.cpp.o[0m
[ 27%] [32mBuilding CXX object CMakeFiles/yolo_msgs__rosidl_typesupport_cpp.dir/rosidl_typesupport_cpp/yolo_msgs/msg/detection_array__type_support.cpp.o[0m
[ 29%] [32mBuilding CXX object CMakeFiles/yolo_msgs__rosidl_typesupport_introspection_cpp.dir/rosidl_typesupport_introspection_cpp/yolo_msgs/msg/detail/vector2__type_support.cpp.o[0m
[ 29%] [32mBuilding CXX object CMakeFiles/yolo_msgs__rosidl_typesupport_introspection_cpp.dir/rosidl_typesupport_introspection_cpp/yolo_msgs/msg/detail/point2_d__type_support.cpp.o[0m
[ 30%] [32mBuilding CXX object CMakeFiles/yolo_msgs__rosidl_typesupport_introspection_cpp.dir/rosidl_typesupport_introspection_cpp/yolo_msgs/msg/detail/pose2_d__type_support.cpp.o[0m
[ 31%] [32mBuilding CXX object CMakeFiles/yolo_msgs__rosidl_typesupport_fastrtps_cpp.dir/rosidl_typesupport_fastrtps_cpp/yolo_msgs/msg/detail/dds_fastrtps/point2_d__type_support.cpp.o[0m
[ 33%] [32mBuilding CXX object CMakeFiles/yolo_msgs__rosidl_typesupport_fastrtps_cpp.dir/rosidl_typesupport_fastrtps_cpp/yolo_msgs/msg/detail/dds_fastrtps/vector2__type_support.cpp.o[0m
[ 33%] [32mBuilding CXX object CMakeFiles/yolo_msgs__rosidl_typesupport_introspection_cpp.dir/rosidl_typesupport_introspection_cpp/yolo_msgs/msg/detail/bounding_box2_d__type_support.cpp.o[0m
[ 33%] [32mBuilding CXX object CMakeFiles/yolo_msgs__rosidl_typesupport_introspection_cpp.dir/rosidl_typesupport_introspection_cpp/yolo_msgs/msg/detail/bounding_box3_d__type_support.cpp.o[0m
[ 34%] [32mBuilding CXX object CMakeFiles/yolo_msgs__rosidl_typesupport_introspection_cpp.dir/rosidl_typesupport_introspection_cpp/yolo_msgs/msg/detail/mask__type_support.cpp.o[0m
[ 35%] [32mBuilding CXX object CMakeFiles/yolo_msgs__rosidl_typesupport_introspection_cpp.dir/rosidl_typesupport_introspection_cpp/yolo_msgs/msg/detail/key_point2_d__type_support.cpp.o[0m
[ 36%] [32mBuilding CXX object CMakeFiles/yolo_msgs__rosidl_typesupport_fastrtps_cpp.dir/rosidl_typesupport_fastrtps_cpp/yolo_msgs/msg/detail/dds_fastrtps/pose2_d__type_support.cpp.o[0m
[ 36%] [32mBuilding CXX object CMakeFiles/yolo_msgs__rosidl_typesupport_fastrtps_cpp.dir/rosidl_typesupport_fastrtps_cpp/yolo_msgs/msg/detail/dds_fastrtps/bounding_box2_d__type_support.cpp.o[0m
[ 37%] [32mBuilding CXX object CMakeFiles/yolo_msgs__rosidl_typesupport_introspection_cpp.dir/rosidl_typesupport_introspection_cpp/yolo_msgs/msg/detail/key_point2_d_array__type_support.cpp.o[0m
[ 39%] [32mBuilding CXX object CMakeFiles/yolo_msgs__rosidl_typesupport_introspection_cpp.dir/rosidl_typesupport_introspection_cpp/yolo_msgs/msg/detail/key_point3_d_array__type_support.cpp.o[0m
[ 39%] [32mBuilding CXX object CMakeFiles/yolo_msgs__rosidl_typesupport_fastrtps_cpp.dir/rosidl_typesupport_fastrtps_cpp/yolo_msgs/msg/detail/dds_fastrtps/bounding_box3_d__type_support.cpp.o[0m
[ 39%] [32mBuilding CXX object CMakeFiles/yolo_msgs__rosidl_typesupport_introspection_cpp.dir/rosidl_typesupport_introspection_cpp/yolo_msgs/msg/detail/key_point3_d__type_support.cpp.o[0m
[ 40%] [32mBuilding CXX object CMakeFiles/yolo_msgs__rosidl_typesupport_fastrtps_cpp.dir/rosidl_typesupport_fastrtps_cpp/yolo_msgs/msg/detail/dds_fastrtps/mask__type_support.cpp.o[0m
[ 41%] [32m[1mLinking CXX shared library libyolo_msgs__rosidl_typesupport_cpp.so[0m
[ 41%] Built target yolo_msgs__rosidl_typesupport_cpp
[ 42%] [32mBuilding CXX object CMakeFiles/yolo_msgs__rosidl_typesupport_fastrtps_cpp.dir/rosidl_typesupport_fastrtps_cpp/yolo_msgs/msg/detail/dds_fastrtps/key_point2_d__type_support.cpp.o[0m
[ 42%] [32mBuilding CXX object CMakeFiles/yolo_msgs__rosidl_typesupport_c.dir/rosidl_typesupport_c/yolo_msgs/msg/point2_d__type_support.cpp.o[0m
[ 43%] [32mBuilding CXX object CMakeFiles/yolo_msgs__rosidl_typesupport_c.dir/rosidl_typesupport_c/yolo_msgs/msg/vector2__type_support.cpp.o[0m
[ 44%] [32mBuilding CXX object CMakeFiles/yolo_msgs__rosidl_typesupport_c.dir/rosidl_typesupport_c/yolo_msgs/msg/pose2_d__type_support.cpp.o[0m
[ 45%] [32mBuilding CXX object CMakeFiles/yolo_msgs__rosidl_typesupport_c.dir/rosidl_typesupport_c/yolo_msgs/msg/bounding_box2_d__type_support.cpp.o[0m
[ 46%] [32mBuilding CXX object CMakeFiles/yolo_msgs__rosidl_typesupport_c.dir/rosidl_typesupport_c/yolo_msgs/msg/bounding_box3_d__type_support.cpp.o[0m
[ 47%] [32mBuilding CXX object CMakeFiles/yolo_msgs__rosidl_typesupport_fastrtps_cpp.dir/rosidl_typesupport_fastrtps_cpp/yolo_msgs/msg/detail/dds_fastrtps/key_point2_d_array__type_support.cpp.o[0m
[ 47%] [32mBuilding CXX object CMakeFiles/yolo_msgs__rosidl_typesupport_c.dir/rosidl_typesupport_c/yolo_msgs/msg/mask__type_support.cpp.o[0m
[ 48%] [32mBuilding CXX object CMakeFiles/yolo_msgs__rosidl_typesupport_c.dir/rosidl_typesupport_c/yolo_msgs/msg/key_point2_d__type_support.cpp.o[0m
[ 48%] [32mBuilding CXX object CMakeFiles/yolo_msgs__rosidl_typesupport_fastrtps_cpp.dir/rosidl_typesupport_fastrtps_cpp/yolo_msgs/msg/detail/dds_fastrtps/key_point3_d__type_support.cpp.o[0m
[ 49%] [32mBuilding CXX object CMakeFiles/yolo_msgs__rosidl_typesupport_c.dir/rosidl_typesupport_c/yolo_msgs/msg/key_point2_d_array__type_support.cpp.o[0m
[ 50%] [32mBuilding CXX object CMakeFiles/yolo_msgs__rosidl_typesupport_fastrtps_cpp.dir/rosidl_typesupport_fastrtps_cpp/yolo_msgs/msg/detail/dds_fastrtps/key_point3_d_array__type_support.cpp.o[0m
[ 51%] [32mBuilding CXX object CMakeFiles/yolo_msgs__rosidl_typesupport_c.dir/rosidl_typesupport_c/yolo_msgs/msg/key_point3_d__type_support.cpp.o[0m
[ 52%] [32mBuilding CXX object CMakeFiles/yolo_msgs__rosidl_typesupport_c.dir/rosidl_typesupport_c/yolo_msgs/msg/key_point3_d_array__type_support.cpp.o[0m
[ 52%] [32mBuilding CXX object CMakeFiles/yolo_msgs__rosidl_typesupport_c.dir/rosidl_typesupport_c/yolo_msgs/msg/detection__type_support.cpp.o[0m
[ 53%] [32mBuilding CXX object CMakeFiles/yolo_msgs__rosidl_typesupport_c.dir/rosidl_typesupport_c/yolo_msgs/msg/detection_array__type_support.cpp.o[0m
[ 54%] [32mBuilding CXX object CMakeFiles/yolo_msgs__rosidl_typesupport_fastrtps_c.dir/rosidl_typesupport_fastrtps_c/yolo_msgs/msg/detail/point2_d__type_support_c.cpp.o[0m
[ 55%] [32mBuilding CXX object CMakeFiles/yolo_msgs__rosidl_typesupport_c.dir/rosidl_typesupport_c/yolo_msgs/srv/set_classes__type_support.cpp.o[0m
[ 56%] [32mBuilding C object CMakeFiles/yolo_msgs__rosidl_typesupport_introspection_c.dir/rosidl_typesupport_introspection_c/yolo_msgs/msg/detail/point2_d__type_support.c.o[0m
[ 57%] [32mBuilding CXX object CMakeFiles/yolo_msgs__rosidl_typesupport_introspection_cpp.dir/rosidl_typesupport_introspection_cpp/yolo_msgs/msg/detail/detection__type_support.cpp.o[0m
[ 58%] [32mBuilding C object CMakeFiles/yolo_msgs__rosidl_typesupport_introspection_c.dir/rosidl_typesupport_introspection_c/yolo_msgs/msg/detail/vector2__type_support.c.o[0m
[ 59%] [32m[1mLinking CXX shared library libyolo_msgs__rosidl_typesupport_c.so[0m
[ 60%] [32mBuilding CXX object CMakeFiles/yolo_msgs__rosidl_typesupport_introspection_cpp.dir/rosidl_typesupport_introspection_cpp/yolo_msgs/msg/detail/detection_array__type_support.cpp.o[0m
[ 61%] [32mBuilding CXX object CMakeFiles/yolo_msgs__rosidl_typesupport_fastrtps_c.dir/rosidl_typesupport_fastrtps_c/yolo_msgs/msg/detail/pose2_d__type_support_c.cpp.o[0m
[ 61%] [32mBuilding CXX object CMakeFiles/yolo_msgs__rosidl_typesupport_fastrtps_c.dir/rosidl_typesupport_fastrtps_c/yolo_msgs/msg/detail/vector2__type_support_c.cpp.o[0m
[ 61%] [32mBuilding C object CMakeFiles/yolo_msgs__rosidl_typesupport_introspection_c.dir/rosidl_typesupport_introspection_c/yolo_msgs/msg/detail/pose2_d__type_support.c.o[0m
[ 63%] [32mBuilding CXX object CMakeFiles/yolo_msgs__rosidl_typesupport_fastrtps_c.dir/rosidl_typesupport_fastrtps_c/yolo_msgs/msg/detail/bounding_box2_d__type_support_c.cpp.o[0m
[ 63%] [32mBuilding CXX object CMakeFiles/yolo_msgs__rosidl_typesupport_introspection_cpp.dir/rosidl_typesupport_introspection_cpp/yolo_msgs/srv/detail/set_classes__type_support.cpp.o[0m
[ 64%] [32mBuilding CXX object CMakeFiles/yolo_msgs__rosidl_typesupport_fastrtps_c.dir/rosidl_typesupport_fastrtps_c/yolo_msgs/msg/detail/bounding_box3_d__type_support_c.cpp.o[0m
[ 65%] [32mBuilding CXX object CMakeFiles/yolo_msgs__rosidl_typesupport_fastrtps_c.dir/rosidl_typesupport_fastrtps_c/yolo_msgs/msg/detail/mask__type_support_c.cpp.o[0m
[ 66%] [32mBuilding CXX object CMakeFiles/yolo_msgs__rosidl_typesupport_fastrtps_cpp.dir/rosidl_typesupport_fastrtps_cpp/yolo_msgs/msg/detail/dds_fastrtps/detection__type_support.cpp.o[0m
[ 66%] Built target yolo_msgs__rosidl_typesupport_c
[ 66%] [32mBuilding CXX object CMakeFiles/yolo_msgs__rosidl_typesupport_fastrtps_c.dir/rosidl_typesupport_fastrtps_c/yolo_msgs/msg/detail/key_point2_d__type_support_c.cpp.o[0m
[ 67%] [32mBuilding CXX object CMakeFiles/yolo_msgs__rosidl_typesupport_fastrtps_cpp.dir/rosidl_typesupport_fastrtps_cpp/yolo_msgs/msg/detail/dds_fastrtps/detection_array__type_support.cpp.o[0m
[ 68%] [32mBuilding C object CMakeFiles/yolo_msgs__rosidl_typesupport_introspection_c.dir/rosidl_typesupport_introspection_c/yolo_msgs/msg/detail/bounding_box2_d__type_support.c.o[0m
[ 69%] [32mBuilding CXX object CMakeFiles/yolo_msgs__rosidl_typesupport_fastrtps_cpp.dir/rosidl_typesupport_fastrtps_cpp/yolo_msgs/srv/detail/dds_fastrtps/set_classes__type_support.cpp.o[0m
[ 70%] [32mBuilding C object CMakeFiles/yolo_msgs__rosidl_typesupport_introspection_c.dir/rosidl_typesupport_introspection_c/yolo_msgs/msg/detail/bounding_box3_d__type_support.c.o[0m
[ 71%] [32mBuilding CXX object CMakeFiles/yolo_msgs__rosidl_typesupport_fastrtps_c.dir/rosidl_typesupport_fastrtps_c/yolo_msgs/msg/detail/key_point2_d_array__type_support_c.cpp.o[0m
[ 72%] [32mBuilding CXX object CMakeFiles/yolo_msgs__rosidl_typesupport_fastrtps_c.dir/rosidl_typesupport_fastrtps_c/yolo_msgs/msg/detail/key_point3_d__type_support_c.cpp.o[0m
[ 73%] [32mBuilding C object CMakeFiles/yolo_msgs__rosidl_typesupport_introspection_c.dir/rosidl_typesupport_introspection_c/yolo_msgs/msg/detail/mask__type_support.c.o[0m
[ 74%] [32mBuilding C object CMakeFiles/yolo_msgs__rosidl_typesupport_introspection_c.dir/rosidl_typesupport_introspection_c/yolo_msgs/msg/detail/key_point2_d__type_support.c.o[0m
[ 74%] [32mBuilding C object CMakeFiles/yolo_msgs__rosidl_typesupport_introspection_c.dir/rosidl_typesupport_introspection_c/yolo_msgs/msg/detail/key_point2_d_array__type_support.c.o[0m
[ 75%] [32mBuilding C object CMakeFiles/yolo_msgs__rosidl_typesupport_introspection_c.dir/rosidl_typesupport_introspection_c/yolo_msgs/msg/detail/key_point3_d__type_support.c.o[0m
[ 76%] [32mBuilding C object CMakeFiles/yolo_msgs__rosidl_typesupport_introspection_c.dir/rosidl_typesupport_introspection_c/yolo_msgs/msg/detail/key_point3_d_array__type_support.c.o[0m
[ 77%] [32mBuilding CXX object CMakeFiles/yolo_msgs__rosidl_typesupport_fastrtps_c.dir/rosidl_typesupport_fastrtps_c/yolo_msgs/msg/detail/key_point3_d_array__type_support_c.cpp.o[0m
[ 78%] [32mBuilding C object CMakeFiles/yolo_msgs__rosidl_typesupport_introspection_c.dir/rosidl_typesupport_introspection_c/yolo_msgs/msg/detail/detection__type_support.c.o[0m
[ 79%] [32mBuilding CXX object CMakeFiles/yolo_msgs__rosidl_typesupport_fastrtps_c.dir/rosidl_typesupport_fastrtps_c/yolo_msgs/msg/detail/detection__type_support_c.cpp.o[0m
[ 80%] [32mBuilding C object CMakeFiles/yolo_msgs__rosidl_typesupport_introspection_c.dir/rosidl_typesupport_introspection_c/yolo_msgs/msg/detail/detection_array__type_support.c.o[0m
[ 80%] [32mBuilding CXX object CMakeFiles/yolo_msgs__rosidl_typesupport_fastrtps_c.dir/rosidl_typesupport_fastrtps_c/yolo_msgs/msg/detail/detection_array__type_support_c.cpp.o[0m
[ 80%] [32mBuilding C object CMakeFiles/yolo_msgs__rosidl_typesupport_introspection_c.dir/rosidl_typesupport_introspection_c/yolo_msgs/srv/detail/set_classes__type_support.c.o[0m
[ 81%] [32mBuilding CXX object CMakeFiles/yolo_msgs__rosidl_typesupport_fastrtps_c.dir/rosidl_typesupport_fastrtps_c/yolo_msgs/srv/detail/set_classes__type_support_c.cpp.o[0m
[ 82%] [32m[1mLinking C shared library libyolo_msgs__rosidl_typesupport_introspection_c.so[0m
[ 82%] Built target yolo_msgs__rosidl_typesupport_introspection_c
[ 82%] [32m[1mLinking CXX shared library libyolo_msgs__rosidl_typesupport_fastrtps_cpp.so[0m
[ 83%] [32m[1mLinking CXX shared library libyolo_msgs__rosidl_typesupport_introspection_cpp.so[0m
[ 84%] [32m[1mLinking CXX shared library libyolo_msgs__rosidl_typesupport_fastrtps_c.so[0m
[ 84%] Built target yolo_msgs__rosidl_typesupport_fastrtps_cpp
[ 84%] Built target yolo_msgs__rosidl_typesupport_fastrtps_c
[ 84%] Built target yolo_msgs__rosidl_typesupport_introspection_cpp
[ 84%] Built target yolo_msgs
[ 85%] [34m[1mGenerating Python code for ROS interfaces[0m
[ 85%] Built target yolo_msgs__py
[ 86%] [32mBuilding C object CMakeFiles/yolo_msgs__rosidl_generator_py.dir/rosidl_generator_py/yolo_msgs/msg/_point2_d_s.c.o[0m
[ 86%] [32mBuilding C object CMakeFiles/yolo_msgs__rosidl_generator_py.dir/rosidl_generator_py/yolo_msgs/msg/_vector2_s.c.o[0m
[ 87%] [32mBuilding C object CMakeFiles/yolo_msgs__rosidl_generator_py.dir/rosidl_generator_py/yolo_msgs/msg/_pose2_d_s.c.o[0m
[ 88%] [32mBuilding C object CMakeFiles/yolo_msgs__rosidl_generator_py.dir/rosidl_generator_py/yolo_msgs/msg/_bounding_box2_d_s.c.o[0m
[ 89%] [32mBuilding C object CMakeFiles/yolo_msgs__rosidl_generator_py.dir/rosidl_generator_py/yolo_msgs/msg/_bounding_box3_d_s.c.o[0m
[ 90%] [32mBuilding C object CMakeFiles/yolo_msgs__rosidl_generator_py.dir/rosidl_generator_py/yolo_msgs/msg/_key_point2_d_s.c.o[0m
[ 90%] [32mBuilding C object CMakeFiles/yolo_msgs__rosidl_generator_py.dir/rosidl_generator_py/yolo_msgs/msg/_mask_s.c.o[0m
[ 92%] [32mBuilding C object CMakeFiles/yolo_msgs__rosidl_generator_py.dir/rosidl_generator_py/yolo_msgs/msg/_key_point2_d_array_s.c.o[0m
[ 92%] [32mBuilding C object CMakeFiles/yolo_msgs__rosidl_generator_py.dir/rosidl_generator_py/yolo_msgs/msg/_key_point3_d_s.c.o[0m
[ 93%] [32mBuilding C object CMakeFiles/yolo_msgs__rosidl_generator_py.dir/rosidl_generator_py/yolo_msgs/msg/_key_point3_d_array_s.c.o[0m
[ 94%] [32mBuilding C object CMakeFiles/yolo_msgs__rosidl_generator_py.dir/rosidl_generator_py/yolo_msgs/msg/_detection_s.c.o[0m
[ 95%] [32mBuilding C object CMakeFiles/yolo_msgs__rosidl_generator_py.dir/rosidl_generator_py/yolo_msgs/srv/_set_classes_s.c.o[0m
[ 95%] [32mBuilding C object CMakeFiles/yolo_msgs__rosidl_generator_py.dir/rosidl_generator_py/yolo_msgs/msg/_detection_array_s.c.o[0m
[ 96%] [32m[1mLinking C shared library rosidl_generator_py/yolo_msgs/libyolo_msgs__rosidl_generator_py.so[0m
[ 96%] Built target yolo_msgs__rosidl_generator_py
[ 97%] [32mBuilding C object CMakeFiles/yolo_msgs__rosidl_typesupport_introspection_c__pyext.dir/rosidl_generator_py/yolo_msgs/_yolo_msgs_s.ep.rosidl_typesupport_introspection_c.c.o[0m
[ 98%] [32mBuilding C object CMakeFiles/yolo_msgs__rosidl_typesupport_fastrtps_c__pyext.dir/rosidl_generator_py/yolo_msgs/_yolo_msgs_s.ep.rosidl_typesupport_fastrtps_c.c.o[0m
[ 99%] [32mBuilding C object CMakeFiles/yolo_msgs__rosidl_typesupport_c__pyext.dir/rosidl_generator_py/yolo_msgs/_yolo_msgs_s.ep.rosidl_typesupport_c.c.o[0m
[ 99%] [32m[1mLinking C shared library rosidl_generator_py/yolo_msgs/yolo_msgs_s__rosidl_typesupport_c.cpython-310-x86_64-linux-gnu.so[0m
[ 99%] [32m[1mLinking C shared library rosidl_generator_py/yolo_msgs/yolo_msgs_s__rosidl_typesupport_fastrtps_c.cpython-310-x86_64-linux-gnu.so[0m
[100%] [32m[1mLinking C shared library rosidl_generator_py/yolo_msgs/yolo_msgs_s__rosidl_typesupport_introspection_c.cpython-310-x86_64-linux-gnu.so[0m
[100%] Built target yolo_msgs__rosidl_typesupport_c__pyext
[100%] Built target yolo_msgs__rosidl_typesupport_fastrtps_c__pyext
[100%] Built target yolo_msgs__rosidl_typesupport_introspection_c__pyext
-- Install configuration: ""
-- Installing: /home/mtrn/MTRN4231-T9-1/lab4-main/install/yolo_msgs/share/ament_index/resource_index/rosidl_interfaces/yolo_msgs
-- Installing: /home/mtrn/MTRN4231-T9-1/lab4-main/install/yolo_msgs/include/yolo_msgs/yolo_msgs
-- Installing: /home/mtrn/MTRN4231-T9-1/lab4-main/install/yolo_msgs/include/yolo_msgs/yolo_msgs/srv
-- Installing: /home/mtrn/MTRN4231-T9-1/lab4-main/install/yolo_msgs/include/yolo_msgs/yolo_msgs/srv/set_classes.h
-- Installing: /home/mtrn/MTRN4231-T9-1/lab4-main/install/yolo_msgs/include/yolo_msgs/yolo_msgs/srv/detail
-- Installing: /home/mtrn/MTRN4231-T9-1/lab4-main/install/yolo_msgs/include/yolo_msgs/yolo_msgs/srv/detail/set_classes__functions.c
-- Installing: /home/mtrn/MTRN4231-T9-1/lab4-main/install/yolo_msgs/include/yolo_msgs/yolo_msgs/srv/detail/set_classes__type_support.h
-- Installing: /home/mtrn/MTRN4231-T9-1/lab4-main/install/yolo_msgs/include/yolo_msgs/yolo_msgs/srv/detail/set_classes__functions.h
-- Installing: /home/mtrn/MTRN4231-T9-1/lab4-main/install/yolo_msgs/include/yolo_msgs/yolo_msgs/srv/detail/set_classes__struct.h
-- Installing: /home/mtrn/MTRN4231-T9-1/lab4-main/install/yolo_msgs/include/yolo_msgs/yolo_msgs/msg
-- Installing: /home/mtrn/MTRN4231-T9-1/lab4-main/install/yolo_msgs/include/yolo_msgs/yolo_msgs/msg/detection_array.h
-- Installing: /home/mtrn/MTRN4231-T9-1/lab4-main/install/yolo_msgs/include/yolo_msgs/yolo_msgs/msg/pose2_d.h
-- Installing: /home/mtrn/MTRN4231-T9-1/lab4-main/install/yolo_msgs/include/yolo_msgs/yolo_msgs/msg/rosidl_generator_c__visibility_control.h
-- Installing: /home/mtrn/MTRN4231-T9-1/lab4-main/install/yolo_msgs/include/yolo_msgs/yolo_msgs/msg/point2_d.h
-- Installing: /home/mtrn/MTRN4231-T9-1/lab4-main/install/yolo_msgs/include/yolo_msgs/yolo_msgs/msg/mask.h
-- Installing: /home/mtrn/MTRN4231-T9-1/lab4-main/install/yolo_msgs/include/yolo_msgs/yolo_msgs/msg/key_point2_d.h
-- Installing: /home/mtrn/MTRN4231-T9-1/lab4-main/install/yolo_msgs/include/yolo_msgs/yolo_msgs/msg/vector2.h
-- Installing: /home/mtrn/MTRN4231-T9-1/lab4-main/install/yolo_msgs/include/yolo_msgs/yolo_msgs/msg/bounding_box2_d.h
-- Installing: /home/mtrn/MTRN4231-T9-1/lab4-main/install/yolo_msgs/include/yolo_msgs/yolo_msgs/msg/key_point3_d_array.h
-- Installing: /home/mtrn/MTRN4231-T9-1/lab4-main/install/yolo_msgs/include/yolo_msgs/yolo_msgs/msg/detection.h
-- Installing: /home/mtrn/MTRN4231-T9-1/lab4-main/install/yolo_msgs/include/yolo_msgs/yolo_msgs/msg/bounding_box3_d.h
-- Installing: /home/mtrn/MTRN4231-T9-1/lab4-main/install/yolo_msgs/include/yolo_msgs/yolo_msgs/msg/detail
-- Installing: /home/mtrn/MTRN4231-T9-1/lab4-main/install/yolo_msgs/include/yolo_msgs/yolo_msgs/msg/detail/mask__type_support.h
-- Installing: /home/mtrn/MTRN4231-T9-1/lab4-main/install/yolo_msgs/include/yolo_msgs/yolo_msgs/msg/detail/key_point3_d__struct.h
-- Installing: /home/mtrn/MTRN4231-T9-1/lab4-main/install/yolo_msgs/include/yolo_msgs/yolo_msgs/msg/detail/key_point3_d_array__struct.h
-- Installing: /home/mtrn/MTRN4231-T9-1/lab4-main/install/yolo_msgs/include/yolo_msgs/yolo_msgs/msg/detail/key_point3_d_array__functions.h
-- Installing: /home/mtrn/MTRN4231-T9-1/lab4-main/install/yolo_msgs/include/yolo_msgs/yolo_msgs/msg/detail/detection__functions.h
-- Installing: /home/mtrn/MTRN4231-T9-1/lab4-main/install/yolo_msgs/include/yolo_msgs/yolo_msgs/msg/detail/detection__struct.h
-- Installing: /home/mtrn/MTRN4231-T9-1/lab4-main/install/yolo_msgs/include/yolo_msgs/yolo_msgs/msg/detail/bounding_box2_d__functions.h
-- Installing: /home/mtrn/MTRN4231-T9-1/lab4-main/install/yolo_msgs/include/yolo_msgs/yolo_msgs/msg/detail/detection_array__functions.c
-- Installing: /home/mtrn/MTRN4231-T9-1/lab4-main/install/yolo_msgs/include/yolo_msgs/yolo_msgs/msg/detail/vector2__type_support.h
-- Installing: /home/mtrn/MTRN4231-T9-1/lab4-main/install/yolo_msgs/include/yolo_msgs/yolo_msgs/msg/detail/key_point2_d__type_support.h
-- Installing: /home/mtrn/MTRN4231-T9-1/lab4-main/install/yolo_msgs/include/yolo_msgs/yolo_msgs/msg/detail/detection_array__type_support.h
-- Installing: /home/mtrn/MTRN4231-T9-1/lab4-main/install/yolo_msgs/include/yolo_msgs/yolo_msgs/msg/detail/bounding_box3_d__type_support.h
-- Installing: /home/mtrn/MTRN4231-T9-1/lab4-main/install/yolo_msgs/include/yolo_msgs/yolo_msgs/msg/detail/bounding_box2_d__functions.c
-- Installing: /home/mtrn/MTRN4231-T9-1/lab4-main/install/yolo_msgs/include/yolo_msgs/yolo_msgs/msg/detail/mask__functions.h
-- Installing: /home/mtrn/MTRN4231-T9-1/lab4-main/install/yolo_msgs/include/yolo_msgs/yolo_msgs/msg/detail/vector2__struct.h
-- Installing: /home/mtrn/MTRN4231-T9-1/lab4-main/install/yolo_msgs/include/yolo_msgs/yolo_msgs/msg/detail/pose2_d__functions.h
-- Installing: /home/mtrn/MTRN4231-T9-1/lab4-main/install/yolo_msgs/include/yolo_msgs/yolo_msgs/msg/detail/key_point2_d_array__functions.h
-- Installing: /home/mtrn/MTRN4231-T9-1/lab4-main/install/yolo_msgs/include/yolo_msgs/yolo_msgs/msg/detail/key_point2_d_array__functions.c
-- Installing: /home/mtrn/MTRN4231-T9-1/lab4-main/install/yolo_msgs/include/yolo_msgs/yolo_msgs/msg/detail/key_point2_d_array__type_support.h
-- Installing: /home/mtrn/MTRN4231-T9-1/lab4-main/install/yolo_msgs/include/yolo_msgs/yolo_msgs/msg/detail/key_point2_d__struct.h
-- Installing: /home/mtrn/MTRN4231-T9-1/lab4-main/install/yolo_msgs/include/yolo_msgs/yolo_msgs/msg/detail/detection__type_support.h
-- Installing: /home/mtrn/MTRN4231-T9-1/lab4-main/install/yolo_msgs/include/yolo_msgs/yolo_msgs/msg/detail/point2_d__functions.h
-- Installing: /home/mtrn/MTRN4231-T9-1/lab4-main/install/yolo_msgs/include/yolo_msgs/yolo_msgs/msg/detail/bounding_box3_d__struct.h
-- Installing: /home/mtrn/MTRN4231-T9-1/lab4-main/install/yolo_msgs/include/yolo_msgs/yolo_msgs/msg/detail/point2_d__functions.c
-- Installing: /home/mtrn/MTRN4231-T9-1/lab4-main/install/yolo_msgs/include/yolo_msgs/yolo_msgs/msg/detail/bounding_box2_d__struct.h
-- Installing: /home/mtrn/MTRN4231-T9-1/lab4-main/install/yolo_msgs/include/yolo_msgs/yolo_msgs/msg/detail/key_point2_d_array__struct.h
-- Installing: /home/mtrn/MTRN4231-T9-1/lab4-main/install/yolo_msgs/include/yolo_msgs/yolo_msgs/msg/detail/vector2__functions.c
-- Installing: /home/mtrn/MTRN4231-T9-1/lab4-main/install/yolo_msgs/include/yolo_msgs/yolo_msgs/msg/detail/mask__functions.c
-- Installing: /home/mtrn/MTRN4231-T9-1/lab4-main/install/yolo_msgs/include/yolo_msgs/yolo_msgs/msg/detail/mask__struct.h
-- Installing: /home/mtrn/MTRN4231-T9-1/lab4-main/install/yolo_msgs/include/yolo_msgs/yolo_msgs/msg/detail/bounding_box3_d__functions.h
-- Installing: /home/mtrn/MTRN4231-T9-1/lab4-main/install/yolo_msgs/include/yolo_msgs/yolo_msgs/msg/detail/detection_array__struct.h
-- Installing: /home/mtrn/MTRN4231-T9-1/lab4-main/install/yolo_msgs/include/yolo_msgs/yolo_msgs/msg/detail/key_point3_d__functions.h
-- Installing: /home/mtrn/MTRN4231-T9-1/lab4-main/install/yolo_msgs/include/yolo_msgs/yolo_msgs/msg/detail/pose2_d__functions.c
-- Installing: /home/mtrn/MTRN4231-T9-1/lab4-main/install/yolo_msgs/include/yolo_msgs/yolo_msgs/msg/detail/key_point3_d__functions.c
-- Installing: /home/mtrn/MTRN4231-T9-1/lab4-main/install/yolo_msgs/include/yolo_msgs/yolo_msgs/msg/detail/bounding_box2_d__type_support.h
-- Installing: /home/mtrn/MTRN4231-T9-1/lab4-main/install/yolo_msgs/include/yolo_msgs/yolo_msgs/msg/detail/pose2_d__struct.h
-- Installing: /home/mtrn/MTRN4231-T9-1/lab4-main/install/yolo_msgs/include/yolo_msgs/yolo_msgs/msg/detail/key_point3_d_array__functions.c
-- Installing: /home/mtrn/MTRN4231-T9-1/lab4-main/install/yolo_msgs/include/yolo_msgs/yolo_msgs/msg/detail/pose2_d__type_support.h
-- Installing: /home/mtrn/MTRN4231-T9-1/lab4-main/install/yolo_msgs/include/yolo_msgs/yolo_msgs/msg/detail/key_point3_d_array__type_support.h
-- Installing: /home/mtrn/MTRN4231-T9-1/lab4-main/install/yolo_msgs/include/yolo_msgs/yolo_msgs/msg/detail/vector2__functions.h
-- Installing: /home/mtrn/MTRN4231-T9-1/lab4-main/install/yolo_msgs/include/yolo_msgs/yolo_msgs/msg/detail/point2_d__type_support.h
-- Installing: /home/mtrn/MTRN4231-T9-1/lab4-main/install/yolo_msgs/include/yolo_msgs/yolo_msgs/msg/detail/bounding_box3_d__functions.c
-- Installing: /home/mtrn/MTRN4231-T9-1/lab4-main/install/yolo_msgs/include/yolo_msgs/yolo_msgs/msg/detail/point2_d__struct.h
-- Installing: /home/mtrn/MTRN4231-T9-1/lab4-main/install/yolo_msgs/include/yolo_msgs/yolo_msgs/msg/detail/key_point2_d__functions.c
-- Installing: /home/mtrn/MTRN4231-T9-1/lab4-main/install/yolo_msgs/include/yolo_msgs/yolo_msgs/msg/detail/key_point3_d__type_support.h
-- Installing: /home/mtrn/MTRN4231-T9-1/lab4-main/install/yolo_msgs/include/yolo_msgs/yolo_msgs/msg/detail/key_point2_d__functions.h
-- Installing: /home/mtrn/MTRN4231-T9-1/lab4-main/install/yolo_msgs/include/yolo_msgs/yolo_msgs/msg/detail/detection__functions.c
-- Installing: /home/mtrn/MTRN4231-T9-1/lab4-main/install/yolo_msgs/include/yolo_msgs/yolo_msgs/msg/detail/detection_array__functions.h
-- Installing: /home/mtrn/MTRN4231-T9-1/lab4-main/install/yolo_msgs/include/yolo_msgs/yolo_msgs/msg/key_point3_d.h
-- Installing: /home/mtrn/MTRN4231-T9-1/lab4-main/install/yolo_msgs/include/yolo_msgs/yolo_msgs/msg/key_point2_d_array.h
-- Installing: /home/mtrn/MTRN4231-T9-1/lab4-main/install/yolo_msgs/share/yolo_msgs/environment/library_path.sh
-- Installing: /home/mtrn/MTRN4231-T9-1/lab4-main/install/yolo_msgs/share/yolo_msgs/environment/library_path.dsv
-- Installing: /home/mtrn/MTRN4231-T9-1/lab4-main/install/yolo_msgs/lib/libyolo_msgs__rosidl_generator_c.so
-- Set runtime path of "/home/mtrn/MTRN4231-T9-1/lab4-main/install/yolo_msgs/lib/libyolo_msgs__rosidl_generator_c.so" to ""
-- Up-to-date: /home/mtrn/MTRN4231-T9-1/lab4-main/install/yolo_msgs/include/yolo_msgs/yolo_msgs
-- Up-to-date: /home/mtrn/MTRN4231-T9-1/lab4-main/install/yolo_msgs/include/yolo_msgs/yolo_msgs/srv
-- Up-to-date: /home/mtrn/MTRN4231-T9-1/lab4-main/install/yolo_msgs/include/yolo_msgs/yolo_msgs/srv/detail
-- Installing: /home/mtrn/MTRN4231-T9-1/lab4-main/install/yolo_msgs/include/yolo_msgs/yolo_msgs/srv/detail/set_classes__rosidl_typesupport_fastrtps_c.h
-- Up-to-date: /home/mtrn/MTRN4231-T9-1/lab4-main/install/yolo_msgs/include/yolo_msgs/yolo_msgs/msg
-- Installing: /home/mtrn/MTRN4231-T9-1/lab4-main/install/yolo_msgs/include/yolo_msgs/yolo_msgs/msg/rosidl_typesupport_fastrtps_c__visibility_control.h
-- Up-to-date: /home/mtrn/MTRN4231-T9-1/lab4-main/install/yolo_msgs/include/yolo_msgs/yolo_msgs/msg/detail
-- Installing: /home/mtrn/MTRN4231-T9-1/lab4-main/install/yolo_msgs/include/yolo_msgs/yolo_msgs/msg/detail/key_point2_d__rosidl_typesupport_fastrtps_c.h
-- Installing: /home/mtrn/MTRN4231-T9-1/lab4-main/install/yolo_msgs/include/yolo_msgs/yolo_msgs/msg/detail/bounding_box2_d__rosidl_typesupport_fastrtps_c.h
-- Installing: /home/mtrn/MTRN4231-T9-1/lab4-main/install/yolo_msgs/include/yolo_msgs/yolo_msgs/msg/detail/key_point2_d_array__rosidl_typesupport_fastrtps_c.h
-- Installing: /home/mtrn/MTRN4231-T9-1/lab4-main/install/yolo_msgs/include/yolo_msgs/yolo_msgs/msg/detail/key_point3_d_array__rosidl_typesupport_fastrtps_c.h
-- Installing: /home/mtrn/MTRN4231-T9-1/lab4-main/install/yolo_msgs/include/yolo_msgs/yolo_msgs/msg/detail/detection__rosidl_typesupport_fastrtps_c.h
-- Installing: /home/mtrn/MTRN4231-T9-1/lab4-main/install/yolo_msgs/include/yolo_msgs/yolo_msgs/msg/detail/detection_array__rosidl_typesupport_fastrtps_c.h
-- Installing: /home/mtrn/MTRN4231-T9-1/lab4-main/install/yolo_msgs/include/yolo_msgs/yolo_msgs/msg/detail/vector2__rosidl_typesupport_fastrtps_c.h
-- Installing: /home/mtrn/MTRN4231-T9-1/lab4-main/install/yolo_msgs/include/yolo_msgs/yolo_msgs/msg/detail/key_point3_d__rosidl_typesupport_fastrtps_c.h
-- Installing: /home/mtrn/MTRN4231-T9-1/lab4-main/install/yolo_msgs/include/yolo_msgs/yolo_msgs/msg/detail/mask__rosidl_typesupport_fastrtps_c.h
-- Installing: /home/mtrn/MTRN4231-T9-1/lab4-main/install/yolo_msgs/include/yolo_msgs/yolo_msgs/msg/detail/point2_d__rosidl_typesupport_fastrtps_c.h
-- Installing: /home/mtrn/MTRN4231-T9-1/lab4-main/install/yolo_msgs/include/yolo_msgs/yolo_msgs/msg/detail/bounding_box3_d__rosidl_typesupport_fastrtps_c.h
-- Installing: /home/mtrn/MTRN4231-T9-1/lab4-main/install/yolo_msgs/include/yolo_msgs/yolo_msgs/msg/detail/pose2_d__rosidl_typesupport_fastrtps_c.h
-- Installing: /home/mtrn/MTRN4231-T9-1/lab4-main/install/yolo_msgs/lib/libyolo_msgs__rosidl_typesupport_fastrtps_c.so
-- Set runtime path of "/home/mtrn/MTRN4231-T9-1/lab4-main/install/yolo_msgs/lib/libyolo_msgs__rosidl_typesupport_fastrtps_c.so" to ""
-- Up-to-date: /home/mtrn/MTRN4231-T9-1/lab4-main/install/yolo_msgs/include/yolo_msgs/yolo_msgs
-- Up-to-date: /home/mtrn/MTRN4231-T9-1/lab4-main/install/yolo_msgs/include/yolo_msgs/yolo_msgs/srv
-- Up-to-date: /home/mtrn/MTRN4231-T9-1/lab4-main/install/yolo_msgs/include/yolo_msgs/yolo_msgs/srv/detail
-- Installing: /home/mtrn/MTRN4231-T9-1/lab4-main/install/yolo_msgs/include/yolo_msgs/yolo_msgs/srv/detail/set_classes__type_support.c
-- Installing: /home/mtrn/MTRN4231-T9-1/lab4-main/install/yolo_msgs/include/yolo_msgs/yolo_msgs/srv/detail/set_classes__rosidl_typesupport_introspection_c.h
-- Up-to-date: /home/mtrn/MTRN4231-T9-1/lab4-main/install/yolo_msgs/include/yolo_msgs/yolo_msgs/msg
-- Installing: /home/mtrn/MTRN4231-T9-1/lab4-main/install/yolo_msgs/include/yolo_msgs/yolo_msgs/msg/rosidl_typesupport_introspection_c__visibility_control.h
-- Up-to-date: /home/mtrn/MTRN4231-T9-1/lab4-main/install/yolo_msgs/include/yolo_msgs/yolo_msgs/msg/detail
-- Installing: /home/mtrn/MTRN4231-T9-1/lab4-main/install/yolo_msgs/include/yolo_msgs/yolo_msgs/msg/detail/pose2_d__rosidl_typesupport_introspection_c.h
-- Installing: /home/mtrn/MTRN4231-T9-1/lab4-main/install/yolo_msgs/include/yolo_msgs/yolo_msgs/msg/detail/bounding_box2_d__type_support.c
-- Installing: /home/mtrn/MTRN4231-T9-1/lab4-main/install/yolo_msgs/include/yolo_msgs/yolo_msgs/msg/detail/key_point3_d_array__type_support.c
-- Installing: /home/mtrn/MTRN4231-T9-1/lab4-main/install/yolo_msgs/include/yolo_msgs/yolo_msgs/msg/detail/bounding_box3_d__rosidl_typesupport_introspection_c.h
-- Installing: /home/mtrn/MTRN4231-T9-1/lab4-main/install/yolo_msgs/include/yolo_msgs/yolo_msgs/msg/detail/mask__type_support.c
-- Installing: /home/mtrn/MTRN4231-T9-1/lab4-main/install/yolo_msgs/include/yolo_msgs/yolo_msgs/msg/detail/key_point3_d__rosidl_typesupport_introspection_c.h
-- Installing: /home/mtrn/MTRN4231-T9-1/lab4-main/install/yolo_msgs/include/yolo_msgs/yolo_msgs/msg/detail/vector2__rosidl_typesupport_introspection_c.h
-- Installing: /home/mtrn/MTRN4231-T9-1/lab4-main/install/yolo_msgs/include/yolo_msgs/yolo_msgs/msg/detail/key_point2_d_array__type_support.c
-- Installing: /home/mtrn/MTRN4231-T9-1/lab4-main/install/yolo_msgs/include/yolo_msgs/yolo_msgs/msg/detail/vector2__type_support.c
-- Installing: /home/mtrn/MTRN4231-T9-1/lab4-main/install/yolo_msgs/include/yolo_msgs/yolo_msgs/msg/detail/bounding_box2_d__rosidl_typesupport_introspection_c.h
-- Installing: /home/mtrn/MTRN4231-T9-1/lab4-main/install/yolo_msgs/include/yolo_msgs/yolo_msgs/msg/detail/detection_array__type_support.c
-- Installing: /home/mtrn/MTRN4231-T9-1/lab4-main/install/yolo_msgs/include/yolo_msgs/yolo_msgs/msg/detail/key_point2_d__rosidl_typesupport_introspection_c.h
-- Installing: /home/mtrn/MTRN4231-T9-1/lab4-main/install/yolo_msgs/include/yolo_msgs/yolo_msgs/msg/detail/detection__type_support.c
-- Installing: /home/mtrn/MTRN4231-T9-1/lab4-main/install/yolo_msgs/include/yolo_msgs/yolo_msgs/msg/detail/bounding_box3_d__type_support.c
-- Installing: /home/mtrn/MTRN4231-T9-1/lab4-main/install/yolo_msgs/include/yolo_msgs/yolo_msgs/msg/detail/key_point2_d_array__rosidl_typesupport_introspection_c.h
-- Installing: /home/mtrn/MTRN4231-T9-1/lab4-main/install/yolo_msgs/include/yolo_msgs/yolo_msgs/msg/detail/pose2_d__type_support.c
-- Installing: /home/mtrn/MTRN4231-T9-1/lab4-main/install/yolo_msgs/include/yolo_msgs/yolo_msgs/msg/detail/mask__rosidl_typesupport_introspection_c.h
-- Installing: /home/mtrn/MTRN4231-T9-1/lab4-main/install/yolo_msgs/include/yolo_msgs/yolo_msgs/msg/detail/detection__rosidl_typesupport_introspection_c.h
-- Installing: /home/mtrn/MTRN4231-T9-1/lab4-main/install/yolo_msgs/include/yolo_msgs/yolo_msgs/msg/detail/point2_d__rosidl_typesupport_introspection_c.h
-- Installing: /home/mtrn/MTRN4231-T9-1/lab4-main/install/yolo_msgs/include/yolo_msgs/yolo_msgs/msg/detail/key_point3_d_array__rosidl_typesupport_introspection_c.h
-- Installing: /home/mtrn/MTRN4231-T9-1/lab4-main/install/yolo_msgs/include/yolo_msgs/yolo_msgs/msg/detail/detection_array__rosidl_typesupport_introspection_c.h
-- Installing: /home/mtrn/MTRN4231-T9-1/lab4-main/install/yolo_msgs/include/yolo_msgs/yolo_msgs/msg/detail/point2_d__type_support.c
-- Installing: /home/mtrn/MTRN4231-T9-1/lab4-main/install/yolo_msgs/include/yolo_msgs/yolo_msgs/msg/detail/key_point2_d__type_support.c
-- Installing: /home/mtrn/MTRN4231-T9-1/lab4-main/install/yolo_msgs/include/yolo_msgs/yolo_msgs/msg/detail/key_point3_d__type_support.c
-- Installing: /home/mtrn/MTRN4231-T9-1/lab4-main/install/yolo_msgs/lib/libyolo_msgs__rosidl_typesupport_introspection_c.so
-- Set runtime path of "/home/mtrn/MTRN4231-T9-1/lab4-main/install/yolo_msgs/lib/libyolo_msgs__rosidl_typesupport_introspection_c.so" to ""
-- Installing: /home/mtrn/MTRN4231-T9-1/lab4-main/install/yolo_msgs/lib/libyolo_msgs__rosidl_typesupport_c.so
-- Set runtime path of "/home/mtrn/MTRN4231-T9-1/lab4-main/install/yolo_msgs/lib/libyolo_msgs__rosidl_typesupport_c.so" to ""
-- Up-to-date: /home/mtrn/MTRN4231-T9-1/lab4-main/install/yolo_msgs/include/yolo_msgs/yolo_msgs
-- Up-to-date: /home/mtrn/MTRN4231-T9-1/lab4-main/install/yolo_msgs/include/yolo_msgs/yolo_msgs/srv
-- Installing: /home/mtrn/MTRN4231-T9-1/lab4-main/install/yolo_msgs/include/yolo_msgs/yolo_msgs/srv/set_classes.hpp
-- Up-to-date: /home/mtrn/MTRN4231-T9-1/lab4-main/install/yolo_msgs/include/yolo_msgs/yolo_msgs/srv/detail
-- Installing: /home/mtrn/MTRN4231-T9-1/lab4-main/install/yolo_msgs/include/yolo_msgs/yolo_msgs/srv/detail/set_classes__struct.hpp
-- Installing: /home/mtrn/MTRN4231-T9-1/lab4-main/install/yolo_msgs/include/yolo_msgs/yolo_msgs/srv/detail/set_classes__builder.hpp
-- Installing: /home/mtrn/MTRN4231-T9-1/lab4-main/install/yolo_msgs/include/yolo_msgs/yolo_msgs/srv/detail/set_classes__traits.hpp
-- Up-to-date: /home/mtrn/MTRN4231-T9-1/lab4-main/install/yolo_msgs/include/yolo_msgs/yolo_msgs/msg
-- Installing: /home/mtrn/MTRN4231-T9-1/lab4-main/install/yolo_msgs/include/yolo_msgs/yolo_msgs/msg/key_point3_d.hpp
-- Installing: /home/mtrn/MTRN4231-T9-1/lab4-main/install/yolo_msgs/include/yolo_msgs/yolo_msgs/msg/key_point2_d_array.hpp
-- Installing: /home/mtrn/MTRN4231-T9-1/lab4-main/install/yolo_msgs/include/yolo_msgs/yolo_msgs/msg/bounding_box3_d.hpp
-- Installing: /home/mtrn/MTRN4231-T9-1/lab4-main/install/yolo_msgs/include/yolo_msgs/yolo_msgs/msg/mask.hpp
-- Installing: /home/mtrn/MTRN4231-T9-1/lab4-main/install/yolo_msgs/include/yolo_msgs/yolo_msgs/msg/bounding_box2_d.hpp
-- Installing: /home/mtrn/MTRN4231-T9-1/lab4-main/install/yolo_msgs/include/yolo_msgs/yolo_msgs/msg/detection_array.hpp
-- Installing: /home/mtrn/MTRN4231-T9-1/lab4-main/install/yolo_msgs/include/yolo_msgs/yolo_msgs/msg/point2_d.hpp
-- Installing: /home/mtrn/MTRN4231-T9-1/lab4-main/install/yolo_msgs/include/yolo_msgs/yolo_msgs/msg/pose2_d.hpp
-- Installing: /home/mtrn/MTRN4231-T9-1/lab4-main/install/yolo_msgs/include/yolo_msgs/yolo_msgs/msg/detection.hpp
-- Installing: /home/mtrn/MTRN4231-T9-1/lab4-main/install/yolo_msgs/include/yolo_msgs/yolo_msgs/msg/vector2.hpp
-- Up-to-date: /home/mtrn/MTRN4231-T9-1/lab4-main/install/yolo_msgs/include/yolo_msgs/yolo_msgs/msg/detail
-- Installing: /home/mtrn/MTRN4231-T9-1/lab4-main/install/yolo_msgs/include/yolo_msgs/yolo_msgs/msg/detail/key_point2_d_array__builder.hpp
-- Installing: /home/mtrn/MTRN4231-T9-1/lab4-main/install/yolo_msgs/include/yolo_msgs/yolo_msgs/msg/detail/detection__struct.hpp
-- Installing: /home/mtrn/MTRN4231-T9-1/lab4-main/install/yolo_msgs/include/yolo_msgs/yolo_msgs/msg/detail/key_point2_d__traits.hpp
-- Installing: /home/mtrn/MTRN4231-T9-1/lab4-main/install/yolo_msgs/include/yolo_msgs/yolo_msgs/msg/detail/key_point2_d__builder.hpp
-- Installing: /home/mtrn/MTRN4231-T9-1/lab4-main/install/yolo_msgs/include/yolo_msgs/yolo_msgs/msg/detail/mask__struct.hpp
-- Installing: /home/mtrn/MTRN4231-T9-1/lab4-main/install/yolo_msgs/include/yolo_msgs/yolo_msgs/msg/detail/mask__traits.hpp
-- Installing: /home/mtrn/MTRN4231-T9-1/lab4-main/install/yolo_msgs/include/yolo_msgs/yolo_msgs/msg/detail/point2_d__struct.hpp
-- Installing: /home/mtrn/MTRN4231-T9-1/lab4-main/install/yolo_msgs/include/yolo_msgs/yolo_msgs/msg/detail/key_point2_d_array__struct.hpp
-- Installing: /home/mtrn/MTRN4231-T9-1/lab4-main/install/yolo_msgs/include/yolo_msgs/yolo_msgs/msg/detail/detection_array__traits.hpp
-- Installing: /home/mtrn/MTRN4231-T9-1/lab4-main/install/yolo_msgs/include/yolo_msgs/yolo_msgs/msg/detail/key_point2_d__struct.hpp
-- Installing: /home/mtrn/MTRN4231-T9-1/lab4-main/install/yolo_msgs/include/yolo_msgs/yolo_msgs/msg/detail/bounding_box2_d__struct.hpp
-- Installing: /home/mtrn/MTRN4231-T9-1/lab4-main/install/yolo_msgs/include/yolo_msgs/yolo_msgs/msg/detail/key_point3_d_array__traits.hpp
-- Installing: /home/mtrn/MTRN4231-T9-1/lab4-main/install/yolo_msgs/include/yolo_msgs/yolo_msgs/msg/detail/pose2_d__builder.hpp
-- Installing: /home/mtrn/MTRN4231-T9-1/lab4-main/install/yolo_msgs/include/yolo_msgs/yolo_msgs/msg/detail/bounding_box3_d__builder.hpp
-- Installing: /home/mtrn/MTRN4231-T9-1/lab4-main/install/yolo_msgs/include/yolo_msgs/yolo_msgs/msg/detail/detection_array__struct.hpp
-- Installing: /home/mtrn/MTRN4231-T9-1/lab4-main/install/yolo_msgs/include/yolo_msgs/yolo_msgs/msg/detail/bounding_box3_d__traits.hpp
-- Installing: /home/mtrn/MTRN4231-T9-1/lab4-main/install/yolo_msgs/include/yolo_msgs/yolo_msgs/msg/detail/key_point3_d__traits.hpp
-- Installing: /home/mtrn/MTRN4231-T9-1/lab4-main/install/yolo_msgs/include/yolo_msgs/yolo_msgs/msg/detail/key_point3_d__struct.hpp
-- Installing: /home/mtrn/MTRN4231-T9-1/lab4-main/install/yolo_msgs/include/yolo_msgs/yolo_msgs/msg/detail/key_point3_d_array__builder.hpp
-- Installing: /home/mtrn/MTRN4231-T9-1/lab4-main/install/yolo_msgs/include/yolo_msgs/yolo_msgs/msg/detail/pose2_d__struct.hpp
-- Installing: /home/mtrn/MTRN4231-T9-1/lab4-main/install/yolo_msgs/include/yolo_msgs/yolo_msgs/msg/detail/vector2__traits.hpp
-- Installing: /home/mtrn/MTRN4231-T9-1/lab4-main/install/yolo_msgs/include/yolo_msgs/yolo_msgs/msg/detail/detection__traits.hpp
-- Installing: /home/mtrn/MTRN4231-T9-1/lab4-main/install/yolo_msgs/include/yolo_msgs/yolo_msgs/msg/detail/vector2__builder.hpp
-- Installing: /home/mtrn/MTRN4231-T9-1/lab4-main/install/yolo_msgs/include/yolo_msgs/yolo_msgs/msg/detail/key_point3_d__builder.hpp
-- Installing: /home/mtrn/MTRN4231-T9-1/lab4-main/install/yolo_msgs/include/yolo_msgs/yolo_msgs/msg/detail/bounding_box2_d__traits.hpp
-- Installing: /home/mtrn/MTRN4231-T9-1/lab4-main/install/yolo_msgs/include/yolo_msgs/yolo_msgs/msg/detail/key_point2_d_array__traits.hpp
-- Installing: /home/mtrn/MTRN4231-T9-1/lab4-main/install/yolo_msgs/include/yolo_msgs/yolo_msgs/msg/detail/detection_array__builder.hpp
-- Installing: /home/mtrn/MTRN4231-T9-1/lab4-main/install/yolo_msgs/include/yolo_msgs/yolo_msgs/msg/detail/mask__builder.hpp
-- Installing: /home/mtrn/MTRN4231-T9-1/lab4-main/install/yolo_msgs/include/yolo_msgs/yolo_msgs/msg/detail/point2_d__builder.hpp
-- Installing: /home/mtrn/MTRN4231-T9-1/lab4-main/install/yolo_msgs/include/yolo_msgs/yolo_msgs/msg/detail/key_point3_d_array__struct.hpp
-- Installing: /home/mtrn/MTRN4231-T9-1/lab4-main/install/yolo_msgs/include/yolo_msgs/yolo_msgs/msg/detail/point2_d__traits.hpp
-- Installing: /home/mtrn/MTRN4231-T9-1/lab4-main/install/yolo_msgs/include/yolo_msgs/yolo_msgs/msg/detail/bounding_box3_d__struct.hpp
-- Installing: /home/mtrn/MTRN4231-T9-1/lab4-main/install/yolo_msgs/include/yolo_msgs/yolo_msgs/msg/detail/detection__builder.hpp
-- Installing: /home/mtrn/MTRN4231-T9-1/lab4-main/install/yolo_msgs/include/yolo_msgs/yolo_msgs/msg/detail/bounding_box2_d__builder.hpp
-- Installing: /home/mtrn/MTRN4231-T9-1/lab4-main/install/yolo_msgs/include/yolo_msgs/yolo_msgs/msg/detail/pose2_d__traits.hpp
-- Installing: /home/mtrn/MTRN4231-T9-1/lab4-main/install/yolo_msgs/include/yolo_msgs/yolo_msgs/msg/detail/vector2__struct.hpp
-- Installing: /home/mtrn/MTRN4231-T9-1/lab4-main/install/yolo_msgs/include/yolo_msgs/yolo_msgs/msg/key_point2_d.hpp
-- Installing: /home/mtrn/MTRN4231-T9-1/lab4-main/install/yolo_msgs/include/yolo_msgs/yolo_msgs/msg/key_point3_d_array.hpp
-- Up-to-date: /home/mtrn/MTRN4231-T9-1/lab4-main/install/yolo_msgs/include/yolo_msgs/yolo_msgs
-- Up-to-date: /home/mtrn/MTRN4231-T9-1/lab4-main/install/yolo_msgs/include/yolo_msgs/yolo_msgs/srv
-- Up-to-date: /home/mtrn/MTRN4231-T9-1/lab4-main/install/yolo_msgs/include/yolo_msgs/yolo_msgs/srv/detail
-- Installing: /home/mtrn/MTRN4231-T9-1/lab4-main/install/yolo_msgs/include/yolo_msgs/yolo_msgs/srv/detail/set_classes__rosidl_typesupport_fastrtps_cpp.hpp
-- Installing: /home/mtrn/MTRN4231-T9-1/lab4-main/install/yolo_msgs/include/yolo_msgs/yolo_msgs/srv/detail/dds_fastrtps
-- Up-to-date: /home/mtrn/MTRN4231-T9-1/lab4-main/install/yolo_msgs/include/yolo_msgs/yolo_msgs/msg
-- Up-to-date: /home/mtrn/MTRN4231-T9-1/lab4-main/install/yolo_msgs/include/yolo_msgs/yolo_msgs/msg/detail
-- Installing: /home/mtrn/MTRN4231-T9-1/lab4-main/install/yolo_msgs/include/yolo_msgs/yolo_msgs/msg/detail/detection_array__rosidl_typesupport_fastrtps_cpp.hpp
-- Installing: /home/mtrn/MTRN4231-T9-1/lab4-main/install/yolo_msgs/include/yolo_msgs/yolo_msgs/msg/detail/mask__rosidl_typesupport_fastrtps_cpp.hpp
-- Installing: /home/mtrn/MTRN4231-T9-1/lab4-main/install/yolo_msgs/include/yolo_msgs/yolo_msgs/msg/detail/bounding_box2_d__rosidl_typesupport_fastrtps_cpp.hpp
-- Installing: /home/mtrn/MTRN4231-T9-1/lab4-main/install/yolo_msgs/include/yolo_msgs/yolo_msgs/msg/detail/pose2_d__rosidl_typesupport_fastrtps_cpp.hpp
-- Installing: /home/mtrn/MTRN4231-T9-1/lab4-main/install/yolo_msgs/include/yolo_msgs/yolo_msgs/msg/detail/dds_fastrtps
-- Installing: /home/mtrn/MTRN4231-T9-1/lab4-main/install/yolo_msgs/include/yolo_msgs/yolo_msgs/msg/detail/vector2__rosidl_typesupport_fastrtps_cpp.hpp
-- Installing: /home/mtrn/MTRN4231-T9-1/lab4-main/install/yolo_msgs/include/yolo_msgs/yolo_msgs/msg/detail/key_point2_d_array__rosidl_typesupport_fastrtps_cpp.hpp
-- Installing: /home/mtrn/MTRN4231-T9-1/lab4-main/install/yolo_msgs/include/yolo_msgs/yolo_msgs/msg/detail/bounding_box3_d__rosidl_typesupport_fastrtps_cpp.hpp
-- Installing: /home/mtrn/MTRN4231-T9-1/lab4-main/install/yolo_msgs/include/yolo_msgs/yolo_msgs/msg/detail/key_point2_d__rosidl_typesupport_fastrtps_cpp.hpp
-- Installing: /home/mtrn/MTRN4231-T9-1/lab4-main/install/yolo_msgs/include/yolo_msgs/yolo_msgs/msg/detail/point2_d__rosidl_typesupport_fastrtps_cpp.hpp
-- Installing: /home/mtrn/MTRN4231-T9-1/lab4-main/install/yolo_msgs/include/yolo_msgs/yolo_msgs/msg/detail/key_point3_d_array__rosidl_typesupport_fastrtps_cpp.hpp
-- Installing: /home/mtrn/MTRN4231-T9-1/lab4-main/install/yolo_msgs/include/yolo_msgs/yolo_msgs/msg/detail/key_point3_d__rosidl_typesupport_fastrtps_cpp.hpp
-- Installing: /home/mtrn/MTRN4231-T9-1/lab4-main/install/yolo_msgs/include/yolo_msgs/yolo_msgs/msg/detail/detection__rosidl_typesupport_fastrtps_cpp.hpp
-- Installing: /home/mtrn/MTRN4231-T9-1/lab4-main/install/yolo_msgs/include/yolo_msgs/yolo_msgs/msg/rosidl_typesupport_fastrtps_cpp__visibility_control.h
-- Installing: /home/mtrn/MTRN4231-T9-1/lab4-main/install/yolo_msgs/lib/libyolo_msgs__rosidl_typesupport_fastrtps_cpp.so
-- Set runtime path of "/home/mtrn/MTRN4231-T9-1/lab4-main/install/yolo_msgs/lib/libyolo_msgs__rosidl_typesupport_fastrtps_cpp.so" to ""
-- Up-to-date: /home/mtrn/MTRN4231-T9-1/lab4-main/install/yolo_msgs/include/yolo_msgs/yolo_msgs
-- Up-to-date: /home/mtrn/MTRN4231-T9-1/lab4-main/install/yolo_msgs/include/yolo_msgs/yolo_msgs/srv
-- Up-to-date: /home/mtrn/MTRN4231-T9-1/lab4-main/install/yolo_msgs/include/yolo_msgs/yolo_msgs/srv/detail
-- Installing: /home/mtrn/MTRN4231-T9-1/lab4-main/install/yolo_msgs/include/yolo_msgs/yolo_msgs/srv/detail/set_classes__rosidl_typesupport_introspection_cpp.hpp
-- Installing: /home/mtrn/MTRN4231-T9-1/lab4-main/install/yolo_msgs/include/yolo_msgs/yolo_msgs/srv/detail/set_classes__type_support.cpp
-- Up-to-date: /home/mtrn/MTRN4231-T9-1/lab4-main/install/yolo_msgs/include/yolo_msgs/yolo_msgs/msg
-- Up-to-date: /home/mtrn/MTRN4231-T9-1/lab4-main/install/yolo_msgs/include/yolo_msgs/yolo_msgs/msg/detail
-- Installing: /home/mtrn/MTRN4231-T9-1/lab4-main/install/yolo_msgs/include/yolo_msgs/yolo_msgs/msg/detail/detection_array__type_support.cpp
-- Installing: /home/mtrn/MTRN4231-T9-1/lab4-main/install/yolo_msgs/include/yolo_msgs/yolo_msgs/msg/detail/key_point2_d_array__rosidl_typesupport_introspection_cpp.hpp
-- Installing: /home/mtrn/MTRN4231-T9-1/lab4-main/install/yolo_msgs/include/yolo_msgs/yolo_msgs/msg/detail/bounding_box2_d__type_support.cpp
-- Installing: /home/mtrn/MTRN4231-T9-1/lab4-main/install/yolo_msgs/include/yolo_msgs/yolo_msgs/msg/detail/detection_array__rosidl_typesupport_introspection_cpp.hpp
-- Installing: /home/mtrn/MTRN4231-T9-1/lab4-main/install/yolo_msgs/include/yolo_msgs/yolo_msgs/msg/detail/key_point2_d_array__type_support.cpp
-- Installing: /home/mtrn/MTRN4231-T9-1/lab4-main/install/yolo_msgs/include/yolo_msgs/yolo_msgs/msg/detail/key_point3_d_array__type_support.cpp
-- Installing: /home/mtrn/MTRN4231-T9-1/lab4-main/install/yolo_msgs/include/yolo_msgs/yolo_msgs/msg/detail/key_point2_d__type_support.cpp
-- Installing: /home/mtrn/MTRN4231-T9-1/lab4-main/install/yolo_msgs/include/yolo_msgs/yolo_msgs/msg/detail/bounding_box3_d__type_support.cpp
-- Installing: /home/mtrn/MTRN4231-T9-1/lab4-main/install/yolo_msgs/include/yolo_msgs/yolo_msgs/msg/detail/detection__rosidl_typesupport_introspection_cpp.hpp
-- Installing: /home/mtrn/MTRN4231-T9-1/lab4-main/install/yolo_msgs/include/yolo_msgs/yolo_msgs/msg/detail/point2_d__type_support.cpp
-- Installing: /home/mtrn/MTRN4231-T9-1/lab4-main/install/yolo_msgs/include/yolo_msgs/yolo_msgs/msg/detail/detection__type_support.cpp
-- Installing: /home/mtrn/MTRN4231-T9-1/lab4-main/install/yolo_msgs/include/yolo_msgs/yolo_msgs/msg/detail/pose2_d__rosidl_typesupport_introspection_cpp.hpp
-- Installing: /home/mtrn/MTRN4231-T9-1/lab4-main/install/yolo_msgs/include/yolo_msgs/yolo_msgs/msg/detail/key_point3_d__type_support.cpp
-- Installing: /home/mtrn/MTRN4231-T9-1/lab4-main/install/yolo_msgs/include/yolo_msgs/yolo_msgs/msg/detail/vector2__rosidl_typesupport_introspection_cpp.hpp
-- Installing: /home/mtrn/MTRN4231-T9-1/lab4-main/install/yolo_msgs/include/yolo_msgs/yolo_msgs/msg/detail/vector2__type_support.cpp
-- Installing: /home/mtrn/MTRN4231-T9-1/lab4-main/install/yolo_msgs/include/yolo_msgs/yolo_msgs/msg/detail/pose2_d__type_support.cpp
-- Installing: /home/mtrn/MTRN4231-T9-1/lab4-main/install/yolo_msgs/include/yolo_msgs/yolo_msgs/msg/detail/key_point2_d__rosidl_typesupport_introspection_cpp.hpp
-- Installing: /home/mtrn/MTRN4231-T9-1/lab4-main/install/yolo_msgs/include/yolo_msgs/yolo_msgs/msg/detail/key_point3_d__rosidl_typesupport_introspection_cpp.hpp
-- Installing: /home/mtrn/MTRN4231-T9-1/lab4-main/install/yolo_msgs/include/yolo_msgs/yolo_msgs/msg/detail/mask__rosidl_typesupport_introspection_cpp.hpp
-- Installing: /home/mtrn/MTRN4231-T9-1/lab4-main/install/yolo_msgs/include/yolo_msgs/yolo_msgs/msg/detail/point2_d__rosidl_typesupport_introspection_cpp.hpp
-- Installing: /home/mtrn/MTRN4231-T9-1/lab4-main/install/yolo_msgs/include/yolo_msgs/yolo_msgs/msg/detail/key_point3_d_array__rosidl_typesupport_introspection_cpp.hpp
-- Installing: /home/mtrn/MTRN4231-T9-1/lab4-main/install/yolo_msgs/include/yolo_msgs/yolo_msgs/msg/detail/bounding_box2_d__rosidl_typesupport_introspection_cpp.hpp
-- Installing: /home/mtrn/MTRN4231-T9-1/lab4-main/install/yolo_msgs/include/yolo_msgs/yolo_msgs/msg/detail/bounding_box3_d__rosidl_typesupport_introspection_cpp.hpp
-- Installing: /home/mtrn/MTRN4231-T9-1/lab4-main/install/yolo_msgs/include/yolo_msgs/yolo_msgs/msg/detail/mask__type_support.cpp
-- Installing: /home/mtrn/MTRN4231-T9-1/lab4-main/install/yolo_msgs/lib/libyolo_msgs__rosidl_typesupport_introspection_cpp.so
-- Set runtime path of "/home/mtrn/MTRN4231-T9-1/lab4-main/install/yolo_msgs/lib/libyolo_msgs__rosidl_typesupport_introspection_cpp.so" to ""
-- Installing: /home/mtrn/MTRN4231-T9-1/lab4-main/install/yolo_msgs/lib/libyolo_msgs__rosidl_typesupport_cpp.so
-- Set runtime path of "/home/mtrn/MTRN4231-T9-1/lab4-main/install/yolo_msgs/lib/libyolo_msgs__rosidl_typesupport_cpp.so" to ""
-- Installing: /home/mtrn/MTRN4231-T9-1/lab4-main/install/yolo_msgs/share/yolo_msgs/environment/pythonpath.sh
-- Installing: /home/mtrn/MTRN4231-T9-1/lab4-main/install/yolo_msgs/share/yolo_msgs/environment/pythonpath.dsv
-- Installing: /home/mtrn/MTRN4231-T9-1/lab4-main/install/yolo_msgs/local/lib/python3.10/dist-packages/yolo_msgs-4.3.1-py3.10.egg-info
-- Installing: /home/mtrn/MTRN4231-T9-1/lab4-main/install/yolo_msgs/local/lib/python3.10/dist-packages/yolo_msgs-4.3.1-py3.10.egg-info/PKG-INFO
-- Installing: /home/mtrn/MTRN4231-T9-1/lab4-main/install/yolo_msgs/local/lib/python3.10/dist-packages/yolo_msgs-4.3.1-py3.10.egg-info/top_level.txt
-- Installing: /home/mtrn/MTRN4231-T9-1/lab4-main/install/yolo_msgs/local/lib/python3.10/dist-packages/yolo_msgs-4.3.1-py3.10.egg-info/dependency_links.txt
-- Installing: /home/mtrn/MTRN4231-T9-1/lab4-main/install/yolo_msgs/local/lib/python3.10/dist-packages/yolo_msgs-4.3.1-py3.10.egg-info/SOURCES.txt
-- Installing: /home/mtrn/MTRN4231-T9-1/lab4-main/install/yolo_msgs/local/lib/python3.10/dist-packages/yolo_msgs
-- Installing: /home/mtrn/MTRN4231-T9-1/lab4-main/install/yolo_msgs/local/lib/python3.10/dist-packages/yolo_msgs/yolo_msgs_s__rosidl_typesupport_fastrtps_c.cpython-310-x86_64-linux-gnu.so
-- Installing: /home/mtrn/MTRN4231-T9-1/lab4-main/install/yolo_msgs/local/lib/python3.10/dist-packages/yolo_msgs/_yolo_msgs_s.ep.rosidl_typesupport_introspection_c.c
-- Installing: /home/mtrn/MTRN4231-T9-1/lab4-main/install/yolo_msgs/local/lib/python3.10/dist-packages/yolo_msgs/libyolo_msgs__rosidl_generator_py.so
-- Installing: /home/mtrn/MTRN4231-T9-1/lab4-main/install/yolo_msgs/local/lib/python3.10/dist-packages/yolo_msgs/_yolo_msgs_s.ep.rosidl_typesupport_fastrtps_c.c
-- Installing: /home/mtrn/MTRN4231-T9-1/lab4-main/install/yolo_msgs/local/lib/python3.10/dist-packages/yolo_msgs/yolo_msgs_s__rosidl_typesupport_c.cpython-310-x86_64-linux-gnu.so
-- Installing: /home/mtrn/MTRN4231-T9-1/lab4-main/install/yolo_msgs/local/lib/python3.10/dist-packages/yolo_msgs/__init__.py
-- Installing: /home/mtrn/MTRN4231-T9-1/lab4-main/install/yolo_msgs/local/lib/python3.10/dist-packages/yolo_msgs/_yolo_msgs_s.ep.rosidl_typesupport_c.c
-- Installing: /home/mtrn/MTRN4231-T9-1/lab4-main/install/yolo_msgs/local/lib/python3.10/dist-packages/yolo_msgs/srv
-- Installing: /home/mtrn/MTRN4231-T9-1/lab4-main/install/yolo_msgs/local/lib/python3.10/dist-packages/yolo_msgs/srv/_set_classes.py
-- Installing: /home/mtrn/MTRN4231-T9-1/lab4-main/install/yolo_msgs/local/lib/python3.10/dist-packages/yolo_msgs/srv/__init__.py
-- Installing: /home/mtrn/MTRN4231-T9-1/lab4-main/install/yolo_msgs/local/lib/python3.10/dist-packages/yolo_msgs/srv/_set_classes_s.c
-- Installing: /home/mtrn/MTRN4231-T9-1/lab4-main/install/yolo_msgs/local/lib/python3.10/dist-packages/yolo_msgs/yolo_msgs_s__rosidl_typesupport_introspection_c.cpython-310-x86_64-linux-gnu.so
-- Installing: /home/mtrn/MTRN4231-T9-1/lab4-main/install/yolo_msgs/local/lib/python3.10/dist-packages/yolo_msgs/msg
-- Installing: /home/mtrn/MTRN4231-T9-1/lab4-main/install/yolo_msgs/local/lib/python3.10/dist-packages/yolo_msgs/msg/_key_point2_d_array.py
-- Installing: /home/mtrn/MTRN4231-T9-1/lab4-main/install/yolo_msgs/local/lib/python3.10/dist-packages/yolo_msgs/msg/_vector2.py
-- Installing: /home/mtrn/MTRN4231-T9-1/lab4-main/install/yolo_msgs/local/lib/python3.10/dist-packages/yolo_msgs/msg/_key_point3_d_s.c
-- Installing: /home/mtrn/MTRN4231-T9-1/lab4-main/install/yolo_msgs/local/lib/python3.10/dist-packages/yolo_msgs/msg/_key_point2_d_s.c
-- Installing: /home/mtrn/MTRN4231-T9-1/lab4-main/install/yolo_msgs/local/lib/python3.10/dist-packages/yolo_msgs/msg/_key_point2_d.py
-- Installing: /home/mtrn/MTRN4231-T9-1/lab4-main/install/yolo_msgs/local/lib/python3.10/dist-packages/yolo_msgs/msg/_detection_array_s.c
-- Installing: /home/mtrn/MTRN4231-T9-1/lab4-main/install/yolo_msgs/local/lib/python3.10/dist-packages/yolo_msgs/msg/_pose2_d.py
-- Installing: /home/mtrn/MTRN4231-T9-1/lab4-main/install/yolo_msgs/local/lib/python3.10/dist-packages/yolo_msgs/msg/_key_point3_d_array.py
-- Installing: /home/mtrn/MTRN4231-T9-1/lab4-main/install/yolo_msgs/local/lib/python3.10/dist-packages/yolo_msgs/msg/_detection_s.c
-- Installing: /home/mtrn/MTRN4231-T9-1/lab4-main/install/yolo_msgs/local/lib/python3.10/dist-packages/yolo_msgs/msg/__init__.py
-- Installing: /home/mtrn/MTRN4231-T9-1/lab4-main/install/yolo_msgs/local/lib/python3.10/dist-packages/yolo_msgs/msg/_key_point3_d_array_s.c
-- Installing: /home/mtrn/MTRN4231-T9-1/lab4-main/install/yolo_msgs/local/lib/python3.10/dist-packages/yolo_msgs/msg/_detection.py
-- Installing: /home/mtrn/MTRN4231-T9-1/lab4-main/install/yolo_msgs/local/lib/python3.10/dist-packages/yolo_msgs/msg/_point2_d_s.c
-- Installing: /home/mtrn/MTRN4231-T9-1/lab4-main/install/yolo_msgs/local/lib/python3.10/dist-packages/yolo_msgs/msg/_bounding_box3_d_s.c
-- Installing: /home/mtrn/MTRN4231-T9-1/lab4-main/install/yolo_msgs/local/lib/python3.10/dist-packages/yolo_msgs/msg/_bounding_box2_d.py
-- Installing: /home/mtrn/MTRN4231-T9-1/lab4-main/install/yolo_msgs/local/lib/python3.10/dist-packages/yolo_msgs/msg/_bounding_box2_d_s.c
-- Installing: /home/mtrn/MTRN4231-T9-1/lab4-main/install/yolo_msgs/local/lib/python3.10/dist-packages/yolo_msgs/msg/_pose2_d_s.c
-- Installing: /home/mtrn/MTRN4231-T9-1/lab4-main/install/yolo_msgs/local/lib/python3.10/dist-packages/yolo_msgs/msg/_detection_array.py
-- Installing: /home/mtrn/MTRN4231-T9-1/lab4-main/install/yolo_msgs/local/lib/python3.10/dist-packages/yolo_msgs/msg/_point2_d.py
-- Installing: /home/mtrn/MTRN4231-T9-1/lab4-main/install/yolo_msgs/local/lib/python3.10/dist-packages/yolo_msgs/msg/_key_point2_d_array_s.c
-- Installing: /home/mtrn/MTRN4231-T9-1/lab4-main/install/yolo_msgs/local/lib/python3.10/dist-packages/yolo_msgs/msg/_mask.py
-- Installing: /home/mtrn/MTRN4231-T9-1/lab4-main/install/yolo_msgs/local/lib/python3.10/dist-packages/yolo_msgs/msg/_bounding_box3_d.py
-- Installing: /home/mtrn/MTRN4231-T9-1/lab4-main/install/yolo_msgs/local/lib/python3.10/dist-packages/yolo_msgs/msg/_mask_s.c
-- Installing: /home/mtrn/MTRN4231-T9-1/lab4-main/install/yolo_msgs/local/lib/python3.10/dist-packages/yolo_msgs/msg/_key_point3_d.py
-- Installing: /home/mtrn/MTRN4231-T9-1/lab4-main/install/yolo_msgs/local/lib/python3.10/dist-packages/yolo_msgs/msg/_vector2_s.c
Listing '/home/mtrn/MTRN4231-T9-1/lab4-main/install/yolo_msgs/local/lib/python3.10/dist-packages/yolo_msgs'...
Compiling '/home/mtrn/MTRN4231-T9-1/lab4-main/install/yolo_msgs/local/lib/python3.10/dist-packages/yolo_msgs/__init__.py'...
Listing '/home/mtrn/MTRN4231-T9-1/lab4-main/install/yolo_msgs/local/lib/python3.10/dist-packages/yolo_msgs/msg'...
Compiling '/home/mtrn/MTRN4231-T9-1/lab4-main/install/yolo_msgs/local/lib/python3.10/dist-packages/yolo_msgs/msg/__init__.py'...
Compiling '/home/mtrn/MTRN4231-T9-1/lab4-main/install/yolo_msgs/local/lib/python3.10/dist-packages/yolo_msgs/msg/_bounding_box2_d.py'...
Compiling '/home/mtrn/MTRN4231-T9-1/lab4-main/install/yolo_msgs/local/lib/python3.10/dist-packages/yolo_msgs/msg/_bounding_box3_d.py'...
Compiling '/home/mtrn/MTRN4231-T9-1/lab4-main/install/yolo_msgs/local/lib/python3.10/dist-packages/yolo_msgs/msg/_detection.py'...
Compiling '/home/mtrn/MTRN4231-T9-1/lab4-main/install/yolo_msgs/local/lib/python3.10/dist-packages/yolo_msgs/msg/_detection_array.py'...
Compiling '/home/mtrn/MTRN4231-T9-1/lab4-main/install/yolo_msgs/local/lib/python3.10/dist-packages/yolo_msgs/msg/_key_point2_d.py'...
Compiling '/home/mtrn/MTRN4231-T9-1/lab4-main/install/yolo_msgs/local/lib/python3.10/dist-packages/yolo_msgs/msg/_key_point2_d_array.py'...
Compiling '/home/mtrn/MTRN4231-T9-1/lab4-main/install/yolo_msgs/local/lib/python3.10/dist-packages/yolo_msgs/msg/_key_point3_d.py'...
Compiling '/home/mtrn/MTRN4231-T9-1/lab4-main/install/yolo_msgs/local/lib/python3.10/dist-packages/yolo_msgs/msg/_key_point3_d_array.py'...
Compiling '/home/mtrn/MTRN4231-T9-1/lab4-main/install/yolo_msgs/local/lib/python3.10/dist-packages/yolo_msgs/msg/_mask.py'...
Compiling '/home/mtrn/MTRN4231-T9-1/lab4-main/install/yolo_msgs/local/lib/python3.10/dist-packages/yolo_msgs/msg/_point2_d.py'...
Compiling '/home/mtrn/MTRN4231-T9-1/lab4-main/install/yolo_msgs/local/lib/python3.10/dist-packages/yolo_msgs/msg/_pose2_d.py'...
Compiling '/home/mtrn/MTRN4231-T9-1/lab4-main/install/yolo_msgs/local/lib/python3.10/dist-packages/yolo_msgs/msg/_vector2.py'...
Listing '/home/mtrn/MTRN4231-T9-1/lab4-main/install/yolo_msgs/local/lib/python3.10/dist-packages/yolo_msgs/srv'...
Compiling '/home/mtrn/MTRN4231-T9-1/lab4-main/install/yolo_msgs/local/lib/python3.10/dist-packages/yolo_msgs/srv/__init__.py'...
Compiling '/home/mtrn/MTRN4231-T9-1/lab4-main/install/yolo_msgs/local/lib/python3.10/dist-packages/yolo_msgs/srv/_set_classes.py'...
-- Installing: /home/mtrn/MTRN4231-T9-1/lab4-main/install/yolo_msgs/local/lib/python3.10/dist-packages/yolo_msgs/yolo_msgs_s__rosidl_typesupport_fastrtps_c.cpython-310-x86_64-linux-gnu.so
-- Set runtime path of "/home/mtrn/MTRN4231-T9-1/lab4-main/install/yolo_msgs/local/lib/python3.10/dist-packages/yolo_msgs/yolo_msgs_s__rosidl_typesupport_fastrtps_c.cpython-310-x86_64-linux-gnu.so" to ""
-- Installing: /home/mtrn/MTRN4231-T9-1/lab4-main/install/yolo_msgs/local/lib/python3.10/dist-packages/yolo_msgs/yolo_msgs_s__rosidl_typesupport_introspection_c.cpython-310-x86_64-linux-gnu.so
-- Set runtime path of "/home/mtrn/MTRN4231-T9-1/lab4-main/install/yolo_msgs/local/lib/python3.10/dist-packages/yolo_msgs/yolo_msgs_s__rosidl_typesupport_introspection_c.cpython-310-x86_64-linux-gnu.so" to ""
-- Installing: /home/mtrn/MTRN4231-T9-1/lab4-main/install/yolo_msgs/local/lib/python3.10/dist-packages/yolo_msgs/yolo_msgs_s__rosidl_typesupport_c.cpython-310-x86_64-linux-gnu.so
-- Set runtime path of "/home/mtrn/MTRN4231-T9-1/lab4-main/install/yolo_msgs/local/lib/python3.10/dist-packages/yolo_msgs/yolo_msgs_s__rosidl_typesupport_c.cpython-310-x86_64-linux-gnu.so" to ""
-- Installing: /home/mtrn/MTRN4231-T9-1/lab4-main/install/yolo_msgs/lib/libyolo_msgs__rosidl_generator_py.so
-- Set runtime path of "/home/mtrn/MTRN4231-T9-1/lab4-main/install/yolo_msgs/lib/libyolo_msgs__rosidl_generator_py.so" to ""
-- Installing: /home/mtrn/MTRN4231-T9-1/lab4-main/install/yolo_msgs/share/yolo_msgs/msg/Point2D.idl
-- Installing: /home/mtrn/MTRN4231-T9-1/lab4-main/install/yolo_msgs/share/yolo_msgs/msg/Vector2.idl
-- Installing: /home/mtrn/MTRN4231-T9-1/lab4-main/install/yolo_msgs/share/yolo_msgs/msg/Pose2D.idl
-- Installing: /home/mtrn/MTRN4231-T9-1/lab4-main/install/yolo_msgs/share/yolo_msgs/msg/BoundingBox2D.idl
-- Installing: /home/mtrn/MTRN4231-T9-1/lab4-main/install/yolo_msgs/share/yolo_msgs/msg/BoundingBox3D.idl
-- Installing: /home/mtrn/MTRN4231-T9-1/lab4-main/install/yolo_msgs/share/yolo_msgs/msg/Mask.idl
-- Installing: /home/mtrn/MTRN4231-T9-1/lab4-main/install/yolo_msgs/share/yolo_msgs/msg/KeyPoint2D.idl
-- Installing: /home/mtrn/MTRN4231-T9-1/lab4-main/install/yolo_msgs/share/yolo_msgs/msg/KeyPoint2DArray.idl
-- Installing: /home/mtrn/MTRN4231-T9-1/lab4-main/install/yolo_msgs/share/yolo_msgs/msg/KeyPoint3D.idl
-- Installing: /home/mtrn/MTRN4231-T9-1/lab4-main/install/yolo_msgs/share/yolo_msgs/msg/KeyPoint3DArray.idl
-- Installing: /home/mtrn/MTRN4231-T9-1/lab4-main/install/yolo_msgs/share/yolo_msgs/msg/Detection.idl
-- Installing: /home/mtrn/MTRN4231-T9-1/lab4-main/install/yolo_msgs/share/yolo_msgs/msg/DetectionArray.idl
-- Installing: /home/mtrn/MTRN4231-T9-1/lab4-main/install/yolo_msgs/share/yolo_msgs/srv/SetClasses.idl
-- Installing: /home/mtrn/MTRN4231-T9-1/lab4-main/install/yolo_msgs/share/yolo_msgs/msg/Point2D.msg
-- Installing: /home/mtrn/MTRN4231-T9-1/lab4-main/install/yolo_msgs/share/yolo_msgs/msg/Vector2.msg
-- Installing: /home/mtrn/MTRN4231-T9-1/lab4-main/install/yolo_msgs/share/yolo_msgs/msg/Pose2D.msg
-- Installing: /home/mtrn/MTRN4231-T9-1/lab4-main/install/yolo_msgs/share/yolo_msgs/msg/BoundingBox2D.msg
-- Installing: /home/mtrn/MTRN4231-T9-1/lab4-main/install/yolo_msgs/share/yolo_msgs/msg/BoundingBox3D.msg
-- Installing: /home/mtrn/MTRN4231-T9-1/lab4-main/install/yolo_msgs/share/yolo_msgs/msg/Mask.msg
-- Installing: /home/mtrn/MTRN4231-T9-1/lab4-main/install/yolo_msgs/share/yolo_msgs/msg/KeyPoint2D.msg
-- Installing: /home/mtrn/MTRN4231-T9-1/lab4-main/install/yolo_msgs/share/yolo_msgs/msg/KeyPoint2DArray.msg
-- Installing: /home/mtrn/MTRN4231-T9-1/lab4-main/install/yolo_msgs/share/yolo_msgs/msg/KeyPoint3D.msg
-- Installing: /home/mtrn/MTRN4231-T9-1/lab4-main/install/yolo_msgs/share/yolo_msgs/msg/KeyPoint3DArray.msg
-- Installing: /home/mtrn/MTRN4231-T9-1/lab4-main/install/yolo_msgs/share/yolo_msgs/msg/Detection.msg
-- Installing: /home/mtrn/MTRN4231-T9-1/lab4-main/install/yolo_msgs/share/yolo_msgs/msg/DetectionArray.msg
-- Installing: /home/mtrn/MTRN4231-T9-1/lab4-main/install/yolo_msgs/share/yolo_msgs/srv/SetClasses.srv
-- Installing: /home/mtrn/MTRN4231-T9-1/lab4-main/install/yolo_msgs/share/yolo_msgs/srv/SetClasses_Request.msg
-- Installing: /home/mtrn/MTRN4231-T9-1/lab4-main/install/yolo_msgs/share/yolo_msgs/srv/SetClasses_Response.msg
-- Installing: /home/mtrn/MTRN4231-T9-1/lab4-main/install/yolo_msgs/share/ament_index/resource_index/package_run_dependencies/yolo_msgs
-- Installing: /home/mtrn/MTRN4231-T9-1/lab4-main/install/yolo_msgs/share/ament_index/resource_index/parent_prefix_path/yolo_msgs
-- Installing: /home/mtrn/MTRN4231-T9-1/lab4-main/install/yolo_msgs/share/yolo_msgs/environment/ament_prefix_path.sh
-- Installing: /home/mtrn/MTRN4231-T9-1/lab4-main/install/yolo_msgs/share/yolo_msgs/environment/ament_prefix_path.dsv
-- Installing: /home/mtrn/MTRN4231-T9-1/lab4-main/install/yolo_msgs/share/yolo_msgs/environment/path.sh
-- Installing: /home/mtrn/MTRN4231-T9-1/lab4-main/install/yolo_msgs/share/yolo_msgs/environment/path.dsv
-- Installing: /home/mtrn/MTRN4231-T9-1/lab4-main/install/yolo_msgs/share/yolo_msgs/local_setup.bash
-- Installing: /home/mtrn/MTRN4231-T9-1/lab4-main/install/yolo_msgs/share/yolo_msgs/local_setup.sh
-- Installing: /home/mtrn/MTRN4231-T9-1/lab4-main/install/yolo_msgs/share/yolo_msgs/local_setup.zsh
-- Installing: /home/mtrn/MTRN4231-T9-1/lab4-main/install/yolo_msgs/share/yolo_msgs/local_setup.dsv
-- Installing: /home/mtrn/MTRN4231-T9-1/lab4-main/install/yolo_msgs/share/yolo_msgs/package.dsv
-- Installing: /home/mtrn/MTRN4231-T9-1/lab4-main/install/yolo_msgs/share/ament_index/resource_index/packages/yolo_msgs
-- Installing: /home/mtrn/MTRN4231-T9-1/lab4-main/install/yolo_msgs/share/yolo_msgs/cmake/export_yolo_msgs__rosidl_generator_cExport.cmake
-- Installing: /home/mtrn/MTRN4231-T9-1/lab4-main/install/yolo_msgs/share/yolo_msgs/cmake/export_yolo_msgs__rosidl_generator_cExport-noconfig.cmake
-- Installing: /home/mtrn/MTRN4231-T9-1/lab4-main/install/yolo_msgs/share/yolo_msgs/cmake/export_yolo_msgs__rosidl_typesupport_fastrtps_cExport.cmake
-- Installing: /home/mtrn/MTRN4231-T9-1/lab4-main/install/yolo_msgs/share/yolo_msgs/cmake/export_yolo_msgs__rosidl_typesupport_fastrtps_cExport-noconfig.cmake
-- Installing: /home/mtrn/MTRN4231-T9-1/lab4-main/install/yolo_msgs/share/yolo_msgs/cmake/yolo_msgs__rosidl_typesupport_introspection_cExport.cmake
-- Installing: /home/mtrn/MTRN4231-T9-1/lab4-main/install/yolo_msgs/share/yolo_msgs/cmake/yolo_msgs__rosidl_typesupport_introspection_cExport-noconfig.cmake
-- Installing: /home/mtrn/MTRN4231-T9-1/lab4-main/install/yolo_msgs/share/yolo_msgs/cmake/yolo_msgs__rosidl_typesupport_cExport.cmake
-- Installing: /home/mtrn/MTRN4231-T9-1/lab4-main/install/yolo_msgs/share/yolo_msgs/cmake/yolo_msgs__rosidl_typesupport_cExport-noconfig.cmake
-- Installing: /home/mtrn/MTRN4231-T9-1/lab4-main/install/yolo_msgs/share/yolo_msgs/cmake/export_yolo_msgs__rosidl_generator_cppExport.cmake
-- Installing: /home/mtrn/MTRN4231-T9-1/lab4-main/install/yolo_msgs/share/yolo_msgs/cmake/export_yolo_msgs__rosidl_typesupport_fastrtps_cppExport.cmake
-- Installing: /home/mtrn/MTRN4231-T9-1/lab4-main/install/yolo_msgs/share/yolo_msgs/cmake/export_yolo_msgs__rosidl_typesupport_fastrtps_cppExport-noconfig.cmake
-- Installing: /home/mtrn/MTRN4231-T9-1/lab4-main/install/yolo_msgs/share/yolo_msgs/cmake/yolo_msgs__rosidl_typesupport_introspection_cppExport.cmake
-- Installing: /home/mtrn/MTRN4231-T9-1/lab4-main/install/yolo_msgs/share/yolo_msgs/cmake/yolo_msgs__rosidl_typesupport_introspection_cppExport-noconfig.cmake
-- Installing: /home/mtrn/MTRN4231-T9-1/lab4-main/install/yolo_msgs/share/yolo_msgs/cmake/yolo_msgs__rosidl_typesupport_cppExport.cmake
-- Installing: /home/mtrn/MTRN4231-T9-1/lab4-main/install/yolo_msgs/share/yolo_msgs/cmake/yolo_msgs__rosidl_typesupport_cppExport-noconfig.cmake
-- Installing: /home/mtrn/MTRN4231-T9-1/lab4-main/install/yolo_msgs/share/yolo_msgs/cmake/export_yolo_msgs__rosidl_generator_pyExport.cmake
-- Installing: /home/mtrn/MTRN4231-T9-1/lab4-main/install/yolo_msgs/share/yolo_msgs/cmake/export_yolo_msgs__rosidl_generator_pyExport-noconfig.cmake
-- Installing: /home/mtrn/MTRN4231-T9-1/lab4-main/install/yolo_msgs/share/yolo_msgs/cmake/rosidl_cmake-extras.cmake
-- Installing: /home/mtrn/MTRN4231-T9-1/lab4-main/install/yolo_msgs/share/yolo_msgs/cmake/ament_cmake_export_dependencies-extras.cmake
-- Installing: /home/mtrn/MTRN4231-T9-1/lab4-main/install/yolo_msgs/share/yolo_msgs/cmake/ament_cmake_export_include_directories-extras.cmake
-- Installing: /home/mtrn/MTRN4231-T9-1/lab4-main/install/yolo_msgs/share/yolo_msgs/cmake/ament_cmake_export_libraries-extras.cmake
-- Installing: /home/mtrn/MTRN4231-T9-1/lab4-main/install/yolo_msgs/share/yolo_msgs/cmake/ament_cmake_export_targets-extras.cmake
-- Installing: /home/mtrn/MTRN4231-T9-1/lab4-main/install/yolo_msgs/share/yolo_msgs/cmake/rosidl_cmake_export_typesupport_targets-extras.cmake
-- Installing: /home/mtrn/MTRN4231-T9-1/lab4-main/install/yolo_msgs/share/yolo_msgs/cmake/rosidl_cmake_export_typesupport_libraries-extras.cmake
-- Installing: /home/mtrn/MTRN4231-T9-1/lab4-main/install/yolo_msgs/share/yolo_msgs/cmake/yolo_msgsConfig.cmake
-- Installing: /home/mtrn/MTRN4231-T9-1/lab4-main/install/yolo_msgs/share/yolo_msgs/cmake/yolo_msgsConfig-version.cmake
-- Installing: /home/mtrn/MTRN4231-T9-1/lab4-main/install/yolo_msgs/share/yolo_msgs/package.xml
