[0.014s] Invoking command in '/home/mtrn/MTRN4231-T9-1/lab4-main/build/yolo_msgs': CMAKE_PREFIX_PATH=/opt/ros/humble /home/mtrn/.local/bin/cmake /home/mtrn/MTRN4231-T9-1/lab4-main/src/yolo_ros/yolo_msgs -DCMAKE_INSTALL_PREFIX=/home/mtrn/MTRN4231-T9-1/lab4-main/install/yolo_msgs
[0.129s] -- The C compiler identification is GNU 11.4.0
[0.206s] -- The CXX compiler identification is GNU 11.4.0
[0.230s] -- Detecting C compiler ABI info
[0.327s] -- Detecting C compiler ABI info - done
[0.343s] -- Check for working C compiler: /usr/bin/cc - skipped
[0.343s] -- Detecting C compile features
[0.345s] -- Detecting C compile features - done
[0.361s] -- Detecting CXX compiler ABI info
[0.497s] -- Detecting CXX compiler ABI info - done
[0.507s] -- Check for working CXX compiler: /usr/bin/c++ - skipped
[0.507s] -- Detecting CXX compile features
[0.508s] -- Detecting CXX compile features - done
[0.513s] -- Found ament_cmake: 1.3.10 (/opt/ros/humble/share/ament_cmake/cmake)
[0.775s] -- Found Python3: /usr/bin/python3 (found version "3.10.12") found components: Interpreter 
[0.909s] -- Found rosidl_default_generators: 1.2.0 (/opt/ros/humble/share/rosidl_default_generators/cmake)
[0.912s] -- Using all available rosidl_typesupport_c: rosidl_typesupport_fastrtps_c;rosidl_typesupport_introspection_c
[0.919s] -- Found rosidl_adapter: 3.1.5 (/opt/ros/humble/share/rosidl_adapter/cmake)
[0.965s] -- Using all available rosidl_typesupport_cpp: rosidl_typesupport_fastrtps_cpp;rosidl_typesupport_introspection_cpp
[1.002s] -- Found std_msgs: 4.2.4 (/opt/ros/humble/share/std_msgs/cmake)
[1.035s] -- Found geometry_msgs: 4.2.4 (/opt/ros/humble/share/geometry_msgs/cmake)
[1.657s] -- Found ament_cmake_ros: 0.10.0 (/opt/ros/humble/share/ament_cmake_ros/cmake)
[2.525s] -- Using all available rosidl_typesupport_c: rosidl_typesupport_fastrtps_c;rosidl_typesupport_introspection_c
[3.677s] -- Using all available rosidl_typesupport_cpp: rosidl_typesupport_fastrtps_cpp;rosidl_typesupport_introspection_cpp
[3.691s] [33mCMake Warning (dev) at /opt/ros/humble/share/rosidl_generator_py/cmake/rosidl_generator_py_generate_interfaces.cmake:20 (find_package):
[3.691s]   Policy CMP0148 is not set: The FindPythonInterp and FindPythonLibs modules
[3.691s]   are removed.  Run "cmake --help-policy CMP0148" for policy details.  Use
[3.692s]   the cmake_policy command to set the policy and suppress this warning.
[3.692s] 
[3.692s] Call Stack (most recent call first):
[3.692s]   /opt/ros/humble/share/ament_cmake_core/cmake/core/ament_execute_extensions.cmake:48 (include)
[3.692s]   /opt/ros/humble/share/rosidl_cmake/cmake/rosidl_generate_interfaces.cmake:286 (ament_execute_extensions)
[3.692s]   CMakeLists.txt:10 (rosidl_generate_interfaces)
[3.692s] This warning is for project developers.  Use -Wno-dev to suppress it.
[3.693s] [0m
[3.727s] -- Found PythonInterp: /usr/bin/python3 (found suitable version "3.10.12", minimum required is "3.6") 
[3.731s] -- Found python_cmake_module: 0.10.0 (/opt/ros/humble/share/python_cmake_module/cmake)
[3.732s] [33mCMake Warning (dev) at /opt/ros/humble/share/python_cmake_module/cmake/Modules/FindPythonExtra.cmake:52 (find_package):
[3.732s]   Policy CMP0148 is not set: The FindPythonInterp and FindPythonLibs modules
[3.732s]   are removed.  Run "cmake --help-policy CMP0148" for policy details.  Use
[3.732s]   the cmake_policy command to set the policy and suppress this warning.
[3.732s] 
[3.732s] Call Stack (most recent call first):
[3.732s]   /opt/ros/humble/share/rosidl_generator_py/cmake/rosidl_generator_py_generate_interfaces.cmake:23 (find_package)
[3.733s]   /opt/ros/humble/share/ament_cmake_core/cmake/core/ament_execute_extensions.cmake:48 (include)
[3.733s]   /opt/ros/humble/share/rosidl_cmake/cmake/rosidl_generate_interfaces.cmake:286 (ament_execute_extensions)
[3.733s]   CMakeLists.txt:10 (rosidl_generate_interfaces)
[3.733s] This warning is for project developers.  Use -Wno-dev to suppress it.
[3.733s] [0m
[3.764s] [33mCMake Warning (dev) at /opt/ros/humble/share/python_cmake_module/cmake/Modules/FindPythonExtra.cmake:140 (find_package):
[3.764s]   Policy CMP0148 is not set: The FindPythonInterp and FindPythonLibs modules
[3.764s]   are removed.  Run "cmake --help-policy CMP0148" for policy details.  Use
[3.764s]   the cmake_policy command to set the policy and suppress this warning.
[3.764s] 
[3.764s] Call Stack (most recent call first):
[3.765s]   /opt/ros/humble/share/rosidl_generator_py/cmake/rosidl_generator_py_generate_interfaces.cmake:23 (find_package)
[3.765s]   /opt/ros/humble/share/ament_cmake_core/cmake/core/ament_execute_extensions.cmake:48 (include)
[3.765s]   /opt/ros/humble/share/rosidl_cmake/cmake/rosidl_generate_interfaces.cmake:286 (ament_execute_extensions)
[3.765s]   CMakeLists.txt:10 (rosidl_generate_interfaces)
[3.765s] This warning is for project developers.  Use -Wno-dev to suppress it.
[3.765s] [0m
[3.779s] -- Found PythonLibs: /usr/lib/x86_64-linux-gnu/libpython3.10.so (found suitable version "3.10.12", minimum required is "3.5") 
[3.779s] -- Using PYTHON_EXECUTABLE: /usr/bin/python3
[3.779s] -- Using PYTHON_INCLUDE_DIRS: /usr/include/python3.10
[3.779s] -- Using PYTHON_LIBRARIES: /usr/lib/x86_64-linux-gnu/libpython3.10.so
[3.806s] -- Found PythonExtra: .so  
[3.874s] -- Configuring done (3.8s)
[3.921s] -- Generating done (0.0s)
[3.923s] -- Build files have been written to: /home/mtrn/MTRN4231-T9-1/lab4-main/build/yolo_msgs
[3.941s] Invoked command in '/home/mtrn/MTRN4231-T9-1/lab4-main/build/yolo_msgs' returned '0': CMAKE_PREFIX_PATH=/opt/ros/humble /home/mtrn/.local/bin/cmake /home/mtrn/MTRN4231-T9-1/lab4-main/src/yolo_ros/yolo_msgs -DCMAKE_INSTALL_PREFIX=/home/mtrn/MTRN4231-T9-1/lab4-main/install/yolo_msgs
[3.943s] Invoking command in '/home/mtrn/MTRN4231-T9-1/lab4-main/build/yolo_msgs': CMAKE_PREFIX_PATH=/opt/ros/humble /home/mtrn/.local/bin/cmake --build /home/mtrn/MTRN4231-T9-1/lab4-main/build/yolo_msgs -- -j20 -l20
[4.007s] [  1%] [34m[1mGenerating C code for ROS interfaces[0m
[4.017s] [  1%] [34m[1mGenerating C++ code for ROS interfaces[0m
[4.020s] [  1%] Built target ament_cmake_python_copy_yolo_msgs
[4.246s] running egg_info
[4.246s] creating yolo_msgs.egg-info
[4.247s] writing yolo_msgs.egg-info/PKG-INFO
[4.247s] writing dependency_links to yolo_msgs.egg-info/dependency_links.txt
[4.247s] writing top-level names to yolo_msgs.egg-info/top_level.txt
[4.247s] writing manifest file 'yolo_msgs.egg-info/SOURCES.txt'
[4.249s] reading manifest file 'yolo_msgs.egg-info/SOURCES.txt'
[4.249s] writing manifest file 'yolo_msgs.egg-info/SOURCES.txt'
[4.273s] [  1%] Built target ament_cmake_python_build_yolo_msgs_egg
[4.897s] [  1%] Built target yolo_msgs__cpp
[4.903s] [  2%] [34m[1mGenerating C++ type support for eProsima Fast-RTPS[0m
[4.904s] [  3%] [34m[1mGenerating C++ type support dispatch for ROS interfaces[0m
[4.904s] [  3%] [34m[1mGenerating C++ introspection for ROS interfaces[0m
[5.075s] [  3%] [32mBuilding C object CMakeFiles/yolo_msgs__rosidl_generator_c.dir/rosidl_generator_c/yolo_msgs/msg/detail/vector2__functions.c.o[0m
[5.075s] [  5%] [32mBuilding C object CMakeFiles/yolo_msgs__rosidl_generator_c.dir/rosidl_generator_c/yolo_msgs/msg/detail/mask__functions.c.o[0m
[5.075s] [  5%] [32mBuilding C object CMakeFiles/yolo_msgs__rosidl_generator_c.dir/rosidl_generator_c/yolo_msgs/msg/detail/point2_d__functions.c.o[0m
[5.075s] [  6%] [32mBuilding C object CMakeFiles/yolo_msgs__rosidl_generator_c.dir/rosidl_generator_c/yolo_msgs/msg/detail/pose2_d__functions.c.o[0m
[5.076s] [  8%] [32mBuilding C object CMakeFiles/yolo_msgs__rosidl_generator_c.dir/rosidl_generator_c/yolo_msgs/msg/detail/key_point2_d_array__functions.c.o[0m
[5.076s] [  8%] [32mBuilding C object CMakeFiles/yolo_msgs__rosidl_generator_c.dir/rosidl_generator_c/yolo_msgs/msg/detail/bounding_box3_d__functions.c.o[0m
[5.077s] [  9%] [32mBuilding C object CMakeFiles/yolo_msgs__rosidl_generator_c.dir/rosidl_generator_c/yolo_msgs/msg/detail/bounding_box2_d__functions.c.o[0m
[5.077s] [  9%] [32mBuilding C object CMakeFiles/yolo_msgs__rosidl_generator_c.dir/rosidl_generator_c/yolo_msgs/msg/detail/key_point2_d__functions.c.o[0m
[5.078s] [ 10%] [32mBuilding C object CMakeFiles/yolo_msgs__rosidl_generator_c.dir/rosidl_generator_c/yolo_msgs/srv/detail/set_classes__functions.c.o[0m
[5.078s] [ 11%] [32mBuilding C object CMakeFiles/yolo_msgs__rosidl_generator_c.dir/rosidl_generator_c/yolo_msgs/msg/detail/key_point3_d__functions.c.o[0m
[5.078s] [ 11%] [32mBuilding C object CMakeFiles/yolo_msgs__rosidl_generator_c.dir/rosidl_generator_c/yolo_msgs/msg/detail/detection_array__functions.c.o[0m
[5.079s] [ 12%] [32mBuilding C object CMakeFiles/yolo_msgs__rosidl_generator_c.dir/rosidl_generator_c/yolo_msgs/msg/detail/key_point3_d_array__functions.c.o[0m
[5.079s] [ 13%] [32mBuilding C object CMakeFiles/yolo_msgs__rosidl_generator_c.dir/rosidl_generator_c/yolo_msgs/msg/detail/detection__functions.c.o[0m
[5.134s] [ 14%] [32m[1mLinking C shared library libyolo_msgs__rosidl_generator_c.so[0m
[5.159s] [ 14%] Built target yolo_msgs__rosidl_generator_c
[5.164s] [ 15%] [34m[1mGenerating C introspection for ROS interfaces[0m
[5.166s] [ 16%] [34m[1mGenerating C type support for eProsima Fast-RTPS[0m
[5.166s] [ 17%] [34m[1mGenerating C type support dispatch for ROS interfaces[0m
[5.578s] [ 17%] [32mBuilding CXX object CMakeFiles/yolo_msgs__rosidl_typesupport_cpp.dir/rosidl_typesupport_cpp/yolo_msgs/msg/pose2_d__type_support.cpp.o[0m
[5.578s] [ 18%] [32mBuilding CXX object CMakeFiles/yolo_msgs__rosidl_typesupport_cpp.dir/rosidl_typesupport_cpp/yolo_msgs/msg/bounding_box2_d__type_support.cpp.o[0m
[5.580s] [ 19%] [32mBuilding CXX object CMakeFiles/yolo_msgs__rosidl_typesupport_cpp.dir/rosidl_typesupport_cpp/yolo_msgs/msg/bounding_box3_d__type_support.cpp.o[0m
[5.581s] [ 20%] [32mBuilding CXX object CMakeFiles/yolo_msgs__rosidl_typesupport_cpp.dir/rosidl_typesupport_cpp/yolo_msgs/msg/key_point2_d_array__type_support.cpp.o[0m
[5.581s] [ 20%] [32mBuilding CXX object CMakeFiles/yolo_msgs__rosidl_typesupport_cpp.dir/rosidl_typesupport_cpp/yolo_msgs/msg/mask__type_support.cpp.o[0m
[5.581s] [ 21%] [32mBuilding CXX object CMakeFiles/yolo_msgs__rosidl_typesupport_cpp.dir/rosidl_typesupport_cpp/yolo_msgs/msg/point2_d__type_support.cpp.o[0m
[5.582s] [ 22%] [32mBuilding CXX object CMakeFiles/yolo_msgs__rosidl_typesupport_cpp.dir/rosidl_typesupport_cpp/yolo_msgs/msg/vector2__type_support.cpp.o[0m
[5.583s] [ 23%] [32mBuilding CXX object CMakeFiles/yolo_msgs__rosidl_typesupport_cpp.dir/rosidl_typesupport_cpp/yolo_msgs/msg/key_point3_d_array__type_support.cpp.o[0m
[5.583s] [ 24%] [32mBuilding CXX object CMakeFiles/yolo_msgs__rosidl_typesupport_cpp.dir/rosidl_typesupport_cpp/yolo_msgs/msg/key_point3_d__type_support.cpp.o[0m
[5.584s] [ 25%] [32mBuilding CXX object CMakeFiles/yolo_msgs__rosidl_typesupport_cpp.dir/rosidl_typesupport_cpp/yolo_msgs/msg/detection__type_support.cpp.o[0m
[5.585s] [ 25%] [32mBuilding CXX object CMakeFiles/yolo_msgs__rosidl_typesupport_cpp.dir/rosidl_typesupport_cpp/yolo_msgs/srv/set_classes__type_support.cpp.o[0m
[5.586s] [ 26%] [32mBuilding CXX object CMakeFiles/yolo_msgs__rosidl_typesupport_cpp.dir/rosidl_typesupport_cpp/yolo_msgs/msg/key_point2_d__type_support.cpp.o[0m
[5.588s] [ 27%] [32mBuilding CXX object CMakeFiles/yolo_msgs__rosidl_typesupport_cpp.dir/rosidl_typesupport_cpp/yolo_msgs/msg/detection_array__type_support.cpp.o[0m
[5.671s] [ 29%] [32mBuilding CXX object CMakeFiles/yolo_msgs__rosidl_typesupport_introspection_cpp.dir/rosidl_typesupport_introspection_cpp/yolo_msgs/msg/detail/vector2__type_support.cpp.o[0m
[5.671s] [ 29%] [32mBuilding CXX object CMakeFiles/yolo_msgs__rosidl_typesupport_introspection_cpp.dir/rosidl_typesupport_introspection_cpp/yolo_msgs/msg/detail/point2_d__type_support.cpp.o[0m
[5.675s] [ 30%] [32mBuilding CXX object CMakeFiles/yolo_msgs__rosidl_typesupport_introspection_cpp.dir/rosidl_typesupport_introspection_cpp/yolo_msgs/msg/detail/pose2_d__type_support.cpp.o[0m
[5.898s] [ 31%] [32mBuilding CXX object CMakeFiles/yolo_msgs__rosidl_typesupport_fastrtps_cpp.dir/rosidl_typesupport_fastrtps_cpp/yolo_msgs/msg/detail/dds_fastrtps/point2_d__type_support.cpp.o[0m
[5.950s] [ 33%] [32mBuilding CXX object CMakeFiles/yolo_msgs__rosidl_typesupport_fastrtps_cpp.dir/rosidl_typesupport_fastrtps_cpp/yolo_msgs/msg/detail/dds_fastrtps/vector2__type_support.cpp.o[0m
[5.950s] [ 33%] [32mBuilding CXX object CMakeFiles/yolo_msgs__rosidl_typesupport_introspection_cpp.dir/rosidl_typesupport_introspection_cpp/yolo_msgs/msg/detail/bounding_box2_d__type_support.cpp.o[0m
[5.950s] [ 33%] [32mBuilding CXX object CMakeFiles/yolo_msgs__rosidl_typesupport_introspection_cpp.dir/rosidl_typesupport_introspection_cpp/yolo_msgs/msg/detail/bounding_box3_d__type_support.cpp.o[0m
[5.954s] [ 34%] [32mBuilding CXX object CMakeFiles/yolo_msgs__rosidl_typesupport_introspection_cpp.dir/rosidl_typesupport_introspection_cpp/yolo_msgs/msg/detail/mask__type_support.cpp.o[0m
[5.957s] [ 35%] [32mBuilding CXX object CMakeFiles/yolo_msgs__rosidl_typesupport_introspection_cpp.dir/rosidl_typesupport_introspection_cpp/yolo_msgs/msg/detail/key_point2_d__type_support.cpp.o[0m
[5.957s] [ 36%] [32mBuilding CXX object CMakeFiles/yolo_msgs__rosidl_typesupport_fastrtps_cpp.dir/rosidl_typesupport_fastrtps_cpp/yolo_msgs/msg/detail/dds_fastrtps/pose2_d__type_support.cpp.o[0m
[5.958s] [ 36%] [32mBuilding CXX object CMakeFiles/yolo_msgs__rosidl_typesupport_fastrtps_cpp.dir/rosidl_typesupport_fastrtps_cpp/yolo_msgs/msg/detail/dds_fastrtps/bounding_box2_d__type_support.cpp.o[0m
[5.967s] [ 37%] [32mBuilding CXX object CMakeFiles/yolo_msgs__rosidl_typesupport_introspection_cpp.dir/rosidl_typesupport_introspection_cpp/yolo_msgs/msg/detail/key_point2_d_array__type_support.cpp.o[0m
[5.973s] [ 39%] [32mBuilding CXX object CMakeFiles/yolo_msgs__rosidl_typesupport_introspection_cpp.dir/rosidl_typesupport_introspection_cpp/yolo_msgs/msg/detail/key_point3_d_array__type_support.cpp.o[0m
[5.973s] [ 39%] [32mBuilding CXX object CMakeFiles/yolo_msgs__rosidl_typesupport_fastrtps_cpp.dir/rosidl_typesupport_fastrtps_cpp/yolo_msgs/msg/detail/dds_fastrtps/bounding_box3_d__type_support.cpp.o[0m
[5.973s] [ 39%] [32mBuilding CXX object CMakeFiles/yolo_msgs__rosidl_typesupport_introspection_cpp.dir/rosidl_typesupport_introspection_cpp/yolo_msgs/msg/detail/key_point3_d__type_support.cpp.o[0m
[5.980s] [ 40%] [32mBuilding CXX object CMakeFiles/yolo_msgs__rosidl_typesupport_fastrtps_cpp.dir/rosidl_typesupport_fastrtps_cpp/yolo_msgs/msg/detail/dds_fastrtps/mask__type_support.cpp.o[0m
[5.988s] [ 41%] [32m[1mLinking CXX shared library libyolo_msgs__rosidl_typesupport_cpp.so[0m
[6.033s] [ 41%] Built target yolo_msgs__rosidl_typesupport_cpp
[6.037s] [ 42%] [32mBuilding CXX object CMakeFiles/yolo_msgs__rosidl_typesupport_fastrtps_cpp.dir/rosidl_typesupport_fastrtps_cpp/yolo_msgs/msg/detail/dds_fastrtps/key_point2_d__type_support.cpp.o[0m
[6.039s] [ 42%] [32mBuilding CXX object CMakeFiles/yolo_msgs__rosidl_typesupport_c.dir/rosidl_typesupport_c/yolo_msgs/msg/point2_d__type_support.cpp.o[0m
[6.077s] [ 43%] [32mBuilding CXX object CMakeFiles/yolo_msgs__rosidl_typesupport_c.dir/rosidl_typesupport_c/yolo_msgs/msg/vector2__type_support.cpp.o[0m
[6.112s] [ 44%] [32mBuilding CXX object CMakeFiles/yolo_msgs__rosidl_typesupport_c.dir/rosidl_typesupport_c/yolo_msgs/msg/pose2_d__type_support.cpp.o[0m
[6.146s] [ 45%] [32mBuilding CXX object CMakeFiles/yolo_msgs__rosidl_typesupport_c.dir/rosidl_typesupport_c/yolo_msgs/msg/bounding_box2_d__type_support.cpp.o[0m
[6.187s] [ 46%] [32mBuilding CXX object CMakeFiles/yolo_msgs__rosidl_typesupport_c.dir/rosidl_typesupport_c/yolo_msgs/msg/bounding_box3_d__type_support.cpp.o[0m
[6.213s] [ 47%] [32mBuilding CXX object CMakeFiles/yolo_msgs__rosidl_typesupport_fastrtps_cpp.dir/rosidl_typesupport_fastrtps_cpp/yolo_msgs/msg/detail/dds_fastrtps/key_point2_d_array__type_support.cpp.o[0m
[6.218s] [ 47%] [32mBuilding CXX object CMakeFiles/yolo_msgs__rosidl_typesupport_c.dir/rosidl_typesupport_c/yolo_msgs/msg/mask__type_support.cpp.o[0m
[6.237s] [ 48%] [32mBuilding CXX object CMakeFiles/yolo_msgs__rosidl_typesupport_c.dir/rosidl_typesupport_c/yolo_msgs/msg/key_point2_d__type_support.cpp.o[0m
[6.259s] [ 48%] [32mBuilding CXX object CMakeFiles/yolo_msgs__rosidl_typesupport_fastrtps_cpp.dir/rosidl_typesupport_fastrtps_cpp/yolo_msgs/msg/detail/dds_fastrtps/key_point3_d__type_support.cpp.o[0m
[6.263s] [ 49%] [32mBuilding CXX object CMakeFiles/yolo_msgs__rosidl_typesupport_c.dir/rosidl_typesupport_c/yolo_msgs/msg/key_point2_d_array__type_support.cpp.o[0m
[6.281s] [ 50%] [32mBuilding CXX object CMakeFiles/yolo_msgs__rosidl_typesupport_fastrtps_cpp.dir/rosidl_typesupport_fastrtps_cpp/yolo_msgs/msg/detail/dds_fastrtps/key_point3_d_array__type_support.cpp.o[0m
[6.297s] [ 51%] [32mBuilding CXX object CMakeFiles/yolo_msgs__rosidl_typesupport_c.dir/rosidl_typesupport_c/yolo_msgs/msg/key_point3_d__type_support.cpp.o[0m
[6.337s] [ 52%] [32mBuilding CXX object CMakeFiles/yolo_msgs__rosidl_typesupport_c.dir/rosidl_typesupport_c/yolo_msgs/msg/key_point3_d_array__type_support.cpp.o[0m
[6.373s] [ 52%] [32mBuilding CXX object CMakeFiles/yolo_msgs__rosidl_typesupport_c.dir/rosidl_typesupport_c/yolo_msgs/msg/detection__type_support.cpp.o[0m
[6.410s] [ 53%] [32mBuilding CXX object CMakeFiles/yolo_msgs__rosidl_typesupport_c.dir/rosidl_typesupport_c/yolo_msgs/msg/detection_array__type_support.cpp.o[0m
[6.423s] [ 54%] [32mBuilding CXX object CMakeFiles/yolo_msgs__rosidl_typesupport_fastrtps_c.dir/rosidl_typesupport_fastrtps_c/yolo_msgs/msg/detail/point2_d__type_support_c.cpp.o[0m
[6.449s] [ 55%] [32mBuilding CXX object CMakeFiles/yolo_msgs__rosidl_typesupport_c.dir/rosidl_typesupport_c/yolo_msgs/srv/set_classes__type_support.cpp.o[0m
[6.465s] [ 56%] [32mBuilding C object CMakeFiles/yolo_msgs__rosidl_typesupport_introspection_c.dir/rosidl_typesupport_introspection_c/yolo_msgs/msg/detail/point2_d__type_support.c.o[0m
[6.479s] [ 57%] [32mBuilding CXX object CMakeFiles/yolo_msgs__rosidl_typesupport_introspection_cpp.dir/rosidl_typesupport_introspection_cpp/yolo_msgs/msg/detail/detection__type_support.cpp.o[0m
[6.489s] [ 58%] [32mBuilding C object CMakeFiles/yolo_msgs__rosidl_typesupport_introspection_c.dir/rosidl_typesupport_introspection_c/yolo_msgs/msg/detail/vector2__type_support.c.o[0m
[6.490s] [ 59%] [32m[1mLinking CXX shared library libyolo_msgs__rosidl_typesupport_c.so[0m
[6.494s] [ 60%] [32mBuilding CXX object CMakeFiles/yolo_msgs__rosidl_typesupport_introspection_cpp.dir/rosidl_typesupport_introspection_cpp/yolo_msgs/msg/detail/detection_array__type_support.cpp.o[0m
[6.497s] [ 61%] [32mBuilding CXX object CMakeFiles/yolo_msgs__rosidl_typesupport_fastrtps_c.dir/rosidl_typesupport_fastrtps_c/yolo_msgs/msg/detail/pose2_d__type_support_c.cpp.o[0m
[6.498s] [ 61%] [32mBuilding CXX object CMakeFiles/yolo_msgs__rosidl_typesupport_fastrtps_c.dir/rosidl_typesupport_fastrtps_c/yolo_msgs/msg/detail/vector2__type_support_c.cpp.o[0m
[6.513s] [ 61%] [32mBuilding C object CMakeFiles/yolo_msgs__rosidl_typesupport_introspection_c.dir/rosidl_typesupport_introspection_c/yolo_msgs/msg/detail/pose2_d__type_support.c.o[0m
[6.517s] [ 63%] [32mBuilding CXX object CMakeFiles/yolo_msgs__rosidl_typesupport_fastrtps_c.dir/rosidl_typesupport_fastrtps_c/yolo_msgs/msg/detail/bounding_box2_d__type_support_c.cpp.o[0m
[6.517s] [ 63%] [32mBuilding CXX object CMakeFiles/yolo_msgs__rosidl_typesupport_introspection_cpp.dir/rosidl_typesupport_introspection_cpp/yolo_msgs/srv/detail/set_classes__type_support.cpp.o[0m
[6.522s] [ 64%] [32mBuilding CXX object CMakeFiles/yolo_msgs__rosidl_typesupport_fastrtps_c.dir/rosidl_typesupport_fastrtps_c/yolo_msgs/msg/detail/bounding_box3_d__type_support_c.cpp.o[0m
[6.534s] [ 65%] [32mBuilding CXX object CMakeFiles/yolo_msgs__rosidl_typesupport_fastrtps_c.dir/rosidl_typesupport_fastrtps_c/yolo_msgs/msg/detail/mask__type_support_c.cpp.o[0m
[6.541s] [ 66%] [32mBuilding CXX object CMakeFiles/yolo_msgs__rosidl_typesupport_fastrtps_cpp.dir/rosidl_typesupport_fastrtps_cpp/yolo_msgs/msg/detail/dds_fastrtps/detection__type_support.cpp.o[0m
[6.543s] [ 66%] Built target yolo_msgs__rosidl_typesupport_c
[6.547s] [ 66%] [32mBuilding CXX object CMakeFiles/yolo_msgs__rosidl_typesupport_fastrtps_c.dir/rosidl_typesupport_fastrtps_c/yolo_msgs/msg/detail/key_point2_d__type_support_c.cpp.o[0m
[6.555s] [ 67%] [32mBuilding CXX object CMakeFiles/yolo_msgs__rosidl_typesupport_fastrtps_cpp.dir/rosidl_typesupport_fastrtps_cpp/yolo_msgs/msg/detail/dds_fastrtps/detection_array__type_support.cpp.o[0m
[6.555s] [ 68%] [32mBuilding C object CMakeFiles/yolo_msgs__rosidl_typesupport_introspection_c.dir/rosidl_typesupport_introspection_c/yolo_msgs/msg/detail/bounding_box2_d__type_support.c.o[0m
[6.556s] [ 69%] [32mBuilding CXX object CMakeFiles/yolo_msgs__rosidl_typesupport_fastrtps_cpp.dir/rosidl_typesupport_fastrtps_cpp/yolo_msgs/srv/detail/dds_fastrtps/set_classes__type_support.cpp.o[0m
[6.567s] [ 70%] [32mBuilding C object CMakeFiles/yolo_msgs__rosidl_typesupport_introspection_c.dir/rosidl_typesupport_introspection_c/yolo_msgs/msg/detail/bounding_box3_d__type_support.c.o[0m
[6.609s] [ 71%] [32mBuilding CXX object CMakeFiles/yolo_msgs__rosidl_typesupport_fastrtps_c.dir/rosidl_typesupport_fastrtps_c/yolo_msgs/msg/detail/key_point2_d_array__type_support_c.cpp.o[0m
[6.615s] [ 72%] [32mBuilding CXX object CMakeFiles/yolo_msgs__rosidl_typesupport_fastrtps_c.dir/rosidl_typesupport_fastrtps_c/yolo_msgs/msg/detail/key_point3_d__type_support_c.cpp.o[0m
[6.624s] [ 73%] [32mBuilding C object CMakeFiles/yolo_msgs__rosidl_typesupport_introspection_c.dir/rosidl_typesupport_introspection_c/yolo_msgs/msg/detail/mask__type_support.c.o[0m
[6.632s] [ 74%] [32mBuilding C object CMakeFiles/yolo_msgs__rosidl_typesupport_introspection_c.dir/rosidl_typesupport_introspection_c/yolo_msgs/msg/detail/key_point2_d__type_support.c.o[0m
[6.676s] [ 74%] [32mBuilding C object CMakeFiles/yolo_msgs__rosidl_typesupport_introspection_c.dir/rosidl_typesupport_introspection_c/yolo_msgs/msg/detail/key_point2_d_array__type_support.c.o[0m
[6.687s] [ 75%] [32mBuilding C object CMakeFiles/yolo_msgs__rosidl_typesupport_introspection_c.dir/rosidl_typesupport_introspection_c/yolo_msgs/msg/detail/key_point3_d__type_support.c.o[0m
[6.722s] [ 76%] [32mBuilding C object CMakeFiles/yolo_msgs__rosidl_typesupport_introspection_c.dir/rosidl_typesupport_introspection_c/yolo_msgs/msg/detail/key_point3_d_array__type_support.c.o[0m
[6.733s] [ 77%] [32mBuilding CXX object CMakeFiles/yolo_msgs__rosidl_typesupport_fastrtps_c.dir/rosidl_typesupport_fastrtps_c/yolo_msgs/msg/detail/key_point3_d_array__type_support_c.cpp.o[0m
[6.772s] [ 78%] [32mBuilding C object CMakeFiles/yolo_msgs__rosidl_typesupport_introspection_c.dir/rosidl_typesupport_introspection_c/yolo_msgs/msg/detail/detection__type_support.c.o[0m
[6.805s] [ 79%] [32mBuilding CXX object CMakeFiles/yolo_msgs__rosidl_typesupport_fastrtps_c.dir/rosidl_typesupport_fastrtps_c/yolo_msgs/msg/detail/detection__type_support_c.cpp.o[0m
[6.822s] [ 80%] [32mBuilding C object CMakeFiles/yolo_msgs__rosidl_typesupport_introspection_c.dir/rosidl_typesupport_introspection_c/yolo_msgs/msg/detail/detection_array__type_support.c.o[0m
[6.823s] [ 80%] [32mBuilding CXX object CMakeFiles/yolo_msgs__rosidl_typesupport_fastrtps_c.dir/rosidl_typesupport_fastrtps_c/yolo_msgs/msg/detail/detection_array__type_support_c.cpp.o[0m
[6.893s] [ 80%] [32mBuilding C object CMakeFiles/yolo_msgs__rosidl_typesupport_introspection_c.dir/rosidl_typesupport_introspection_c/yolo_msgs/srv/detail/set_classes__type_support.c.o[0m
[6.900s] [ 81%] [32mBuilding CXX object CMakeFiles/yolo_msgs__rosidl_typesupport_fastrtps_c.dir/rosidl_typesupport_fastrtps_c/yolo_msgs/srv/detail/set_classes__type_support_c.cpp.o[0m
[6.943s] [ 82%] [32m[1mLinking C shared library libyolo_msgs__rosidl_typesupport_introspection_c.so[0m
[6.978s] [ 82%] Built target yolo_msgs__rosidl_typesupport_introspection_c
[7.168s] [ 82%] [32m[1mLinking CXX shared library libyolo_msgs__rosidl_typesupport_fastrtps_cpp.so[0m
[7.217s] [ 83%] [32m[1mLinking CXX shared library libyolo_msgs__rosidl_typesupport_introspection_cpp.so[0m
[7.249s] [ 84%] [32m[1mLinking CXX shared library libyolo_msgs__rosidl_typesupport_fastrtps_c.so[0m
[7.287s] [ 84%] Built target yolo_msgs__rosidl_typesupport_fastrtps_cpp
[7.344s] [ 84%] Built target yolo_msgs__rosidl_typesupport_fastrtps_c
[7.350s] [ 84%] Built target yolo_msgs__rosidl_typesupport_introspection_cpp
[7.366s] [ 84%] Built target yolo_msgs
[7.387s] [ 85%] [34m[1mGenerating Python code for ROS interfaces[0m
[8.940s] [ 85%] Built target yolo_msgs__py
[8.962s] [ 86%] [32mBuilding C object CMakeFiles/yolo_msgs__rosidl_generator_py.dir/rosidl_generator_py/yolo_msgs/msg/_point2_d_s.c.o[0m
[8.962s] [ 86%] [32mBuilding C object CMakeFiles/yolo_msgs__rosidl_generator_py.dir/rosidl_generator_py/yolo_msgs/msg/_vector2_s.c.o[0m
[8.963s] [ 87%] [32mBuilding C object CMakeFiles/yolo_msgs__rosidl_generator_py.dir/rosidl_generator_py/yolo_msgs/msg/_pose2_d_s.c.o[0m
[8.963s] [ 88%] [32mBuilding C object CMakeFiles/yolo_msgs__rosidl_generator_py.dir/rosidl_generator_py/yolo_msgs/msg/_bounding_box2_d_s.c.o[0m
[8.963s] [ 89%] [32mBuilding C object CMakeFiles/yolo_msgs__rosidl_generator_py.dir/rosidl_generator_py/yolo_msgs/msg/_bounding_box3_d_s.c.o[0m
[8.964s] [ 90%] [32mBuilding C object CMakeFiles/yolo_msgs__rosidl_generator_py.dir/rosidl_generator_py/yolo_msgs/msg/_key_point2_d_s.c.o[0m
[8.964s] [ 90%] [32mBuilding C object CMakeFiles/yolo_msgs__rosidl_generator_py.dir/rosidl_generator_py/yolo_msgs/msg/_mask_s.c.o[0m
[8.966s] [ 92%] [32mBuilding C object CMakeFiles/yolo_msgs__rosidl_generator_py.dir/rosidl_generator_py/yolo_msgs/msg/_key_point2_d_array_s.c.o[0m
[8.967s] [ 92%] [32mBuilding C object CMakeFiles/yolo_msgs__rosidl_generator_py.dir/rosidl_generator_py/yolo_msgs/msg/_key_point3_d_s.c.o[0m
[8.967s] [ 93%] [32mBuilding C object CMakeFiles/yolo_msgs__rosidl_generator_py.dir/rosidl_generator_py/yolo_msgs/msg/_key_point3_d_array_s.c.o[0m
[8.967s] [ 94%] [32mBuilding C object CMakeFiles/yolo_msgs__rosidl_generator_py.dir/rosidl_generator_py/yolo_msgs/msg/_detection_s.c.o[0m
[8.968s] [ 95%] [32mBuilding C object CMakeFiles/yolo_msgs__rosidl_generator_py.dir/rosidl_generator_py/yolo_msgs/srv/_set_classes_s.c.o[0m
[8.968s] [ 95%] [32mBuilding C object CMakeFiles/yolo_msgs__rosidl_generator_py.dir/rosidl_generator_py/yolo_msgs/msg/_detection_array_s.c.o[0m
[9.098s] [ 96%] [32m[1mLinking C shared library rosidl_generator_py/yolo_msgs/libyolo_msgs__rosidl_generator_py.so[0m
[9.138s] [ 96%] Built target yolo_msgs__rosidl_generator_py
[9.155s] [ 97%] [32mBuilding C object CMakeFiles/yolo_msgs__rosidl_typesupport_introspection_c__pyext.dir/rosidl_generator_py/yolo_msgs/_yolo_msgs_s.ep.rosidl_typesupport_introspection_c.c.o[0m
[9.157s] [ 98%] [32mBuilding C object CMakeFiles/yolo_msgs__rosidl_typesupport_fastrtps_c__pyext.dir/rosidl_generator_py/yolo_msgs/_yolo_msgs_s.ep.rosidl_typesupport_fastrtps_c.c.o[0m
[9.158s] [ 99%] [32mBuilding C object CMakeFiles/yolo_msgs__rosidl_typesupport_c__pyext.dir/rosidl_generator_py/yolo_msgs/_yolo_msgs_s.ep.rosidl_typesupport_c.c.o[0m
[9.291s] [ 99%] [32m[1mLinking C shared library rosidl_generator_py/yolo_msgs/yolo_msgs_s__rosidl_typesupport_c.cpython-310-x86_64-linux-gnu.so[0m
[9.296s] [ 99%] [32m[1mLinking C shared library rosidl_generator_py/yolo_msgs/yolo_msgs_s__rosidl_typesupport_fastrtps_c.cpython-310-x86_64-linux-gnu.so[0m
[9.311s] [100%] [32m[1mLinking C shared library rosidl_generator_py/yolo_msgs/yolo_msgs_s__rosidl_typesupport_introspection_c.cpython-310-x86_64-linux-gnu.so[0m
[9.332s] [100%] Built target yolo_msgs__rosidl_typesupport_c__pyext
[9.339s] [100%] Built target yolo_msgs__rosidl_typesupport_fastrtps_c__pyext
[9.346s] [100%] Built target yolo_msgs__rosidl_typesupport_introspection_c__pyext
[9.367s] Invoked command in '/home/mtrn/MTRN4231-T9-1/lab4-main/build/yolo_msgs' returned '0': CMAKE_PREFIX_PATH=/opt/ros/humble /home/mtrn/.local/bin/cmake --build /home/mtrn/MTRN4231-T9-1/lab4-main/build/yolo_msgs -- -j20 -l20
[10.112s] Invoking command in '/home/mtrn/MTRN4231-T9-1/lab4-main/build/yolo_msgs': CMAKE_PREFIX_PATH=/opt/ros/humble /home/mtrn/.local/bin/cmake --install /home/mtrn/MTRN4231-T9-1/lab4-main/build/yolo_msgs
[10.148s] -- Install configuration: ""
[10.149s] -- Installing: /home/mtrn/MTRN4231-T9-1/lab4-main/install/yolo_msgs/share/ament_index/resource_index/rosidl_interfaces/yolo_msgs
[10.149s] -- Installing: /home/mtrn/MTRN4231-T9-1/lab4-main/install/yolo_msgs/include/yolo_msgs/yolo_msgs
[10.149s] -- Installing: /home/mtrn/MTRN4231-T9-1/lab4-main/install/yolo_msgs/include/yolo_msgs/yolo_msgs/srv
[10.149s] -- Installing: /home/mtrn/MTRN4231-T9-1/lab4-main/install/yolo_msgs/include/yolo_msgs/yolo_msgs/srv/set_classes.h
[10.149s] -- Installing: /home/mtrn/MTRN4231-T9-1/lab4-main/install/yolo_msgs/include/yolo_msgs/yolo_msgs/srv/detail
[10.150s] -- Installing: /home/mtrn/MTRN4231-T9-1/lab4-main/install/yolo_msgs/include/yolo_msgs/yolo_msgs/srv/detail/set_classes__functions.c
[10.150s] -- Installing: /home/mtrn/MTRN4231-T9-1/lab4-main/install/yolo_msgs/include/yolo_msgs/yolo_msgs/srv/detail/set_classes__type_support.h
[10.150s] -- Installing: /home/mtrn/MTRN4231-T9-1/lab4-main/install/yolo_msgs/include/yolo_msgs/yolo_msgs/srv/detail/set_classes__functions.h
[10.150s] -- Installing: /home/mtrn/MTRN4231-T9-1/lab4-main/install/yolo_msgs/include/yolo_msgs/yolo_msgs/srv/detail/set_classes__struct.h
[10.150s] -- Installing: /home/mtrn/MTRN4231-T9-1/lab4-main/install/yolo_msgs/include/yolo_msgs/yolo_msgs/msg
[10.150s] -- Installing: /home/mtrn/MTRN4231-T9-1/lab4-main/install/yolo_msgs/include/yolo_msgs/yolo_msgs/msg/detection_array.h
[10.151s] -- Installing: /home/mtrn/MTRN4231-T9-1/lab4-main/install/yolo_msgs/include/yolo_msgs/yolo_msgs/msg/pose2_d.h
[10.151s] -- Installing: /home/mtrn/MTRN4231-T9-1/lab4-main/install/yolo_msgs/include/yolo_msgs/yolo_msgs/msg/rosidl_generator_c__visibility_control.h
[10.151s] -- Installing: /home/mtrn/MTRN4231-T9-1/lab4-main/install/yolo_msgs/include/yolo_msgs/yolo_msgs/msg/point2_d.h
[10.151s] -- Installing: /home/mtrn/MTRN4231-T9-1/lab4-main/install/yolo_msgs/include/yolo_msgs/yolo_msgs/msg/mask.h
[10.151s] -- Installing: /home/mtrn/MTRN4231-T9-1/lab4-main/install/yolo_msgs/include/yolo_msgs/yolo_msgs/msg/key_point2_d.h
[10.151s] -- Installing: /home/mtrn/MTRN4231-T9-1/lab4-main/install/yolo_msgs/include/yolo_msgs/yolo_msgs/msg/vector2.h
[10.152s] -- Installing: /home/mtrn/MTRN4231-T9-1/lab4-main/install/yolo_msgs/include/yolo_msgs/yolo_msgs/msg/bounding_box2_d.h
[10.152s] -- Installing: /home/mtrn/MTRN4231-T9-1/lab4-main/install/yolo_msgs/include/yolo_msgs/yolo_msgs/msg/key_point3_d_array.h
[10.152s] -- Installing: /home/mtrn/MTRN4231-T9-1/lab4-main/install/yolo_msgs/include/yolo_msgs/yolo_msgs/msg/detection.h
[10.152s] -- Installing: /home/mtrn/MTRN4231-T9-1/lab4-main/install/yolo_msgs/include/yolo_msgs/yolo_msgs/msg/bounding_box3_d.h
[10.152s] -- Installing: /home/mtrn/MTRN4231-T9-1/lab4-main/install/yolo_msgs/include/yolo_msgs/yolo_msgs/msg/detail
[10.153s] -- Installing: /home/mtrn/MTRN4231-T9-1/lab4-main/install/yolo_msgs/include/yolo_msgs/yolo_msgs/msg/detail/mask__type_support.h
[10.153s] -- Installing: /home/mtrn/MTRN4231-T9-1/lab4-main/install/yolo_msgs/include/yolo_msgs/yolo_msgs/msg/detail/key_point3_d__struct.h
[10.153s] -- Installing: /home/mtrn/MTRN4231-T9-1/lab4-main/install/yolo_msgs/include/yolo_msgs/yolo_msgs/msg/detail/key_point3_d_array__struct.h
[10.153s] -- Installing: /home/mtrn/MTRN4231-T9-1/lab4-main/install/yolo_msgs/include/yolo_msgs/yolo_msgs/msg/detail/key_point3_d_array__functions.h
[10.153s] -- Installing: /home/mtrn/MTRN4231-T9-1/lab4-main/install/yolo_msgs/include/yolo_msgs/yolo_msgs/msg/detail/detection__functions.h
[10.153s] -- Installing: /home/mtrn/MTRN4231-T9-1/lab4-main/install/yolo_msgs/include/yolo_msgs/yolo_msgs/msg/detail/detection__struct.h
[10.154s] -- Installing: /home/mtrn/MTRN4231-T9-1/lab4-main/install/yolo_msgs/include/yolo_msgs/yolo_msgs/msg/detail/bounding_box2_d__functions.h
[10.154s] -- Installing: /home/mtrn/MTRN4231-T9-1/lab4-main/install/yolo_msgs/include/yolo_msgs/yolo_msgs/msg/detail/detection_array__functions.c
[10.154s] -- Installing: /home/mtrn/MTRN4231-T9-1/lab4-main/install/yolo_msgs/include/yolo_msgs/yolo_msgs/msg/detail/vector2__type_support.h
[10.154s] -- Installing: /home/mtrn/MTRN4231-T9-1/lab4-main/install/yolo_msgs/include/yolo_msgs/yolo_msgs/msg/detail/key_point2_d__type_support.h
[10.154s] -- Installing: /home/mtrn/MTRN4231-T9-1/lab4-main/install/yolo_msgs/include/yolo_msgs/yolo_msgs/msg/detail/detection_array__type_support.h
[10.154s] -- Installing: /home/mtrn/MTRN4231-T9-1/lab4-main/install/yolo_msgs/include/yolo_msgs/yolo_msgs/msg/detail/bounding_box3_d__type_support.h
[10.155s] -- Installing: /home/mtrn/MTRN4231-T9-1/lab4-main/install/yolo_msgs/include/yolo_msgs/yolo_msgs/msg/detail/bounding_box2_d__functions.c
[10.155s] -- Installing: /home/mtrn/MTRN4231-T9-1/lab4-main/install/yolo_msgs/include/yolo_msgs/yolo_msgs/msg/detail/mask__functions.h
[10.155s] -- Installing: /home/mtrn/MTRN4231-T9-1/lab4-main/install/yolo_msgs/include/yolo_msgs/yolo_msgs/msg/detail/vector2__struct.h
[10.155s] -- Installing: /home/mtrn/MTRN4231-T9-1/lab4-main/install/yolo_msgs/include/yolo_msgs/yolo_msgs/msg/detail/pose2_d__functions.h
[10.155s] -- Installing: /home/mtrn/MTRN4231-T9-1/lab4-main/install/yolo_msgs/include/yolo_msgs/yolo_msgs/msg/detail/key_point2_d_array__functions.h
[10.156s] -- Installing: /home/mtrn/MTRN4231-T9-1/lab4-main/install/yolo_msgs/include/yolo_msgs/yolo_msgs/msg/detail/key_point2_d_array__functions.c
[10.156s] -- Installing: /home/mtrn/MTRN4231-T9-1/lab4-main/install/yolo_msgs/include/yolo_msgs/yolo_msgs/msg/detail/key_point2_d_array__type_support.h
[10.156s] -- Installing: /home/mtrn/MTRN4231-T9-1/lab4-main/install/yolo_msgs/include/yolo_msgs/yolo_msgs/msg/detail/key_point2_d__struct.h
[10.156s] -- Installing: /home/mtrn/MTRN4231-T9-1/lab4-main/install/yolo_msgs/include/yolo_msgs/yolo_msgs/msg/detail/detection__type_support.h
[10.156s] -- Installing: /home/mtrn/MTRN4231-T9-1/lab4-main/install/yolo_msgs/include/yolo_msgs/yolo_msgs/msg/detail/point2_d__functions.h
[10.156s] -- Installing: /home/mtrn/MTRN4231-T9-1/lab4-main/install/yolo_msgs/include/yolo_msgs/yolo_msgs/msg/detail/bounding_box3_d__struct.h
[10.157s] -- Installing: /home/mtrn/MTRN4231-T9-1/lab4-main/install/yolo_msgs/include/yolo_msgs/yolo_msgs/msg/detail/point2_d__functions.c
[10.157s] -- Installing: /home/mtrn/MTRN4231-T9-1/lab4-main/install/yolo_msgs/include/yolo_msgs/yolo_msgs/msg/detail/bounding_box2_d__struct.h
[10.157s] -- Installing: /home/mtrn/MTRN4231-T9-1/lab4-main/install/yolo_msgs/include/yolo_msgs/yolo_msgs/msg/detail/key_point2_d_array__struct.h
[10.158s] -- Installing: /home/mtrn/MTRN4231-T9-1/lab4-main/install/yolo_msgs/include/yolo_msgs/yolo_msgs/msg/detail/vector2__functions.c
[10.158s] -- Installing: /home/mtrn/MTRN4231-T9-1/lab4-main/install/yolo_msgs/include/yolo_msgs/yolo_msgs/msg/detail/mask__functions.c
[10.158s] -- Installing: /home/mtrn/MTRN4231-T9-1/lab4-main/install/yolo_msgs/include/yolo_msgs/yolo_msgs/msg/detail/mask__struct.h
[10.158s] -- Installing: /home/mtrn/MTRN4231-T9-1/lab4-main/install/yolo_msgs/include/yolo_msgs/yolo_msgs/msg/detail/bounding_box3_d__functions.h
[10.158s] -- Installing: /home/mtrn/MTRN4231-T9-1/lab4-main/install/yolo_msgs/include/yolo_msgs/yolo_msgs/msg/detail/detection_array__struct.h
[10.159s] -- Installing: /home/mtrn/MTRN4231-T9-1/lab4-main/install/yolo_msgs/include/yolo_msgs/yolo_msgs/msg/detail/key_point3_d__functions.h
[10.159s] -- Installing: /home/mtrn/MTRN4231-T9-1/lab4-main/install/yolo_msgs/include/yolo_msgs/yolo_msgs/msg/detail/pose2_d__functions.c
[10.159s] -- Installing: /home/mtrn/MTRN4231-T9-1/lab4-main/install/yolo_msgs/include/yolo_msgs/yolo_msgs/msg/detail/key_point3_d__functions.c
[10.159s] -- Installing: /home/mtrn/MTRN4231-T9-1/lab4-main/install/yolo_msgs/include/yolo_msgs/yolo_msgs/msg/detail/bounding_box2_d__type_support.h
[10.159s] -- Installing: /home/mtrn/MTRN4231-T9-1/lab4-main/install/yolo_msgs/include/yolo_msgs/yolo_msgs/msg/detail/pose2_d__struct.h
[10.160s] -- Installing: /home/mtrn/MTRN4231-T9-1/lab4-main/install/yolo_msgs/include/yolo_msgs/yolo_msgs/msg/detail/key_point3_d_array__functions.c
[10.160s] -- Installing: /home/mtrn/MTRN4231-T9-1/lab4-main/install/yolo_msgs/include/yolo_msgs/yolo_msgs/msg/detail/pose2_d__type_support.h
[10.160s] -- Installing: /home/mtrn/MTRN4231-T9-1/lab4-main/install/yolo_msgs/include/yolo_msgs/yolo_msgs/msg/detail/key_point3_d_array__type_support.h
[10.160s] -- Installing: /home/mtrn/MTRN4231-T9-1/lab4-main/install/yolo_msgs/include/yolo_msgs/yolo_msgs/msg/detail/vector2__functions.h
[10.160s] -- Installing: /home/mtrn/MTRN4231-T9-1/lab4-main/install/yolo_msgs/include/yolo_msgs/yolo_msgs/msg/detail/point2_d__type_support.h
[10.160s] -- Installing: /home/mtrn/MTRN4231-T9-1/lab4-main/install/yolo_msgs/include/yolo_msgs/yolo_msgs/msg/detail/bounding_box3_d__functions.c
[10.161s] -- Installing: /home/mtrn/MTRN4231-T9-1/lab4-main/install/yolo_msgs/include/yolo_msgs/yolo_msgs/msg/detail/point2_d__struct.h
[10.161s] -- Installing: /home/mtrn/MTRN4231-T9-1/lab4-main/install/yolo_msgs/include/yolo_msgs/yolo_msgs/msg/detail/key_point2_d__functions.c
[10.161s] -- Installing: /home/mtrn/MTRN4231-T9-1/lab4-main/install/yolo_msgs/include/yolo_msgs/yolo_msgs/msg/detail/key_point3_d__type_support.h
[10.161s] -- Installing: /home/mtrn/MTRN4231-T9-1/lab4-main/install/yolo_msgs/include/yolo_msgs/yolo_msgs/msg/detail/key_point2_d__functions.h
[10.161s] -- Installing: /home/mtrn/MTRN4231-T9-1/lab4-main/install/yolo_msgs/include/yolo_msgs/yolo_msgs/msg/detail/detection__functions.c
[10.161s] -- Installing: /home/mtrn/MTRN4231-T9-1/lab4-main/install/yolo_msgs/include/yolo_msgs/yolo_msgs/msg/detail/detection_array__functions.h
[10.162s] -- Installing: /home/mtrn/MTRN4231-T9-1/lab4-main/install/yolo_msgs/include/yolo_msgs/yolo_msgs/msg/key_point3_d.h
[10.162s] -- Installing: /home/mtrn/MTRN4231-T9-1/lab4-main/install/yolo_msgs/include/yolo_msgs/yolo_msgs/msg/key_point2_d_array.h
[10.162s] -- Installing: /home/mtrn/MTRN4231-T9-1/lab4-main/install/yolo_msgs/share/yolo_msgs/environment/library_path.sh
[10.162s] -- Installing: /home/mtrn/MTRN4231-T9-1/lab4-main/install/yolo_msgs/share/yolo_msgs/environment/library_path.dsv
[10.162s] -- Installing: /home/mtrn/MTRN4231-T9-1/lab4-main/install/yolo_msgs/lib/libyolo_msgs__rosidl_generator_c.so
[10.163s] -- Set runtime path of "/home/mtrn/MTRN4231-T9-1/lab4-main/install/yolo_msgs/lib/libyolo_msgs__rosidl_generator_c.so" to ""
[10.163s] -- Up-to-date: /home/mtrn/MTRN4231-T9-1/lab4-main/install/yolo_msgs/include/yolo_msgs/yolo_msgs
[10.163s] -- Up-to-date: /home/mtrn/MTRN4231-T9-1/lab4-main/install/yolo_msgs/include/yolo_msgs/yolo_msgs/srv
[10.163s] -- Up-to-date: /home/mtrn/MTRN4231-T9-1/lab4-main/install/yolo_msgs/include/yolo_msgs/yolo_msgs/srv/detail
[10.163s] -- Installing: /home/mtrn/MTRN4231-T9-1/lab4-main/install/yolo_msgs/include/yolo_msgs/yolo_msgs/srv/detail/set_classes__rosidl_typesupport_fastrtps_c.h
[10.164s] -- Up-to-date: /home/mtrn/MTRN4231-T9-1/lab4-main/install/yolo_msgs/include/yolo_msgs/yolo_msgs/msg
[10.164s] -- Installing: /home/mtrn/MTRN4231-T9-1/lab4-main/install/yolo_msgs/include/yolo_msgs/yolo_msgs/msg/rosidl_typesupport_fastrtps_c__visibility_control.h
[10.164s] -- Up-to-date: /home/mtrn/MTRN4231-T9-1/lab4-main/install/yolo_msgs/include/yolo_msgs/yolo_msgs/msg/detail
[10.164s] -- Installing: /home/mtrn/MTRN4231-T9-1/lab4-main/install/yolo_msgs/include/yolo_msgs/yolo_msgs/msg/detail/key_point2_d__rosidl_typesupport_fastrtps_c.h
[10.164s] -- Installing: /home/mtrn/MTRN4231-T9-1/lab4-main/install/yolo_msgs/include/yolo_msgs/yolo_msgs/msg/detail/bounding_box2_d__rosidl_typesupport_fastrtps_c.h
[10.164s] -- Installing: /home/mtrn/MTRN4231-T9-1/lab4-main/install/yolo_msgs/include/yolo_msgs/yolo_msgs/msg/detail/key_point2_d_array__rosidl_typesupport_fastrtps_c.h
[10.164s] -- Installing: /home/mtrn/MTRN4231-T9-1/lab4-main/install/yolo_msgs/include/yolo_msgs/yolo_msgs/msg/detail/key_point3_d_array__rosidl_typesupport_fastrtps_c.h
[10.165s] -- Installing: /home/mtrn/MTRN4231-T9-1/lab4-main/install/yolo_msgs/include/yolo_msgs/yolo_msgs/msg/detail/detection__rosidl_typesupport_fastrtps_c.h
[10.165s] -- Installing: /home/mtrn/MTRN4231-T9-1/lab4-main/install/yolo_msgs/include/yolo_msgs/yolo_msgs/msg/detail/detection_array__rosidl_typesupport_fastrtps_c.h
[10.165s] -- Installing: /home/mtrn/MTRN4231-T9-1/lab4-main/install/yolo_msgs/include/yolo_msgs/yolo_msgs/msg/detail/vector2__rosidl_typesupport_fastrtps_c.h
[10.165s] -- Installing: /home/mtrn/MTRN4231-T9-1/lab4-main/install/yolo_msgs/include/yolo_msgs/yolo_msgs/msg/detail/key_point3_d__rosidl_typesupport_fastrtps_c.h
[10.165s] -- Installing: /home/mtrn/MTRN4231-T9-1/lab4-main/install/yolo_msgs/include/yolo_msgs/yolo_msgs/msg/detail/mask__rosidl_typesupport_fastrtps_c.h
[10.165s] -- Installing: /home/mtrn/MTRN4231-T9-1/lab4-main/install/yolo_msgs/include/yolo_msgs/yolo_msgs/msg/detail/point2_d__rosidl_typesupport_fastrtps_c.h
[10.165s] -- Installing: /home/mtrn/MTRN4231-T9-1/lab4-main/install/yolo_msgs/include/yolo_msgs/yolo_msgs/msg/detail/bounding_box3_d__rosidl_typesupport_fastrtps_c.h
[10.165s] -- Installing: /home/mtrn/MTRN4231-T9-1/lab4-main/install/yolo_msgs/include/yolo_msgs/yolo_msgs/msg/detail/pose2_d__rosidl_typesupport_fastrtps_c.h
[10.165s] -- Installing: /home/mtrn/MTRN4231-T9-1/lab4-main/install/yolo_msgs/lib/libyolo_msgs__rosidl_typesupport_fastrtps_c.so
[10.165s] -- Set runtime path of "/home/mtrn/MTRN4231-T9-1/lab4-main/install/yolo_msgs/lib/libyolo_msgs__rosidl_typesupport_fastrtps_c.so" to ""
[10.165s] -- Up-to-date: /home/mtrn/MTRN4231-T9-1/lab4-main/install/yolo_msgs/include/yolo_msgs/yolo_msgs
[10.165s] -- Up-to-date: /home/mtrn/MTRN4231-T9-1/lab4-main/install/yolo_msgs/include/yolo_msgs/yolo_msgs/srv
[10.166s] -- Up-to-date: /home/mtrn/MTRN4231-T9-1/lab4-main/install/yolo_msgs/include/yolo_msgs/yolo_msgs/srv/detail
[10.166s] -- Installing: /home/mtrn/MTRN4231-T9-1/lab4-main/install/yolo_msgs/include/yolo_msgs/yolo_msgs/srv/detail/set_classes__type_support.c
[10.166s] -- Installing: /home/mtrn/MTRN4231-T9-1/lab4-main/install/yolo_msgs/include/yolo_msgs/yolo_msgs/srv/detail/set_classes__rosidl_typesupport_introspection_c.h
[10.166s] -- Up-to-date: /home/mtrn/MTRN4231-T9-1/lab4-main/install/yolo_msgs/include/yolo_msgs/yolo_msgs/msg
[10.166s] -- Installing: /home/mtrn/MTRN4231-T9-1/lab4-main/install/yolo_msgs/include/yolo_msgs/yolo_msgs/msg/rosidl_typesupport_introspection_c__visibility_control.h
[10.166s] -- Up-to-date: /home/mtrn/MTRN4231-T9-1/lab4-main/install/yolo_msgs/include/yolo_msgs/yolo_msgs/msg/detail
[10.166s] -- Installing: /home/mtrn/MTRN4231-T9-1/lab4-main/install/yolo_msgs/include/yolo_msgs/yolo_msgs/msg/detail/pose2_d__rosidl_typesupport_introspection_c.h
[10.166s] -- Installing: /home/mtrn/MTRN4231-T9-1/lab4-main/install/yolo_msgs/include/yolo_msgs/yolo_msgs/msg/detail/bounding_box2_d__type_support.c
[10.166s] -- Installing: /home/mtrn/MTRN4231-T9-1/lab4-main/install/yolo_msgs/include/yolo_msgs/yolo_msgs/msg/detail/key_point3_d_array__type_support.c
[10.166s] -- Installing: /home/mtrn/MTRN4231-T9-1/lab4-main/install/yolo_msgs/include/yolo_msgs/yolo_msgs/msg/detail/bounding_box3_d__rosidl_typesupport_introspection_c.h
[10.166s] -- Installing: /home/mtrn/MTRN4231-T9-1/lab4-main/install/yolo_msgs/include/yolo_msgs/yolo_msgs/msg/detail/mask__type_support.c
[10.166s] -- Installing: /home/mtrn/MTRN4231-T9-1/lab4-main/install/yolo_msgs/include/yolo_msgs/yolo_msgs/msg/detail/key_point3_d__rosidl_typesupport_introspection_c.h
[10.166s] -- Installing: /home/mtrn/MTRN4231-T9-1/lab4-main/install/yolo_msgs/include/yolo_msgs/yolo_msgs/msg/detail/vector2__rosidl_typesupport_introspection_c.h
[10.166s] -- Installing: /home/mtrn/MTRN4231-T9-1/lab4-main/install/yolo_msgs/include/yolo_msgs/yolo_msgs/msg/detail/key_point2_d_array__type_support.c
[10.166s] -- Installing: /home/mtrn/MTRN4231-T9-1/lab4-main/install/yolo_msgs/include/yolo_msgs/yolo_msgs/msg/detail/vector2__type_support.c
[10.166s] -- Installing: /home/mtrn/MTRN4231-T9-1/lab4-main/install/yolo_msgs/include/yolo_msgs/yolo_msgs/msg/detail/bounding_box2_d__rosidl_typesupport_introspection_c.h
[10.166s] -- Installing: /home/mtrn/MTRN4231-T9-1/lab4-main/install/yolo_msgs/include/yolo_msgs/yolo_msgs/msg/detail/detection_array__type_support.c
[10.166s] -- Installing: /home/mtrn/MTRN4231-T9-1/lab4-main/install/yolo_msgs/include/yolo_msgs/yolo_msgs/msg/detail/key_point2_d__rosidl_typesupport_introspection_c.h
[10.166s] -- Installing: /home/mtrn/MTRN4231-T9-1/lab4-main/install/yolo_msgs/include/yolo_msgs/yolo_msgs/msg/detail/detection__type_support.c
[10.166s] -- Installing: /home/mtrn/MTRN4231-T9-1/lab4-main/install/yolo_msgs/include/yolo_msgs/yolo_msgs/msg/detail/bounding_box3_d__type_support.c
[10.166s] -- Installing: /home/mtrn/MTRN4231-T9-1/lab4-main/install/yolo_msgs/include/yolo_msgs/yolo_msgs/msg/detail/key_point2_d_array__rosidl_typesupport_introspection_c.h
[10.166s] -- Installing: /home/mtrn/MTRN4231-T9-1/lab4-main/install/yolo_msgs/include/yolo_msgs/yolo_msgs/msg/detail/pose2_d__type_support.c
[10.167s] -- Installing: /home/mtrn/MTRN4231-T9-1/lab4-main/install/yolo_msgs/include/yolo_msgs/yolo_msgs/msg/detail/mask__rosidl_typesupport_introspection_c.h
[10.167s] -- Installing: /home/mtrn/MTRN4231-T9-1/lab4-main/install/yolo_msgs/include/yolo_msgs/yolo_msgs/msg/detail/detection__rosidl_typesupport_introspection_c.h
[10.167s] -- Installing: /home/mtrn/MTRN4231-T9-1/lab4-main/install/yolo_msgs/include/yolo_msgs/yolo_msgs/msg/detail/point2_d__rosidl_typesupport_introspection_c.h
[10.167s] -- Installing: /home/mtrn/MTRN4231-T9-1/lab4-main/install/yolo_msgs/include/yolo_msgs/yolo_msgs/msg/detail/key_point3_d_array__rosidl_typesupport_introspection_c.h
[10.167s] -- Installing: /home/mtrn/MTRN4231-T9-1/lab4-main/install/yolo_msgs/include/yolo_msgs/yolo_msgs/msg/detail/detection_array__rosidl_typesupport_introspection_c.h
[10.167s] -- Installing: /home/mtrn/MTRN4231-T9-1/lab4-main/install/yolo_msgs/include/yolo_msgs/yolo_msgs/msg/detail/point2_d__type_support.c
[10.167s] -- Installing: /home/mtrn/MTRN4231-T9-1/lab4-main/install/yolo_msgs/include/yolo_msgs/yolo_msgs/msg/detail/key_point2_d__type_support.c
[10.167s] -- Installing: /home/mtrn/MTRN4231-T9-1/lab4-main/install/yolo_msgs/include/yolo_msgs/yolo_msgs/msg/detail/key_point3_d__type_support.c
[10.167s] -- Installing: /home/mtrn/MTRN4231-T9-1/lab4-main/install/yolo_msgs/lib/libyolo_msgs__rosidl_typesupport_introspection_c.so
[10.167s] -- Set runtime path of "/home/mtrn/MTRN4231-T9-1/lab4-main/install/yolo_msgs/lib/libyolo_msgs__rosidl_typesupport_introspection_c.so" to ""
[10.167s] -- Installing: /home/mtrn/MTRN4231-T9-1/lab4-main/install/yolo_msgs/lib/libyolo_msgs__rosidl_typesupport_c.so
[10.167s] -- Set runtime path of "/home/mtrn/MTRN4231-T9-1/lab4-main/install/yolo_msgs/lib/libyolo_msgs__rosidl_typesupport_c.so" to ""
[10.167s] -- Up-to-date: /home/mtrn/MTRN4231-T9-1/lab4-main/install/yolo_msgs/include/yolo_msgs/yolo_msgs
[10.167s] -- Up-to-date: /home/mtrn/MTRN4231-T9-1/lab4-main/install/yolo_msgs/include/yolo_msgs/yolo_msgs/srv
[10.167s] -- Installing: /home/mtrn/MTRN4231-T9-1/lab4-main/install/yolo_msgs/include/yolo_msgs/yolo_msgs/srv/set_classes.hpp
[10.167s] -- Up-to-date: /home/mtrn/MTRN4231-T9-1/lab4-main/install/yolo_msgs/include/yolo_msgs/yolo_msgs/srv/detail
[10.167s] -- Installing: /home/mtrn/MTRN4231-T9-1/lab4-main/install/yolo_msgs/include/yolo_msgs/yolo_msgs/srv/detail/set_classes__struct.hpp
[10.167s] -- Installing: /home/mtrn/MTRN4231-T9-1/lab4-main/install/yolo_msgs/include/yolo_msgs/yolo_msgs/srv/detail/set_classes__builder.hpp
[10.168s] -- Installing: /home/mtrn/MTRN4231-T9-1/lab4-main/install/yolo_msgs/include/yolo_msgs/yolo_msgs/srv/detail/set_classes__traits.hpp
[10.168s] -- Up-to-date: /home/mtrn/MTRN4231-T9-1/lab4-main/install/yolo_msgs/include/yolo_msgs/yolo_msgs/msg
[10.168s] -- Installing: /home/mtrn/MTRN4231-T9-1/lab4-main/install/yolo_msgs/include/yolo_msgs/yolo_msgs/msg/key_point3_d.hpp
[10.168s] -- Installing: /home/mtrn/MTRN4231-T9-1/lab4-main/install/yolo_msgs/include/yolo_msgs/yolo_msgs/msg/key_point2_d_array.hpp
[10.168s] -- Installing: /home/mtrn/MTRN4231-T9-1/lab4-main/install/yolo_msgs/include/yolo_msgs/yolo_msgs/msg/bounding_box3_d.hpp
[10.168s] -- Installing: /home/mtrn/MTRN4231-T9-1/lab4-main/install/yolo_msgs/include/yolo_msgs/yolo_msgs/msg/mask.hpp
[10.168s] -- Installing: /home/mtrn/MTRN4231-T9-1/lab4-main/install/yolo_msgs/include/yolo_msgs/yolo_msgs/msg/bounding_box2_d.hpp
[10.168s] -- Installing: /home/mtrn/MTRN4231-T9-1/lab4-main/install/yolo_msgs/include/yolo_msgs/yolo_msgs/msg/detection_array.hpp
[10.168s] -- Installing: /home/mtrn/MTRN4231-T9-1/lab4-main/install/yolo_msgs/include/yolo_msgs/yolo_msgs/msg/point2_d.hpp
[10.168s] -- Installing: /home/mtrn/MTRN4231-T9-1/lab4-main/install/yolo_msgs/include/yolo_msgs/yolo_msgs/msg/pose2_d.hpp
[10.168s] -- Installing: /home/mtrn/MTRN4231-T9-1/lab4-main/install/yolo_msgs/include/yolo_msgs/yolo_msgs/msg/detection.hpp
[10.168s] -- Installing: /home/mtrn/MTRN4231-T9-1/lab4-main/install/yolo_msgs/include/yolo_msgs/yolo_msgs/msg/vector2.hpp
[10.168s] -- Up-to-date: /home/mtrn/MTRN4231-T9-1/lab4-main/install/yolo_msgs/include/yolo_msgs/yolo_msgs/msg/detail
[10.168s] -- Installing: /home/mtrn/MTRN4231-T9-1/lab4-main/install/yolo_msgs/include/yolo_msgs/yolo_msgs/msg/detail/key_point2_d_array__builder.hpp
[10.168s] -- Installing: /home/mtrn/MTRN4231-T9-1/lab4-main/install/yolo_msgs/include/yolo_msgs/yolo_msgs/msg/detail/detection__struct.hpp
[10.168s] -- Installing: /home/mtrn/MTRN4231-T9-1/lab4-main/install/yolo_msgs/include/yolo_msgs/yolo_msgs/msg/detail/key_point2_d__traits.hpp
[10.168s] -- Installing: /home/mtrn/MTRN4231-T9-1/lab4-main/install/yolo_msgs/include/yolo_msgs/yolo_msgs/msg/detail/key_point2_d__builder.hpp
[10.168s] -- Installing: /home/mtrn/MTRN4231-T9-1/lab4-main/install/yolo_msgs/include/yolo_msgs/yolo_msgs/msg/detail/mask__struct.hpp
[10.168s] -- Installing: /home/mtrn/MTRN4231-T9-1/lab4-main/install/yolo_msgs/include/yolo_msgs/yolo_msgs/msg/detail/mask__traits.hpp
[10.168s] -- Installing: /home/mtrn/MTRN4231-T9-1/lab4-main/install/yolo_msgs/include/yolo_msgs/yolo_msgs/msg/detail/point2_d__struct.hpp
[10.169s] -- Installing: /home/mtrn/MTRN4231-T9-1/lab4-main/install/yolo_msgs/include/yolo_msgs/yolo_msgs/msg/detail/key_point2_d_array__struct.hpp
[10.169s] -- Installing: /home/mtrn/MTRN4231-T9-1/lab4-main/install/yolo_msgs/include/yolo_msgs/yolo_msgs/msg/detail/detection_array__traits.hpp
[10.169s] -- Installing: /home/mtrn/MTRN4231-T9-1/lab4-main/install/yolo_msgs/include/yolo_msgs/yolo_msgs/msg/detail/key_point2_d__struct.hpp
[10.169s] -- Installing: /home/mtrn/MTRN4231-T9-1/lab4-main/install/yolo_msgs/include/yolo_msgs/yolo_msgs/msg/detail/bounding_box2_d__struct.hpp
[10.169s] -- Installing: /home/mtrn/MTRN4231-T9-1/lab4-main/install/yolo_msgs/include/yolo_msgs/yolo_msgs/msg/detail/key_point3_d_array__traits.hpp
[10.169s] -- Installing: /home/mtrn/MTRN4231-T9-1/lab4-main/install/yolo_msgs/include/yolo_msgs/yolo_msgs/msg/detail/pose2_d__builder.hpp
[10.169s] -- Installing: /home/mtrn/MTRN4231-T9-1/lab4-main/install/yolo_msgs/include/yolo_msgs/yolo_msgs/msg/detail/bounding_box3_d__builder.hpp
[10.169s] -- Installing: /home/mtrn/MTRN4231-T9-1/lab4-main/install/yolo_msgs/include/yolo_msgs/yolo_msgs/msg/detail/detection_array__struct.hpp
[10.169s] -- Installing: /home/mtrn/MTRN4231-T9-1/lab4-main/install/yolo_msgs/include/yolo_msgs/yolo_msgs/msg/detail/bounding_box3_d__traits.hpp
[10.169s] -- Installing: /home/mtrn/MTRN4231-T9-1/lab4-main/install/yolo_msgs/include/yolo_msgs/yolo_msgs/msg/detail/key_point3_d__traits.hpp
[10.169s] -- Installing: /home/mtrn/MTRN4231-T9-1/lab4-main/install/yolo_msgs/include/yolo_msgs/yolo_msgs/msg/detail/key_point3_d__struct.hpp
[10.169s] -- Installing: /home/mtrn/MTRN4231-T9-1/lab4-main/install/yolo_msgs/include/yolo_msgs/yolo_msgs/msg/detail/key_point3_d_array__builder.hpp
[10.169s] -- Installing: /home/mtrn/MTRN4231-T9-1/lab4-main/install/yolo_msgs/include/yolo_msgs/yolo_msgs/msg/detail/pose2_d__struct.hpp
[10.169s] -- Installing: /home/mtrn/MTRN4231-T9-1/lab4-main/install/yolo_msgs/include/yolo_msgs/yolo_msgs/msg/detail/vector2__traits.hpp
[10.169s] -- Installing: /home/mtrn/MTRN4231-T9-1/lab4-main/install/yolo_msgs/include/yolo_msgs/yolo_msgs/msg/detail/detection__traits.hpp
[10.169s] -- Installing: /home/mtrn/MTRN4231-T9-1/lab4-main/install/yolo_msgs/include/yolo_msgs/yolo_msgs/msg/detail/vector2__builder.hpp
[10.169s] -- Installing: /home/mtrn/MTRN4231-T9-1/lab4-main/install/yolo_msgs/include/yolo_msgs/yolo_msgs/msg/detail/key_point3_d__builder.hpp
[10.169s] -- Installing: /home/mtrn/MTRN4231-T9-1/lab4-main/install/yolo_msgs/include/yolo_msgs/yolo_msgs/msg/detail/bounding_box2_d__traits.hpp
[10.170s] -- Installing: /home/mtrn/MTRN4231-T9-1/lab4-main/install/yolo_msgs/include/yolo_msgs/yolo_msgs/msg/detail/key_point2_d_array__traits.hpp
[10.170s] -- Installing: /home/mtrn/MTRN4231-T9-1/lab4-main/install/yolo_msgs/include/yolo_msgs/yolo_msgs/msg/detail/detection_array__builder.hpp
[10.170s] -- Installing: /home/mtrn/MTRN4231-T9-1/lab4-main/install/yolo_msgs/include/yolo_msgs/yolo_msgs/msg/detail/mask__builder.hpp
[10.170s] -- Installing: /home/mtrn/MTRN4231-T9-1/lab4-main/install/yolo_msgs/include/yolo_msgs/yolo_msgs/msg/detail/point2_d__builder.hpp
[10.170s] -- Installing: /home/mtrn/MTRN4231-T9-1/lab4-main/install/yolo_msgs/include/yolo_msgs/yolo_msgs/msg/detail/key_point3_d_array__struct.hpp
[10.170s] -- Installing: /home/mtrn/MTRN4231-T9-1/lab4-main/install/yolo_msgs/include/yolo_msgs/yolo_msgs/msg/detail/point2_d__traits.hpp
[10.170s] -- Installing: /home/mtrn/MTRN4231-T9-1/lab4-main/install/yolo_msgs/include/yolo_msgs/yolo_msgs/msg/detail/bounding_box3_d__struct.hpp
[10.170s] -- Installing: /home/mtrn/MTRN4231-T9-1/lab4-main/install/yolo_msgs/include/yolo_msgs/yolo_msgs/msg/detail/detection__builder.hpp
[10.170s] -- Installing: /home/mtrn/MTRN4231-T9-1/lab4-main/install/yolo_msgs/include/yolo_msgs/yolo_msgs/msg/detail/bounding_box2_d__builder.hpp
[10.170s] -- Installing: /home/mtrn/MTRN4231-T9-1/lab4-main/install/yolo_msgs/include/yolo_msgs/yolo_msgs/msg/detail/pose2_d__traits.hpp
[10.170s] -- Installing: /home/mtrn/MTRN4231-T9-1/lab4-main/install/yolo_msgs/include/yolo_msgs/yolo_msgs/msg/detail/vector2__struct.hpp
[10.170s] -- Installing: /home/mtrn/MTRN4231-T9-1/lab4-main/install/yolo_msgs/include/yolo_msgs/yolo_msgs/msg/key_point2_d.hpp
[10.170s] -- Installing: /home/mtrn/MTRN4231-T9-1/lab4-main/install/yolo_msgs/include/yolo_msgs/yolo_msgs/msg/key_point3_d_array.hpp
[10.170s] -- Up-to-date: /home/mtrn/MTRN4231-T9-1/lab4-main/install/yolo_msgs/include/yolo_msgs/yolo_msgs
[10.170s] -- Up-to-date: /home/mtrn/MTRN4231-T9-1/lab4-main/install/yolo_msgs/include/yolo_msgs/yolo_msgs/srv
[10.170s] -- Up-to-date: /home/mtrn/MTRN4231-T9-1/lab4-main/install/yolo_msgs/include/yolo_msgs/yolo_msgs/srv/detail
[10.171s] -- Installing: /home/mtrn/MTRN4231-T9-1/lab4-main/install/yolo_msgs/include/yolo_msgs/yolo_msgs/srv/detail/set_classes__rosidl_typesupport_fastrtps_cpp.hpp
[10.171s] -- Installing: /home/mtrn/MTRN4231-T9-1/lab4-main/install/yolo_msgs/include/yolo_msgs/yolo_msgs/srv/detail/dds_fastrtps
[10.171s] -- Up-to-date: /home/mtrn/MTRN4231-T9-1/lab4-main/install/yolo_msgs/include/yolo_msgs/yolo_msgs/msg
[10.171s] -- Up-to-date: /home/mtrn/MTRN4231-T9-1/lab4-main/install/yolo_msgs/include/yolo_msgs/yolo_msgs/msg/detail
[10.171s] -- Installing: /home/mtrn/MTRN4231-T9-1/lab4-main/install/yolo_msgs/include/yolo_msgs/yolo_msgs/msg/detail/detection_array__rosidl_typesupport_fastrtps_cpp.hpp
[10.171s] -- Installing: /home/mtrn/MTRN4231-T9-1/lab4-main/install/yolo_msgs/include/yolo_msgs/yolo_msgs/msg/detail/mask__rosidl_typesupport_fastrtps_cpp.hpp
[10.171s] -- Installing: /home/mtrn/MTRN4231-T9-1/lab4-main/install/yolo_msgs/include/yolo_msgs/yolo_msgs/msg/detail/bounding_box2_d__rosidl_typesupport_fastrtps_cpp.hpp
[10.171s] -- Installing: /home/mtrn/MTRN4231-T9-1/lab4-main/install/yolo_msgs/include/yolo_msgs/yolo_msgs/msg/detail/pose2_d__rosidl_typesupport_fastrtps_cpp.hpp
[10.171s] -- Installing: /home/mtrn/MTRN4231-T9-1/lab4-main/install/yolo_msgs/include/yolo_msgs/yolo_msgs/msg/detail/dds_fastrtps
[10.171s] -- Installing: /home/mtrn/MTRN4231-T9-1/lab4-main/install/yolo_msgs/include/yolo_msgs/yolo_msgs/msg/detail/vector2__rosidl_typesupport_fastrtps_cpp.hpp
[10.171s] -- Installing: /home/mtrn/MTRN4231-T9-1/lab4-main/install/yolo_msgs/include/yolo_msgs/yolo_msgs/msg/detail/key_point2_d_array__rosidl_typesupport_fastrtps_cpp.hpp
[10.171s] -- Installing: /home/mtrn/MTRN4231-T9-1/lab4-main/install/yolo_msgs/include/yolo_msgs/yolo_msgs/msg/detail/bounding_box3_d__rosidl_typesupport_fastrtps_cpp.hpp
[10.171s] -- Installing: /home/mtrn/MTRN4231-T9-1/lab4-main/install/yolo_msgs/include/yolo_msgs/yolo_msgs/msg/detail/key_point2_d__rosidl_typesupport_fastrtps_cpp.hpp
[10.171s] -- Installing: /home/mtrn/MTRN4231-T9-1/lab4-main/install/yolo_msgs/include/yolo_msgs/yolo_msgs/msg/detail/point2_d__rosidl_typesupport_fastrtps_cpp.hpp
[10.171s] -- Installing: /home/mtrn/MTRN4231-T9-1/lab4-main/install/yolo_msgs/include/yolo_msgs/yolo_msgs/msg/detail/key_point3_d_array__rosidl_typesupport_fastrtps_cpp.hpp
[10.171s] -- Installing: /home/mtrn/MTRN4231-T9-1/lab4-main/install/yolo_msgs/include/yolo_msgs/yolo_msgs/msg/detail/key_point3_d__rosidl_typesupport_fastrtps_cpp.hpp
[10.171s] -- Installing: /home/mtrn/MTRN4231-T9-1/lab4-main/install/yolo_msgs/include/yolo_msgs/yolo_msgs/msg/detail/detection__rosidl_typesupport_fastrtps_cpp.hpp
[10.171s] -- Installing: /home/mtrn/MTRN4231-T9-1/lab4-main/install/yolo_msgs/include/yolo_msgs/yolo_msgs/msg/rosidl_typesupport_fastrtps_cpp__visibility_control.h
[10.171s] -- Installing: /home/mtrn/MTRN4231-T9-1/lab4-main/install/yolo_msgs/lib/libyolo_msgs__rosidl_typesupport_fastrtps_cpp.so
[10.172s] -- Set runtime path of "/home/mtrn/MTRN4231-T9-1/lab4-main/install/yolo_msgs/lib/libyolo_msgs__rosidl_typesupport_fastrtps_cpp.so" to ""
[10.172s] -- Up-to-date: /home/mtrn/MTRN4231-T9-1/lab4-main/install/yolo_msgs/include/yolo_msgs/yolo_msgs
[10.172s] -- Up-to-date: /home/mtrn/MTRN4231-T9-1/lab4-main/install/yolo_msgs/include/yolo_msgs/yolo_msgs/srv
[10.172s] -- Up-to-date: /home/mtrn/MTRN4231-T9-1/lab4-main/install/yolo_msgs/include/yolo_msgs/yolo_msgs/srv/detail
[10.172s] -- Installing: /home/mtrn/MTRN4231-T9-1/lab4-main/install/yolo_msgs/include/yolo_msgs/yolo_msgs/srv/detail/set_classes__rosidl_typesupport_introspection_cpp.hpp
[10.172s] -- Installing: /home/mtrn/MTRN4231-T9-1/lab4-main/install/yolo_msgs/include/yolo_msgs/yolo_msgs/srv/detail/set_classes__type_support.cpp
[10.172s] -- Up-to-date: /home/mtrn/MTRN4231-T9-1/lab4-main/install/yolo_msgs/include/yolo_msgs/yolo_msgs/msg
[10.172s] -- Up-to-date: /home/mtrn/MTRN4231-T9-1/lab4-main/install/yolo_msgs/include/yolo_msgs/yolo_msgs/msg/detail
[10.172s] -- Installing: /home/mtrn/MTRN4231-T9-1/lab4-main/install/yolo_msgs/include/yolo_msgs/yolo_msgs/msg/detail/detection_array__type_support.cpp
[10.172s] -- Installing: /home/mtrn/MTRN4231-T9-1/lab4-main/install/yolo_msgs/include/yolo_msgs/yolo_msgs/msg/detail/key_point2_d_array__rosidl_typesupport_introspection_cpp.hpp
[10.172s] -- Installing: /home/mtrn/MTRN4231-T9-1/lab4-main/install/yolo_msgs/include/yolo_msgs/yolo_msgs/msg/detail/bounding_box2_d__type_support.cpp
[10.172s] -- Installing: /home/mtrn/MTRN4231-T9-1/lab4-main/install/yolo_msgs/include/yolo_msgs/yolo_msgs/msg/detail/detection_array__rosidl_typesupport_introspection_cpp.hpp
[10.172s] -- Installing: /home/mtrn/MTRN4231-T9-1/lab4-main/install/yolo_msgs/include/yolo_msgs/yolo_msgs/msg/detail/key_point2_d_array__type_support.cpp
[10.172s] -- Installing: /home/mtrn/MTRN4231-T9-1/lab4-main/install/yolo_msgs/include/yolo_msgs/yolo_msgs/msg/detail/key_point3_d_array__type_support.cpp
[10.172s] -- Installing: /home/mtrn/MTRN4231-T9-1/lab4-main/install/yolo_msgs/include/yolo_msgs/yolo_msgs/msg/detail/key_point2_d__type_support.cpp
[10.172s] -- Installing: /home/mtrn/MTRN4231-T9-1/lab4-main/install/yolo_msgs/include/yolo_msgs/yolo_msgs/msg/detail/bounding_box3_d__type_support.cpp
[10.172s] -- Installing: /home/mtrn/MTRN4231-T9-1/lab4-main/install/yolo_msgs/include/yolo_msgs/yolo_msgs/msg/detail/detection__rosidl_typesupport_introspection_cpp.hpp
[10.172s] -- Installing: /home/mtrn/MTRN4231-T9-1/lab4-main/install/yolo_msgs/include/yolo_msgs/yolo_msgs/msg/detail/point2_d__type_support.cpp
[10.172s] -- Installing: /home/mtrn/MTRN4231-T9-1/lab4-main/install/yolo_msgs/include/yolo_msgs/yolo_msgs/msg/detail/detection__type_support.cpp
[10.172s] -- Installing: /home/mtrn/MTRN4231-T9-1/lab4-main/install/yolo_msgs/include/yolo_msgs/yolo_msgs/msg/detail/pose2_d__rosidl_typesupport_introspection_cpp.hpp
[10.172s] -- Installing: /home/mtrn/MTRN4231-T9-1/lab4-main/install/yolo_msgs/include/yolo_msgs/yolo_msgs/msg/detail/key_point3_d__type_support.cpp
[10.173s] -- Installing: /home/mtrn/MTRN4231-T9-1/lab4-main/install/yolo_msgs/include/yolo_msgs/yolo_msgs/msg/detail/vector2__rosidl_typesupport_introspection_cpp.hpp
[10.173s] -- Installing: /home/mtrn/MTRN4231-T9-1/lab4-main/install/yolo_msgs/include/yolo_msgs/yolo_msgs/msg/detail/vector2__type_support.cpp
[10.173s] -- Installing: /home/mtrn/MTRN4231-T9-1/lab4-main/install/yolo_msgs/include/yolo_msgs/yolo_msgs/msg/detail/pose2_d__type_support.cpp
[10.173s] -- Installing: /home/mtrn/MTRN4231-T9-1/lab4-main/install/yolo_msgs/include/yolo_msgs/yolo_msgs/msg/detail/key_point2_d__rosidl_typesupport_introspection_cpp.hpp
[10.173s] -- Installing: /home/mtrn/MTRN4231-T9-1/lab4-main/install/yolo_msgs/include/yolo_msgs/yolo_msgs/msg/detail/key_point3_d__rosidl_typesupport_introspection_cpp.hpp
[10.173s] -- Installing: /home/mtrn/MTRN4231-T9-1/lab4-main/install/yolo_msgs/include/yolo_msgs/yolo_msgs/msg/detail/mask__rosidl_typesupport_introspection_cpp.hpp
[10.173s] -- Installing: /home/mtrn/MTRN4231-T9-1/lab4-main/install/yolo_msgs/include/yolo_msgs/yolo_msgs/msg/detail/point2_d__rosidl_typesupport_introspection_cpp.hpp
[10.173s] -- Installing: /home/mtrn/MTRN4231-T9-1/lab4-main/install/yolo_msgs/include/yolo_msgs/yolo_msgs/msg/detail/key_point3_d_array__rosidl_typesupport_introspection_cpp.hpp
[10.173s] -- Installing: /home/mtrn/MTRN4231-T9-1/lab4-main/install/yolo_msgs/include/yolo_msgs/yolo_msgs/msg/detail/bounding_box2_d__rosidl_typesupport_introspection_cpp.hpp
[10.173s] -- Installing: /home/mtrn/MTRN4231-T9-1/lab4-main/install/yolo_msgs/include/yolo_msgs/yolo_msgs/msg/detail/bounding_box3_d__rosidl_typesupport_introspection_cpp.hpp
[10.173s] -- Installing: /home/mtrn/MTRN4231-T9-1/lab4-main/install/yolo_msgs/include/yolo_msgs/yolo_msgs/msg/detail/mask__type_support.cpp
[10.173s] -- Installing: /home/mtrn/MTRN4231-T9-1/lab4-main/install/yolo_msgs/lib/libyolo_msgs__rosidl_typesupport_introspection_cpp.so
[10.174s] -- Set runtime path of "/home/mtrn/MTRN4231-T9-1/lab4-main/install/yolo_msgs/lib/libyolo_msgs__rosidl_typesupport_introspection_cpp.so" to ""
[10.174s] -- Installing: /home/mtrn/MTRN4231-T9-1/lab4-main/install/yolo_msgs/lib/libyolo_msgs__rosidl_typesupport_cpp.so
[10.175s] -- Set runtime path of "/home/mtrn/MTRN4231-T9-1/lab4-main/install/yolo_msgs/lib/libyolo_msgs__rosidl_typesupport_cpp.so" to ""
[10.175s] -- Installing: /home/mtrn/MTRN4231-T9-1/lab4-main/install/yolo_msgs/share/yolo_msgs/environment/pythonpath.sh
[10.175s] -- Installing: /home/mtrn/MTRN4231-T9-1/lab4-main/install/yolo_msgs/share/yolo_msgs/environment/pythonpath.dsv
[10.176s] -- Installing: /home/mtrn/MTRN4231-T9-1/lab4-main/install/yolo_msgs/local/lib/python3.10/dist-packages/yolo_msgs-4.3.1-py3.10.egg-info
[10.176s] -- Installing: /home/mtrn/MTRN4231-T9-1/lab4-main/install/yolo_msgs/local/lib/python3.10/dist-packages/yolo_msgs-4.3.1-py3.10.egg-info/PKG-INFO
[10.176s] -- Installing: /home/mtrn/MTRN4231-T9-1/lab4-main/install/yolo_msgs/local/lib/python3.10/dist-packages/yolo_msgs-4.3.1-py3.10.egg-info/top_level.txt
[10.176s] -- Installing: /home/mtrn/MTRN4231-T9-1/lab4-main/install/yolo_msgs/local/lib/python3.10/dist-packages/yolo_msgs-4.3.1-py3.10.egg-info/dependency_links.txt
[10.176s] -- Installing: /home/mtrn/MTRN4231-T9-1/lab4-main/install/yolo_msgs/local/lib/python3.10/dist-packages/yolo_msgs-4.3.1-py3.10.egg-info/SOURCES.txt
[10.177s] -- Installing: /home/mtrn/MTRN4231-T9-1/lab4-main/install/yolo_msgs/local/lib/python3.10/dist-packages/yolo_msgs
[10.177s] -- Installing: /home/mtrn/MTRN4231-T9-1/lab4-main/install/yolo_msgs/local/lib/python3.10/dist-packages/yolo_msgs/yolo_msgs_s__rosidl_typesupport_fastrtps_c.cpython-310-x86_64-linux-gnu.so
[10.177s] -- Installing: /home/mtrn/MTRN4231-T9-1/lab4-main/install/yolo_msgs/local/lib/python3.10/dist-packages/yolo_msgs/_yolo_msgs_s.ep.rosidl_typesupport_introspection_c.c
[10.177s] -- Installing: /home/mtrn/MTRN4231-T9-1/lab4-main/install/yolo_msgs/local/lib/python3.10/dist-packages/yolo_msgs/libyolo_msgs__rosidl_generator_py.so
[10.178s] -- Installing: /home/mtrn/MTRN4231-T9-1/lab4-main/install/yolo_msgs/local/lib/python3.10/dist-packages/yolo_msgs/_yolo_msgs_s.ep.rosidl_typesupport_fastrtps_c.c
[10.178s] -- Installing: /home/mtrn/MTRN4231-T9-1/lab4-main/install/yolo_msgs/local/lib/python3.10/dist-packages/yolo_msgs/yolo_msgs_s__rosidl_typesupport_c.cpython-310-x86_64-linux-gnu.so
[10.178s] -- Installing: /home/mtrn/MTRN4231-T9-1/lab4-main/install/yolo_msgs/local/lib/python3.10/dist-packages/yolo_msgs/__init__.py
[10.178s] -- Installing: /home/mtrn/MTRN4231-T9-1/lab4-main/install/yolo_msgs/local/lib/python3.10/dist-packages/yolo_msgs/_yolo_msgs_s.ep.rosidl_typesupport_c.c
[10.180s] -- Installing: /home/mtrn/MTRN4231-T9-1/lab4-main/install/yolo_msgs/local/lib/python3.10/dist-packages/yolo_msgs/srv
[10.180s] -- Installing: /home/mtrn/MTRN4231-T9-1/lab4-main/install/yolo_msgs/local/lib/python3.10/dist-packages/yolo_msgs/srv/_set_classes.py
[10.180s] -- Installing: /home/mtrn/MTRN4231-T9-1/lab4-main/install/yolo_msgs/local/lib/python3.10/dist-packages/yolo_msgs/srv/__init__.py
[10.180s] -- Installing: /home/mtrn/MTRN4231-T9-1/lab4-main/install/yolo_msgs/local/lib/python3.10/dist-packages/yolo_msgs/srv/_set_classes_s.c
[10.180s] -- Installing: /home/mtrn/MTRN4231-T9-1/lab4-main/install/yolo_msgs/local/lib/python3.10/dist-packages/yolo_msgs/yolo_msgs_s__rosidl_typesupport_introspection_c.cpython-310-x86_64-linux-gnu.so
[10.180s] -- Installing: /home/mtrn/MTRN4231-T9-1/lab4-main/install/yolo_msgs/local/lib/python3.10/dist-packages/yolo_msgs/msg
[10.181s] -- Installing: /home/mtrn/MTRN4231-T9-1/lab4-main/install/yolo_msgs/local/lib/python3.10/dist-packages/yolo_msgs/msg/_key_point2_d_array.py
[10.181s] -- Installing: /home/mtrn/MTRN4231-T9-1/lab4-main/install/yolo_msgs/local/lib/python3.10/dist-packages/yolo_msgs/msg/_vector2.py
[10.181s] -- Installing: /home/mtrn/MTRN4231-T9-1/lab4-main/install/yolo_msgs/local/lib/python3.10/dist-packages/yolo_msgs/msg/_key_point3_d_s.c
[10.181s] -- Installing: /home/mtrn/MTRN4231-T9-1/lab4-main/install/yolo_msgs/local/lib/python3.10/dist-packages/yolo_msgs/msg/_key_point2_d_s.c
[10.181s] -- Installing: /home/mtrn/MTRN4231-T9-1/lab4-main/install/yolo_msgs/local/lib/python3.10/dist-packages/yolo_msgs/msg/_key_point2_d.py
[10.181s] -- Installing: /home/mtrn/MTRN4231-T9-1/lab4-main/install/yolo_msgs/local/lib/python3.10/dist-packages/yolo_msgs/msg/_detection_array_s.c
[10.182s] -- Installing: /home/mtrn/MTRN4231-T9-1/lab4-main/install/yolo_msgs/local/lib/python3.10/dist-packages/yolo_msgs/msg/_pose2_d.py
[10.182s] -- Installing: /home/mtrn/MTRN4231-T9-1/lab4-main/install/yolo_msgs/local/lib/python3.10/dist-packages/yolo_msgs/msg/_key_point3_d_array.py
[10.182s] -- Installing: /home/mtrn/MTRN4231-T9-1/lab4-main/install/yolo_msgs/local/lib/python3.10/dist-packages/yolo_msgs/msg/_detection_s.c
[10.182s] -- Installing: /home/mtrn/MTRN4231-T9-1/lab4-main/install/yolo_msgs/local/lib/python3.10/dist-packages/yolo_msgs/msg/__init__.py
[10.182s] -- Installing: /home/mtrn/MTRN4231-T9-1/lab4-main/install/yolo_msgs/local/lib/python3.10/dist-packages/yolo_msgs/msg/_key_point3_d_array_s.c
[10.182s] -- Installing: /home/mtrn/MTRN4231-T9-1/lab4-main/install/yolo_msgs/local/lib/python3.10/dist-packages/yolo_msgs/msg/_detection.py
[10.183s] -- Installing: /home/mtrn/MTRN4231-T9-1/lab4-main/install/yolo_msgs/local/lib/python3.10/dist-packages/yolo_msgs/msg/_point2_d_s.c
[10.183s] -- Installing: /home/mtrn/MTRN4231-T9-1/lab4-main/install/yolo_msgs/local/lib/python3.10/dist-packages/yolo_msgs/msg/_bounding_box3_d_s.c
[10.183s] -- Installing: /home/mtrn/MTRN4231-T9-1/lab4-main/install/yolo_msgs/local/lib/python3.10/dist-packages/yolo_msgs/msg/_bounding_box2_d.py
[10.183s] -- Installing: /home/mtrn/MTRN4231-T9-1/lab4-main/install/yolo_msgs/local/lib/python3.10/dist-packages/yolo_msgs/msg/_bounding_box2_d_s.c
[10.183s] -- Installing: /home/mtrn/MTRN4231-T9-1/lab4-main/install/yolo_msgs/local/lib/python3.10/dist-packages/yolo_msgs/msg/_pose2_d_s.c
[10.184s] -- Installing: /home/mtrn/MTRN4231-T9-1/lab4-main/install/yolo_msgs/local/lib/python3.10/dist-packages/yolo_msgs/msg/_detection_array.py
[10.184s] -- Installing: /home/mtrn/MTRN4231-T9-1/lab4-main/install/yolo_msgs/local/lib/python3.10/dist-packages/yolo_msgs/msg/_point2_d.py
[10.184s] -- Installing: /home/mtrn/MTRN4231-T9-1/lab4-main/install/yolo_msgs/local/lib/python3.10/dist-packages/yolo_msgs/msg/_key_point2_d_array_s.c
[10.184s] -- Installing: /home/mtrn/MTRN4231-T9-1/lab4-main/install/yolo_msgs/local/lib/python3.10/dist-packages/yolo_msgs/msg/_mask.py
[10.184s] -- Installing: /home/mtrn/MTRN4231-T9-1/lab4-main/install/yolo_msgs/local/lib/python3.10/dist-packages/yolo_msgs/msg/_bounding_box3_d.py
[10.184s] -- Installing: /home/mtrn/MTRN4231-T9-1/lab4-main/install/yolo_msgs/local/lib/python3.10/dist-packages/yolo_msgs/msg/_mask_s.c
[10.184s] -- Installing: /home/mtrn/MTRN4231-T9-1/lab4-main/install/yolo_msgs/local/lib/python3.10/dist-packages/yolo_msgs/msg/_key_point3_d.py
[10.185s] -- Installing: /home/mtrn/MTRN4231-T9-1/lab4-main/install/yolo_msgs/local/lib/python3.10/dist-packages/yolo_msgs/msg/_vector2_s.c
[10.224s] Listing '/home/mtrn/MTRN4231-T9-1/lab4-main/install/yolo_msgs/local/lib/python3.10/dist-packages/yolo_msgs'...
[10.224s] Compiling '/home/mtrn/MTRN4231-T9-1/lab4-main/install/yolo_msgs/local/lib/python3.10/dist-packages/yolo_msgs/__init__.py'...
[10.225s] Listing '/home/mtrn/MTRN4231-T9-1/lab4-main/install/yolo_msgs/local/lib/python3.10/dist-packages/yolo_msgs/msg'...
[10.225s] Compiling '/home/mtrn/MTRN4231-T9-1/lab4-main/install/yolo_msgs/local/lib/python3.10/dist-packages/yolo_msgs/msg/__init__.py'...
[10.225s] Compiling '/home/mtrn/MTRN4231-T9-1/lab4-main/install/yolo_msgs/local/lib/python3.10/dist-packages/yolo_msgs/msg/_bounding_box2_d.py'...
[10.225s] Compiling '/home/mtrn/MTRN4231-T9-1/lab4-main/install/yolo_msgs/local/lib/python3.10/dist-packages/yolo_msgs/msg/_bounding_box3_d.py'...
[10.225s] Compiling '/home/mtrn/MTRN4231-T9-1/lab4-main/install/yolo_msgs/local/lib/python3.10/dist-packages/yolo_msgs/msg/_detection.py'...
[10.225s] Compiling '/home/mtrn/MTRN4231-T9-1/lab4-main/install/yolo_msgs/local/lib/python3.10/dist-packages/yolo_msgs/msg/_detection_array.py'...
[10.225s] Compiling '/home/mtrn/MTRN4231-T9-1/lab4-main/install/yolo_msgs/local/lib/python3.10/dist-packages/yolo_msgs/msg/_key_point2_d.py'...
[10.226s] Compiling '/home/mtrn/MTRN4231-T9-1/lab4-main/install/yolo_msgs/local/lib/python3.10/dist-packages/yolo_msgs/msg/_key_point2_d_array.py'...
[10.226s] Compiling '/home/mtrn/MTRN4231-T9-1/lab4-main/install/yolo_msgs/local/lib/python3.10/dist-packages/yolo_msgs/msg/_key_point3_d.py'...
[10.226s] Compiling '/home/mtrn/MTRN4231-T9-1/lab4-main/install/yolo_msgs/local/lib/python3.10/dist-packages/yolo_msgs/msg/_key_point3_d_array.py'...
[10.226s] Compiling '/home/mtrn/MTRN4231-T9-1/lab4-main/install/yolo_msgs/local/lib/python3.10/dist-packages/yolo_msgs/msg/_mask.py'...
[10.226s] Compiling '/home/mtrn/MTRN4231-T9-1/lab4-main/install/yolo_msgs/local/lib/python3.10/dist-packages/yolo_msgs/msg/_point2_d.py'...
[10.226s] Compiling '/home/mtrn/MTRN4231-T9-1/lab4-main/install/yolo_msgs/local/lib/python3.10/dist-packages/yolo_msgs/msg/_pose2_d.py'...
[10.226s] Compiling '/home/mtrn/MTRN4231-T9-1/lab4-main/install/yolo_msgs/local/lib/python3.10/dist-packages/yolo_msgs/msg/_vector2.py'...
[10.227s] Listing '/home/mtrn/MTRN4231-T9-1/lab4-main/install/yolo_msgs/local/lib/python3.10/dist-packages/yolo_msgs/srv'...
[10.227s] Compiling '/home/mtrn/MTRN4231-T9-1/lab4-main/install/yolo_msgs/local/lib/python3.10/dist-packages/yolo_msgs/srv/__init__.py'...
[10.227s] Compiling '/home/mtrn/MTRN4231-T9-1/lab4-main/install/yolo_msgs/local/lib/python3.10/dist-packages/yolo_msgs/srv/_set_classes.py'...
[10.228s] -- Installing: /home/mtrn/MTRN4231-T9-1/lab4-main/install/yolo_msgs/local/lib/python3.10/dist-packages/yolo_msgs/yolo_msgs_s__rosidl_typesupport_fastrtps_c.cpython-310-x86_64-linux-gnu.so
[10.229s] -- Set runtime path of "/home/mtrn/MTRN4231-T9-1/lab4-main/install/yolo_msgs/local/lib/python3.10/dist-packages/yolo_msgs/yolo_msgs_s__rosidl_typesupport_fastrtps_c.cpython-310-x86_64-linux-gnu.so" to ""
[10.229s] -- Installing: /home/mtrn/MTRN4231-T9-1/lab4-main/install/yolo_msgs/local/lib/python3.10/dist-packages/yolo_msgs/yolo_msgs_s__rosidl_typesupport_introspection_c.cpython-310-x86_64-linux-gnu.so
[10.229s] -- Set runtime path of "/home/mtrn/MTRN4231-T9-1/lab4-main/install/yolo_msgs/local/lib/python3.10/dist-packages/yolo_msgs/yolo_msgs_s__rosidl_typesupport_introspection_c.cpython-310-x86_64-linux-gnu.so" to ""
[10.229s] -- Installing: /home/mtrn/MTRN4231-T9-1/lab4-main/install/yolo_msgs/local/lib/python3.10/dist-packages/yolo_msgs/yolo_msgs_s__rosidl_typesupport_c.cpython-310-x86_64-linux-gnu.so
[10.230s] -- Set runtime path of "/home/mtrn/MTRN4231-T9-1/lab4-main/install/yolo_msgs/local/lib/python3.10/dist-packages/yolo_msgs/yolo_msgs_s__rosidl_typesupport_c.cpython-310-x86_64-linux-gnu.so" to ""
[10.230s] -- Installing: /home/mtrn/MTRN4231-T9-1/lab4-main/install/yolo_msgs/lib/libyolo_msgs__rosidl_generator_py.so
[10.230s] -- Set runtime path of "/home/mtrn/MTRN4231-T9-1/lab4-main/install/yolo_msgs/lib/libyolo_msgs__rosidl_generator_py.so" to ""
[10.230s] -- Installing: /home/mtrn/MTRN4231-T9-1/lab4-main/install/yolo_msgs/share/yolo_msgs/msg/Point2D.idl
[10.230s] -- Installing: /home/mtrn/MTRN4231-T9-1/lab4-main/install/yolo_msgs/share/yolo_msgs/msg/Vector2.idl
[10.231s] -- Installing: /home/mtrn/MTRN4231-T9-1/lab4-main/install/yolo_msgs/share/yolo_msgs/msg/Pose2D.idl
[10.231s] -- Installing: /home/mtrn/MTRN4231-T9-1/lab4-main/install/yolo_msgs/share/yolo_msgs/msg/BoundingBox2D.idl
[10.231s] -- Installing: /home/mtrn/MTRN4231-T9-1/lab4-main/install/yolo_msgs/share/yolo_msgs/msg/BoundingBox3D.idl
[10.231s] -- Installing: /home/mtrn/MTRN4231-T9-1/lab4-main/install/yolo_msgs/share/yolo_msgs/msg/Mask.idl
[10.231s] -- Installing: /home/mtrn/MTRN4231-T9-1/lab4-main/install/yolo_msgs/share/yolo_msgs/msg/KeyPoint2D.idl
[10.232s] -- Installing: /home/mtrn/MTRN4231-T9-1/lab4-main/install/yolo_msgs/share/yolo_msgs/msg/KeyPoint2DArray.idl
[10.232s] -- Installing: /home/mtrn/MTRN4231-T9-1/lab4-main/install/yolo_msgs/share/yolo_msgs/msg/KeyPoint3D.idl
[10.232s] -- Installing: /home/mtrn/MTRN4231-T9-1/lab4-main/install/yolo_msgs/share/yolo_msgs/msg/KeyPoint3DArray.idl
[10.232s] -- Installing: /home/mtrn/MTRN4231-T9-1/lab4-main/install/yolo_msgs/share/yolo_msgs/msg/Detection.idl
[10.232s] -- Installing: /home/mtrn/MTRN4231-T9-1/lab4-main/install/yolo_msgs/share/yolo_msgs/msg/DetectionArray.idl
[10.233s] -- Installing: /home/mtrn/MTRN4231-T9-1/lab4-main/install/yolo_msgs/share/yolo_msgs/srv/SetClasses.idl
[10.233s] -- Installing: /home/mtrn/MTRN4231-T9-1/lab4-main/install/yolo_msgs/share/yolo_msgs/msg/Point2D.msg
[10.233s] -- Installing: /home/mtrn/MTRN4231-T9-1/lab4-main/install/yolo_msgs/share/yolo_msgs/msg/Vector2.msg
[10.233s] -- Installing: /home/mtrn/MTRN4231-T9-1/lab4-main/install/yolo_msgs/share/yolo_msgs/msg/Pose2D.msg
[10.233s] -- Installing: /home/mtrn/MTRN4231-T9-1/lab4-main/install/yolo_msgs/share/yolo_msgs/msg/BoundingBox2D.msg
[10.233s] -- Installing: /home/mtrn/MTRN4231-T9-1/lab4-main/install/yolo_msgs/share/yolo_msgs/msg/BoundingBox3D.msg
[10.234s] -- Installing: /home/mtrn/MTRN4231-T9-1/lab4-main/install/yolo_msgs/share/yolo_msgs/msg/Mask.msg
[10.234s] -- Installing: /home/mtrn/MTRN4231-T9-1/lab4-main/install/yolo_msgs/share/yolo_msgs/msg/KeyPoint2D.msg
[10.234s] -- Installing: /home/mtrn/MTRN4231-T9-1/lab4-main/install/yolo_msgs/share/yolo_msgs/msg/KeyPoint2DArray.msg
[10.234s] -- Installing: /home/mtrn/MTRN4231-T9-1/lab4-main/install/yolo_msgs/share/yolo_msgs/msg/KeyPoint3D.msg
[10.234s] -- Installing: /home/mtrn/MTRN4231-T9-1/lab4-main/install/yolo_msgs/share/yolo_msgs/msg/KeyPoint3DArray.msg
[10.234s] -- Installing: /home/mtrn/MTRN4231-T9-1/lab4-main/install/yolo_msgs/share/yolo_msgs/msg/Detection.msg
[10.234s] -- Installing: /home/mtrn/MTRN4231-T9-1/lab4-main/install/yolo_msgs/share/yolo_msgs/msg/DetectionArray.msg
[10.235s] -- Installing: /home/mtrn/MTRN4231-T9-1/lab4-main/install/yolo_msgs/share/yolo_msgs/srv/SetClasses.srv
[10.235s] -- Installing: /home/mtrn/MTRN4231-T9-1/lab4-main/install/yolo_msgs/share/yolo_msgs/srv/SetClasses_Request.msg
[10.235s] -- Installing: /home/mtrn/MTRN4231-T9-1/lab4-main/install/yolo_msgs/share/yolo_msgs/srv/SetClasses_Response.msg
[10.235s] -- Installing: /home/mtrn/MTRN4231-T9-1/lab4-main/install/yolo_msgs/share/ament_index/resource_index/package_run_dependencies/yolo_msgs
[10.235s] -- Installing: /home/mtrn/MTRN4231-T9-1/lab4-main/install/yolo_msgs/share/ament_index/resource_index/parent_prefix_path/yolo_msgs
[10.235s] -- Installing: /home/mtrn/MTRN4231-T9-1/lab4-main/install/yolo_msgs/share/yolo_msgs/environment/ament_prefix_path.sh
[10.236s] -- Installing: /home/mtrn/MTRN4231-T9-1/lab4-main/install/yolo_msgs/share/yolo_msgs/environment/ament_prefix_path.dsv
[10.236s] -- Installing: /home/mtrn/MTRN4231-T9-1/lab4-main/install/yolo_msgs/share/yolo_msgs/environment/path.sh
[10.236s] -- Installing: /home/mtrn/MTRN4231-T9-1/lab4-main/install/yolo_msgs/share/yolo_msgs/environment/path.dsv
[10.236s] -- Installing: /home/mtrn/MTRN4231-T9-1/lab4-main/install/yolo_msgs/share/yolo_msgs/local_setup.bash
[10.237s] -- Installing: /home/mtrn/MTRN4231-T9-1/lab4-main/install/yolo_msgs/share/yolo_msgs/local_setup.sh
[10.237s] -- Installing: /home/mtrn/MTRN4231-T9-1/lab4-main/install/yolo_msgs/share/yolo_msgs/local_setup.zsh
[10.237s] -- Installing: /home/mtrn/MTRN4231-T9-1/lab4-main/install/yolo_msgs/share/yolo_msgs/local_setup.dsv
[10.237s] -- Installing: /home/mtrn/MTRN4231-T9-1/lab4-main/install/yolo_msgs/share/yolo_msgs/package.dsv
[10.237s] -- Installing: /home/mtrn/MTRN4231-T9-1/lab4-main/install/yolo_msgs/share/ament_index/resource_index/packages/yolo_msgs
[10.238s] -- Installing: /home/mtrn/MTRN4231-T9-1/lab4-main/install/yolo_msgs/share/yolo_msgs/cmake/export_yolo_msgs__rosidl_generator_cExport.cmake
[10.238s] -- Installing: /home/mtrn/MTRN4231-T9-1/lab4-main/install/yolo_msgs/share/yolo_msgs/cmake/export_yolo_msgs__rosidl_generator_cExport-noconfig.cmake
[10.238s] -- Installing: /home/mtrn/MTRN4231-T9-1/lab4-main/install/yolo_msgs/share/yolo_msgs/cmake/export_yolo_msgs__rosidl_typesupport_fastrtps_cExport.cmake
[10.238s] -- Installing: /home/mtrn/MTRN4231-T9-1/lab4-main/install/yolo_msgs/share/yolo_msgs/cmake/export_yolo_msgs__rosidl_typesupport_fastrtps_cExport-noconfig.cmake
[10.238s] -- Installing: /home/mtrn/MTRN4231-T9-1/lab4-main/install/yolo_msgs/share/yolo_msgs/cmake/yolo_msgs__rosidl_typesupport_introspection_cExport.cmake
[10.238s] -- Installing: /home/mtrn/MTRN4231-T9-1/lab4-main/install/yolo_msgs/share/yolo_msgs/cmake/yolo_msgs__rosidl_typesupport_introspection_cExport-noconfig.cmake
[10.239s] -- Installing: /home/mtrn/MTRN4231-T9-1/lab4-main/install/yolo_msgs/share/yolo_msgs/cmake/yolo_msgs__rosidl_typesupport_cExport.cmake
[10.239s] -- Installing: /home/mtrn/MTRN4231-T9-1/lab4-main/install/yolo_msgs/share/yolo_msgs/cmake/yolo_msgs__rosidl_typesupport_cExport-noconfig.cmake
[10.239s] -- Installing: /home/mtrn/MTRN4231-T9-1/lab4-main/install/yolo_msgs/share/yolo_msgs/cmake/export_yolo_msgs__rosidl_generator_cppExport.cmake
[10.239s] -- Installing: /home/mtrn/MTRN4231-T9-1/lab4-main/install/yolo_msgs/share/yolo_msgs/cmake/export_yolo_msgs__rosidl_typesupport_fastrtps_cppExport.cmake
[10.239s] -- Installing: /home/mtrn/MTRN4231-T9-1/lab4-main/install/yolo_msgs/share/yolo_msgs/cmake/export_yolo_msgs__rosidl_typesupport_fastrtps_cppExport-noconfig.cmake
[10.239s] -- Installing: /home/mtrn/MTRN4231-T9-1/lab4-main/install/yolo_msgs/share/yolo_msgs/cmake/yolo_msgs__rosidl_typesupport_introspection_cppExport.cmake
[10.239s] -- Installing: /home/mtrn/MTRN4231-T9-1/lab4-main/install/yolo_msgs/share/yolo_msgs/cmake/yolo_msgs__rosidl_typesupport_introspection_cppExport-noconfig.cmake
[10.240s] -- Installing: /home/mtrn/MTRN4231-T9-1/lab4-main/install/yolo_msgs/share/yolo_msgs/cmake/yolo_msgs__rosidl_typesupport_cppExport.cmake
[10.240s] -- Installing: /home/mtrn/MTRN4231-T9-1/lab4-main/install/yolo_msgs/share/yolo_msgs/cmake/yolo_msgs__rosidl_typesupport_cppExport-noconfig.cmake
[10.240s] -- Installing: /home/mtrn/MTRN4231-T9-1/lab4-main/install/yolo_msgs/share/yolo_msgs/cmake/export_yolo_msgs__rosidl_generator_pyExport.cmake
[10.240s] -- Installing: /home/mtrn/MTRN4231-T9-1/lab4-main/install/yolo_msgs/share/yolo_msgs/cmake/export_yolo_msgs__rosidl_generator_pyExport-noconfig.cmake
[10.240s] -- Installing: /home/mtrn/MTRN4231-T9-1/lab4-main/install/yolo_msgs/share/yolo_msgs/cmake/rosidl_cmake-extras.cmake
[10.240s] -- Installing: /home/mtrn/MTRN4231-T9-1/lab4-main/install/yolo_msgs/share/yolo_msgs/cmake/ament_cmake_export_dependencies-extras.cmake
[10.240s] -- Installing: /home/mtrn/MTRN4231-T9-1/lab4-main/install/yolo_msgs/share/yolo_msgs/cmake/ament_cmake_export_include_directories-extras.cmake
[10.241s] -- Installing: /home/mtrn/MTRN4231-T9-1/lab4-main/install/yolo_msgs/share/yolo_msgs/cmake/ament_cmake_export_libraries-extras.cmake
[10.241s] -- Installing: /home/mtrn/MTRN4231-T9-1/lab4-main/install/yolo_msgs/share/yolo_msgs/cmake/ament_cmake_export_targets-extras.cmake
[10.241s] -- Installing: /home/mtrn/MTRN4231-T9-1/lab4-main/install/yolo_msgs/share/yolo_msgs/cmake/rosidl_cmake_export_typesupport_targets-extras.cmake
[10.241s] -- Installing: /home/mtrn/MTRN4231-T9-1/lab4-main/install/yolo_msgs/share/yolo_msgs/cmake/rosidl_cmake_export_typesupport_libraries-extras.cmake
[10.241s] -- Installing: /home/mtrn/MTRN4231-T9-1/lab4-main/install/yolo_msgs/share/yolo_msgs/cmake/yolo_msgsConfig.cmake
[10.241s] -- Installing: /home/mtrn/MTRN4231-T9-1/lab4-main/install/yolo_msgs/share/yolo_msgs/cmake/yolo_msgsConfig-version.cmake
[10.241s] -- Installing: /home/mtrn/MTRN4231-T9-1/lab4-main/install/yolo_msgs/share/yolo_msgs/package.xml
[10.247s] Invoked command in '/home/mtrn/MTRN4231-T9-1/lab4-main/build/yolo_msgs' returned '0': CMAKE_PREFIX_PATH=/opt/ros/humble /home/mtrn/.local/bin/cmake --install /home/mtrn/MTRN4231-T9-1/lab4-main/build/yolo_msgs
