[0.013s] Invoking command in '/home/mtrn/MTRN4231-T9-1/lab4-main/build/yolo_bringup': AMENT_PREFIX_PATH=/home/mtrn/MTRN4231-T9-1/lab4-main/install/yolo_ros:/home/mtrn/MTRN4231-T9-1/lab4-main/install/yolo_msgs:${AMENT_PREFIX_PATH} CMAKE_PREFIX_PATH=/home/mtrn/MTRN4231-T9-1/lab4-main/install/yolo_msgs:/opt/ros/humble LD_LIBRARY_PATH=/home/mtrn/MTRN4231-T9-1/lab4-main/install/yolo_msgs/lib:${LD_LIBRARY_PATH} PYTHONPATH=/home/mtrn/MTRN4231-T9-1/lab4-main/install/yolo_ros/lib/python3.10/site-packages:/home/mtrn/MTRN4231-T9-1/lab4-main/install/yolo_msgs/local/lib/python3.10/dist-packages:${PYTHONPATH} /home/mtrn/.local/bin/cmake /home/mtrn/MTRN4231-T9-1/lab4-main/src/yolo_ros/yolo_bringup -DCMAKE_INSTALL_PREFIX=/home/mtrn/MTRN4231-T9-1/lab4-main/install/yolo_bringup
[0.131s] -- The C compiler identification is GNU 11.4.0
[0.241s] -- The CXX compiler identification is GNU 11.4.0
[0.273s] -- Detecting C compiler ABI info
[0.411s] -- Detecting C compiler ABI info - done
[0.425s] -- Check for working C compiler: /usr/bin/cc - skipped
[0.425s] -- Detecting C compile features
[0.425s] -- Detecting C compile features - done
[0.441s] -- Detecting CXX compiler ABI info
[0.584s] -- Detecting CXX compiler ABI info - done
[0.608s] -- Check for working CXX compiler: /usr/bin/c++ - skipped
[0.608s] -- Detecting CXX compile features
[0.610s] -- Detecting CXX compile features - done
[0.613s] -- Found ament_cmake: 1.3.10 (/opt/ros/humble/share/ament_cmake/cmake)
[0.795s] -- Found Python3: /usr/bin/python3 (found version "3.10.12") found components: Interpreter 
[0.957s] -- Configuring done (0.9s)
[0.963s] -- Generating done (0.0s)
[0.965s] -- Build files have been written to: /home/mtrn/MTRN4231-T9-1/lab4-main/build/yolo_bringup
[0.977s] Invoked command in '/home/mtrn/MTRN4231-T9-1/lab4-main/build/yolo_bringup' returned '0': AMENT_PREFIX_PATH=/home/mtrn/MTRN4231-T9-1/lab4-main/install/yolo_ros:/home/mtrn/MTRN4231-T9-1/lab4-main/install/yolo_msgs:${AMENT_PREFIX_PATH} CMAKE_PREFIX_PATH=/home/mtrn/MTRN4231-T9-1/lab4-main/install/yolo_msgs:/opt/ros/humble LD_LIBRARY_PATH=/home/mtrn/MTRN4231-T9-1/lab4-main/install/yolo_msgs/lib:${LD_LIBRARY_PATH} PYTHONPATH=/home/mtrn/MTRN4231-T9-1/lab4-main/install/yolo_ros/lib/python3.10/site-packages:/home/mtrn/MTRN4231-T9-1/lab4-main/install/yolo_msgs/local/lib/python3.10/dist-packages:${PYTHONPATH} /home/mtrn/.local/bin/cmake /home/mtrn/MTRN4231-T9-1/lab4-main/src/yolo_ros/yolo_bringup -DCMAKE_INSTALL_PREFIX=/home/mtrn/MTRN4231-T9-1/lab4-main/install/yolo_bringup
[0.979s] Invoking command in '/home/mtrn/MTRN4231-T9-1/lab4-main/build/yolo_bringup': AMENT_PREFIX_PATH=/home/mtrn/MTRN4231-T9-1/lab4-main/install/yolo_ros:/home/mtrn/MTRN4231-T9-1/lab4-main/install/yolo_msgs:${AMENT_PREFIX_PATH} CMAKE_PREFIX_PATH=/home/mtrn/MTRN4231-T9-1/lab4-main/install/yolo_msgs:/opt/ros/humble LD_LIBRARY_PATH=/home/mtrn/MTRN4231-T9-1/lab4-main/install/yolo_msgs/lib:${LD_LIBRARY_PATH} PYTHONPATH=/home/mtrn/MTRN4231-T9-1/lab4-main/install/yolo_ros/lib/python3.10/site-packages:/home/mtrn/MTRN4231-T9-1/lab4-main/install/yolo_msgs/local/lib/python3.10/dist-packages:${PYTHONPATH} /home/mtrn/.local/bin/cmake --build /home/mtrn/MTRN4231-T9-1/lab4-main/build/yolo_bringup -- -j20 -l20
[1.064s] Invoked command in '/home/mtrn/MTRN4231-T9-1/lab4-main/build/yolo_bringup' returned '0': AMENT_PREFIX_PATH=/home/mtrn/MTRN4231-T9-1/lab4-main/install/yolo_ros:/home/mtrn/MTRN4231-T9-1/lab4-main/install/yolo_msgs:${AMENT_PREFIX_PATH} CMAKE_PREFIX_PATH=/home/mtrn/MTRN4231-T9-1/lab4-main/install/yolo_msgs:/opt/ros/humble LD_LIBRARY_PATH=/home/mtrn/MTRN4231-T9-1/lab4-main/install/yolo_msgs/lib:${LD_LIBRARY_PATH} PYTHONPATH=/home/mtrn/MTRN4231-T9-1/lab4-main/install/yolo_ros/lib/python3.10/site-packages:/home/mtrn/MTRN4231-T9-1/lab4-main/install/yolo_msgs/local/lib/python3.10/dist-packages:${PYTHONPATH} /home/mtrn/.local/bin/cmake --build /home/mtrn/MTRN4231-T9-1/lab4-main/build/yolo_bringup -- -j20 -l20
[1.162s] Invoking command in '/home/mtrn/MTRN4231-T9-1/lab4-main/build/yolo_bringup': AMENT_PREFIX_PATH=/home/mtrn/MTRN4231-T9-1/lab4-main/install/yolo_ros:/home/mtrn/MTRN4231-T9-1/lab4-main/install/yolo_msgs:${AMENT_PREFIX_PATH} CMAKE_PREFIX_PATH=/home/mtrn/MTRN4231-T9-1/lab4-main/install/yolo_msgs:/opt/ros/humble LD_LIBRARY_PATH=/home/mtrn/MTRN4231-T9-1/lab4-main/install/yolo_msgs/lib:${LD_LIBRARY_PATH} PYTHONPATH=/home/mtrn/MTRN4231-T9-1/lab4-main/install/yolo_ros/lib/python3.10/site-packages:/home/mtrn/MTRN4231-T9-1/lab4-main/install/yolo_msgs/local/lib/python3.10/dist-packages:${PYTHONPATH} /home/mtrn/.local/bin/cmake --install /home/mtrn/MTRN4231-T9-1/lab4-main/build/yolo_bringup
[1.209s] -- Install configuration: ""
[1.210s] -- Installing: /home/mtrn/MTRN4231-T9-1/lab4-main/install/yolo_bringup/share/yolo_bringup//launch
[1.210s] -- Installing: /home/mtrn/MTRN4231-T9-1/lab4-main/install/yolo_bringup/share/yolo_bringup//launch/yolo.launch.py
[1.210s] -- Installing: /home/mtrn/MTRN4231-T9-1/lab4-main/install/yolo_bringup/share/yolo_bringup//launch/yolov8.launch.py
[1.210s] -- Installing: /home/mtrn/MTRN4231-T9-1/lab4-main/install/yolo_bringup/share/yolo_bringup//launch/yolo-world.launch.py
[1.210s] -- Installing: /home/mtrn/MTRN4231-T9-1/lab4-main/install/yolo_bringup/share/yolo_bringup//launch/yoloe.launch.py
[1.211s] -- Installing: /home/mtrn/MTRN4231-T9-1/lab4-main/install/yolo_bringup/share/yolo_bringup//launch/yolov5.launch.py
[1.211s] -- Installing: /home/mtrn/MTRN4231-T9-1/lab4-main/install/yolo_bringup/share/yolo_bringup//launch/yolov11.launch.py
[1.211s] -- Installing: /home/mtrn/MTRN4231-T9-1/lab4-main/install/yolo_bringup/share/yolo_bringup//launch/yolov9.launch.py
[1.211s] -- Installing: /home/mtrn/MTRN4231-T9-1/lab4-main/install/yolo_bringup/share/yolo_bringup//launch/yolov10.launch.py
[1.211s] -- Installing: /home/mtrn/MTRN4231-T9-1/lab4-main/install/yolo_bringup/share/yolo_bringup//launch/yolov12.launch.py
[1.212s] -- Installing: /home/mtrn/MTRN4231-T9-1/lab4-main/install/yolo_bringup/share/ament_index/resource_index/package_run_dependencies/yolo_bringup
[1.212s] -- Installing: /home/mtrn/MTRN4231-T9-1/lab4-main/install/yolo_bringup/share/ament_index/resource_index/parent_prefix_path/yolo_bringup
[1.212s] -- Installing: /home/mtrn/MTRN4231-T9-1/lab4-main/install/yolo_bringup/share/yolo_bringup/environment/ament_prefix_path.sh
[1.212s] -- Installing: /home/mtrn/MTRN4231-T9-1/lab4-main/install/yolo_bringup/share/yolo_bringup/environment/ament_prefix_path.dsv
[1.212s] -- Installing: /home/mtrn/MTRN4231-T9-1/lab4-main/install/yolo_bringup/share/yolo_bringup/environment/path.sh
[1.212s] -- Installing: /home/mtrn/MTRN4231-T9-1/lab4-main/install/yolo_bringup/share/yolo_bringup/environment/path.dsv
[1.212s] -- Installing: /home/mtrn/MTRN4231-T9-1/lab4-main/install/yolo_bringup/share/yolo_bringup/local_setup.bash
[1.213s] -- Installing: /home/mtrn/MTRN4231-T9-1/lab4-main/install/yolo_bringup/share/yolo_bringup/local_setup.sh
[1.213s] -- Installing: /home/mtrn/MTRN4231-T9-1/lab4-main/install/yolo_bringup/share/yolo_bringup/local_setup.zsh
[1.213s] -- Installing: /home/mtrn/MTRN4231-T9-1/lab4-main/install/yolo_bringup/share/yolo_bringup/local_setup.dsv
[1.213s] -- Installing: /home/mtrn/MTRN4231-T9-1/lab4-main/install/yolo_bringup/share/yolo_bringup/package.dsv
[1.213s] -- Installing: /home/mtrn/MTRN4231-T9-1/lab4-main/install/yolo_bringup/share/ament_index/resource_index/packages/yolo_bringup
[1.213s] -- Installing: /home/mtrn/MTRN4231-T9-1/lab4-main/install/yolo_bringup/share/yolo_bringup/cmake/yolo_bringupConfig.cmake
[1.213s] -- Installing: /home/mtrn/MTRN4231-T9-1/lab4-main/install/yolo_bringup/share/yolo_bringup/cmake/yolo_bringupConfig-version.cmake
[1.214s] -- Installing: /home/mtrn/MTRN4231-T9-1/lab4-main/install/yolo_bringup/share/yolo_bringup/package.xml
[1.224s] Invoked command in '/home/mtrn/MTRN4231-T9-1/lab4-main/build/yolo_bringup' returned '0': AMENT_PREFIX_PATH=/home/mtrn/MTRN4231-T9-1/lab4-main/install/yolo_ros:/home/mtrn/MTRN4231-T9-1/lab4-main/install/yolo_msgs:${AMENT_PREFIX_PATH} CMAKE_PREFIX_PATH=/home/mtrn/MTRN4231-T9-1/lab4-main/install/yolo_msgs:/opt/ros/humble LD_LIBRARY_PATH=/home/mtrn/MTRN4231-T9-1/lab4-main/install/yolo_msgs/lib:${LD_LIBRARY_PATH} PYTHONPATH=/home/mtrn/MTRN4231-T9-1/lab4-main/install/yolo_ros/lib/python3.10/site-packages:/home/mtrn/MTRN4231-T9-1/lab4-main/install/yolo_msgs/local/lib/python3.10/dist-packages:${PYTHONPATH} /home/mtrn/.local/bin/cmake --install /home/mtrn/MTRN4231-T9-1/lab4-main/build/yolo_bringup
