[0.019s] Invoking command in '/home/mtrn/MTRN4231-T9-1/lab4-main/build/yolo_msgs': CMAKE_PREFIX_PATH=${CMAKE_PREFIX_PATH}:/home/mtrn/MTRN4231-T9-1/lab4-main/install/yolo_ros:/home/mtrn/MTRN4231-T9-1/lab4-main/install/lab4_perception_example:/opt/ros/humble /home/mtrn/.local/bin/cmake --build /home/mtrn/MTRN4231-T9-1/lab4-main/build/yolo_msgs -- -j20 -l20
[0.104s] [  0%] Built target yolo_msgs__cpp
[0.114s] [ 12%] Built target yolo_msgs__rosidl_generator_c
[0.116s] [ 12%] Built target ament_cmake_python_copy_yolo_msgs
[0.135s] [ 24%] Built target yolo_msgs__rosidl_typesupport_cpp
[0.137s] [ 36%] Built target yolo_msgs__rosidl_typesupport_introspection_cpp
[0.139s] [ 60%] Built target yolo_msgs__rosidl_typesupport_fastrtps_cpp
[0.139s] [ 60%] Built target yolo_msgs__rosidl_typesupport_c
[0.140s] [ 72%] Built target yolo_msgs__rosidl_typesupport_introspection_c
[0.140s] [ 84%] Built target yolo_msgs__rosidl_typesupport_fastrtps_c
[0.151s] [ 84%] Built target yolo_msgs
[0.164s] [ 85%] Built target yolo_msgs__py
[0.190s] [ 96%] Built target yolo_msgs__rosidl_generator_py
[0.210s] [ 97%] Built target yolo_msgs__rosidl_typesupport_c__pyext
[0.210s] [ 98%] Built target yolo_msgs__rosidl_typesupport_fastrtps_c__pyext
[0.214s] [100%] Built target yolo_msgs__rosidl_typesupport_introspection_c__pyext
[0.364s] running egg_info
[0.365s] writing yolo_msgs.egg-info/PKG-INFO
[0.365s] writing dependency_links to yolo_msgs.egg-info/dependency_links.txt
[0.366s] writing top-level names to yolo_msgs.egg-info/top_level.txt
[0.368s] reading manifest file 'yolo_msgs.egg-info/SOURCES.txt'
[0.369s] writing manifest file 'yolo_msgs.egg-info/SOURCES.txt'
[0.410s] [100%] Built target ament_cmake_python_build_yolo_msgs_egg
[0.430s] Invoked command in '/home/mtrn/MTRN4231-T9-1/lab4-main/build/yolo_msgs' returned '0': CMAKE_PREFIX_PATH=${CMAKE_PREFIX_PATH}:/home/mtrn/MTRN4231-T9-1/lab4-main/install/yolo_ros:/home/mtrn/MTRN4231-T9-1/lab4-main/install/lab4_perception_example:/opt/ros/humble /home/mtrn/.local/bin/cmake --build /home/mtrn/MTRN4231-T9-1/lab4-main/build/yolo_msgs -- -j20 -l20
[1.133s] Invoking command in '/home/mtrn/MTRN4231-T9-1/lab4-main/build/yolo_msgs': CMAKE_PREFIX_PATH=${CMAKE_PREFIX_PATH}:/home/mtrn/MTRN4231-T9-1/lab4-main/install/yolo_ros:/home/mtrn/MTRN4231-T9-1/lab4-main/install/lab4_perception_example:/opt/ros/humble /home/mtrn/.local/bin/cmake --install /home/mtrn/MTRN4231-T9-1/lab4-main/build/yolo_msgs
[1.171s] -- Install configuration: ""
[1.172s] -- Up-to-date: /home/mtrn/MTRN4231-T9-1/lab4-main/install/yolo_msgs/share/ament_index/resource_index/rosidl_interfaces/yolo_msgs
[1.173s] -- Up-to-date: /home/mtrn/MTRN4231-T9-1/lab4-main/install/yolo_msgs/include/yolo_msgs/yolo_msgs
[1.174s] -- Up-to-date: /home/mtrn/MTRN4231-T9-1/lab4-main/install/yolo_msgs/include/yolo_msgs/yolo_msgs/srv
[1.174s] -- Up-to-date: /home/mtrn/MTRN4231-T9-1/lab4-main/install/yolo_msgs/include/yolo_msgs/yolo_msgs/srv/set_classes.h
[1.174s] -- Up-to-date: /home/mtrn/MTRN4231-T9-1/lab4-main/install/yolo_msgs/include/yolo_msgs/yolo_msgs/srv/detail
[1.175s] -- Up-to-date: /home/mtrn/MTRN4231-T9-1/lab4-main/install/yolo_msgs/include/yolo_msgs/yolo_msgs/srv/detail/set_classes__functions.c
[1.175s] -- Up-to-date: /home/mtrn/MTRN4231-T9-1/lab4-main/install/yolo_msgs/include/yolo_msgs/yolo_msgs/srv/detail/set_classes__type_support.h
[1.175s] -- Up-to-date: /home/mtrn/MTRN4231-T9-1/lab4-main/install/yolo_msgs/include/yolo_msgs/yolo_msgs/srv/detail/set_classes__functions.h
[1.175s] -- Up-to-date: /home/mtrn/MTRN4231-T9-1/lab4-main/install/yolo_msgs/include/yolo_msgs/yolo_msgs/srv/detail/set_classes__struct.h
[1.175s] -- Up-to-date: /home/mtrn/MTRN4231-T9-1/lab4-main/install/yolo_msgs/include/yolo_msgs/yolo_msgs/msg
[1.176s] -- Up-to-date: /home/mtrn/MTRN4231-T9-1/lab4-main/install/yolo_msgs/include/yolo_msgs/yolo_msgs/msg/detection_array.h
[1.176s] -- Up-to-date: /home/mtrn/MTRN4231-T9-1/lab4-main/install/yolo_msgs/include/yolo_msgs/yolo_msgs/msg/pose2_d.h
[1.176s] -- Up-to-date: /home/mtrn/MTRN4231-T9-1/lab4-main/install/yolo_msgs/include/yolo_msgs/yolo_msgs/msg/rosidl_generator_c__visibility_control.h
[1.176s] -- Up-to-date: /home/mtrn/MTRN4231-T9-1/lab4-main/install/yolo_msgs/include/yolo_msgs/yolo_msgs/msg/point2_d.h
[1.176s] -- Up-to-date: /home/mtrn/MTRN4231-T9-1/lab4-main/install/yolo_msgs/include/yolo_msgs/yolo_msgs/msg/mask.h
[1.176s] -- Up-to-date: /home/mtrn/MTRN4231-T9-1/lab4-main/install/yolo_msgs/include/yolo_msgs/yolo_msgs/msg/key_point2_d.h
[1.176s] -- Up-to-date: /home/mtrn/MTRN4231-T9-1/lab4-main/install/yolo_msgs/include/yolo_msgs/yolo_msgs/msg/vector2.h
[1.177s] -- Up-to-date: /home/mtrn/MTRN4231-T9-1/lab4-main/install/yolo_msgs/include/yolo_msgs/yolo_msgs/msg/bounding_box2_d.h
[1.177s] -- Up-to-date: /home/mtrn/MTRN4231-T9-1/lab4-main/install/yolo_msgs/include/yolo_msgs/yolo_msgs/msg/key_point3_d_array.h
[1.177s] -- Up-to-date: /home/mtrn/MTRN4231-T9-1/lab4-main/install/yolo_msgs/include/yolo_msgs/yolo_msgs/msg/detection.h
[1.177s] -- Up-to-date: /home/mtrn/MTRN4231-T9-1/lab4-main/install/yolo_msgs/include/yolo_msgs/yolo_msgs/msg/bounding_box3_d.h
[1.177s] -- Up-to-date: /home/mtrn/MTRN4231-T9-1/lab4-main/install/yolo_msgs/include/yolo_msgs/yolo_msgs/msg/detail
[1.177s] -- Up-to-date: /home/mtrn/MTRN4231-T9-1/lab4-main/install/yolo_msgs/include/yolo_msgs/yolo_msgs/msg/detail/mask__type_support.h
[1.177s] -- Up-to-date: /home/mtrn/MTRN4231-T9-1/lab4-main/install/yolo_msgs/include/yolo_msgs/yolo_msgs/msg/detail/key_point3_d__struct.h
[1.177s] -- Up-to-date: /home/mtrn/MTRN4231-T9-1/lab4-main/install/yolo_msgs/include/yolo_msgs/yolo_msgs/msg/detail/key_point3_d_array__struct.h
[1.178s] -- Up-to-date: /home/mtrn/MTRN4231-T9-1/lab4-main/install/yolo_msgs/include/yolo_msgs/yolo_msgs/msg/detail/key_point3_d_array__functions.h
[1.178s] -- Up-to-date: /home/mtrn/MTRN4231-T9-1/lab4-main/install/yolo_msgs/include/yolo_msgs/yolo_msgs/msg/detail/detection__functions.h
[1.178s] -- Up-to-date: /home/mtrn/MTRN4231-T9-1/lab4-main/install/yolo_msgs/include/yolo_msgs/yolo_msgs/msg/detail/detection__struct.h
[1.178s] -- Up-to-date: /home/mtrn/MTRN4231-T9-1/lab4-main/install/yolo_msgs/include/yolo_msgs/yolo_msgs/msg/detail/bounding_box2_d__functions.h
[1.178s] -- Up-to-date: /home/mtrn/MTRN4231-T9-1/lab4-main/install/yolo_msgs/include/yolo_msgs/yolo_msgs/msg/detail/detection_array__functions.c
[1.178s] -- Up-to-date: /home/mtrn/MTRN4231-T9-1/lab4-main/install/yolo_msgs/include/yolo_msgs/yolo_msgs/msg/detail/vector2__type_support.h
[1.178s] -- Up-to-date: /home/mtrn/MTRN4231-T9-1/lab4-main/install/yolo_msgs/include/yolo_msgs/yolo_msgs/msg/detail/key_point2_d__type_support.h
[1.178s] -- Up-to-date: /home/mtrn/MTRN4231-T9-1/lab4-main/install/yolo_msgs/include/yolo_msgs/yolo_msgs/msg/detail/detection_array__type_support.h
[1.178s] -- Up-to-date: /home/mtrn/MTRN4231-T9-1/lab4-main/install/yolo_msgs/include/yolo_msgs/yolo_msgs/msg/detail/bounding_box3_d__type_support.h
[1.178s] -- Up-to-date: /home/mtrn/MTRN4231-T9-1/lab4-main/install/yolo_msgs/include/yolo_msgs/yolo_msgs/msg/detail/bounding_box2_d__functions.c
[1.178s] -- Up-to-date: /home/mtrn/MTRN4231-T9-1/lab4-main/install/yolo_msgs/include/yolo_msgs/yolo_msgs/msg/detail/mask__functions.h
[1.179s] -- Up-to-date: /home/mtrn/MTRN4231-T9-1/lab4-main/install/yolo_msgs/include/yolo_msgs/yolo_msgs/msg/detail/vector2__struct.h
[1.179s] -- Up-to-date: /home/mtrn/MTRN4231-T9-1/lab4-main/install/yolo_msgs/include/yolo_msgs/yolo_msgs/msg/detail/pose2_d__functions.h
[1.179s] -- Up-to-date: /home/mtrn/MTRN4231-T9-1/lab4-main/install/yolo_msgs/include/yolo_msgs/yolo_msgs/msg/detail/key_point2_d_array__functions.h
[1.179s] -- Up-to-date: /home/mtrn/MTRN4231-T9-1/lab4-main/install/yolo_msgs/include/yolo_msgs/yolo_msgs/msg/detail/key_point2_d_array__functions.c
[1.179s] -- Up-to-date: /home/mtrn/MTRN4231-T9-1/lab4-main/install/yolo_msgs/include/yolo_msgs/yolo_msgs/msg/detail/key_point2_d_array__type_support.h
[1.179s] -- Up-to-date: /home/mtrn/MTRN4231-T9-1/lab4-main/install/yolo_msgs/include/yolo_msgs/yolo_msgs/msg/detail/key_point2_d__struct.h
[1.179s] -- Up-to-date: /home/mtrn/MTRN4231-T9-1/lab4-main/install/yolo_msgs/include/yolo_msgs/yolo_msgs/msg/detail/detection__type_support.h
[1.179s] -- Up-to-date: /home/mtrn/MTRN4231-T9-1/lab4-main/install/yolo_msgs/include/yolo_msgs/yolo_msgs/msg/detail/point2_d__functions.h
[1.180s] -- Up-to-date: /home/mtrn/MTRN4231-T9-1/lab4-main/install/yolo_msgs/include/yolo_msgs/yolo_msgs/msg/detail/bounding_box3_d__struct.h
[1.180s] -- Up-to-date: /home/mtrn/MTRN4231-T9-1/lab4-main/install/yolo_msgs/include/yolo_msgs/yolo_msgs/msg/detail/point2_d__functions.c
[1.180s] -- Up-to-date: /home/mtrn/MTRN4231-T9-1/lab4-main/install/yolo_msgs/include/yolo_msgs/yolo_msgs/msg/detail/bounding_box2_d__struct.h
[1.180s] -- Up-to-date: /home/mtrn/MTRN4231-T9-1/lab4-main/install/yolo_msgs/include/yolo_msgs/yolo_msgs/msg/detail/key_point2_d_array__struct.h
[1.180s] -- Up-to-date: /home/mtrn/MTRN4231-T9-1/lab4-main/install/yolo_msgs/include/yolo_msgs/yolo_msgs/msg/detail/vector2__functions.c
[1.180s] -- Up-to-date: /home/mtrn/MTRN4231-T9-1/lab4-main/install/yolo_msgs/include/yolo_msgs/yolo_msgs/msg/detail/mask__functions.c
[1.180s] -- Up-to-date: /home/mtrn/MTRN4231-T9-1/lab4-main/install/yolo_msgs/include/yolo_msgs/yolo_msgs/msg/detail/mask__struct.h
[1.180s] -- Up-to-date: /home/mtrn/MTRN4231-T9-1/lab4-main/install/yolo_msgs/include/yolo_msgs/yolo_msgs/msg/detail/bounding_box3_d__functions.h
[1.180s] -- Up-to-date: /home/mtrn/MTRN4231-T9-1/lab4-main/install/yolo_msgs/include/yolo_msgs/yolo_msgs/msg/detail/detection_array__struct.h
[1.180s] -- Up-to-date: /home/mtrn/MTRN4231-T9-1/lab4-main/install/yolo_msgs/include/yolo_msgs/yolo_msgs/msg/detail/key_point3_d__functions.h
[1.180s] -- Up-to-date: /home/mtrn/MTRN4231-T9-1/lab4-main/install/yolo_msgs/include/yolo_msgs/yolo_msgs/msg/detail/pose2_d__functions.c
[1.181s] -- Up-to-date: /home/mtrn/MTRN4231-T9-1/lab4-main/install/yolo_msgs/include/yolo_msgs/yolo_msgs/msg/detail/key_point3_d__functions.c
[1.181s] -- Up-to-date: /home/mtrn/MTRN4231-T9-1/lab4-main/install/yolo_msgs/include/yolo_msgs/yolo_msgs/msg/detail/bounding_box2_d__type_support.h
[1.181s] -- Up-to-date: /home/mtrn/MTRN4231-T9-1/lab4-main/install/yolo_msgs/include/yolo_msgs/yolo_msgs/msg/detail/pose2_d__struct.h
[1.181s] -- Up-to-date: /home/mtrn/MTRN4231-T9-1/lab4-main/install/yolo_msgs/include/yolo_msgs/yolo_msgs/msg/detail/key_point3_d_array__functions.c
[1.181s] -- Up-to-date: /home/mtrn/MTRN4231-T9-1/lab4-main/install/yolo_msgs/include/yolo_msgs/yolo_msgs/msg/detail/pose2_d__type_support.h
[1.181s] -- Up-to-date: /home/mtrn/MTRN4231-T9-1/lab4-main/install/yolo_msgs/include/yolo_msgs/yolo_msgs/msg/detail/key_point3_d_array__type_support.h
[1.181s] -- Up-to-date: /home/mtrn/MTRN4231-T9-1/lab4-main/install/yolo_msgs/include/yolo_msgs/yolo_msgs/msg/detail/vector2__functions.h
[1.181s] -- Up-to-date: /home/mtrn/MTRN4231-T9-1/lab4-main/install/yolo_msgs/include/yolo_msgs/yolo_msgs/msg/detail/point2_d__type_support.h
[1.181s] -- Up-to-date: /home/mtrn/MTRN4231-T9-1/lab4-main/install/yolo_msgs/include/yolo_msgs/yolo_msgs/msg/detail/bounding_box3_d__functions.c
[1.181s] -- Up-to-date: /home/mtrn/MTRN4231-T9-1/lab4-main/install/yolo_msgs/include/yolo_msgs/yolo_msgs/msg/detail/point2_d__struct.h
[1.181s] -- Up-to-date: /home/mtrn/MTRN4231-T9-1/lab4-main/install/yolo_msgs/include/yolo_msgs/yolo_msgs/msg/detail/key_point2_d__functions.c
[1.181s] -- Up-to-date: /home/mtrn/MTRN4231-T9-1/lab4-main/install/yolo_msgs/include/yolo_msgs/yolo_msgs/msg/detail/key_point3_d__type_support.h
[1.182s] -- Up-to-date: /home/mtrn/MTRN4231-T9-1/lab4-main/install/yolo_msgs/include/yolo_msgs/yolo_msgs/msg/detail/key_point2_d__functions.h
[1.182s] -- Up-to-date: /home/mtrn/MTRN4231-T9-1/lab4-main/install/yolo_msgs/include/yolo_msgs/yolo_msgs/msg/detail/detection__functions.c
[1.182s] -- Up-to-date: /home/mtrn/MTRN4231-T9-1/lab4-main/install/yolo_msgs/include/yolo_msgs/yolo_msgs/msg/detail/detection_array__functions.h
[1.182s] -- Up-to-date: /home/mtrn/MTRN4231-T9-1/lab4-main/install/yolo_msgs/include/yolo_msgs/yolo_msgs/msg/key_point3_d.h
[1.182s] -- Up-to-date: /home/mtrn/MTRN4231-T9-1/lab4-main/install/yolo_msgs/include/yolo_msgs/yolo_msgs/msg/key_point2_d_array.h
[1.182s] -- Up-to-date: /home/mtrn/MTRN4231-T9-1/lab4-main/install/yolo_msgs/share/yolo_msgs/environment/library_path.sh
[1.182s] -- Up-to-date: /home/mtrn/MTRN4231-T9-1/lab4-main/install/yolo_msgs/share/yolo_msgs/environment/library_path.dsv
[1.182s] -- Up-to-date: /home/mtrn/MTRN4231-T9-1/lab4-main/install/yolo_msgs/lib/libyolo_msgs__rosidl_generator_c.so
[1.182s] -- Up-to-date: /home/mtrn/MTRN4231-T9-1/lab4-main/install/yolo_msgs/include/yolo_msgs/yolo_msgs
[1.182s] -- Up-to-date: /home/mtrn/MTRN4231-T9-1/lab4-main/install/yolo_msgs/include/yolo_msgs/yolo_msgs/srv
[1.182s] -- Up-to-date: /home/mtrn/MTRN4231-T9-1/lab4-main/install/yolo_msgs/include/yolo_msgs/yolo_msgs/srv/detail
[1.183s] -- Up-to-date: /home/mtrn/MTRN4231-T9-1/lab4-main/install/yolo_msgs/include/yolo_msgs/yolo_msgs/srv/detail/set_classes__rosidl_typesupport_fastrtps_c.h
[1.183s] -- Up-to-date: /home/mtrn/MTRN4231-T9-1/lab4-main/install/yolo_msgs/include/yolo_msgs/yolo_msgs/msg
[1.183s] -- Up-to-date: /home/mtrn/MTRN4231-T9-1/lab4-main/install/yolo_msgs/include/yolo_msgs/yolo_msgs/msg/rosidl_typesupport_fastrtps_c__visibility_control.h
[1.183s] -- Up-to-date: /home/mtrn/MTRN4231-T9-1/lab4-main/install/yolo_msgs/include/yolo_msgs/yolo_msgs/msg/detail
[1.183s] -- Up-to-date: /home/mtrn/MTRN4231-T9-1/lab4-main/install/yolo_msgs/include/yolo_msgs/yolo_msgs/msg/detail/key_point2_d__rosidl_typesupport_fastrtps_c.h
[1.183s] -- Up-to-date: /home/mtrn/MTRN4231-T9-1/lab4-main/install/yolo_msgs/include/yolo_msgs/yolo_msgs/msg/detail/bounding_box2_d__rosidl_typesupport_fastrtps_c.h
[1.183s] -- Up-to-date: /home/mtrn/MTRN4231-T9-1/lab4-main/install/yolo_msgs/include/yolo_msgs/yolo_msgs/msg/detail/key_point2_d_array__rosidl_typesupport_fastrtps_c.h
[1.183s] -- Up-to-date: /home/mtrn/MTRN4231-T9-1/lab4-main/install/yolo_msgs/include/yolo_msgs/yolo_msgs/msg/detail/key_point3_d_array__rosidl_typesupport_fastrtps_c.h
[1.183s] -- Up-to-date: /home/mtrn/MTRN4231-T9-1/lab4-main/install/yolo_msgs/include/yolo_msgs/yolo_msgs/msg/detail/detection__rosidl_typesupport_fastrtps_c.h
[1.183s] -- Up-to-date: /home/mtrn/MTRN4231-T9-1/lab4-main/install/yolo_msgs/include/yolo_msgs/yolo_msgs/msg/detail/detection_array__rosidl_typesupport_fastrtps_c.h
[1.183s] -- Up-to-date: /home/mtrn/MTRN4231-T9-1/lab4-main/install/yolo_msgs/include/yolo_msgs/yolo_msgs/msg/detail/vector2__rosidl_typesupport_fastrtps_c.h
[1.183s] -- Up-to-date: /home/mtrn/MTRN4231-T9-1/lab4-main/install/yolo_msgs/include/yolo_msgs/yolo_msgs/msg/detail/key_point3_d__rosidl_typesupport_fastrtps_c.h
[1.184s] -- Up-to-date: /home/mtrn/MTRN4231-T9-1/lab4-main/install/yolo_msgs/include/yolo_msgs/yolo_msgs/msg/detail/mask__rosidl_typesupport_fastrtps_c.h
[1.184s] -- Up-to-date: /home/mtrn/MTRN4231-T9-1/lab4-main/install/yolo_msgs/include/yolo_msgs/yolo_msgs/msg/detail/point2_d__rosidl_typesupport_fastrtps_c.h
[1.184s] -- Up-to-date: /home/mtrn/MTRN4231-T9-1/lab4-main/install/yolo_msgs/include/yolo_msgs/yolo_msgs/msg/detail/bounding_box3_d__rosidl_typesupport_fastrtps_c.h
[1.184s] -- Up-to-date: /home/mtrn/MTRN4231-T9-1/lab4-main/install/yolo_msgs/include/yolo_msgs/yolo_msgs/msg/detail/pose2_d__rosidl_typesupport_fastrtps_c.h
[1.184s] -- Up-to-date: /home/mtrn/MTRN4231-T9-1/lab4-main/install/yolo_msgs/lib/libyolo_msgs__rosidl_typesupport_fastrtps_c.so
[1.184s] -- Up-to-date: /home/mtrn/MTRN4231-T9-1/lab4-main/install/yolo_msgs/include/yolo_msgs/yolo_msgs
[1.184s] -- Up-to-date: /home/mtrn/MTRN4231-T9-1/lab4-main/install/yolo_msgs/include/yolo_msgs/yolo_msgs/srv
[1.184s] -- Up-to-date: /home/mtrn/MTRN4231-T9-1/lab4-main/install/yolo_msgs/include/yolo_msgs/yolo_msgs/srv/detail
[1.184s] -- Up-to-date: /home/mtrn/MTRN4231-T9-1/lab4-main/install/yolo_msgs/include/yolo_msgs/yolo_msgs/srv/detail/set_classes__type_support.c
[1.184s] -- Up-to-date: /home/mtrn/MTRN4231-T9-1/lab4-main/install/yolo_msgs/include/yolo_msgs/yolo_msgs/srv/detail/set_classes__rosidl_typesupport_introspection_c.h
[1.184s] -- Up-to-date: /home/mtrn/MTRN4231-T9-1/lab4-main/install/yolo_msgs/include/yolo_msgs/yolo_msgs/msg
[1.184s] -- Up-to-date: /home/mtrn/MTRN4231-T9-1/lab4-main/install/yolo_msgs/include/yolo_msgs/yolo_msgs/msg/rosidl_typesupport_introspection_c__visibility_control.h
[1.185s] -- Up-to-date: /home/mtrn/MTRN4231-T9-1/lab4-main/install/yolo_msgs/include/yolo_msgs/yolo_msgs/msg/detail
[1.185s] -- Up-to-date: /home/mtrn/MTRN4231-T9-1/lab4-main/install/yolo_msgs/include/yolo_msgs/yolo_msgs/msg/detail/pose2_d__rosidl_typesupport_introspection_c.h
[1.185s] -- Up-to-date: /home/mtrn/MTRN4231-T9-1/lab4-main/install/yolo_msgs/include/yolo_msgs/yolo_msgs/msg/detail/bounding_box2_d__type_support.c
[1.185s] -- Up-to-date: /home/mtrn/MTRN4231-T9-1/lab4-main/install/yolo_msgs/include/yolo_msgs/yolo_msgs/msg/detail/key_point3_d_array__type_support.c
[1.185s] -- Up-to-date: /home/mtrn/MTRN4231-T9-1/lab4-main/install/yolo_msgs/include/yolo_msgs/yolo_msgs/msg/detail/bounding_box3_d__rosidl_typesupport_introspection_c.h
[1.185s] -- Up-to-date: /home/mtrn/MTRN4231-T9-1/lab4-main/install/yolo_msgs/include/yolo_msgs/yolo_msgs/msg/detail/mask__type_support.c
[1.185s] -- Up-to-date: /home/mtrn/MTRN4231-T9-1/lab4-main/install/yolo_msgs/include/yolo_msgs/yolo_msgs/msg/detail/key_point3_d__rosidl_typesupport_introspection_c.h
[1.185s] -- Up-to-date: /home/mtrn/MTRN4231-T9-1/lab4-main/install/yolo_msgs/include/yolo_msgs/yolo_msgs/msg/detail/vector2__rosidl_typesupport_introspection_c.h
[1.185s] -- Up-to-date: /home/mtrn/MTRN4231-T9-1/lab4-main/install/yolo_msgs/include/yolo_msgs/yolo_msgs/msg/detail/key_point2_d_array__type_support.c
[1.185s] -- Up-to-date: /home/mtrn/MTRN4231-T9-1/lab4-main/install/yolo_msgs/include/yolo_msgs/yolo_msgs/msg/detail/vector2__type_support.c
[1.185s] -- Up-to-date: /home/mtrn/MTRN4231-T9-1/lab4-main/install/yolo_msgs/include/yolo_msgs/yolo_msgs/msg/detail/bounding_box2_d__rosidl_typesupport_introspection_c.h
[1.186s] -- Up-to-date: /home/mtrn/MTRN4231-T9-1/lab4-main/install/yolo_msgs/include/yolo_msgs/yolo_msgs/msg/detail/detection_array__type_support.c
[1.186s] -- Up-to-date: /home/mtrn/MTRN4231-T9-1/lab4-main/install/yolo_msgs/include/yolo_msgs/yolo_msgs/msg/detail/key_point2_d__rosidl_typesupport_introspection_c.h
[1.186s] -- Up-to-date: /home/mtrn/MTRN4231-T9-1/lab4-main/install/yolo_msgs/include/yolo_msgs/yolo_msgs/msg/detail/detection__type_support.c
[1.186s] -- Up-to-date: /home/mtrn/MTRN4231-T9-1/lab4-main/install/yolo_msgs/include/yolo_msgs/yolo_msgs/msg/detail/bounding_box3_d__type_support.c
[1.186s] -- Up-to-date: /home/mtrn/MTRN4231-T9-1/lab4-main/install/yolo_msgs/include/yolo_msgs/yolo_msgs/msg/detail/key_point2_d_array__rosidl_typesupport_introspection_c.h
[1.186s] -- Up-to-date: /home/mtrn/MTRN4231-T9-1/lab4-main/install/yolo_msgs/include/yolo_msgs/yolo_msgs/msg/detail/pose2_d__type_support.c
[1.186s] -- Up-to-date: /home/mtrn/MTRN4231-T9-1/lab4-main/install/yolo_msgs/include/yolo_msgs/yolo_msgs/msg/detail/mask__rosidl_typesupport_introspection_c.h
[1.186s] -- Up-to-date: /home/mtrn/MTRN4231-T9-1/lab4-main/install/yolo_msgs/include/yolo_msgs/yolo_msgs/msg/detail/detection__rosidl_typesupport_introspection_c.h
[1.186s] -- Up-to-date: /home/mtrn/MTRN4231-T9-1/lab4-main/install/yolo_msgs/include/yolo_msgs/yolo_msgs/msg/detail/point2_d__rosidl_typesupport_introspection_c.h
[1.186s] -- Up-to-date: /home/mtrn/MTRN4231-T9-1/lab4-main/install/yolo_msgs/include/yolo_msgs/yolo_msgs/msg/detail/key_point3_d_array__rosidl_typesupport_introspection_c.h
[1.186s] -- Up-to-date: /home/mtrn/MTRN4231-T9-1/lab4-main/install/yolo_msgs/include/yolo_msgs/yolo_msgs/msg/detail/detection_array__rosidl_typesupport_introspection_c.h
[1.186s] -- Up-to-date: /home/mtrn/MTRN4231-T9-1/lab4-main/install/yolo_msgs/include/yolo_msgs/yolo_msgs/msg/detail/point2_d__type_support.c
[1.187s] -- Up-to-date: /home/mtrn/MTRN4231-T9-1/lab4-main/install/yolo_msgs/include/yolo_msgs/yolo_msgs/msg/detail/key_point2_d__type_support.c
[1.187s] -- Up-to-date: /home/mtrn/MTRN4231-T9-1/lab4-main/install/yolo_msgs/include/yolo_msgs/yolo_msgs/msg/detail/key_point3_d__type_support.c
[1.187s] -- Up-to-date: /home/mtrn/MTRN4231-T9-1/lab4-main/install/yolo_msgs/lib/libyolo_msgs__rosidl_typesupport_introspection_c.so
[1.187s] -- Up-to-date: /home/mtrn/MTRN4231-T9-1/lab4-main/install/yolo_msgs/lib/libyolo_msgs__rosidl_typesupport_c.so
[1.187s] -- Up-to-date: /home/mtrn/MTRN4231-T9-1/lab4-main/install/yolo_msgs/include/yolo_msgs/yolo_msgs
[1.187s] -- Up-to-date: /home/mtrn/MTRN4231-T9-1/lab4-main/install/yolo_msgs/include/yolo_msgs/yolo_msgs/srv
[1.187s] -- Up-to-date: /home/mtrn/MTRN4231-T9-1/lab4-main/install/yolo_msgs/include/yolo_msgs/yolo_msgs/srv/set_classes.hpp
[1.187s] -- Up-to-date: /home/mtrn/MTRN4231-T9-1/lab4-main/install/yolo_msgs/include/yolo_msgs/yolo_msgs/srv/detail
[1.187s] -- Up-to-date: /home/mtrn/MTRN4231-T9-1/lab4-main/install/yolo_msgs/include/yolo_msgs/yolo_msgs/srv/detail/set_classes__struct.hpp
[1.187s] -- Up-to-date: /home/mtrn/MTRN4231-T9-1/lab4-main/install/yolo_msgs/include/yolo_msgs/yolo_msgs/srv/detail/set_classes__builder.hpp
[1.187s] -- Up-to-date: /home/mtrn/MTRN4231-T9-1/lab4-main/install/yolo_msgs/include/yolo_msgs/yolo_msgs/srv/detail/set_classes__traits.hpp
[1.187s] -- Up-to-date: /home/mtrn/MTRN4231-T9-1/lab4-main/install/yolo_msgs/include/yolo_msgs/yolo_msgs/msg
[1.188s] -- Up-to-date: /home/mtrn/MTRN4231-T9-1/lab4-main/install/yolo_msgs/include/yolo_msgs/yolo_msgs/msg/key_point3_d.hpp
[1.188s] -- Up-to-date: /home/mtrn/MTRN4231-T9-1/lab4-main/install/yolo_msgs/include/yolo_msgs/yolo_msgs/msg/key_point2_d_array.hpp
[1.188s] -- Up-to-date: /home/mtrn/MTRN4231-T9-1/lab4-main/install/yolo_msgs/include/yolo_msgs/yolo_msgs/msg/bounding_box3_d.hpp
[1.188s] -- Up-to-date: /home/mtrn/MTRN4231-T9-1/lab4-main/install/yolo_msgs/include/yolo_msgs/yolo_msgs/msg/mask.hpp
[1.188s] -- Up-to-date: /home/mtrn/MTRN4231-T9-1/lab4-main/install/yolo_msgs/include/yolo_msgs/yolo_msgs/msg/bounding_box2_d.hpp
[1.188s] -- Up-to-date: /home/mtrn/MTRN4231-T9-1/lab4-main/install/yolo_msgs/include/yolo_msgs/yolo_msgs/msg/detection_array.hpp
[1.188s] -- Up-to-date: /home/mtrn/MTRN4231-T9-1/lab4-main/install/yolo_msgs/include/yolo_msgs/yolo_msgs/msg/point2_d.hpp
[1.188s] -- Up-to-date: /home/mtrn/MTRN4231-T9-1/lab4-main/install/yolo_msgs/include/yolo_msgs/yolo_msgs/msg/pose2_d.hpp
[1.188s] -- Up-to-date: /home/mtrn/MTRN4231-T9-1/lab4-main/install/yolo_msgs/include/yolo_msgs/yolo_msgs/msg/detection.hpp
[1.188s] -- Up-to-date: /home/mtrn/MTRN4231-T9-1/lab4-main/install/yolo_msgs/include/yolo_msgs/yolo_msgs/msg/vector2.hpp
[1.188s] -- Up-to-date: /home/mtrn/MTRN4231-T9-1/lab4-main/install/yolo_msgs/include/yolo_msgs/yolo_msgs/msg/detail
[1.188s] -- Up-to-date: /home/mtrn/MTRN4231-T9-1/lab4-main/install/yolo_msgs/include/yolo_msgs/yolo_msgs/msg/detail/key_point2_d_array__builder.hpp
[1.188s] -- Up-to-date: /home/mtrn/MTRN4231-T9-1/lab4-main/install/yolo_msgs/include/yolo_msgs/yolo_msgs/msg/detail/detection__struct.hpp
[1.188s] -- Up-to-date: /home/mtrn/MTRN4231-T9-1/lab4-main/install/yolo_msgs/include/yolo_msgs/yolo_msgs/msg/detail/key_point2_d__traits.hpp
[1.189s] -- Up-to-date: /home/mtrn/MTRN4231-T9-1/lab4-main/install/yolo_msgs/include/yolo_msgs/yolo_msgs/msg/detail/key_point2_d__builder.hpp
[1.189s] -- Up-to-date: /home/mtrn/MTRN4231-T9-1/lab4-main/install/yolo_msgs/include/yolo_msgs/yolo_msgs/msg/detail/mask__struct.hpp
[1.189s] -- Up-to-date: /home/mtrn/MTRN4231-T9-1/lab4-main/install/yolo_msgs/include/yolo_msgs/yolo_msgs/msg/detail/mask__traits.hpp
[1.189s] -- Up-to-date: /home/mtrn/MTRN4231-T9-1/lab4-main/install/yolo_msgs/include/yolo_msgs/yolo_msgs/msg/detail/point2_d__struct.hpp
[1.189s] -- Up-to-date: /home/mtrn/MTRN4231-T9-1/lab4-main/install/yolo_msgs/include/yolo_msgs/yolo_msgs/msg/detail/key_point2_d_array__struct.hpp
[1.189s] -- Up-to-date: /home/mtrn/MTRN4231-T9-1/lab4-main/install/yolo_msgs/include/yolo_msgs/yolo_msgs/msg/detail/detection_array__traits.hpp
[1.189s] -- Up-to-date: /home/mtrn/MTRN4231-T9-1/lab4-main/install/yolo_msgs/include/yolo_msgs/yolo_msgs/msg/detail/key_point2_d__struct.hpp
[1.189s] -- Up-to-date: /home/mtrn/MTRN4231-T9-1/lab4-main/install/yolo_msgs/include/yolo_msgs/yolo_msgs/msg/detail/bounding_box2_d__struct.hpp
[1.189s] -- Up-to-date: /home/mtrn/MTRN4231-T9-1/lab4-main/install/yolo_msgs/include/yolo_msgs/yolo_msgs/msg/detail/key_point3_d_array__traits.hpp
[1.189s] -- Up-to-date: /home/mtrn/MTRN4231-T9-1/lab4-main/install/yolo_msgs/include/yolo_msgs/yolo_msgs/msg/detail/pose2_d__builder.hpp
[1.189s] -- Up-to-date: /home/mtrn/MTRN4231-T9-1/lab4-main/install/yolo_msgs/include/yolo_msgs/yolo_msgs/msg/detail/bounding_box3_d__builder.hpp
[1.189s] -- Up-to-date: /home/mtrn/MTRN4231-T9-1/lab4-main/install/yolo_msgs/include/yolo_msgs/yolo_msgs/msg/detail/detection_array__struct.hpp
[1.189s] -- Up-to-date: /home/mtrn/MTRN4231-T9-1/lab4-main/install/yolo_msgs/include/yolo_msgs/yolo_msgs/msg/detail/bounding_box3_d__traits.hpp
[1.189s] -- Up-to-date: /home/mtrn/MTRN4231-T9-1/lab4-main/install/yolo_msgs/include/yolo_msgs/yolo_msgs/msg/detail/key_point3_d__traits.hpp
[1.189s] -- Up-to-date: /home/mtrn/MTRN4231-T9-1/lab4-main/install/yolo_msgs/include/yolo_msgs/yolo_msgs/msg/detail/key_point3_d__struct.hpp
[1.189s] -- Up-to-date: /home/mtrn/MTRN4231-T9-1/lab4-main/install/yolo_msgs/include/yolo_msgs/yolo_msgs/msg/detail/key_point3_d_array__builder.hpp
[1.190s] -- Up-to-date: /home/mtrn/MTRN4231-T9-1/lab4-main/install/yolo_msgs/include/yolo_msgs/yolo_msgs/msg/detail/pose2_d__struct.hpp
[1.190s] -- Up-to-date: /home/mtrn/MTRN4231-T9-1/lab4-main/install/yolo_msgs/include/yolo_msgs/yolo_msgs/msg/detail/vector2__traits.hpp
[1.190s] -- Up-to-date: /home/mtrn/MTRN4231-T9-1/lab4-main/install/yolo_msgs/include/yolo_msgs/yolo_msgs/msg/detail/detection__traits.hpp
[1.190s] -- Up-to-date: /home/mtrn/MTRN4231-T9-1/lab4-main/install/yolo_msgs/include/yolo_msgs/yolo_msgs/msg/detail/vector2__builder.hpp
[1.190s] -- Up-to-date: /home/mtrn/MTRN4231-T9-1/lab4-main/install/yolo_msgs/include/yolo_msgs/yolo_msgs/msg/detail/key_point3_d__builder.hpp
[1.190s] -- Up-to-date: /home/mtrn/MTRN4231-T9-1/lab4-main/install/yolo_msgs/include/yolo_msgs/yolo_msgs/msg/detail/bounding_box2_d__traits.hpp
[1.190s] -- Up-to-date: /home/mtrn/MTRN4231-T9-1/lab4-main/install/yolo_msgs/include/yolo_msgs/yolo_msgs/msg/detail/key_point2_d_array__traits.hpp
[1.190s] -- Up-to-date: /home/mtrn/MTRN4231-T9-1/lab4-main/install/yolo_msgs/include/yolo_msgs/yolo_msgs/msg/detail/detection_array__builder.hpp
[1.190s] -- Up-to-date: /home/mtrn/MTRN4231-T9-1/lab4-main/install/yolo_msgs/include/yolo_msgs/yolo_msgs/msg/detail/mask__builder.hpp
[1.190s] -- Up-to-date: /home/mtrn/MTRN4231-T9-1/lab4-main/install/yolo_msgs/include/yolo_msgs/yolo_msgs/msg/detail/point2_d__builder.hpp
[1.190s] -- Up-to-date: /home/mtrn/MTRN4231-T9-1/lab4-main/install/yolo_msgs/include/yolo_msgs/yolo_msgs/msg/detail/key_point3_d_array__struct.hpp
[1.190s] -- Up-to-date: /home/mtrn/MTRN4231-T9-1/lab4-main/install/yolo_msgs/include/yolo_msgs/yolo_msgs/msg/detail/point2_d__traits.hpp
[1.190s] -- Up-to-date: /home/mtrn/MTRN4231-T9-1/lab4-main/install/yolo_msgs/include/yolo_msgs/yolo_msgs/msg/detail/bounding_box3_d__struct.hpp
[1.190s] -- Up-to-date: /home/mtrn/MTRN4231-T9-1/lab4-main/install/yolo_msgs/include/yolo_msgs/yolo_msgs/msg/detail/detection__builder.hpp
[1.190s] -- Up-to-date: /home/mtrn/MTRN4231-T9-1/lab4-main/install/yolo_msgs/include/yolo_msgs/yolo_msgs/msg/detail/bounding_box2_d__builder.hpp
[1.190s] -- Up-to-date: /home/mtrn/MTRN4231-T9-1/lab4-main/install/yolo_msgs/include/yolo_msgs/yolo_msgs/msg/detail/pose2_d__traits.hpp
[1.190s] -- Up-to-date: /home/mtrn/MTRN4231-T9-1/lab4-main/install/yolo_msgs/include/yolo_msgs/yolo_msgs/msg/detail/vector2__struct.hpp
[1.190s] -- Up-to-date: /home/mtrn/MTRN4231-T9-1/lab4-main/install/yolo_msgs/include/yolo_msgs/yolo_msgs/msg/key_point2_d.hpp
[1.191s] -- Up-to-date: /home/mtrn/MTRN4231-T9-1/lab4-main/install/yolo_msgs/include/yolo_msgs/yolo_msgs/msg/key_point3_d_array.hpp
[1.191s] -- Up-to-date: /home/mtrn/MTRN4231-T9-1/lab4-main/install/yolo_msgs/include/yolo_msgs/yolo_msgs
[1.191s] -- Up-to-date: /home/mtrn/MTRN4231-T9-1/lab4-main/install/yolo_msgs/include/yolo_msgs/yolo_msgs/srv
[1.191s] -- Up-to-date: /home/mtrn/MTRN4231-T9-1/lab4-main/install/yolo_msgs/include/yolo_msgs/yolo_msgs/srv/detail
[1.191s] -- Up-to-date: /home/mtrn/MTRN4231-T9-1/lab4-main/install/yolo_msgs/include/yolo_msgs/yolo_msgs/srv/detail/set_classes__rosidl_typesupport_fastrtps_cpp.hpp
[1.191s] -- Up-to-date: /home/mtrn/MTRN4231-T9-1/lab4-main/install/yolo_msgs/include/yolo_msgs/yolo_msgs/srv/detail/dds_fastrtps
[1.191s] -- Up-to-date: /home/mtrn/MTRN4231-T9-1/lab4-main/install/yolo_msgs/include/yolo_msgs/yolo_msgs/msg
[1.191s] -- Up-to-date: /home/mtrn/MTRN4231-T9-1/lab4-main/install/yolo_msgs/include/yolo_msgs/yolo_msgs/msg/detail
[1.191s] -- Up-to-date: /home/mtrn/MTRN4231-T9-1/lab4-main/install/yolo_msgs/include/yolo_msgs/yolo_msgs/msg/detail/detection_array__rosidl_typesupport_fastrtps_cpp.hpp
[1.191s] -- Up-to-date: /home/mtrn/MTRN4231-T9-1/lab4-main/install/yolo_msgs/include/yolo_msgs/yolo_msgs/msg/detail/mask__rosidl_typesupport_fastrtps_cpp.hpp
[1.191s] -- Up-to-date: /home/mtrn/MTRN4231-T9-1/lab4-main/install/yolo_msgs/include/yolo_msgs/yolo_msgs/msg/detail/bounding_box2_d__rosidl_typesupport_fastrtps_cpp.hpp
[1.191s] -- Up-to-date: /home/mtrn/MTRN4231-T9-1/lab4-main/install/yolo_msgs/include/yolo_msgs/yolo_msgs/msg/detail/pose2_d__rosidl_typesupport_fastrtps_cpp.hpp
[1.191s] -- Up-to-date: /home/mtrn/MTRN4231-T9-1/lab4-main/install/yolo_msgs/include/yolo_msgs/yolo_msgs/msg/detail/dds_fastrtps
[1.191s] -- Up-to-date: /home/mtrn/MTRN4231-T9-1/lab4-main/install/yolo_msgs/include/yolo_msgs/yolo_msgs/msg/detail/vector2__rosidl_typesupport_fastrtps_cpp.hpp
[1.191s] -- Up-to-date: /home/mtrn/MTRN4231-T9-1/lab4-main/install/yolo_msgs/include/yolo_msgs/yolo_msgs/msg/detail/key_point2_d_array__rosidl_typesupport_fastrtps_cpp.hpp
[1.191s] -- Up-to-date: /home/mtrn/MTRN4231-T9-1/lab4-main/install/yolo_msgs/include/yolo_msgs/yolo_msgs/msg/detail/bounding_box3_d__rosidl_typesupport_fastrtps_cpp.hpp
[1.191s] -- Up-to-date: /home/mtrn/MTRN4231-T9-1/lab4-main/install/yolo_msgs/include/yolo_msgs/yolo_msgs/msg/detail/key_point2_d__rosidl_typesupport_fastrtps_cpp.hpp
[1.191s] -- Up-to-date: /home/mtrn/MTRN4231-T9-1/lab4-main/install/yolo_msgs/include/yolo_msgs/yolo_msgs/msg/detail/point2_d__rosidl_typesupport_fastrtps_cpp.hpp
[1.192s] -- Up-to-date: /home/mtrn/MTRN4231-T9-1/lab4-main/install/yolo_msgs/include/yolo_msgs/yolo_msgs/msg/detail/key_point3_d_array__rosidl_typesupport_fastrtps_cpp.hpp
[1.192s] -- Up-to-date: /home/mtrn/MTRN4231-T9-1/lab4-main/install/yolo_msgs/include/yolo_msgs/yolo_msgs/msg/detail/key_point3_d__rosidl_typesupport_fastrtps_cpp.hpp
[1.192s] -- Up-to-date: /home/mtrn/MTRN4231-T9-1/lab4-main/install/yolo_msgs/include/yolo_msgs/yolo_msgs/msg/detail/detection__rosidl_typesupport_fastrtps_cpp.hpp
[1.192s] -- Up-to-date: /home/mtrn/MTRN4231-T9-1/lab4-main/install/yolo_msgs/include/yolo_msgs/yolo_msgs/msg/rosidl_typesupport_fastrtps_cpp__visibility_control.h
[1.192s] -- Up-to-date: /home/mtrn/MTRN4231-T9-1/lab4-main/install/yolo_msgs/lib/libyolo_msgs__rosidl_typesupport_fastrtps_cpp.so
[1.192s] -- Up-to-date: /home/mtrn/MTRN4231-T9-1/lab4-main/install/yolo_msgs/include/yolo_msgs/yolo_msgs
[1.192s] -- Up-to-date: /home/mtrn/MTRN4231-T9-1/lab4-main/install/yolo_msgs/include/yolo_msgs/yolo_msgs/srv
[1.192s] -- Up-to-date: /home/mtrn/MTRN4231-T9-1/lab4-main/install/yolo_msgs/include/yolo_msgs/yolo_msgs/srv/detail
[1.192s] -- Up-to-date: /home/mtrn/MTRN4231-T9-1/lab4-main/install/yolo_msgs/include/yolo_msgs/yolo_msgs/srv/detail/set_classes__rosidl_typesupport_introspection_cpp.hpp
[1.192s] -- Up-to-date: /home/mtrn/MTRN4231-T9-1/lab4-main/install/yolo_msgs/include/yolo_msgs/yolo_msgs/srv/detail/set_classes__type_support.cpp
[1.192s] -- Up-to-date: /home/mtrn/MTRN4231-T9-1/lab4-main/install/yolo_msgs/include/yolo_msgs/yolo_msgs/msg
[1.192s] -- Up-to-date: /home/mtrn/MTRN4231-T9-1/lab4-main/install/yolo_msgs/include/yolo_msgs/yolo_msgs/msg/detail
[1.192s] -- Up-to-date: /home/mtrn/MTRN4231-T9-1/lab4-main/install/yolo_msgs/include/yolo_msgs/yolo_msgs/msg/detail/detection_array__type_support.cpp
[1.192s] -- Up-to-date: /home/mtrn/MTRN4231-T9-1/lab4-main/install/yolo_msgs/include/yolo_msgs/yolo_msgs/msg/detail/key_point2_d_array__rosidl_typesupport_introspection_cpp.hpp
[1.192s] -- Up-to-date: /home/mtrn/MTRN4231-T9-1/lab4-main/install/yolo_msgs/include/yolo_msgs/yolo_msgs/msg/detail/bounding_box2_d__type_support.cpp
[1.192s] -- Up-to-date: /home/mtrn/MTRN4231-T9-1/lab4-main/install/yolo_msgs/include/yolo_msgs/yolo_msgs/msg/detail/detection_array__rosidl_typesupport_introspection_cpp.hpp
[1.192s] -- Up-to-date: /home/mtrn/MTRN4231-T9-1/lab4-main/install/yolo_msgs/include/yolo_msgs/yolo_msgs/msg/detail/key_point2_d_array__type_support.cpp
[1.192s] -- Up-to-date: /home/mtrn/MTRN4231-T9-1/lab4-main/install/yolo_msgs/include/yolo_msgs/yolo_msgs/msg/detail/key_point3_d_array__type_support.cpp
[1.193s] -- Up-to-date: /home/mtrn/MTRN4231-T9-1/lab4-main/install/yolo_msgs/include/yolo_msgs/yolo_msgs/msg/detail/key_point2_d__type_support.cpp
[1.193s] -- Up-to-date: /home/mtrn/MTRN4231-T9-1/lab4-main/install/yolo_msgs/include/yolo_msgs/yolo_msgs/msg/detail/bounding_box3_d__type_support.cpp
[1.193s] -- Up-to-date: /home/mtrn/MTRN4231-T9-1/lab4-main/install/yolo_msgs/include/yolo_msgs/yolo_msgs/msg/detail/detection__rosidl_typesupport_introspection_cpp.hpp
[1.193s] -- Up-to-date: /home/mtrn/MTRN4231-T9-1/lab4-main/install/yolo_msgs/include/yolo_msgs/yolo_msgs/msg/detail/point2_d__type_support.cpp
[1.193s] -- Up-to-date: /home/mtrn/MTRN4231-T9-1/lab4-main/install/yolo_msgs/include/yolo_msgs/yolo_msgs/msg/detail/detection__type_support.cpp
[1.193s] -- Up-to-date: /home/mtrn/MTRN4231-T9-1/lab4-main/install/yolo_msgs/include/yolo_msgs/yolo_msgs/msg/detail/pose2_d__rosidl_typesupport_introspection_cpp.hpp
[1.193s] -- Up-to-date: /home/mtrn/MTRN4231-T9-1/lab4-main/install/yolo_msgs/include/yolo_msgs/yolo_msgs/msg/detail/key_point3_d__type_support.cpp
[1.193s] -- Up-to-date: /home/mtrn/MTRN4231-T9-1/lab4-main/install/yolo_msgs/include/yolo_msgs/yolo_msgs/msg/detail/vector2__rosidl_typesupport_introspection_cpp.hpp
[1.193s] -- Up-to-date: /home/mtrn/MTRN4231-T9-1/lab4-main/install/yolo_msgs/include/yolo_msgs/yolo_msgs/msg/detail/vector2__type_support.cpp
[1.193s] -- Up-to-date: /home/mtrn/MTRN4231-T9-1/lab4-main/install/yolo_msgs/include/yolo_msgs/yolo_msgs/msg/detail/pose2_d__type_support.cpp
[1.193s] -- Up-to-date: /home/mtrn/MTRN4231-T9-1/lab4-main/install/yolo_msgs/include/yolo_msgs/yolo_msgs/msg/detail/key_point2_d__rosidl_typesupport_introspection_cpp.hpp
[1.193s] -- Up-to-date: /home/mtrn/MTRN4231-T9-1/lab4-main/install/yolo_msgs/include/yolo_msgs/yolo_msgs/msg/detail/key_point3_d__rosidl_typesupport_introspection_cpp.hpp
[1.193s] -- Up-to-date: /home/mtrn/MTRN4231-T9-1/lab4-main/install/yolo_msgs/include/yolo_msgs/yolo_msgs/msg/detail/mask__rosidl_typesupport_introspection_cpp.hpp
[1.193s] -- Up-to-date: /home/mtrn/MTRN4231-T9-1/lab4-main/install/yolo_msgs/include/yolo_msgs/yolo_msgs/msg/detail/point2_d__rosidl_typesupport_introspection_cpp.hpp
[1.193s] -- Up-to-date: /home/mtrn/MTRN4231-T9-1/lab4-main/install/yolo_msgs/include/yolo_msgs/yolo_msgs/msg/detail/key_point3_d_array__rosidl_typesupport_introspection_cpp.hpp
[1.193s] -- Up-to-date: /home/mtrn/MTRN4231-T9-1/lab4-main/install/yolo_msgs/include/yolo_msgs/yolo_msgs/msg/detail/bounding_box2_d__rosidl_typesupport_introspection_cpp.hpp
[1.193s] -- Up-to-date: /home/mtrn/MTRN4231-T9-1/lab4-main/install/yolo_msgs/include/yolo_msgs/yolo_msgs/msg/detail/bounding_box3_d__rosidl_typesupport_introspection_cpp.hpp
[1.193s] -- Up-to-date: /home/mtrn/MTRN4231-T9-1/lab4-main/install/yolo_msgs/include/yolo_msgs/yolo_msgs/msg/detail/mask__type_support.cpp
[1.194s] -- Up-to-date: /home/mtrn/MTRN4231-T9-1/lab4-main/install/yolo_msgs/lib/libyolo_msgs__rosidl_typesupport_introspection_cpp.so
[1.194s] -- Up-to-date: /home/mtrn/MTRN4231-T9-1/lab4-main/install/yolo_msgs/lib/libyolo_msgs__rosidl_typesupport_cpp.so
[1.194s] -- Up-to-date: /home/mtrn/MTRN4231-T9-1/lab4-main/install/yolo_msgs/share/yolo_msgs/environment/pythonpath.sh
[1.194s] -- Up-to-date: /home/mtrn/MTRN4231-T9-1/lab4-main/install/yolo_msgs/share/yolo_msgs/environment/pythonpath.dsv
[1.194s] -- Up-to-date: /home/mtrn/MTRN4231-T9-1/lab4-main/install/yolo_msgs/local/lib/python3.10/dist-packages/yolo_msgs-4.3.1-py3.10.egg-info
[1.194s] -- Installing: /home/mtrn/MTRN4231-T9-1/lab4-main/install/yolo_msgs/local/lib/python3.10/dist-packages/yolo_msgs-4.3.1-py3.10.egg-info/PKG-INFO
[1.194s] -- Installing: /home/mtrn/MTRN4231-T9-1/lab4-main/install/yolo_msgs/local/lib/python3.10/dist-packages/yolo_msgs-4.3.1-py3.10.egg-info/top_level.txt
[1.194s] -- Installing: /home/mtrn/MTRN4231-T9-1/lab4-main/install/yolo_msgs/local/lib/python3.10/dist-packages/yolo_msgs-4.3.1-py3.10.egg-info/dependency_links.txt
[1.194s] -- Installing: /home/mtrn/MTRN4231-T9-1/lab4-main/install/yolo_msgs/local/lib/python3.10/dist-packages/yolo_msgs-4.3.1-py3.10.egg-info/SOURCES.txt
[1.194s] -- Up-to-date: /home/mtrn/MTRN4231-T9-1/lab4-main/install/yolo_msgs/local/lib/python3.10/dist-packages/yolo_msgs
[1.194s] -- Up-to-date: /home/mtrn/MTRN4231-T9-1/lab4-main/install/yolo_msgs/local/lib/python3.10/dist-packages/yolo_msgs/yolo_msgs_s__rosidl_typesupport_fastrtps_c.cpython-310-x86_64-linux-gnu.so
[1.194s] -- Up-to-date: /home/mtrn/MTRN4231-T9-1/lab4-main/install/yolo_msgs/local/lib/python3.10/dist-packages/yolo_msgs/_yolo_msgs_s.ep.rosidl_typesupport_introspection_c.c
[1.194s] -- Up-to-date: /home/mtrn/MTRN4231-T9-1/lab4-main/install/yolo_msgs/local/lib/python3.10/dist-packages/yolo_msgs/libyolo_msgs__rosidl_generator_py.so
[1.194s] -- Up-to-date: /home/mtrn/MTRN4231-T9-1/lab4-main/install/yolo_msgs/local/lib/python3.10/dist-packages/yolo_msgs/_yolo_msgs_s.ep.rosidl_typesupport_fastrtps_c.c
[1.194s] -- Up-to-date: /home/mtrn/MTRN4231-T9-1/lab4-main/install/yolo_msgs/local/lib/python3.10/dist-packages/yolo_msgs/yolo_msgs_s__rosidl_typesupport_c.cpython-310-x86_64-linux-gnu.so
[1.194s] -- Up-to-date: /home/mtrn/MTRN4231-T9-1/lab4-main/install/yolo_msgs/local/lib/python3.10/dist-packages/yolo_msgs/__init__.py
[1.194s] -- Up-to-date: /home/mtrn/MTRN4231-T9-1/lab4-main/install/yolo_msgs/local/lib/python3.10/dist-packages/yolo_msgs/_yolo_msgs_s.ep.rosidl_typesupport_c.c
[1.194s] -- Up-to-date: /home/mtrn/MTRN4231-T9-1/lab4-main/install/yolo_msgs/local/lib/python3.10/dist-packages/yolo_msgs/srv
[1.195s] -- Up-to-date: /home/mtrn/MTRN4231-T9-1/lab4-main/install/yolo_msgs/local/lib/python3.10/dist-packages/yolo_msgs/srv/_set_classes.py
[1.195s] -- Up-to-date: /home/mtrn/MTRN4231-T9-1/lab4-main/install/yolo_msgs/local/lib/python3.10/dist-packages/yolo_msgs/srv/__init__.py
[1.195s] -- Up-to-date: /home/mtrn/MTRN4231-T9-1/lab4-main/install/yolo_msgs/local/lib/python3.10/dist-packages/yolo_msgs/srv/_set_classes_s.c
[1.195s] -- Up-to-date: /home/mtrn/MTRN4231-T9-1/lab4-main/install/yolo_msgs/local/lib/python3.10/dist-packages/yolo_msgs/yolo_msgs_s__rosidl_typesupport_introspection_c.cpython-310-x86_64-linux-gnu.so
[1.195s] -- Up-to-date: /home/mtrn/MTRN4231-T9-1/lab4-main/install/yolo_msgs/local/lib/python3.10/dist-packages/yolo_msgs/msg
[1.195s] -- Up-to-date: /home/mtrn/MTRN4231-T9-1/lab4-main/install/yolo_msgs/local/lib/python3.10/dist-packages/yolo_msgs/msg/_key_point2_d_array.py
[1.195s] -- Up-to-date: /home/mtrn/MTRN4231-T9-1/lab4-main/install/yolo_msgs/local/lib/python3.10/dist-packages/yolo_msgs/msg/_vector2.py
[1.195s] -- Up-to-date: /home/mtrn/MTRN4231-T9-1/lab4-main/install/yolo_msgs/local/lib/python3.10/dist-packages/yolo_msgs/msg/_key_point3_d_s.c
[1.195s] -- Up-to-date: /home/mtrn/MTRN4231-T9-1/lab4-main/install/yolo_msgs/local/lib/python3.10/dist-packages/yolo_msgs/msg/_key_point2_d_s.c
[1.195s] -- Up-to-date: /home/mtrn/MTRN4231-T9-1/lab4-main/install/yolo_msgs/local/lib/python3.10/dist-packages/yolo_msgs/msg/_key_point2_d.py
[1.195s] -- Up-to-date: /home/mtrn/MTRN4231-T9-1/lab4-main/install/yolo_msgs/local/lib/python3.10/dist-packages/yolo_msgs/msg/_detection_array_s.c
[1.195s] -- Up-to-date: /home/mtrn/MTRN4231-T9-1/lab4-main/install/yolo_msgs/local/lib/python3.10/dist-packages/yolo_msgs/msg/_pose2_d.py
[1.195s] -- Up-to-date: /home/mtrn/MTRN4231-T9-1/lab4-main/install/yolo_msgs/local/lib/python3.10/dist-packages/yolo_msgs/msg/_key_point3_d_array.py
[1.195s] -- Up-to-date: /home/mtrn/MTRN4231-T9-1/lab4-main/install/yolo_msgs/local/lib/python3.10/dist-packages/yolo_msgs/msg/_detection_s.c
[1.195s] -- Up-to-date: /home/mtrn/MTRN4231-T9-1/lab4-main/install/yolo_msgs/local/lib/python3.10/dist-packages/yolo_msgs/msg/__init__.py
[1.195s] -- Up-to-date: /home/mtrn/MTRN4231-T9-1/lab4-main/install/yolo_msgs/local/lib/python3.10/dist-packages/yolo_msgs/msg/_key_point3_d_array_s.c
[1.195s] -- Up-to-date: /home/mtrn/MTRN4231-T9-1/lab4-main/install/yolo_msgs/local/lib/python3.10/dist-packages/yolo_msgs/msg/_detection.py
[1.195s] -- Up-to-date: /home/mtrn/MTRN4231-T9-1/lab4-main/install/yolo_msgs/local/lib/python3.10/dist-packages/yolo_msgs/msg/_point2_d_s.c
[1.196s] -- Up-to-date: /home/mtrn/MTRN4231-T9-1/lab4-main/install/yolo_msgs/local/lib/python3.10/dist-packages/yolo_msgs/msg/_bounding_box3_d_s.c
[1.196s] -- Up-to-date: /home/mtrn/MTRN4231-T9-1/lab4-main/install/yolo_msgs/local/lib/python3.10/dist-packages/yolo_msgs/msg/_bounding_box2_d.py
[1.196s] -- Up-to-date: /home/mtrn/MTRN4231-T9-1/lab4-main/install/yolo_msgs/local/lib/python3.10/dist-packages/yolo_msgs/msg/_bounding_box2_d_s.c
[1.196s] -- Up-to-date: /home/mtrn/MTRN4231-T9-1/lab4-main/install/yolo_msgs/local/lib/python3.10/dist-packages/yolo_msgs/msg/_pose2_d_s.c
[1.196s] -- Up-to-date: /home/mtrn/MTRN4231-T9-1/lab4-main/install/yolo_msgs/local/lib/python3.10/dist-packages/yolo_msgs/msg/_detection_array.py
[1.196s] -- Up-to-date: /home/mtrn/MTRN4231-T9-1/lab4-main/install/yolo_msgs/local/lib/python3.10/dist-packages/yolo_msgs/msg/_point2_d.py
[1.196s] -- Up-to-date: /home/mtrn/MTRN4231-T9-1/lab4-main/install/yolo_msgs/local/lib/python3.10/dist-packages/yolo_msgs/msg/_key_point2_d_array_s.c
[1.196s] -- Up-to-date: /home/mtrn/MTRN4231-T9-1/lab4-main/install/yolo_msgs/local/lib/python3.10/dist-packages/yolo_msgs/msg/_mask.py
[1.196s] -- Up-to-date: /home/mtrn/MTRN4231-T9-1/lab4-main/install/yolo_msgs/local/lib/python3.10/dist-packages/yolo_msgs/msg/_bounding_box3_d.py
[1.196s] -- Up-to-date: /home/mtrn/MTRN4231-T9-1/lab4-main/install/yolo_msgs/local/lib/python3.10/dist-packages/yolo_msgs/msg/_mask_s.c
[1.196s] -- Up-to-date: /home/mtrn/MTRN4231-T9-1/lab4-main/install/yolo_msgs/local/lib/python3.10/dist-packages/yolo_msgs/msg/_key_point3_d.py
[1.196s] -- Up-to-date: /home/mtrn/MTRN4231-T9-1/lab4-main/install/yolo_msgs/local/lib/python3.10/dist-packages/yolo_msgs/msg/_vector2_s.c
[1.205s] Listing '/home/mtrn/MTRN4231-T9-1/lab4-main/install/yolo_msgs/local/lib/python3.10/dist-packages/yolo_msgs'...
[1.205s] Listing '/home/mtrn/MTRN4231-T9-1/lab4-main/install/yolo_msgs/local/lib/python3.10/dist-packages/yolo_msgs/msg'...
[1.205s] Listing '/home/mtrn/MTRN4231-T9-1/lab4-main/install/yolo_msgs/local/lib/python3.10/dist-packages/yolo_msgs/srv'...
[1.209s] -- Up-to-date: /home/mtrn/MTRN4231-T9-1/lab4-main/install/yolo_msgs/local/lib/python3.10/dist-packages/yolo_msgs/yolo_msgs_s__rosidl_typesupport_fastrtps_c.cpython-310-x86_64-linux-gnu.so
[1.209s] -- Up-to-date: /home/mtrn/MTRN4231-T9-1/lab4-main/install/yolo_msgs/local/lib/python3.10/dist-packages/yolo_msgs/yolo_msgs_s__rosidl_typesupport_introspection_c.cpython-310-x86_64-linux-gnu.so
[1.209s] -- Up-to-date: /home/mtrn/MTRN4231-T9-1/lab4-main/install/yolo_msgs/local/lib/python3.10/dist-packages/yolo_msgs/yolo_msgs_s__rosidl_typesupport_c.cpython-310-x86_64-linux-gnu.so
[1.209s] -- Up-to-date: /home/mtrn/MTRN4231-T9-1/lab4-main/install/yolo_msgs/lib/libyolo_msgs__rosidl_generator_py.so
[1.209s] -- Up-to-date: /home/mtrn/MTRN4231-T9-1/lab4-main/install/yolo_msgs/share/yolo_msgs/msg/Point2D.idl
[1.209s] -- Up-to-date: /home/mtrn/MTRN4231-T9-1/lab4-main/install/yolo_msgs/share/yolo_msgs/msg/Vector2.idl
[1.209s] -- Up-to-date: /home/mtrn/MTRN4231-T9-1/lab4-main/install/yolo_msgs/share/yolo_msgs/msg/Pose2D.idl
[1.210s] -- Up-to-date: /home/mtrn/MTRN4231-T9-1/lab4-main/install/yolo_msgs/share/yolo_msgs/msg/BoundingBox2D.idl
[1.210s] -- Up-to-date: /home/mtrn/MTRN4231-T9-1/lab4-main/install/yolo_msgs/share/yolo_msgs/msg/BoundingBox3D.idl
[1.210s] -- Up-to-date: /home/mtrn/MTRN4231-T9-1/lab4-main/install/yolo_msgs/share/yolo_msgs/msg/Mask.idl
[1.210s] -- Up-to-date: /home/mtrn/MTRN4231-T9-1/lab4-main/install/yolo_msgs/share/yolo_msgs/msg/KeyPoint2D.idl
[1.210s] -- Up-to-date: /home/mtrn/MTRN4231-T9-1/lab4-main/install/yolo_msgs/share/yolo_msgs/msg/KeyPoint2DArray.idl
[1.210s] -- Up-to-date: /home/mtrn/MTRN4231-T9-1/lab4-main/install/yolo_msgs/share/yolo_msgs/msg/KeyPoint3D.idl
[1.210s] -- Up-to-date: /home/mtrn/MTRN4231-T9-1/lab4-main/install/yolo_msgs/share/yolo_msgs/msg/KeyPoint3DArray.idl
[1.210s] -- Up-to-date: /home/mtrn/MTRN4231-T9-1/lab4-main/install/yolo_msgs/share/yolo_msgs/msg/Detection.idl
[1.210s] -- Up-to-date: /home/mtrn/MTRN4231-T9-1/lab4-main/install/yolo_msgs/share/yolo_msgs/msg/DetectionArray.idl
[1.210s] -- Up-to-date: /home/mtrn/MTRN4231-T9-1/lab4-main/install/yolo_msgs/share/yolo_msgs/srv/SetClasses.idl
[1.211s] -- Up-to-date: /home/mtrn/MTRN4231-T9-1/lab4-main/install/yolo_msgs/share/yolo_msgs/msg/Point2D.msg
[1.211s] -- Up-to-date: /home/mtrn/MTRN4231-T9-1/lab4-main/install/yolo_msgs/share/yolo_msgs/msg/Vector2.msg
[1.211s] -- Up-to-date: /home/mtrn/MTRN4231-T9-1/lab4-main/install/yolo_msgs/share/yolo_msgs/msg/Pose2D.msg
[1.211s] -- Up-to-date: /home/mtrn/MTRN4231-T9-1/lab4-main/install/yolo_msgs/share/yolo_msgs/msg/BoundingBox2D.msg
[1.211s] -- Up-to-date: /home/mtrn/MTRN4231-T9-1/lab4-main/install/yolo_msgs/share/yolo_msgs/msg/BoundingBox3D.msg
[1.211s] -- Up-to-date: /home/mtrn/MTRN4231-T9-1/lab4-main/install/yolo_msgs/share/yolo_msgs/msg/Mask.msg
[1.211s] -- Up-to-date: /home/mtrn/MTRN4231-T9-1/lab4-main/install/yolo_msgs/share/yolo_msgs/msg/KeyPoint2D.msg
[1.211s] -- Up-to-date: /home/mtrn/MTRN4231-T9-1/lab4-main/install/yolo_msgs/share/yolo_msgs/msg/KeyPoint2DArray.msg
[1.211s] -- Up-to-date: /home/mtrn/MTRN4231-T9-1/lab4-main/install/yolo_msgs/share/yolo_msgs/msg/KeyPoint3D.msg
[1.211s] -- Up-to-date: /home/mtrn/MTRN4231-T9-1/lab4-main/install/yolo_msgs/share/yolo_msgs/msg/KeyPoint3DArray.msg
[1.211s] -- Up-to-date: /home/mtrn/MTRN4231-T9-1/lab4-main/install/yolo_msgs/share/yolo_msgs/msg/Detection.msg
[1.211s] -- Up-to-date: /home/mtrn/MTRN4231-T9-1/lab4-main/install/yolo_msgs/share/yolo_msgs/msg/DetectionArray.msg
[1.212s] -- Up-to-date: /home/mtrn/MTRN4231-T9-1/lab4-main/install/yolo_msgs/share/yolo_msgs/srv/SetClasses.srv
[1.212s] -- Up-to-date: /home/mtrn/MTRN4231-T9-1/lab4-main/install/yolo_msgs/share/yolo_msgs/srv/SetClasses_Request.msg
[1.212s] -- Up-to-date: /home/mtrn/MTRN4231-T9-1/lab4-main/install/yolo_msgs/share/yolo_msgs/srv/SetClasses_Response.msg
[1.212s] -- Up-to-date: /home/mtrn/MTRN4231-T9-1/lab4-main/install/yolo_msgs/share/ament_index/resource_index/package_run_dependencies/yolo_msgs
[1.212s] -- Up-to-date: /home/mtrn/MTRN4231-T9-1/lab4-main/install/yolo_msgs/share/ament_index/resource_index/parent_prefix_path/yolo_msgs
[1.212s] -- Up-to-date: /home/mtrn/MTRN4231-T9-1/lab4-main/install/yolo_msgs/share/yolo_msgs/environment/ament_prefix_path.sh
[1.212s] -- Up-to-date: /home/mtrn/MTRN4231-T9-1/lab4-main/install/yolo_msgs/share/yolo_msgs/environment/ament_prefix_path.dsv
[1.212s] -- Up-to-date: /home/mtrn/MTRN4231-T9-1/lab4-main/install/yolo_msgs/share/yolo_msgs/environment/path.sh
[1.212s] -- Up-to-date: /home/mtrn/MTRN4231-T9-1/lab4-main/install/yolo_msgs/share/yolo_msgs/environment/path.dsv
[1.212s] -- Up-to-date: /home/mtrn/MTRN4231-T9-1/lab4-main/install/yolo_msgs/share/yolo_msgs/local_setup.bash
[1.212s] -- Up-to-date: /home/mtrn/MTRN4231-T9-1/lab4-main/install/yolo_msgs/share/yolo_msgs/local_setup.sh
[1.212s] -- Up-to-date: /home/mtrn/MTRN4231-T9-1/lab4-main/install/yolo_msgs/share/yolo_msgs/local_setup.zsh
[1.212s] -- Up-to-date: /home/mtrn/MTRN4231-T9-1/lab4-main/install/yolo_msgs/share/yolo_msgs/local_setup.dsv
[1.212s] -- Installing: /home/mtrn/MTRN4231-T9-1/lab4-main/install/yolo_msgs/share/yolo_msgs/package.dsv
[1.212s] -- Up-to-date: /home/mtrn/MTRN4231-T9-1/lab4-main/install/yolo_msgs/share/ament_index/resource_index/packages/yolo_msgs
[1.212s] -- Up-to-date: /home/mtrn/MTRN4231-T9-1/lab4-main/install/yolo_msgs/share/yolo_msgs/cmake/export_yolo_msgs__rosidl_generator_cExport.cmake
[1.213s] -- Up-to-date: /home/mtrn/MTRN4231-T9-1/lab4-main/install/yolo_msgs/share/yolo_msgs/cmake/export_yolo_msgs__rosidl_generator_cExport-noconfig.cmake
[1.213s] -- Up-to-date: /home/mtrn/MTRN4231-T9-1/lab4-main/install/yolo_msgs/share/yolo_msgs/cmake/export_yolo_msgs__rosidl_typesupport_fastrtps_cExport.cmake
[1.213s] -- Up-to-date: /home/mtrn/MTRN4231-T9-1/lab4-main/install/yolo_msgs/share/yolo_msgs/cmake/export_yolo_msgs__rosidl_typesupport_fastrtps_cExport-noconfig.cmake
[1.213s] -- Up-to-date: /home/mtrn/MTRN4231-T9-1/lab4-main/install/yolo_msgs/share/yolo_msgs/cmake/yolo_msgs__rosidl_typesupport_introspection_cExport.cmake
[1.213s] -- Up-to-date: /home/mtrn/MTRN4231-T9-1/lab4-main/install/yolo_msgs/share/yolo_msgs/cmake/yolo_msgs__rosidl_typesupport_introspection_cExport-noconfig.cmake
[1.213s] -- Up-to-date: /home/mtrn/MTRN4231-T9-1/lab4-main/install/yolo_msgs/share/yolo_msgs/cmake/yolo_msgs__rosidl_typesupport_cExport.cmake
[1.213s] -- Up-to-date: /home/mtrn/MTRN4231-T9-1/lab4-main/install/yolo_msgs/share/yolo_msgs/cmake/yolo_msgs__rosidl_typesupport_cExport-noconfig.cmake
[1.213s] -- Up-to-date: /home/mtrn/MTRN4231-T9-1/lab4-main/install/yolo_msgs/share/yolo_msgs/cmake/export_yolo_msgs__rosidl_generator_cppExport.cmake
[1.213s] -- Up-to-date: /home/mtrn/MTRN4231-T9-1/lab4-main/install/yolo_msgs/share/yolo_msgs/cmake/export_yolo_msgs__rosidl_typesupport_fastrtps_cppExport.cmake
[1.213s] -- Up-to-date: /home/mtrn/MTRN4231-T9-1/lab4-main/install/yolo_msgs/share/yolo_msgs/cmake/export_yolo_msgs__rosidl_typesupport_fastrtps_cppExport-noconfig.cmake
[1.213s] -- Up-to-date: /home/mtrn/MTRN4231-T9-1/lab4-main/install/yolo_msgs/share/yolo_msgs/cmake/yolo_msgs__rosidl_typesupport_introspection_cppExport.cmake
[1.213s] -- Up-to-date: /home/mtrn/MTRN4231-T9-1/lab4-main/install/yolo_msgs/share/yolo_msgs/cmake/yolo_msgs__rosidl_typesupport_introspection_cppExport-noconfig.cmake
[1.213s] -- Up-to-date: /home/mtrn/MTRN4231-T9-1/lab4-main/install/yolo_msgs/share/yolo_msgs/cmake/yolo_msgs__rosidl_typesupport_cppExport.cmake
[1.213s] -- Up-to-date: /home/mtrn/MTRN4231-T9-1/lab4-main/install/yolo_msgs/share/yolo_msgs/cmake/yolo_msgs__rosidl_typesupport_cppExport-noconfig.cmake
[1.213s] -- Up-to-date: /home/mtrn/MTRN4231-T9-1/lab4-main/install/yolo_msgs/share/yolo_msgs/cmake/export_yolo_msgs__rosidl_generator_pyExport.cmake
[1.213s] -- Up-to-date: /home/mtrn/MTRN4231-T9-1/lab4-main/install/yolo_msgs/share/yolo_msgs/cmake/export_yolo_msgs__rosidl_generator_pyExport-noconfig.cmake
[1.213s] -- Up-to-date: /home/mtrn/MTRN4231-T9-1/lab4-main/install/yolo_msgs/share/yolo_msgs/cmake/rosidl_cmake-extras.cmake
[1.213s] -- Up-to-date: /home/mtrn/MTRN4231-T9-1/lab4-main/install/yolo_msgs/share/yolo_msgs/cmake/ament_cmake_export_dependencies-extras.cmake
[1.213s] -- Up-to-date: /home/mtrn/MTRN4231-T9-1/lab4-main/install/yolo_msgs/share/yolo_msgs/cmake/ament_cmake_export_include_directories-extras.cmake
[1.214s] -- Up-to-date: /home/mtrn/MTRN4231-T9-1/lab4-main/install/yolo_msgs/share/yolo_msgs/cmake/ament_cmake_export_libraries-extras.cmake
[1.214s] -- Up-to-date: /home/mtrn/MTRN4231-T9-1/lab4-main/install/yolo_msgs/share/yolo_msgs/cmake/ament_cmake_export_targets-extras.cmake
[1.214s] -- Up-to-date: /home/mtrn/MTRN4231-T9-1/lab4-main/install/yolo_msgs/share/yolo_msgs/cmake/rosidl_cmake_export_typesupport_targets-extras.cmake
[1.214s] -- Up-to-date: /home/mtrn/MTRN4231-T9-1/lab4-main/install/yolo_msgs/share/yolo_msgs/cmake/rosidl_cmake_export_typesupport_libraries-extras.cmake
[1.214s] -- Up-to-date: /home/mtrn/MTRN4231-T9-1/lab4-main/install/yolo_msgs/share/yolo_msgs/cmake/yolo_msgsConfig.cmake
[1.214s] -- Up-to-date: /home/mtrn/MTRN4231-T9-1/lab4-main/install/yolo_msgs/share/yolo_msgs/cmake/yolo_msgsConfig-version.cmake
[1.214s] -- Up-to-date: /home/mtrn/MTRN4231-T9-1/lab4-main/install/yolo_msgs/share/yolo_msgs/package.xml
[1.224s] Invoked command in '/home/mtrn/MTRN4231-T9-1/lab4-main/build/yolo_msgs' returned '0': CMAKE_PREFIX_PATH=${CMAKE_PREFIX_PATH}:/home/mtrn/MTRN4231-T9-1/lab4-main/install/yolo_ros:/home/mtrn/MTRN4231-T9-1/lab4-main/install/lab4_perception_example:/opt/ros/humble /home/mtrn/.local/bin/cmake --install /home/mtrn/MTRN4231-T9-1/lab4-main/build/yolo_msgs
