[0.710s] Invoking command in '/home/mtrn/MTRN4231-T9-1/lab4-main/src/lab4_perception_example': PYTHONPATH=/home/mtrn/MTRN4231-T9-1/lab4-main/build/lab4_perception_example/prefix_override:/usr/lib/python3/dist-packages/colcon_core/task/python/colcon_distutils_commands:/home/mtrn/MTRN4231-T9-1/lab4-main/install/lab4_perception_example/lib/python3.10/site-packages:${PYTHONPATH} /usr/bin/python3 -W ignore:setup.py install is deprecated setup.py egg_info --egg-base ../../build/lab4_perception_example build --build-base /home/mtrn/MTRN4231-T9-1/lab4-main/build/lab4_perception_example/build install --record /home/mtrn/MTRN4231-T9-1/lab4-main/build/lab4_perception_example/install.log --single-version-externally-managed install_data
[0.937s] running egg_info
[0.937s] writing ../../build/lab4_perception_example/lab4_perception_example.egg-info/PKG-INFO
[0.937s] writing dependency_links to ../../build/lab4_perception_example/lab4_perception_example.egg-info/dependency_links.txt
[0.938s] writing entry points to ../../build/lab4_perception_example/lab4_perception_example.egg-info/entry_points.txt
[0.938s] writing requirements to ../../build/lab4_perception_example/lab4_perception_example.egg-info/requires.txt
[0.938s] writing top-level names to ../../build/lab4_perception_example/lab4_perception_example.egg-info/top_level.txt
[0.939s] reading manifest file '../../build/lab4_perception_example/lab4_perception_example.egg-info/SOURCES.txt'
[0.939s] adding license file 'LICENSE'
[0.940s] writing manifest file '../../build/lab4_perception_example/lab4_perception_example.egg-info/SOURCES.txt'
[0.940s] running build
[0.940s] running build_py
[0.940s] copying lab4_perception_example/perception_example.py -> /home/mtrn/MTRN4231-T9-1/lab4-main/build/lab4_perception_example/build/lib/lab4_perception_example
[0.940s] running install
[0.940s] running install_lib
[0.941s] copying /home/mtrn/MTRN4231-T9-1/lab4-main/build/lab4_perception_example/build/lib/lab4_perception_example/perception_example.py -> /home/mtrn/MTRN4231-T9-1/lab4-main/install/lab4_perception_example/lib/python3.10/site-packages/lab4_perception_example
[0.941s] byte-compiling /home/mtrn/MTRN4231-T9-1/lab4-main/install/lab4_perception_example/lib/python3.10/site-packages/lab4_perception_example/perception_example.py to perception_example.cpython-310.pyc
[0.943s] running install_data
[0.943s] running install_egg_info
[0.944s] removing '/home/mtrn/MTRN4231-T9-1/lab4-main/install/lab4_perception_example/lib/python3.10/site-packages/lab4_perception_example-0.0.0-py3.10.egg-info' (and everything under it)
[0.944s] Copying ../../build/lab4_perception_example/lab4_perception_example.egg-info to /home/mtrn/MTRN4231-T9-1/lab4-main/install/lab4_perception_example/lib/python3.10/site-packages/lab4_perception_example-0.0.0-py3.10.egg-info
[0.945s] running install_scripts
[0.962s] Installing perception_example script to /home/mtrn/MTRN4231-T9-1/lab4-main/install/lab4_perception_example/lib/lab4_perception_example
[0.962s] writing list of installed files to '/home/mtrn/MTRN4231-T9-1/lab4-main/build/lab4_perception_example/install.log'
[0.985s] Invoked command in '/home/mtrn/MTRN4231-T9-1/lab4-main/src/lab4_perception_example' returned '0': PYTHONPATH=/home/mtrn/MTRN4231-T9-1/lab4-main/build/lab4_perception_example/prefix_override:/usr/lib/python3/dist-packages/colcon_core/task/python/colcon_distutils_commands:/home/mtrn/MTRN4231-T9-1/lab4-main/install/lab4_perception_example/lib/python3.10/site-packages:${PYTHONPATH} /usr/bin/python3 -W ignore:setup.py install is deprecated setup.py egg_info --egg-base ../../build/lab4_perception_example build --build-base /home/mtrn/MTRN4231-T9-1/lab4-main/build/lab4_perception_example/build install --record /home/mtrn/MTRN4231-T9-1/lab4-main/build/lab4_perception_example/install.log --single-version-externally-managed install_data
