running egg_info
writing ../../build/depth_camera/depth_camera.egg-info/PKG-INFO
writing dependency_links to ../../build/depth_camera/depth_camera.egg-info/dependency_links.txt
writing entry points to ../../build/depth_camera/depth_camera.egg-info/entry_points.txt
writing requirements to ../../build/depth_camera/depth_camera.egg-info/requires.txt
writing top-level names to ../../build/depth_camera/depth_camera.egg-info/top_level.txt
reading manifest file '../../build/depth_camera/depth_camera.egg-info/SOURCES.txt'
adding license file 'LICENSE'
writing manifest file '../../build/depth_camera/depth_camera.egg-info/SOURCES.txt'
running build
running build_py
copying depth_camera/camera_tf.py -> /home/ryan/unsw/MTRN4231_group/tictactoe-bot/build/depth_camera/build/lib/depth_camera
running install
running install_lib
copying /home/ryan/unsw/MTRN4231_group/tictactoe-bot/build/depth_camera/build/lib/depth_camera/camera_tf.py -> /home/ryan/unsw/MTRN4231_group/tictactoe-bot/install/depth_camera/lib/python3.10/site-packages/depth_camera
byte-compiling /home/ryan/unsw/MTRN4231_group/tictactoe-bot/install/depth_camera/lib/python3.10/site-packages/depth_camera/camera_tf.py to camera_tf.cpython-310.pyc
running install_data
running install_egg_info
removing '/home/ryan/unsw/MTRN4231_group/tictactoe-bot/install/depth_camera/lib/python3.10/site-packages/depth_camera-0.0.0-py3.10.egg-info' (and everything under it)
Copying ../../build/depth_camera/depth_camera.egg-info to /home/ryan/unsw/MTRN4231_group/tictactoe-bot/install/depth_camera/lib/python3.10/site-packages/depth_camera-0.0.0-py3.10.egg-info
running install_scripts
Installing OOI_tf script to /home/ryan/unsw/MTRN4231_group/tictactoe-bot/install/depth_camera/lib/depth_camera
Installing camera_tf script to /home/ryan/unsw/MTRN4231_group/tictactoe-bot/install/depth_camera/lib/depth_camera
Installing detection script to /home/ryan/unsw/MTRN4231_group/tictactoe-bot/install/depth_camera/lib/depth_camera
Installing visualisation script to /home/ryan/unsw/MTRN4231_group/tictactoe-bot/install/depth_camera/lib/depth_camera
writing list of installed files to '/home/ryan/unsw/MTRN4231_group/tictactoe-bot/build/depth_camera/install.log'
