[0.713s] Invoking command in '/home/mtrn/MTRN4231-sherry_urdf/visualization': PYTHONPATH=/home/mtrn/MTRN4231-sherry_urdf/visualization/build/visualization/prefix_override:/usr/lib/python3/dist-packages/colcon_core/task/python/colcon_distutils_commands:/home/mtrn/MTRN4231-sherry_urdf/visualization/install/visualization/lib/python3.10/site-packages:${PYTHONPATH} /usr/bin/python3 -W ignore:setup.py install is deprecated setup.py egg_info --egg-base build/visualization build --build-base /home/mtrn/MTRN4231-sherry_urdf/visualization/build/visualization/build install --record /home/mtrn/MTRN4231-sherry_urdf/visualization/build/visualization/install.log --single-version-externally-managed install_data
[0.954s] running egg_info
[0.955s] writing build/visualization/visualization.egg-info/PKG-INFO
[0.956s] writing dependency_links to build/visualization/visualization.egg-info/dependency_links.txt
[0.956s] writing entry points to build/visualization/visualization.egg-info/entry_points.txt
[0.956s] writing requirements to build/visualization/visualization.egg-info/requires.txt
[0.956s] writing top-level names to build/visualization/visualization.egg-info/top_level.txt
[0.957s] reading manifest file 'build/visualization/visualization.egg-info/SOURCES.txt'
[0.958s] writing manifest file 'build/visualization/visualization.egg-info/SOURCES.txt'
[0.958s] running build
[0.958s] running build_py
[0.958s] running install
[0.958s] running install_lib
[0.959s] running install_data
[0.960s] copying launch/visualization.launch.py -> /home/mtrn/MTRN4231-sherry_urdf/visualization/install/visualization/share/visualization/launch
[0.960s] running install_egg_info
[0.961s] removing '/home/mtrn/MTRN4231-sherry_urdf/visualization/install/visualization/lib/python3.10/site-packages/visualization-0.0.0-py3.10.egg-info' (and everything under it)
[0.962s] Copying build/visualization/visualization.egg-info to /home/mtrn/MTRN4231-sherry_urdf/visualization/install/visualization/lib/python3.10/site-packages/visualization-0.0.0-py3.10.egg-info
[0.962s] running install_scripts
[0.981s] Installing attach_gripper script to /home/mtrn/MTRN4231-sherry_urdf/visualization/install/visualization/lib/visualization
[0.981s] writing list of installed files to '/home/mtrn/MTRN4231-sherry_urdf/visualization/build/visualization/install.log'
[1.009s] Invoked command in '/home/mtrn/MTRN4231-sherry_urdf/visualization' returned '0': PYTHONPATH=/home/mtrn/MTRN4231-sherry_urdf/visualization/build/visualization/prefix_override:/usr/lib/python3/dist-packages/colcon_core/task/python/colcon_distutils_commands:/home/mtrn/MTRN4231-sherry_urdf/visualization/install/visualization/lib/python3.10/site-packages:${PYTHONPATH} /usr/bin/python3 -W ignore:setup.py install is deprecated setup.py egg_info --egg-base build/visualization build --build-base /home/mtrn/MTRN4231-sherry_urdf/visualization/build/visualization/build install --record /home/mtrn/MTRN4231-sherry_urdf/visualization/build/visualization/install.log --single-version-externally-managed install_data
