[1.150s] Invoking command in '/home/mtrn/t1_ws/src/my_robot_cv': PYTHONPATH=/home/mtrn/t1_ws/build/my_robot_cv/prefix_override:/usr/lib/python3/dist-packages/colcon_core/task/python/colcon_distutils_commands:/home/mtrn/t1_ws/install/my_robot_cv/lib/python3.10/site-packages:${PYTHONPATH} /usr/bin/python3 -W ignore:setup.py install is deprecated setup.py egg_info --egg-base ../../build/my_robot_cv build --build-base /home/mtrn/t1_ws/build/my_robot_cv/build install --record /home/mtrn/t1_ws/build/my_robot_cv/install.log --single-version-externally-managed install_data
[1.633s] running egg_info
[1.651s] writing ../../build/my_robot_cv/my_robot_cv.egg-info/PKG-INFO
[1.651s] writing dependency_links to ../../build/my_robot_cv/my_robot_cv.egg-info/dependency_links.txt
[1.651s] writing entry points to ../../build/my_robot_cv/my_robot_cv.egg-info/entry_points.txt
[1.652s] writing requirements to ../../build/my_robot_cv/my_robot_cv.egg-info/requires.txt
[1.652s] writing top-level names to ../../build/my_robot_cv/my_robot_cv.egg-info/top_level.txt
[1.688s] reading manifest file '../../build/my_robot_cv/my_robot_cv.egg-info/SOURCES.txt'
[1.689s] writing manifest file '../../build/my_robot_cv/my_robot_cv.egg-info/SOURCES.txt'
[1.689s] running build
[1.689s] running build_py
[1.689s] copying my_robot_cv/object_recognizer.py -> /home/mtrn/t1_ws/build/my_robot_cv/build/lib/my_robot_cv
[1.690s] running install
[1.694s] running install_lib
[1.713s] copying /home/mtrn/t1_ws/build/my_robot_cv/build/lib/my_robot_cv/object_recognizer.py -> /home/mtrn/t1_ws/install/my_robot_cv/lib/python3.10/site-packages/my_robot_cv
[1.714s] byte-compiling /home/mtrn/t1_ws/install/my_robot_cv/lib/python3.10/site-packages/my_robot_cv/object_recognizer.py to object_recognizer.cpython-310.pyc
[1.716s] running install_data
[1.716s] copying package.xml -> /home/mtrn/t1_ws/install/my_robot_cv/share/my_robot_cv
[1.716s] running install_egg_info
[1.733s] removing '/home/mtrn/t1_ws/install/my_robot_cv/lib/python3.10/site-packages/my_robot_cv-0.0.0-py3.10.egg-info' (and everything under it)
[1.734s] Copying ../../build/my_robot_cv/my_robot_cv.egg-info to /home/mtrn/t1_ws/install/my_robot_cv/lib/python3.10/site-packages/my_robot_cv-0.0.0-py3.10.egg-info
[1.734s] running install_scripts
[1.799s] Installing object_recognizer script to /home/mtrn/t1_ws/install/my_robot_cv/lib/my_robot_cv
[1.799s] writing list of installed files to '/home/mtrn/t1_ws/build/my_robot_cv/install.log'
[1.854s] Invoked command in '/home/mtrn/t1_ws/src/my_robot_cv' returned '0': PYTHONPATH=/home/mtrn/t1_ws/build/my_robot_cv/prefix_override:/usr/lib/python3/dist-packages/colcon_core/task/python/colcon_distutils_commands:/home/mtrn/t1_ws/install/my_robot_cv/lib/python3.10/site-packages:${PYTHONPATH} /usr/bin/python3 -W ignore:setup.py install is deprecated setup.py egg_info --egg-base ../../build/my_robot_cv build --build-base /home/mtrn/t1_ws/build/my_robot_cv/build install --record /home/mtrn/t1_ws/build/my_robot_cv/install.log --single-version-externally-managed install_data
