[0.035s] Invoking command in '/home/ryan/unsw/MTRN4231_group/tictactoe-bot/build/arm': CMAKE_PREFIX_PATH=${CMAKE_PREFIX_PATH}:/home/ryan/unsw/MTRN4231_group/tictactoe-bot/install/depth_camera:/home/ryan/ros2_packages/install/yolo_ros:/home/ryan/ws_moveit2/install/moveit_configs_utils:/home/ryan/unsw/MTRN4231/4231SuppliedCode/4231_demo_packages/install/demo_launch_param:/opt/ros/humble /usr/bin/cmake --build /home/ryan/unsw/MTRN4231_group/tictactoe-bot/build/arm -- -j8 -l8
[0.158s] [100%] Built target arm_moveit_server
[0.415s] Invoked command in '/home/ryan/unsw/MTRN4231_group/tictactoe-bot/build/arm' returned '0': CMAKE_PREFIX_PATH=${CMAKE_PREFIX_PATH}:/home/ryan/unsw/MTRN4231_group/tictactoe-bot/install/depth_camera:/home/ryan/ros2_packages/install/yolo_ros:/home/ryan/ws_moveit2/install/moveit_configs_utils:/home/ryan/unsw/MTRN4231/4231SuppliedCode/4231_demo_packages/install/demo_launch_param:/opt/ros/humble /usr/bin/cmake --build /home/ryan/unsw/MTRN4231_group/tictactoe-bot/build/arm -- -j8 -l8
[0.434s] Invoking command in '/home/ryan/unsw/MTRN4231_group/tictactoe-bot/build/arm': CMAKE_PREFIX_PATH=${CMAKE_PREFIX_PATH}:/home/ryan/unsw/MTRN4231_group/tictactoe-bot/install/depth_camera:/home/ryan/ros2_packages/install/yolo_ros:/home/ryan/ws_moveit2/install/moveit_configs_utils:/home/ryan/unsw/MTRN4231/4231SuppliedCode/4231_demo_packages/install/demo_launch_param:/opt/ros/humble /usr/bin/cmake --install /home/ryan/unsw/MTRN4231_group/tictactoe-bot/build/arm
[0.448s] -- Install configuration: ""
[0.449s] -- Up-to-date: /home/ryan/unsw/MTRN4231_group/tictactoe-bot/install/arm/lib/arm/arm_moveit_server
[0.449s] -- Up-to-date: /home/ryan/unsw/MTRN4231_group/tictactoe-bot/install/arm/share/arm//launch
[0.449s] -- Up-to-date: /home/ryan/unsw/MTRN4231_group/tictactoe-bot/install/arm/share/arm//launch/arm.launch.py
[0.449s] -- Up-to-date: /home/ryan/unsw/MTRN4231_group/tictactoe-bot/install/arm/share/ament_index/resource_index/package_run_dependencies/arm
[0.450s] -- Up-to-date: /home/ryan/unsw/MTRN4231_group/tictactoe-bot/install/arm/share/ament_index/resource_index/parent_prefix_path/arm
[0.450s] -- Up-to-date: /home/ryan/unsw/MTRN4231_group/tictactoe-bot/install/arm/share/arm/environment/ament_prefix_path.sh
[0.450s] -- Up-to-date: /home/ryan/unsw/MTRN4231_group/tictactoe-bot/install/arm/share/arm/environment/ament_prefix_path.dsv
[0.450s] -- Up-to-date: /home/ryan/unsw/MTRN4231_group/tictactoe-bot/install/arm/share/arm/environment/path.sh
[0.450s] -- Up-to-date: /home/ryan/unsw/MTRN4231_group/tictactoe-bot/install/arm/share/arm/environment/path.dsv
[0.450s] -- Up-to-date: /home/ryan/unsw/MTRN4231_group/tictactoe-bot/install/arm/share/arm/local_setup.bash
[0.451s] -- Up-to-date: /home/ryan/unsw/MTRN4231_group/tictactoe-bot/install/arm/share/arm/local_setup.sh
[0.451s] -- Up-to-date: /home/ryan/unsw/MTRN4231_group/tictactoe-bot/install/arm/share/arm/local_setup.zsh
[0.451s] -- Up-to-date: /home/ryan/unsw/MTRN4231_group/tictactoe-bot/install/arm/share/arm/local_setup.dsv
[0.451s] -- Installing: /home/ryan/unsw/MTRN4231_group/tictactoe-bot/install/arm/share/arm/package.dsv
[0.451s] -- Up-to-date: /home/ryan/unsw/MTRN4231_group/tictactoe-bot/install/arm/share/ament_index/resource_index/packages/arm
[0.451s] -- Up-to-date: /home/ryan/unsw/MTRN4231_group/tictactoe-bot/install/arm/share/arm/cmake/armConfig.cmake
[0.452s] -- Up-to-date: /home/ryan/unsw/MTRN4231_group/tictactoe-bot/install/arm/share/arm/cmake/armConfig-version.cmake
[0.452s] -- Up-to-date: /home/ryan/unsw/MTRN4231_group/tictactoe-bot/install/arm/share/arm/package.xml
[0.453s] Invoked command in '/home/ryan/unsw/MTRN4231_group/tictactoe-bot/build/arm' returned '0': CMAKE_PREFIX_PATH=${CMAKE_PREFIX_PATH}:/home/ryan/unsw/MTRN4231_group/tictactoe-bot/install/depth_camera:/home/ryan/ros2_packages/install/yolo_ros:/home/ryan/ws_moveit2/install/moveit_configs_utils:/home/ryan/unsw/MTRN4231/4231SuppliedCode/4231_demo_packages/install/demo_launch_param:/opt/ros/humble /usr/bin/cmake --install /home/ryan/unsw/MTRN4231_group/tictactoe-bot/build/arm
