running egg_info
creating ../../build/lab4_perception_example/lab4_perception_example.egg-info
writing ../../build/lab4_perception_example/lab4_perception_example.egg-info/PKG-INFO
writing dependency_links to ../../build/lab4_perception_example/lab4_perception_example.egg-info/dependency_links.txt
writing entry points to ../../build/lab4_perception_example/lab4_perception_example.egg-info/entry_points.txt
writing requirements to ../../build/lab4_perception_example/lab4_perception_example.egg-info/requires.txt
writing top-level names to ../../build/lab4_perception_example/lab4_perception_example.egg-info/top_level.txt
writing manifest file '../../build/lab4_perception_example/lab4_perception_example.egg-info/SOURCES.txt'
reading manifest file '../../build/lab4_perception_example/lab4_perception_example.egg-info/SOURCES.txt'
adding license file 'LICENSE'
writing manifest file '../../build/lab4_perception_example/lab4_perception_example.egg-info/SOURCES.txt'
running build
running build_py
creating /home/mtrn/MTRN4231-T9-1/lab4-main/build/lab4_perception_example/build
creating /home/mtrn/MTRN4231-T9-1/lab4-main/build/lab4_perception_example/build/lib
creating /home/mtrn/MTRN4231-T9-1/lab4-main/build/lab4_perception_example/build/lib/lab4_perception_example
copying lab4_perception_example/perception_example.py -> /home/mtrn/MTRN4231-T9-1/lab4-main/build/lab4_perception_example/build/lib/lab4_perception_example
copying lab4_perception_example/__init__.py -> /home/mtrn/MTRN4231-T9-1/lab4-main/build/lab4_perception_example/build/lib/lab4_perception_example
running install
running install_lib
creating /home/mtrn/MTRN4231-T9-1/lab4-main/install/lab4_perception_example/lib/python3.10/site-packages/lab4_perception_example
copying /home/mtrn/MTRN4231-T9-1/lab4-main/build/lab4_perception_example/build/lib/lab4_perception_example/perception_example.py -> /home/mtrn/MTRN4231-T9-1/lab4-main/install/lab4_perception_example/lib/python3.10/site-packages/lab4_perception_example
copying /home/mtrn/MTRN4231-T9-1/lab4-main/build/lab4_perception_example/build/lib/lab4_perception_example/__init__.py -> /home/mtrn/MTRN4231-T9-1/lab4-main/install/lab4_perception_example/lib/python3.10/site-packages/lab4_perception_example
byte-compiling /home/mtrn/MTRN4231-T9-1/lab4-main/install/lab4_perception_example/lib/python3.10/site-packages/lab4_perception_example/perception_example.py to perception_example.cpython-310.pyc
byte-compiling /home/mtrn/MTRN4231-T9-1/lab4-main/install/lab4_perception_example/lib/python3.10/site-packages/lab4_perception_example/__init__.py to __init__.cpython-310.pyc
running install_data
creating /home/mtrn/MTRN4231-T9-1/lab4-main/install/lab4_perception_example/share/ament_index
creating /home/mtrn/MTRN4231-T9-1/lab4-main/install/lab4_perception_example/share/ament_index/resource_index
creating /home/mtrn/MTRN4231-T9-1/lab4-main/install/lab4_perception_example/share/ament_index/resource_index/packages
copying resource/lab4_perception_example -> /home/mtrn/MTRN4231-T9-1/lab4-main/install/lab4_perception_example/share/ament_index/resource_index/packages
copying package.xml -> /home/mtrn/MTRN4231-T9-1/lab4-main/install/lab4_perception_example/share/lab4_perception_example
copying yolo11n-seg.pt -> /home/mtrn/MTRN4231-T9-1/lab4-main/install/lab4_perception_example/share/lab4_perception_example
running install_egg_info
Copying ../../build/lab4_perception_example/lab4_perception_example.egg-info to /home/mtrn/MTRN4231-T9-1/lab4-main/install/lab4_perception_example/lib/python3.10/site-packages/lab4_perception_example-0.0.0-py3.10.egg-info
running install_scripts
Installing perception_example script to /home/mtrn/MTRN4231-T9-1/lab4-main/install/lab4_perception_example/lib/lab4_perception_example
writing list of installed files to '/home/mtrn/MTRN4231-T9-1/lab4-main/build/lab4_perception_example/install.log'
