[0.144s] DEBUG:colcon:Command line arguments: ['/usr/bin/colcon', 'build']
[0.144s] DEBUG:colcon:Parsed command line arguments: Namespace(log_base=None, log_level=None, verb_name='build', build_base='build', install_base='install', merge_install=False, symlink_install=False, test_result_base=None, continue_on_error=False, executor='parallel', parallel_workers=8, event_handlers=None, ignore_user_meta=False, metas=['./colcon.meta'], base_paths=['.'], packages_ignore=None, packages_ignore_regex=None, paths=None, packages_up_to=None, packages_up_to_regex=None, packages_above=None, packages_above_and_dependencies=None, packages_above_depth=None, packages_select_by_dep=None, packages_skip_by_dep=None, packages_skip_up_to=None, packages_select_build_failed=False, packages_skip_build_finished=False, packages_select_test_failures=False, packages_skip_test_passed=False, packages_select=None, packages_skip=None, packages_select_regex=None, packages_skip_regex=None, packages_start=None, packages_end=None, allow_overriding=[], cmake_args=None, cmake_target=None, cmake_target_skip_unavailable=False, cmake_clean_cache=False, cmake_clean_first=False, cmake_force_configure=False, ament_cmake_args=None, catkin_cmake_args=None, catkin_skip_building_tests=False, verb_parser=<colcon_defaults.argument_parser.defaults.DefaultArgumentsDecorator object at 0x7b20aed4ea10>, verb_extension=<colcon_core.verb.build.BuildVerb object at 0x7b20aeec76a0>, main=<bound method BuildVerb.main of <colcon_core.verb.build.BuildVerb object at 0x7b20aeec76a0>>)
[0.375s] Level 1:colcon.colcon_core.package_discovery:discover_packages(colcon_meta) check parameters
[0.376s] Level 1:colcon.colcon_core.package_discovery:discover_packages(recursive) check parameters
[0.376s] Level 1:colcon.colcon_core.package_discovery:discover_packages(ignore) check parameters
[0.376s] Level 1:colcon.colcon_core.package_discovery:discover_packages(path) check parameters
[0.376s] Level 1:colcon.colcon_core.package_discovery:discover_packages(colcon_meta) discover
[0.376s] Level 1:colcon.colcon_core.package_discovery:discover_packages(recursive) discover
[0.376s] INFO:colcon.colcon_core.package_discovery:Crawling recursively for packages in '/home/ryan/unsw/MTRN4231_group/tictactoe-bot'
[0.376s] Level 1:colcon.colcon_core.package_identification:_identify(.) by extensions ['ignore', 'ignore_ament_install']
[0.377s] Level 1:colcon.colcon_core.package_identification:_identify(.) by extension 'ignore'
[0.377s] Level 1:colcon.colcon_core.package_identification:_identify(.) by extension 'ignore_ament_install'
[0.377s] Level 1:colcon.colcon_core.package_identification:_identify(.) by extensions ['colcon_pkg']
[0.377s] Level 1:colcon.colcon_core.package_identification:_identify(.) by extension 'colcon_pkg'
[0.377s] Level 1:colcon.colcon_core.package_identification:_identify(.) by extensions ['colcon_meta']
[0.377s] Level 1:colcon.colcon_core.package_identification:_identify(.) by extension 'colcon_meta'
[0.377s] Level 1:colcon.colcon_core.package_identification:_identify(.) by extensions ['ros']
[0.377s] Level 1:colcon.colcon_core.package_identification:_identify(.) by extension 'ros'
[0.392s] Level 1:colcon.colcon_core.package_identification:_identify(.) by extensions ['cmake', 'python']
[0.392s] Level 1:colcon.colcon_core.package_identification:_identify(.) by extension 'cmake'
[0.392s] Level 1:colcon.colcon_core.package_identification:_identify(.) by extension 'python'
[0.392s] Level 1:colcon.colcon_core.package_identification:_identify(.) by extensions ['python_setup_py']
[0.392s] Level 1:colcon.colcon_core.package_identification:_identify(.) by extension 'python_setup_py'
[0.392s] Level 1:colcon.colcon_core.package_identification:_identify(build) by extensions ['ignore', 'ignore_ament_install']
[0.392s] Level 1:colcon.colcon_core.package_identification:_identify(build) by extension 'ignore'
[0.392s] Level 1:colcon.colcon_core.package_identification:_identify(build) ignored
[0.392s] Level 1:colcon.colcon_core.package_identification:_identify(install) by extensions ['ignore', 'ignore_ament_install']
[0.393s] Level 1:colcon.colcon_core.package_identification:_identify(install) by extension 'ignore'
[0.393s] Level 1:colcon.colcon_core.package_identification:_identify(install) ignored
[0.393s] Level 1:colcon.colcon_core.package_identification:_identify(log) by extensions ['ignore', 'ignore_ament_install']
[0.393s] Level 1:colcon.colcon_core.package_identification:_identify(log) by extension 'ignore'
[0.393s] Level 1:colcon.colcon_core.package_identification:_identify(log) ignored
[0.393s] Level 1:colcon.colcon_core.package_identification:_identify(src) by extensions ['ignore', 'ignore_ament_install']
[0.393s] Level 1:colcon.colcon_core.package_identification:_identify(src) by extension 'ignore'
[0.393s] Level 1:colcon.colcon_core.package_identification:_identify(src) by extension 'ignore_ament_install'
[0.393s] Level 1:colcon.colcon_core.package_identification:_identify(src) by extensions ['colcon_pkg']
[0.393s] Level 1:colcon.colcon_core.package_identification:_identify(src) by extension 'colcon_pkg'
[0.393s] Level 1:colcon.colcon_core.package_identification:_identify(src) by extensions ['colcon_meta']
[0.393s] Level 1:colcon.colcon_core.package_identification:_identify(src) by extension 'colcon_meta'
[0.393s] Level 1:colcon.colcon_core.package_identification:_identify(src) by extensions ['ros']
[0.393s] Level 1:colcon.colcon_core.package_identification:_identify(src) by extension 'ros'
[0.393s] Level 1:colcon.colcon_core.package_identification:_identify(src) by extensions ['cmake', 'python']
[0.393s] Level 1:colcon.colcon_core.package_identification:_identify(src) by extension 'cmake'
[0.394s] Level 1:colcon.colcon_core.package_identification:_identify(src) by extension 'python'
[0.394s] Level 1:colcon.colcon_core.package_identification:_identify(src) by extensions ['python_setup_py']
[0.394s] Level 1:colcon.colcon_core.package_identification:_identify(src) by extension 'python_setup_py'
[0.394s] Level 1:colcon.colcon_core.package_identification:_identify(src/arm) by extensions ['ignore', 'ignore_ament_install']
[0.394s] Level 1:colcon.colcon_core.package_identification:_identify(src/arm) by extension 'ignore'
[0.394s] Level 1:colcon.colcon_core.package_identification:_identify(src/arm) by extension 'ignore_ament_install'
[0.394s] Level 1:colcon.colcon_core.package_identification:_identify(src/arm) by extensions ['colcon_pkg']
[0.394s] Level 1:colcon.colcon_core.package_identification:_identify(src/arm) by extension 'colcon_pkg'
[0.394s] Level 1:colcon.colcon_core.package_identification:_identify(src/arm) by extensions ['colcon_meta']
[0.394s] Level 1:colcon.colcon_core.package_identification:_identify(src/arm) by extension 'colcon_meta'
[0.394s] Level 1:colcon.colcon_core.package_identification:_identify(src/arm) by extensions ['ros']
[0.394s] Level 1:colcon.colcon_core.package_identification:_identify(src/arm) by extension 'ros'
[0.397s] DEBUG:colcon.colcon_core.package_identification:Package 'src/arm' with type 'ros.ament_cmake' and name 'arm'
[0.398s] Level 1:colcon.colcon_core.package_identification:_identify(src/depth_camera) by extensions ['ignore', 'ignore_ament_install']
[0.398s] Level 1:colcon.colcon_core.package_identification:_identify(src/depth_camera) by extension 'ignore'
[0.398s] Level 1:colcon.colcon_core.package_identification:_identify(src/depth_camera) by extension 'ignore_ament_install'
[0.398s] Level 1:colcon.colcon_core.package_identification:_identify(src/depth_camera) by extensions ['colcon_pkg']
[0.398s] Level 1:colcon.colcon_core.package_identification:_identify(src/depth_camera) by extension 'colcon_pkg'
[0.398s] Level 1:colcon.colcon_core.package_identification:_identify(src/depth_camera) by extensions ['colcon_meta']
[0.398s] Level 1:colcon.colcon_core.package_identification:_identify(src/depth_camera) by extension 'colcon_meta'
[0.398s] Level 1:colcon.colcon_core.package_identification:_identify(src/depth_camera) by extensions ['ros']
[0.398s] Level 1:colcon.colcon_core.package_identification:_identify(src/depth_camera) by extension 'ros'
[0.399s] DEBUG:colcon.colcon_core.package_identification:Package 'src/depth_camera' with type 'ros.ament_python' and name 'depth_camera'
[0.399s] Level 1:colcon.colcon_core.package_discovery:discover_packages(recursive) using defaults
[0.399s] Level 1:colcon.colcon_core.package_discovery:discover_packages(ignore) discover
[0.399s] Level 1:colcon.colcon_core.package_discovery:discover_packages(ignore) using defaults
[0.399s] Level 1:colcon.colcon_core.package_discovery:discover_packages(path) discover
[0.399s] Level 1:colcon.colcon_core.package_discovery:discover_packages(path) using defaults
[0.437s] Level 1:colcon.colcon_core.package_discovery:discover_packages(prefix_path) check parameters
[0.437s] Level 1:colcon.colcon_core.package_discovery:discover_packages(prefix_path) discover
[0.444s] DEBUG:colcon.colcon_installed_package_information.package_discovery:Found 2 installed packages in /home/ryan/unsw/MTRN4231_group/tictactoe-bot/install
[0.444s] DEBUG:colcon.colcon_installed_package_information.package_discovery:Found 4 installed packages in /home/ryan/ros2_packages/install
[0.445s] DEBUG:colcon.colcon_installed_package_information.package_discovery:Found 7 installed packages in /home/ryan/workspace/ros_ur_driver/install
[0.447s] DEBUG:colcon.colcon_installed_package_information.package_discovery:Found 48 installed packages in /home/ryan/ws_moveit2/install
[0.448s] DEBUG:colcon.colcon_installed_package_information.package_discovery:Found 5 installed packages in /home/ryan/unsw/MTRN4231/4231SuppliedCode/4231_demo_packages/install
[0.450s] DEBUG:colcon.colcon_installed_package_information.package_discovery:Found 329 installed packages in /opt/ros/humble
[0.453s] Level 1:colcon.colcon_core.package_discovery:discover_packages(prefix_path) using defaults
[0.517s] Level 5:colcon.colcon_core.verb:set package 'arm' build argument 'cmake_args' from command line to 'None'
[0.517s] Level 5:colcon.colcon_core.verb:set package 'arm' build argument 'cmake_target' from command line to 'None'
[0.517s] Level 5:colcon.colcon_core.verb:set package 'arm' build argument 'cmake_target_skip_unavailable' from command line to 'False'
[0.517s] Level 5:colcon.colcon_core.verb:set package 'arm' build argument 'cmake_clean_cache' from command line to 'False'
[0.517s] Level 5:colcon.colcon_core.verb:set package 'arm' build argument 'cmake_clean_first' from command line to 'False'
[0.517s] Level 5:colcon.colcon_core.verb:set package 'arm' build argument 'cmake_force_configure' from command line to 'False'
[0.517s] Level 5:colcon.colcon_core.verb:set package 'arm' build argument 'ament_cmake_args' from command line to 'None'
[0.517s] Level 5:colcon.colcon_core.verb:set package 'arm' build argument 'catkin_cmake_args' from command line to 'None'
[0.517s] Level 5:colcon.colcon_core.verb:set package 'arm' build argument 'catkin_skip_building_tests' from command line to 'False'
[0.517s] DEBUG:colcon.colcon_core.verb:Building package 'arm' with the following arguments: {'ament_cmake_args': None, 'build_base': '/home/ryan/unsw/MTRN4231_group/tictactoe-bot/build/arm', 'catkin_cmake_args': None, 'catkin_skip_building_tests': False, 'cmake_args': None, 'cmake_clean_cache': False, 'cmake_clean_first': False, 'cmake_force_configure': False, 'cmake_target': None, 'cmake_target_skip_unavailable': False, 'install_base': '/home/ryan/unsw/MTRN4231_group/tictactoe-bot/install/arm', 'merge_install': False, 'path': '/home/ryan/unsw/MTRN4231_group/tictactoe-bot/src/arm', 'symlink_install': False, 'test_result_base': None}
[0.517s] Level 5:colcon.colcon_core.verb:set package 'depth_camera' build argument 'cmake_args' from command line to 'None'
[0.517s] Level 5:colcon.colcon_core.verb:set package 'depth_camera' build argument 'cmake_target' from command line to 'None'
[0.517s] Level 5:colcon.colcon_core.verb:set package 'depth_camera' build argument 'cmake_target_skip_unavailable' from command line to 'False'
[0.517s] Level 5:colcon.colcon_core.verb:set package 'depth_camera' build argument 'cmake_clean_cache' from command line to 'False'
[0.517s] Level 5:colcon.colcon_core.verb:set package 'depth_camera' build argument 'cmake_clean_first' from command line to 'False'
[0.517s] Level 5:colcon.colcon_core.verb:set package 'depth_camera' build argument 'cmake_force_configure' from command line to 'False'
[0.518s] Level 5:colcon.colcon_core.verb:set package 'depth_camera' build argument 'ament_cmake_args' from command line to 'None'
[0.518s] Level 5:colcon.colcon_core.verb:set package 'depth_camera' build argument 'catkin_cmake_args' from command line to 'None'
[0.518s] Level 5:colcon.colcon_core.verb:set package 'depth_camera' build argument 'catkin_skip_building_tests' from command line to 'False'
[0.518s] DEBUG:colcon.colcon_core.verb:Building package 'depth_camera' with the following arguments: {'ament_cmake_args': None, 'build_base': '/home/ryan/unsw/MTRN4231_group/tictactoe-bot/build/depth_camera', 'catkin_cmake_args': None, 'catkin_skip_building_tests': False, 'cmake_args': None, 'cmake_clean_cache': False, 'cmake_clean_first': False, 'cmake_force_configure': False, 'cmake_target': None, 'cmake_target_skip_unavailable': False, 'install_base': '/home/ryan/unsw/MTRN4231_group/tictactoe-bot/install/depth_camera', 'merge_install': False, 'path': '/home/ryan/unsw/MTRN4231_group/tictactoe-bot/src/depth_camera', 'symlink_install': False, 'test_result_base': None}
[0.518s] INFO:colcon.colcon_core.executor:Executing jobs using 'parallel' executor
[0.519s] DEBUG:colcon.colcon_parallel_executor.executor.parallel:run_until_complete
[0.519s] INFO:colcon.colcon_ros.task.ament_cmake.build:Building ROS package in '/home/ryan/unsw/MTRN4231_group/tictactoe-bot/src/arm' with build type 'ament_cmake'
[0.519s] INFO:colcon.colcon_cmake.task.cmake.build:Building CMake package in '/home/ryan/unsw/MTRN4231_group/tictactoe-bot/src/arm'
[0.522s] INFO:colcon.colcon_core.plugin_system:Skipping extension 'colcon_core.shell.bat': Not used on non-Windows systems
[0.522s] INFO:colcon.colcon_core.shell:Skip shell extension 'powershell' for command environment: Not usable outside of PowerShell
[0.522s] DEBUG:colcon.colcon_core.shell:Skip shell extension 'dsv' for command environment
[0.533s] INFO:colcon.colcon_ros.task.ament_python.build:Building ROS package in '/home/ryan/unsw/MTRN4231_group/tictactoe-bot/src/depth_camera' with build type 'ament_python'
[0.533s] Level 1:colcon.colcon_core.shell:create_environment_hook('depth_camera', 'ament_prefix_path')
[0.534s] INFO:colcon.colcon_core.shell:Creating environment hook '/home/ryan/unsw/MTRN4231_group/tictactoe-bot/install/depth_camera/share/depth_camera/hook/ament_prefix_path.ps1'
[0.535s] INFO:colcon.colcon_core.shell:Creating environment descriptor '/home/ryan/unsw/MTRN4231_group/tictactoe-bot/install/depth_camera/share/depth_camera/hook/ament_prefix_path.dsv'
[0.535s] INFO:colcon.colcon_core.shell:Creating environment hook '/home/ryan/unsw/MTRN4231_group/tictactoe-bot/install/depth_camera/share/depth_camera/hook/ament_prefix_path.sh'
[0.536s] INFO:colcon.colcon_core.shell:Skip shell extension 'powershell' for command environment: Not usable outside of PowerShell
[0.536s] DEBUG:colcon.colcon_core.shell:Skip shell extension 'dsv' for command environment
[0.554s] DEBUG:colcon.colcon_core.event_handler.log_command:Invoking command in '/home/ryan/unsw/MTRN4231_group/tictactoe-bot/build/arm': CMAKE_PREFIX_PATH=${CMAKE_PREFIX_PATH}:/home/ryan/unsw/MTRN4231_group/tictactoe-bot/install/depth_camera:/home/ryan/ros2_packages/install/yolo_ros:/home/ryan/ws_moveit2/install/moveit_configs_utils:/home/ryan/unsw/MTRN4231/4231SuppliedCode/4231_demo_packages/install/demo_launch_param:/opt/ros/humble /usr/bin/cmake --build /home/ryan/unsw/MTRN4231_group/tictactoe-bot/build/arm -- -j8 -l8
[0.928s] INFO:colcon.colcon_core.task.python.build:Building Python package in '/home/ryan/unsw/MTRN4231_group/tictactoe-bot/src/depth_camera'
[0.928s] INFO:colcon.colcon_core.shell:Skip shell extension 'powershell' for command environment: Not usable outside of PowerShell
[0.928s] DEBUG:colcon.colcon_core.shell:Skip shell extension 'dsv' for command environment
[0.941s] DEBUG:colcon.colcon_core.event_handler.log_command:Invoked command in '/home/ryan/unsw/MTRN4231_group/tictactoe-bot/build/arm' returned '0': CMAKE_PREFIX_PATH=${CMAKE_PREFIX_PATH}:/home/ryan/unsw/MTRN4231_group/tictactoe-bot/install/depth_camera:/home/ryan/ros2_packages/install/yolo_ros:/home/ryan/ws_moveit2/install/moveit_configs_utils:/home/ryan/unsw/MTRN4231/4231SuppliedCode/4231_demo_packages/install/demo_launch_param:/opt/ros/humble /usr/bin/cmake --build /home/ryan/unsw/MTRN4231_group/tictactoe-bot/build/arm -- -j8 -l8
[0.960s] DEBUG:colcon.colcon_core.event_handler.log_command:Invoking command in '/home/ryan/unsw/MTRN4231_group/tictactoe-bot/build/arm': CMAKE_PREFIX_PATH=${CMAKE_PREFIX_PATH}:/home/ryan/unsw/MTRN4231_group/tictactoe-bot/install/depth_camera:/home/ryan/ros2_packages/install/yolo_ros:/home/ryan/ws_moveit2/install/moveit_configs_utils:/home/ryan/unsw/MTRN4231/4231SuppliedCode/4231_demo_packages/install/demo_launch_param:/opt/ros/humble /usr/bin/cmake --install /home/ryan/unsw/MTRN4231_group/tictactoe-bot/build/arm
[0.979s] Level 1:colcon.colcon_core.environment:create_environment_scripts_only(arm)
[0.980s] DEBUG:colcon.colcon_core.event_handler.log_command:Invoked command in '/home/ryan/unsw/MTRN4231_group/tictactoe-bot/build/arm' returned '0': CMAKE_PREFIX_PATH=${CMAKE_PREFIX_PATH}:/home/ryan/unsw/MTRN4231_group/tictactoe-bot/install/depth_camera:/home/ryan/ros2_packages/install/yolo_ros:/home/ryan/ws_moveit2/install/moveit_configs_utils:/home/ryan/unsw/MTRN4231/4231SuppliedCode/4231_demo_packages/install/demo_launch_param:/opt/ros/humble /usr/bin/cmake --install /home/ryan/unsw/MTRN4231_group/tictactoe-bot/build/arm
[0.983s] Level 1:colcon.colcon_core.environment:checking '/home/ryan/unsw/MTRN4231_group/tictactoe-bot/install/arm' for CMake module files
[0.983s] Level 1:colcon.colcon_core.environment:checking '/home/ryan/unsw/MTRN4231_group/tictactoe-bot/install/arm' for CMake config files
[0.984s] Level 1:colcon.colcon_core.shell:create_environment_hook('arm', 'cmake_prefix_path')
[0.984s] INFO:colcon.colcon_core.shell:Creating environment hook '/home/ryan/unsw/MTRN4231_group/tictactoe-bot/install/arm/share/arm/hook/cmake_prefix_path.ps1'
[0.984s] INFO:colcon.colcon_core.shell:Creating environment descriptor '/home/ryan/unsw/MTRN4231_group/tictactoe-bot/install/arm/share/arm/hook/cmake_prefix_path.dsv'
[0.985s] INFO:colcon.colcon_core.shell:Creating environment hook '/home/ryan/unsw/MTRN4231_group/tictactoe-bot/install/arm/share/arm/hook/cmake_prefix_path.sh'
[0.986s] Level 1:colcon.colcon_core.environment:checking '/home/ryan/unsw/MTRN4231_group/tictactoe-bot/install/arm/lib'
[0.986s] Level 1:colcon.colcon_core.environment:checking '/home/ryan/unsw/MTRN4231_group/tictactoe-bot/install/arm/bin'
[0.986s] Level 1:colcon.colcon_core.environment:checking '/home/ryan/unsw/MTRN4231_group/tictactoe-bot/install/arm/lib/pkgconfig/arm.pc'
[0.986s] Level 1:colcon.colcon_core.environment:checking '/home/ryan/unsw/MTRN4231_group/tictactoe-bot/install/arm/lib/python3.10/site-packages'
[0.987s] Level 1:colcon.colcon_core.environment:checking '/home/ryan/unsw/MTRN4231_group/tictactoe-bot/install/arm/bin'
[0.987s] INFO:colcon.colcon_core.shell:Creating package script '/home/ryan/unsw/MTRN4231_group/tictactoe-bot/install/arm/share/arm/package.ps1'
[0.988s] INFO:colcon.colcon_core.shell:Creating package descriptor '/home/ryan/unsw/MTRN4231_group/tictactoe-bot/install/arm/share/arm/package.dsv'
[0.989s] INFO:colcon.colcon_core.shell:Creating package script '/home/ryan/unsw/MTRN4231_group/tictactoe-bot/install/arm/share/arm/package.sh'
[0.990s] INFO:colcon.colcon_core.shell:Creating package script '/home/ryan/unsw/MTRN4231_group/tictactoe-bot/install/arm/share/arm/package.bash'
[0.991s] INFO:colcon.colcon_core.shell:Creating package script '/home/ryan/unsw/MTRN4231_group/tictactoe-bot/install/arm/share/arm/package.zsh'
[0.992s] Level 1:colcon.colcon_core.environment:create_file_with_runtime_dependencies(/home/ryan/unsw/MTRN4231_group/tictactoe-bot/install/arm/share/colcon-core/packages/arm)
[0.992s] Level 1:colcon.colcon_core.environment:create_environment_scripts_only(arm)
[0.993s] Level 1:colcon.colcon_core.environment:checking '/home/ryan/unsw/MTRN4231_group/tictactoe-bot/install/arm' for CMake module files
[0.993s] Level 1:colcon.colcon_core.environment:checking '/home/ryan/unsw/MTRN4231_group/tictactoe-bot/install/arm' for CMake config files
[0.994s] Level 1:colcon.colcon_core.shell:create_environment_hook('arm', 'cmake_prefix_path')
[0.994s] INFO:colcon.colcon_core.shell:Creating environment hook '/home/ryan/unsw/MTRN4231_group/tictactoe-bot/install/arm/share/arm/hook/cmake_prefix_path.ps1'
[0.994s] INFO:colcon.colcon_core.shell:Creating environment descriptor '/home/ryan/unsw/MTRN4231_group/tictactoe-bot/install/arm/share/arm/hook/cmake_prefix_path.dsv'
[0.995s] INFO:colcon.colcon_core.shell:Creating environment hook '/home/ryan/unsw/MTRN4231_group/tictactoe-bot/install/arm/share/arm/hook/cmake_prefix_path.sh'
[0.996s] Level 1:colcon.colcon_core.environment:checking '/home/ryan/unsw/MTRN4231_group/tictactoe-bot/install/arm/lib'
[0.996s] Level 1:colcon.colcon_core.environment:checking '/home/ryan/unsw/MTRN4231_group/tictactoe-bot/install/arm/bin'
[0.996s] Level 1:colcon.colcon_core.environment:checking '/home/ryan/unsw/MTRN4231_group/tictactoe-bot/install/arm/lib/pkgconfig/arm.pc'
[0.996s] Level 1:colcon.colcon_core.environment:checking '/home/ryan/unsw/MTRN4231_group/tictactoe-bot/install/arm/lib/python3.10/site-packages'
[0.997s] Level 1:colcon.colcon_core.environment:checking '/home/ryan/unsw/MTRN4231_group/tictactoe-bot/install/arm/bin'
[0.997s] INFO:colcon.colcon_core.shell:Creating package script '/home/ryan/unsw/MTRN4231_group/tictactoe-bot/install/arm/share/arm/package.ps1'
[0.998s] INFO:colcon.colcon_core.shell:Creating package descriptor '/home/ryan/unsw/MTRN4231_group/tictactoe-bot/install/arm/share/arm/package.dsv'
[0.999s] INFO:colcon.colcon_core.shell:Creating package script '/home/ryan/unsw/MTRN4231_group/tictactoe-bot/install/arm/share/arm/package.sh'
[0.999s] INFO:colcon.colcon_core.shell:Creating package script '/home/ryan/unsw/MTRN4231_group/tictactoe-bot/install/arm/share/arm/package.bash'
[1.000s] INFO:colcon.colcon_core.shell:Creating package script '/home/ryan/unsw/MTRN4231_group/tictactoe-bot/install/arm/share/arm/package.zsh'
[1.000s] Level 1:colcon.colcon_core.environment:create_file_with_runtime_dependencies(/home/ryan/unsw/MTRN4231_group/tictactoe-bot/install/arm/share/colcon-core/packages/arm)
[1.439s] DEBUG:colcon.colcon_core.event_handler.log_command:Invoking command in '/home/ryan/unsw/MTRN4231_group/tictactoe-bot/src/depth_camera': PYTHONPATH=/home/ryan/unsw/MTRN4231_group/tictactoe-bot/build/depth_camera/prefix_override:/usr/lib/python3/dist-packages/colcon_core/task/python/colcon_distutils_commands:/home/ryan/unsw/MTRN4231_group/tictactoe-bot/install/depth_camera/lib/python3.10/site-packages:${PYTHONPATH} /usr/bin/python3 -W ignore:setup.py install is deprecated -W ignore:easy_install command is deprecated setup.py egg_info --egg-base ../../build/depth_camera build --build-base /home/ryan/unsw/MTRN4231_group/tictactoe-bot/build/depth_camera/build install --record /home/ryan/unsw/MTRN4231_group/tictactoe-bot/build/depth_camera/install.log --single-version-externally-managed install_data
[1.838s] Level 1:colcon.colcon_core.environment:checking '/home/ryan/unsw/MTRN4231_group/tictactoe-bot/install/depth_camera' for CMake module files
[1.839s] DEBUG:colcon.colcon_core.event_handler.log_command:Invoked command in '/home/ryan/unsw/MTRN4231_group/tictactoe-bot/src/depth_camera' returned '0': PYTHONPATH=/home/ryan/unsw/MTRN4231_group/tictactoe-bot/build/depth_camera/prefix_override:/usr/lib/python3/dist-packages/colcon_core/task/python/colcon_distutils_commands:/home/ryan/unsw/MTRN4231_group/tictactoe-bot/install/depth_camera/lib/python3.10/site-packages:${PYTHONPATH} /usr/bin/python3 -W ignore:setup.py install is deprecated -W ignore:easy_install command is deprecated setup.py egg_info --egg-base ../../build/depth_camera build --build-base /home/ryan/unsw/MTRN4231_group/tictactoe-bot/build/depth_camera/build install --record /home/ryan/unsw/MTRN4231_group/tictactoe-bot/build/depth_camera/install.log --single-version-externally-managed install_data
[1.840s] Level 1:colcon.colcon_core.environment:checking '/home/ryan/unsw/MTRN4231_group/tictactoe-bot/install/depth_camera' for CMake config files
[1.841s] Level 1:colcon.colcon_core.environment:checking '/home/ryan/unsw/MTRN4231_group/tictactoe-bot/install/depth_camera/lib'
[1.841s] Level 1:colcon.colcon_core.environment:checking '/home/ryan/unsw/MTRN4231_group/tictactoe-bot/install/depth_camera/bin'
[1.841s] Level 1:colcon.colcon_core.environment:checking '/home/ryan/unsw/MTRN4231_group/tictactoe-bot/install/depth_camera/lib/pkgconfig/depth_camera.pc'
[1.841s] Level 1:colcon.colcon_core.environment:checking '/home/ryan/unsw/MTRN4231_group/tictactoe-bot/install/depth_camera/lib/python3.10/site-packages'
[1.841s] Level 1:colcon.colcon_core.shell:create_environment_hook('depth_camera', 'pythonpath')
[1.842s] INFO:colcon.colcon_core.shell:Creating environment hook '/home/ryan/unsw/MTRN4231_group/tictactoe-bot/install/depth_camera/share/depth_camera/hook/pythonpath.ps1'
[1.843s] INFO:colcon.colcon_core.shell:Creating environment descriptor '/home/ryan/unsw/MTRN4231_group/tictactoe-bot/install/depth_camera/share/depth_camera/hook/pythonpath.dsv'
[1.843s] INFO:colcon.colcon_core.shell:Creating environment hook '/home/ryan/unsw/MTRN4231_group/tictactoe-bot/install/depth_camera/share/depth_camera/hook/pythonpath.sh'
[1.844s] Level 1:colcon.colcon_core.environment:checking '/home/ryan/unsw/MTRN4231_group/tictactoe-bot/install/depth_camera/bin'
[1.844s] Level 1:colcon.colcon_core.environment:create_environment_scripts_only(depth_camera)
[1.845s] INFO:colcon.colcon_core.shell:Creating package script '/home/ryan/unsw/MTRN4231_group/tictactoe-bot/install/depth_camera/share/depth_camera/package.ps1'
[1.846s] INFO:colcon.colcon_core.shell:Creating package descriptor '/home/ryan/unsw/MTRN4231_group/tictactoe-bot/install/depth_camera/share/depth_camera/package.dsv'
[1.846s] INFO:colcon.colcon_core.shell:Creating package script '/home/ryan/unsw/MTRN4231_group/tictactoe-bot/install/depth_camera/share/depth_camera/package.sh'
[1.847s] INFO:colcon.colcon_core.shell:Creating package script '/home/ryan/unsw/MTRN4231_group/tictactoe-bot/install/depth_camera/share/depth_camera/package.bash'
[1.848s] INFO:colcon.colcon_core.shell:Creating package script '/home/ryan/unsw/MTRN4231_group/tictactoe-bot/install/depth_camera/share/depth_camera/package.zsh'
[1.849s] Level 1:colcon.colcon_core.environment:create_file_with_runtime_dependencies(/home/ryan/unsw/MTRN4231_group/tictactoe-bot/install/depth_camera/share/colcon-core/packages/depth_camera)
[1.850s] DEBUG:colcon.colcon_parallel_executor.executor.parallel:closing loop
[1.850s] DEBUG:colcon.colcon_parallel_executor.executor.parallel:loop closed
[1.850s] DEBUG:colcon.colcon_parallel_executor.executor.parallel:run_until_complete finished with '0'
[1.850s] DEBUG:colcon.colcon_core.event_reactor:joining thread
[1.858s] INFO:colcon.colcon_core.plugin_system:Skipping extension 'colcon_notification.desktop_notification.terminal_notifier': Not used on non-Darwin systems
[1.858s] INFO:colcon.colcon_core.plugin_system:Skipping extension 'colcon_notification.desktop_notification.win32': Not used on non-Windows systems
[1.858s] INFO:colcon.colcon_notification.desktop_notification:Sending desktop notification using 'notify2'
[1.872s] DEBUG:colcon.colcon_core.event_reactor:joined thread
[1.872s] INFO:colcon.colcon_core.shell:Creating prefix script '/home/ryan/unsw/MTRN4231_group/tictactoe-bot/install/local_setup.ps1'
[1.873s] INFO:colcon.colcon_core.shell:Creating prefix util module '/home/ryan/unsw/MTRN4231_group/tictactoe-bot/install/_local_setup_util_ps1.py'
[1.875s] INFO:colcon.colcon_core.shell:Creating prefix chain script '/home/ryan/unsw/MTRN4231_group/tictactoe-bot/install/setup.ps1'
[1.880s] INFO:colcon.colcon_core.shell:Creating prefix script '/home/ryan/unsw/MTRN4231_group/tictactoe-bot/install/local_setup.sh'
[1.881s] INFO:colcon.colcon_core.shell:Creating prefix util module '/home/ryan/unsw/MTRN4231_group/tictactoe-bot/install/_local_setup_util_sh.py'
[1.882s] INFO:colcon.colcon_core.shell:Creating prefix chain script '/home/ryan/unsw/MTRN4231_group/tictactoe-bot/install/setup.sh'
[1.887s] INFO:colcon.colcon_core.shell:Creating prefix script '/home/ryan/unsw/MTRN4231_group/tictactoe-bot/install/local_setup.bash'
[1.888s] INFO:colcon.colcon_core.shell:Creating prefix chain script '/home/ryan/unsw/MTRN4231_group/tictactoe-bot/install/setup.bash'
[1.893s] INFO:colcon.colcon_core.shell:Creating prefix script '/home/ryan/unsw/MTRN4231_group/tictactoe-bot/install/local_setup.zsh'
[1.893s] INFO:colcon.colcon_core.shell:Creating prefix chain script '/home/ryan/unsw/MTRN4231_group/tictactoe-bot/install/setup.zsh'
