[0.016s] Invoking command in '/home/mtrn/MTRN4231-T9-1/lab4-main/build/yolo_bringup': AMENT_PREFIX_PATH=/home/mtrn/MTRN4231-T9-1/lab4-main/install/yolo_ros:/home/mtrn/MTRN4231-T9-1/lab4-main/install/yolo_bringup:/home/mtrn/MTRN4231-T9-1/lab4-main/install/yolo_msgs:/home/mtrn/MTRN4231-T9-1/lab4-main/install/lab4_perception_example:/opt/ros/humble CMAKE_PREFIX_PATH=/home/mtrn/MTRN4231-T9-1/lab4-main/install/yolo_msgs:/home/mtrn/MTRN4231-T9-1/lab4-main/install/yolo_bringup:/home/mtrn/MTRN4231-T9-1/lab4-main/install/yolo_ros:/home/mtrn/MTRN4231-T9-1/lab4-main/install/lab4_perception_example:/opt/ros/humble /home/mtrn/.local/bin/cmake --build /home/mtrn/MTRN4231-T9-1/lab4-main/build/yolo_bringup -- -j20 -l20
[0.093s] Invoked command in '/home/mtrn/MTRN4231-T9-1/lab4-main/build/yolo_bringup' returned '0': AMENT_PREFIX_PATH=/home/mtrn/MTRN4231-T9-1/lab4-main/install/yolo_ros:/home/mtrn/MTRN4231-T9-1/lab4-main/install/yolo_bringup:/home/mtrn/MTRN4231-T9-1/lab4-main/install/yolo_msgs:/home/mtrn/MTRN4231-T9-1/lab4-main/install/lab4_perception_example:/opt/ros/humble CMAKE_PREFIX_PATH=/home/mtrn/MTRN4231-T9-1/lab4-main/install/yolo_msgs:/home/mtrn/MTRN4231-T9-1/lab4-main/install/yolo_bringup:/home/mtrn/MTRN4231-T9-1/lab4-main/install/yolo_ros:/home/mtrn/MTRN4231-T9-1/lab4-main/install/lab4_perception_example:/opt/ros/humble /home/mtrn/.local/bin/cmake --build /home/mtrn/MTRN4231-T9-1/lab4-main/build/yolo_bringup -- -j20 -l20
[0.190s] Invoking command in '/home/mtrn/MTRN4231-T9-1/lab4-main/build/yolo_bringup': AMENT_PREFIX_PATH=/home/mtrn/MTRN4231-T9-1/lab4-main/install/yolo_ros:/home/mtrn/MTRN4231-T9-1/lab4-main/install/yolo_bringup:/home/mtrn/MTRN4231-T9-1/lab4-main/install/yolo_msgs:/home/mtrn/MTRN4231-T9-1/lab4-main/install/lab4_perception_example:/opt/ros/humble CMAKE_PREFIX_PATH=/home/mtrn/MTRN4231-T9-1/lab4-main/install/yolo_msgs:/home/mtrn/MTRN4231-T9-1/lab4-main/install/yolo_bringup:/home/mtrn/MTRN4231-T9-1/lab4-main/install/yolo_ros:/home/mtrn/MTRN4231-T9-1/lab4-main/install/lab4_perception_example:/opt/ros/humble /home/mtrn/.local/bin/cmake --install /home/mtrn/MTRN4231-T9-1/lab4-main/build/yolo_bringup
[0.243s] -- Install configuration: ""
[0.244s] -- Up-to-date: /home/mtrn/MTRN4231-T9-1/lab4-main/install/yolo_bringup/share/yolo_bringup//launch
[0.244s] -- Up-to-date: /home/mtrn/MTRN4231-T9-1/lab4-main/install/yolo_bringup/share/yolo_bringup//launch/yolo.launch.py
[0.244s] -- Up-to-date: /home/mtrn/MTRN4231-T9-1/lab4-main/install/yolo_bringup/share/yolo_bringup//launch/yolov8.launch.py
[0.244s] -- Up-to-date: /home/mtrn/MTRN4231-T9-1/lab4-main/install/yolo_bringup/share/yolo_bringup//launch/yolo-world.launch.py
[0.245s] -- Up-to-date: /home/mtrn/MTRN4231-T9-1/lab4-main/install/yolo_bringup/share/yolo_bringup//launch/yoloe.launch.py
[0.245s] -- Up-to-date: /home/mtrn/MTRN4231-T9-1/lab4-main/install/yolo_bringup/share/yolo_bringup//launch/yolov5.launch.py
[0.245s] -- Up-to-date: /home/mtrn/MTRN4231-T9-1/lab4-main/install/yolo_bringup/share/yolo_bringup//launch/yolov11.launch.py
[0.245s] -- Up-to-date: /home/mtrn/MTRN4231-T9-1/lab4-main/install/yolo_bringup/share/yolo_bringup//launch/yolov9.launch.py
[0.245s] -- Up-to-date: /home/mtrn/MTRN4231-T9-1/lab4-main/install/yolo_bringup/share/yolo_bringup//launch/yolov10.launch.py
[0.246s] -- Up-to-date: /home/mtrn/MTRN4231-T9-1/lab4-main/install/yolo_bringup/share/yolo_bringup//launch/yolov12.launch.py
[0.246s] -- Up-to-date: /home/mtrn/MTRN4231-T9-1/lab4-main/install/yolo_bringup/share/ament_index/resource_index/package_run_dependencies/yolo_bringup
[0.246s] -- Up-to-date: /home/mtrn/MTRN4231-T9-1/lab4-main/install/yolo_bringup/share/ament_index/resource_index/parent_prefix_path/yolo_bringup
[0.246s] -- Up-to-date: /home/mtrn/MTRN4231-T9-1/lab4-main/install/yolo_bringup/share/yolo_bringup/environment/ament_prefix_path.sh
[0.246s] -- Up-to-date: /home/mtrn/MTRN4231-T9-1/lab4-main/install/yolo_bringup/share/yolo_bringup/environment/ament_prefix_path.dsv
[0.247s] -- Up-to-date: /home/mtrn/MTRN4231-T9-1/lab4-main/install/yolo_bringup/share/yolo_bringup/environment/path.sh
[0.247s] -- Up-to-date: /home/mtrn/MTRN4231-T9-1/lab4-main/install/yolo_bringup/share/yolo_bringup/environment/path.dsv
[0.247s] -- Up-to-date: /home/mtrn/MTRN4231-T9-1/lab4-main/install/yolo_bringup/share/yolo_bringup/local_setup.bash
[0.247s] -- Up-to-date: /home/mtrn/MTRN4231-T9-1/lab4-main/install/yolo_bringup/share/yolo_bringup/local_setup.sh
[0.248s] -- Up-to-date: /home/mtrn/MTRN4231-T9-1/lab4-main/install/yolo_bringup/share/yolo_bringup/local_setup.zsh
[0.248s] -- Up-to-date: /home/mtrn/MTRN4231-T9-1/lab4-main/install/yolo_bringup/share/yolo_bringup/local_setup.dsv
[0.248s] -- Installing: /home/mtrn/MTRN4231-T9-1/lab4-main/install/yolo_bringup/share/yolo_bringup/package.dsv
[0.248s] -- Up-to-date: /home/mtrn/MTRN4231-T9-1/lab4-main/install/yolo_bringup/share/ament_index/resource_index/packages/yolo_bringup
[0.248s] -- Up-to-date: /home/mtrn/MTRN4231-T9-1/lab4-main/install/yolo_bringup/share/yolo_bringup/cmake/yolo_bringupConfig.cmake
[0.249s] -- Up-to-date: /home/mtrn/MTRN4231-T9-1/lab4-main/install/yolo_bringup/share/yolo_bringup/cmake/yolo_bringupConfig-version.cmake
[0.249s] -- Up-to-date: /home/mtrn/MTRN4231-T9-1/lab4-main/install/yolo_bringup/share/yolo_bringup/package.xml
[0.257s] Invoked command in '/home/mtrn/MTRN4231-T9-1/lab4-main/build/yolo_bringup' returned '0': AMENT_PREFIX_PATH=/home/mtrn/MTRN4231-T9-1/lab4-main/install/yolo_ros:/home/mtrn/MTRN4231-T9-1/lab4-main/install/yolo_bringup:/home/mtrn/MTRN4231-T9-1/lab4-main/install/yolo_msgs:/home/mtrn/MTRN4231-T9-1/lab4-main/install/lab4_perception_example:/opt/ros/humble CMAKE_PREFIX_PATH=/home/mtrn/MTRN4231-T9-1/lab4-main/install/yolo_msgs:/home/mtrn/MTRN4231-T9-1/lab4-main/install/yolo_bringup:/home/mtrn/MTRN4231-T9-1/lab4-main/install/yolo_ros:/home/mtrn/MTRN4231-T9-1/lab4-main/install/lab4_perception_example:/opt/ros/humble /home/mtrn/.local/bin/cmake --install /home/mtrn/MTRN4231-T9-1/lab4-main/build/yolo_bringup
