running egg_info
writing build/ur_with_gripper_description/ur_with_gripper_description.egg-info/PKG-INFO
writing dependency_links to build/ur_with_gripper_description/ur_with_gripper_description.egg-info/dependency_links.txt
writing entry points to build/ur_with_gripper_description/ur_with_gripper_description.egg-info/entry_points.txt
writing requirements to build/ur_with_gripper_description/ur_with_gripper_description.egg-info/requires.txt
writing top-level names to build/ur_with_gripper_description/ur_with_gripper_description.egg-info/top_level.txt
reading manifest file 'build/ur_with_gripper_description/ur_with_gripper_description.egg-info/SOURCES.txt'
writing manifest file 'build/ur_with_gripper_description/ur_with_gripper_description.egg-info/SOURCES.txt'
running build
running build_py
running install
running install_lib
running install_data
creating /home/mtrn/4231/ur_with_gripper_description/install/ur_with_gripper_description/share/ur_with_gripper_description/launch
copying launch/display.launch.py -> /home/mtrn/4231/ur_with_gripper_description/install/ur_with_gripper_description/share/ur_with_gripper_description/launch
creating /home/mtrn/4231/ur_with_gripper_description/install/ur_with_gripper_description/share/ur_with_gripper_description/urdf
copying urdf/ur_with_gripper.xacro -> /home/mtrn/4231/ur_with_gripper_description/install/ur_with_gripper_description/share/ur_with_gripper_description/urdf
running install_egg_info
removing '/home/mtrn/4231/ur_with_gripper_description/install/ur_with_gripper_description/lib/python3.10/site-packages/ur_with_gripper_description-0.0.0-py3.10.egg-info' (and everything under it)
Copying build/ur_with_gripper_description/ur_with_gripper_description.egg-info to /home/mtrn/4231/ur_with_gripper_description/install/ur_with_gripper_description/lib/python3.10/site-packages/ur_with_gripper_description-0.0.0-py3.10.egg-info
running install_scripts
writing list of installed files to '/home/mtrn/4231/ur_with_gripper_description/build/ur_with_gripper_description/install.log'
