[0.359s] Invoking command in '/home/mtrn/4231/ur_with_gripper_description': PYTHONPATH=/home/mtrn/4231/ur_with_gripper_description/build/ur_with_gripper_description/prefix_override:/home/mtrn/4231/ur_with_gripper_description/install/ur_with_gripper_description/lib/python3.10/site-packages:${PYTHONPATH} /usr/bin/python3 setup.py egg_info --egg-base build/ur_with_gripper_description build --build-base /home/mtrn/4231/ur_with_gripper_description/build/ur_with_gripper_description/build install --record /home/mtrn/4231/ur_with_gripper_description/build/ur_with_gripper_description/install.log --single-version-externally-managed
[0.476s] running egg_info
[0.476s] writing build/ur_with_gripper_description/ur_with_gripper_description.egg-info/PKG-INFO
[0.477s] writing dependency_links to build/ur_with_gripper_description/ur_with_gripper_description.egg-info/dependency_links.txt
[0.477s] writing entry points to build/ur_with_gripper_description/ur_with_gripper_description.egg-info/entry_points.txt
[0.478s] writing requirements to build/ur_with_gripper_description/ur_with_gripper_description.egg-info/requires.txt
[0.478s] writing top-level names to build/ur_with_gripper_description/ur_with_gripper_description.egg-info/top_level.txt
[0.483s] reading manifest file 'build/ur_with_gripper_description/ur_with_gripper_description.egg-info/SOURCES.txt'
[0.486s] writing manifest file 'build/ur_with_gripper_description/ur_with_gripper_description.egg-info/SOURCES.txt'
[0.486s] running build
[0.486s] running build_py
[0.486s] running install
[0.487s] running install_lib
[0.487s] /usr/lib/python3/dist-packages/setuptools/command/install.py:34: SetuptoolsDeprecationWarning: setup.py install is deprecated. Use build and pip and other standards-based tools.
[0.487s]   warnings.warn(
[0.488s] running install_data
[0.489s] creating /home/mtrn/4231/ur_with_gripper_description/install/ur_with_gripper_description/share/ur_with_gripper_description/launch
[0.489s] copying launch/display.launch.py -> /home/mtrn/4231/ur_with_gripper_description/install/ur_with_gripper_description/share/ur_with_gripper_description/launch
[0.489s] creating /home/mtrn/4231/ur_with_gripper_description/install/ur_with_gripper_description/share/ur_with_gripper_description/urdf
[0.489s] copying urdf/ur_with_gripper.xacro -> /home/mtrn/4231/ur_with_gripper_description/install/ur_with_gripper_description/share/ur_with_gripper_description/urdf
[0.489s] running install_egg_info
[0.490s] removing '/home/mtrn/4231/ur_with_gripper_description/install/ur_with_gripper_description/lib/python3.10/site-packages/ur_with_gripper_description-0.0.0-py3.10.egg-info' (and everything under it)
[0.490s] Copying build/ur_with_gripper_description/ur_with_gripper_description.egg-info to /home/mtrn/4231/ur_with_gripper_description/install/ur_with_gripper_description/lib/python3.10/site-packages/ur_with_gripper_description-0.0.0-py3.10.egg-info
[0.491s] running install_scripts
[0.504s] writing list of installed files to '/home/mtrn/4231/ur_with_gripper_description/build/ur_with_gripper_description/install.log'
[0.520s] Invoked command in '/home/mtrn/4231/ur_with_gripper_description' returned '0': PYTHONPATH=/home/mtrn/4231/ur_with_gripper_description/build/ur_with_gripper_description/prefix_override:/home/mtrn/4231/ur_with_gripper_description/install/ur_with_gripper_description/lib/python3.10/site-packages:${PYTHONPATH} /usr/bin/python3 setup.py egg_info --egg-base build/ur_with_gripper_description build --build-base /home/mtrn/4231/ur_with_gripper_description/build/ur_with_gripper_description/build install --record /home/mtrn/4231/ur_with_gripper_description/build/ur_with_gripper_description/install.log --single-version-externally-managed
