running egg_info
writing ../../build/my_robot_cv/my_robot_cv.egg-info/PKG-INFO
writing dependency_links to ../../build/my_robot_cv/my_robot_cv.egg-info/dependency_links.txt
writing entry points to ../../build/my_robot_cv/my_robot_cv.egg-info/entry_points.txt
writing requirements to ../../build/my_robot_cv/my_robot_cv.egg-info/requires.txt
writing top-level names to ../../build/my_robot_cv/my_robot_cv.egg-info/top_level.txt
reading manifest file '../../build/my_robot_cv/my_robot_cv.egg-info/SOURCES.txt'
writing manifest file '../../build/my_robot_cv/my_robot_cv.egg-info/SOURCES.txt'
running build
running build_py
copying my_robot_cv/object_recognizer.py -> /home/mtrn/t1_ws/build/my_robot_cv/build/lib/my_robot_cv
running install
running install_lib
copying /home/mtrn/t1_ws/build/my_robot_cv/build/lib/my_robot_cv/object_recognizer.py -> /home/mtrn/t1_ws/install/my_robot_cv/lib/python3.10/site-packages/my_robot_cv
byte-compiling /home/mtrn/t1_ws/install/my_robot_cv/lib/python3.10/site-packages/my_robot_cv/object_recognizer.py to object_recognizer.cpython-310.pyc
running install_data
running install_egg_info
removing '/home/mtrn/t1_ws/install/my_robot_cv/lib/python3.10/site-packages/my_robot_cv-0.0.0-py3.10.egg-info' (and everything under it)
Copying ../../build/my_robot_cv/my_robot_cv.egg-info to /home/mtrn/t1_ws/install/my_robot_cv/lib/python3.10/site-packages/my_robot_cv-0.0.0-py3.10.egg-info
running install_scripts
Installing object_recognizer script to /home/mtrn/t1_ws/install/my_robot_cv/lib/my_robot_cv
writing list of installed files to '/home/mtrn/t1_ws/build/my_robot_cv/install.log'
