[1.584s] Invoking command in '/home/mtrn/t1_ws/src/my_robot_cv': PYTHONPATH=/home/mtrn/t1_ws/build/my_robot_cv/prefix_override:/usr/lib/python3/dist-packages/colcon_core/task/python/colcon_distutils_commands:/home/mtrn/t1_ws/install/my_robot_cv/lib/python3.10/site-packages:${PYTHONPATH} /usr/bin/python3 -W ignore:setup.py install is deprecated setup.py egg_info --egg-base ../../build/my_robot_cv build --build-base /home/mtrn/t1_ws/build/my_robot_cv/build install --record /home/mtrn/t1_ws/build/my_robot_cv/install.log --single-version-externally-managed install_data
[2.207s] running egg_info
[2.232s] writing ../../build/my_robot_cv/my_robot_cv.egg-info/PKG-INFO
[2.232s] writing dependency_links to ../../build/my_robot_cv/my_robot_cv.egg-info/dependency_links.txt
[2.232s] writing entry points to ../../build/my_robot_cv/my_robot_cv.egg-info/entry_points.txt
[2.233s] writing requirements to ../../build/my_robot_cv/my_robot_cv.egg-info/requires.txt
[2.233s] writing top-level names to ../../build/my_robot_cv/my_robot_cv.egg-info/top_level.txt
[2.279s] reading manifest file '../../build/my_robot_cv/my_robot_cv.egg-info/SOURCES.txt'
[2.281s] writing manifest file '../../build/my_robot_cv/my_robot_cv.egg-info/SOURCES.txt'
[2.281s] running build
[2.282s] running build_py
[2.282s] copying my_robot_cv/object_recognizer.py -> /home/mtrn/t1_ws/build/my_robot_cv/build/lib/my_robot_cv
[2.282s] running install
[2.291s] running install_lib
[2.314s] copying /home/mtrn/t1_ws/build/my_robot_cv/build/lib/my_robot_cv/object_recognizer.py -> /home/mtrn/t1_ws/install/my_robot_cv/lib/python3.10/site-packages/my_robot_cv
[2.315s] byte-compiling /home/mtrn/t1_ws/install/my_robot_cv/lib/python3.10/site-packages/my_robot_cv/object_recognizer.py to object_recognizer.cpython-310.pyc
[2.317s] running install_data
[2.317s] running install_egg_info
[2.337s] removing '/home/mtrn/t1_ws/install/my_robot_cv/lib/python3.10/site-packages/my_robot_cv-0.0.0-py3.10.egg-info' (and everything under it)
[2.337s] Copying ../../build/my_robot_cv/my_robot_cv.egg-info to /home/mtrn/t1_ws/install/my_robot_cv/lib/python3.10/site-packages/my_robot_cv-0.0.0-py3.10.egg-info
[2.338s] running install_scripts
[2.423s] Installing object_recognizer script to /home/mtrn/t1_ws/install/my_robot_cv/lib/my_robot_cv
[2.423s] writing list of installed files to '/home/mtrn/t1_ws/build/my_robot_cv/install.log'
[2.482s] Invoked command in '/home/mtrn/t1_ws/src/my_robot_cv' returned '0': PYTHONPATH=/home/mtrn/t1_ws/build/my_robot_cv/prefix_override:/usr/lib/python3/dist-packages/colcon_core/task/python/colcon_distutils_commands:/home/mtrn/t1_ws/install/my_robot_cv/lib/python3.10/site-packages:${PYTHONPATH} /usr/bin/python3 -W ignore:setup.py install is deprecated setup.py egg_info --egg-base ../../build/my_robot_cv build --build-base /home/mtrn/t1_ws/build/my_robot_cv/build install --record /home/mtrn/t1_ws/build/my_robot_cv/install.log --single-version-externally-managed install_data
