running egg_info
writing build/ur_with_gripper_description/ur_with_gripper_description.egg-info/PKG-INFO
writing dependency_links to build/ur_with_gripper_description/ur_with_gripper_description.egg-info/dependency_links.txt
writing entry points to build/ur_with_gripper_description/ur_with_gripper_description.egg-info/entry_points.txt
writing requirements to build/ur_with_gripper_description/ur_with_gripper_description.egg-info/requires.txt
writing top-level names to build/ur_with_gripper_description/ur_with_gripper_description.egg-info/top_level.txt
reading manifest file 'build/ur_with_gripper_description/ur_with_gripper_description.egg-info/SOURCES.txt'
writing manifest file 'build/ur_with_gripper_description/ur_with_gripper_description.egg-info/SOURCES.txt'
running build
running build_py
running install
running install_lib
running install_data
running install_egg_info
/usr/lib/python3/dist-packages/setuptools/command/install.py:34: SetuptoolsDeprecationWarning: setup.py install is deprecated. Use build and pip and other standards-based tools.
  warnings.warn(
removing '/home/mtrn/4231/ur_with_gripper_description/install/ur_with_gripper_description/lib/python3.10/site-packages/ur_with_gripper_description-0.0.0-py3.10.egg-info' (and everything under it)
Copying build/ur_with_gripper_description/ur_with_gripper_description.egg-info to /home/mtrn/4231/ur_with_gripper_description/install/ur_with_gripper_description/lib/python3.10/site-packages/ur_with_gripper_description-0.0.0-py3.10.egg-info
running install_scripts
writing list of installed files to '/home/mtrn/4231/ur_with_gripper_description/build/ur_with_gripper_description/install.log'
