-- The C compiler identification is GNU 11.4.0
-- The CXX compiler identification is GNU 11.4.0
-- Detecting C compiler ABI info
-- Detecting C compiler ABI info - done
-- Check for working C compiler: /usr/bin/cc - skipped
-- Detecting C compile features
-- Detecting C compile features - done
-- Detecting CXX compiler ABI info
-- Detecting CXX compiler ABI info - done
-- Check for working CXX compiler: /usr/bin/c++ - skipped
-- Detecting CXX compile features
-- Detecting CXX compile features - done
-- Found ament_cmake: 1.3.12 (/opt/ros/humble/share/ament_cmake/cmake)
-- Found Python3: /usr/bin/python3 (found version "3.10.12") found components: Interpreter 
-- Found moveit_ros_planning_interface: 2.5.9 (/home/ryan/ws_moveit2/install/moveit_ros_planning_interface/share/moveit_ros_planning_interface/cmake)
-- Found Boost: /usr/lib/x86_64-linux-gnu/cmake/Boost-1.74.0/BoostConfig.cmake (found version "1.74.0") found components: date_time filesystem program_options system thread 
-- Found rosidl_generator_c: 3.1.7 (/opt/ros/humble/share/rosidl_generator_c/cmake)
-- Found rosidl_adapter: 3.1.7 (/opt/ros/humble/share/rosidl_adapter/cmake)
-- Found rosidl_generator_cpp: 3.1.7 (/opt/ros/humble/share/rosidl_generator_cpp/cmake)
-- Using all available rosidl_typesupport_c: rosidl_typesupport_fastrtps_c;rosidl_typesupport_introspection_c
-- Using all available rosidl_typesupport_cpp: rosidl_typesupport_fastrtps_cpp;rosidl_typesupport_introspection_cpp
-- Found Boost: /usr/lib/x86_64-linux-gnu/cmake/Boost-1.74.0/BoostConfig.cmake (found version "1.74.0") found components: chrono date_time filesystem iostreams program_options regex serialization system thread 
-- Found parameter_traits: 0.5.0 (/opt/ros/humble/share/parameter_traits/cmake)
-- Found rmw_implementation_cmake: 6.1.2 (/opt/ros/humble/share/rmw_implementation_cmake/cmake)
-- Found rmw_cyclonedds_cpp: 1.3.4 (/opt/ros/humble/share/rmw_cyclonedds_cpp/cmake)
-- Using RMW implementation 'rmw_cyclonedds_cpp' as default
-- Found Threads: TRUE  
-- Found rclcpp_lifecycle: 16.0.15 (/opt/ros/humble/share/rclcpp_lifecycle/cmake)
-- Found Boost: /usr/lib/x86_64-linux-gnu/cmake/Boost-1.74.0/BoostConfig.cmake (found version "1.74.0") found components: filesystem 
-- library: /usr/lib/x86_64-linux-gnu/libcurl.so
-- Found Eigen3: TRUE (found version "3.4.0") 
-- Ensuring Eigen3 include directory is part of orocos-kdl CMake target
-- Found Boost: /usr/lib/x86_64-linux-gnu/cmake/Boost-1.74.0/BoostConfig.cmake (found version "1.74.0") found components: system filesystem date_time program_options thread chrono 
-- Found Boost: /usr/lib/x86_64-linux-gnu/cmake/Boost-1.74.0/BoostConfig.cmake (found version "1.74.0") found components: thread system filesystem regex date_time program_options 
-- Found Boost: /usr/lib/x86_64-linux-gnu/cmake/Boost-1.74.0/BoostConfig.cmake (found version "1.74.0") found components: system filesystem date_time program_options thread 
-- Configuring done
-- Generating done
-- Build files have been written to: /home/ryan/unsw/MTRN4231_group/tictactoe-bot/build/arm
[ 50%] [32mBuilding CXX object CMakeFiles/arm_moveit_server.dir/src/arm_moveit_server.cpp.o[0m
[100%] [32m[1mLinking CXX executable arm_moveit_server[0m
[100%] Built target arm_moveit_server
-- Install configuration: ""
-- Installing: /home/ryan/unsw/MTRN4231_group/tictactoe-bot/install/arm/lib/arm/arm_moveit_server
-- Set runtime path of "/home/ryan/unsw/MTRN4231_group/tictactoe-bot/install/arm/lib/arm/arm_moveit_server" to ""
-- Installing: /home/ryan/unsw/MTRN4231_group/tictactoe-bot/install/arm/share/arm//launch
-- Installing: /home/ryan/unsw/MTRN4231_group/tictactoe-bot/install/arm/share/arm//launch/arm.launch.py
-- Installing: /home/ryan/unsw/MTRN4231_group/tictactoe-bot/install/arm/share/ament_index/resource_index/package_run_dependencies/arm
-- Installing: /home/ryan/unsw/MTRN4231_group/tictactoe-bot/install/arm/share/ament_index/resource_index/parent_prefix_path/arm
-- Installing: /home/ryan/unsw/MTRN4231_group/tictactoe-bot/install/arm/share/arm/environment/ament_prefix_path.sh
-- Installing: /home/ryan/unsw/MTRN4231_group/tictactoe-bot/install/arm/share/arm/environment/ament_prefix_path.dsv
-- Installing: /home/ryan/unsw/MTRN4231_group/tictactoe-bot/install/arm/share/arm/environment/path.sh
-- Installing: /home/ryan/unsw/MTRN4231_group/tictactoe-bot/install/arm/share/arm/environment/path.dsv
-- Installing: /home/ryan/unsw/MTRN4231_group/tictactoe-bot/install/arm/share/arm/local_setup.bash
-- Installing: /home/ryan/unsw/MTRN4231_group/tictactoe-bot/install/arm/share/arm/local_setup.sh
-- Installing: /home/ryan/unsw/MTRN4231_group/tictactoe-bot/install/arm/share/arm/local_setup.zsh
-- Installing: /home/ryan/unsw/MTRN4231_group/tictactoe-bot/install/arm/share/arm/local_setup.dsv
-- Installing: /home/ryan/unsw/MTRN4231_group/tictactoe-bot/install/arm/share/arm/package.dsv
-- Installing: /home/ryan/unsw/MTRN4231_group/tictactoe-bot/install/arm/share/ament_index/resource_index/packages/arm
-- Installing: /home/ryan/unsw/MTRN4231_group/tictactoe-bot/install/arm/share/arm/cmake/armConfig.cmake
-- Installing: /home/ryan/unsw/MTRN4231_group/tictactoe-bot/install/arm/share/arm/cmake/armConfig-version.cmake
-- Installing: /home/ryan/unsw/MTRN4231_group/tictactoe-bot/install/arm/share/arm/package.xml
