[0.020s] Invoking command in '/home/ryan/unsw/MTRN4231_group/tictactoe-bot/build/arm': CMAKE_PREFIX_PATH=${CMAKE_PREFIX_PATH}:/home/ryan/ros2_packages/install/yolo_ros:/home/ryan/ws_moveit2/install/moveit_configs_utils:/home/ryan/unsw/MTRN4231/4231SuppliedCode/4231_demo_packages/install/demo_launch_param:/opt/ros/humble /usr/bin/cmake /home/ryan/unsw/MTRN4231_group/tictactoe-bot/src/arm -DCMAKE_EXPORT_COMPILE_COMMANDS=ON -DCMAKE_INSTALL_PREFIX=/home/ryan/unsw/MTRN4231_group/tictactoe-bot/install/arm
[0.099s] -- The C compiler identification is GNU 11.4.0
[0.172s] -- The CXX compiler identification is GNU 11.4.0
[0.182s] -- Detecting C compiler ABI info
[0.291s] -- Detecting C compiler ABI info - done
[0.300s] -- Check for working C compiler: /usr/bin/cc - skipped
[0.300s] -- Detecting C compile features
[0.300s] -- Detecting C compile features - done
[0.304s] -- Detecting CXX compiler ABI info
[0.422s] -- Detecting CXX compiler ABI info - done
[0.431s] -- Check for working CXX compiler: /usr/bin/c++ - skipped
[0.432s] -- Detecting CXX compile features
[0.432s] -- Detecting CXX compile features - done
[0.443s] -- Found ament_cmake: 1.3.12 (/opt/ros/humble/share/ament_cmake/cmake)
[0.649s] -- Found Python3: /usr/bin/python3 (found version "3.10.12") found components: Interpreter 
[0.847s] -- Found moveit_ros_planning_interface: 2.5.9 (/home/ryan/ws_moveit2/install/moveit_ros_planning_interface/share/moveit_ros_planning_interface/cmake)
[1.146s] -- Found Boost: /usr/lib/x86_64-linux-gnu/cmake/Boost-1.74.0/BoostConfig.cmake (found version "1.74.0") found components: date_time filesystem program_options system thread 
[1.275s] -- Found rosidl_generator_c: 3.1.7 (/opt/ros/humble/share/rosidl_generator_c/cmake)
[1.293s] -- Found rosidl_adapter: 3.1.7 (/opt/ros/humble/share/rosidl_adapter/cmake)
[1.314s] -- Found rosidl_generator_cpp: 3.1.7 (/opt/ros/humble/share/rosidl_generator_cpp/cmake)
[1.343s] -- Using all available rosidl_typesupport_c: rosidl_typesupport_fastrtps_c;rosidl_typesupport_introspection_c
[1.381s] -- Using all available rosidl_typesupport_cpp: rosidl_typesupport_fastrtps_cpp;rosidl_typesupport_introspection_cpp
[1.686s] -- Found Boost: /usr/lib/x86_64-linux-gnu/cmake/Boost-1.74.0/BoostConfig.cmake (found version "1.74.0") found components: chrono date_time filesystem iostreams program_options regex serialization system thread 
[1.819s] -- Found parameter_traits: 0.5.0 (/opt/ros/humble/share/parameter_traits/cmake)
[1.935s] -- Found rmw_implementation_cmake: 6.1.2 (/opt/ros/humble/share/rmw_implementation_cmake/cmake)
[1.947s] -- Found rmw_cyclonedds_cpp: 1.3.4 (/opt/ros/humble/share/rmw_cyclonedds_cpp/cmake)
[2.013s] -- Using RMW implementation 'rmw_cyclonedds_cpp' as default
[2.042s] -- Found Threads: TRUE  
[2.134s] -- Found rclcpp_lifecycle: 16.0.15 (/opt/ros/humble/share/rclcpp_lifecycle/cmake)
[2.181s] -- Found Boost: /usr/lib/x86_64-linux-gnu/cmake/Boost-1.74.0/BoostConfig.cmake (found version "1.74.0") found components: filesystem 
[2.370s] -- library: /usr/lib/x86_64-linux-gnu/libcurl.so
[2.438s] -- Found Eigen3: TRUE (found version "3.4.0") 
[2.438s] -- Ensuring Eigen3 include directory is part of orocos-kdl CMake target
[2.738s] -- Found Boost: /usr/lib/x86_64-linux-gnu/cmake/Boost-1.74.0/BoostConfig.cmake (found version "1.74.0") found components: system filesystem date_time program_options thread chrono 
[2.781s] -- Found Boost: /usr/lib/x86_64-linux-gnu/cmake/Boost-1.74.0/BoostConfig.cmake (found version "1.74.0") found components: thread system filesystem regex date_time program_options 
[2.915s] -- Found Boost: /usr/lib/x86_64-linux-gnu/cmake/Boost-1.74.0/BoostConfig.cmake (found version "1.74.0") found components: system filesystem date_time program_options thread 
[3.042s] -- Configuring done
[3.083s] -- Generating done
[3.092s] -- Build files have been written to: /home/ryan/unsw/MTRN4231_group/tictactoe-bot/build/arm
[3.109s] Invoked command in '/home/ryan/unsw/MTRN4231_group/tictactoe-bot/build/arm' returned '0': CMAKE_PREFIX_PATH=${CMAKE_PREFIX_PATH}:/home/ryan/ros2_packages/install/yolo_ros:/home/ryan/ws_moveit2/install/moveit_configs_utils:/home/ryan/unsw/MTRN4231/4231SuppliedCode/4231_demo_packages/install/demo_launch_param:/opt/ros/humble /usr/bin/cmake /home/ryan/unsw/MTRN4231_group/tictactoe-bot/src/arm -DCMAKE_EXPORT_COMPILE_COMMANDS=ON -DCMAKE_INSTALL_PREFIX=/home/ryan/unsw/MTRN4231_group/tictactoe-bot/install/arm
[3.111s] Invoking command in '/home/ryan/unsw/MTRN4231_group/tictactoe-bot/build/arm': CMAKE_PREFIX_PATH=${CMAKE_PREFIX_PATH}:/home/ryan/ros2_packages/install/yolo_ros:/home/ryan/ws_moveit2/install/moveit_configs_utils:/home/ryan/unsw/MTRN4231/4231SuppliedCode/4231_demo_packages/install/demo_launch_param:/opt/ros/humble /usr/bin/cmake --build /home/ryan/unsw/MTRN4231_group/tictactoe-bot/build/arm -- -j8 -l8
[3.216s] [ 50%] [32mBuilding CXX object CMakeFiles/arm_moveit_server.dir/src/arm_moveit_server.cpp.o[0m
[13.157s] [100%] [32m[1mLinking CXX executable arm_moveit_server[0m
[13.623s] [100%] Built target arm_moveit_server
[13.644s] Invoked command in '/home/ryan/unsw/MTRN4231_group/tictactoe-bot/build/arm' returned '0': CMAKE_PREFIX_PATH=${CMAKE_PREFIX_PATH}:/home/ryan/ros2_packages/install/yolo_ros:/home/ryan/ws_moveit2/install/moveit_configs_utils:/home/ryan/unsw/MTRN4231/4231SuppliedCode/4231_demo_packages/install/demo_launch_param:/opt/ros/humble /usr/bin/cmake --build /home/ryan/unsw/MTRN4231_group/tictactoe-bot/build/arm -- -j8 -l8
[13.662s] Invoking command in '/home/ryan/unsw/MTRN4231_group/tictactoe-bot/build/arm': CMAKE_PREFIX_PATH=${CMAKE_PREFIX_PATH}:/home/ryan/ros2_packages/install/yolo_ros:/home/ryan/ws_moveit2/install/moveit_configs_utils:/home/ryan/unsw/MTRN4231/4231SuppliedCode/4231_demo_packages/install/demo_launch_param:/opt/ros/humble /usr/bin/cmake --install /home/ryan/unsw/MTRN4231_group/tictactoe-bot/build/arm
[13.676s] -- Install configuration: ""
[13.676s] -- Installing: /home/ryan/unsw/MTRN4231_group/tictactoe-bot/install/arm/lib/arm/arm_moveit_server
[13.677s] -- Set runtime path of "/home/ryan/unsw/MTRN4231_group/tictactoe-bot/install/arm/lib/arm/arm_moveit_server" to ""
[13.678s] -- Installing: /home/ryan/unsw/MTRN4231_group/tictactoe-bot/install/arm/share/arm//launch
[13.678s] -- Installing: /home/ryan/unsw/MTRN4231_group/tictactoe-bot/install/arm/share/arm//launch/arm.launch.py
[13.678s] -- Installing: /home/ryan/unsw/MTRN4231_group/tictactoe-bot/install/arm/share/ament_index/resource_index/package_run_dependencies/arm
[13.678s] -- Installing: /home/ryan/unsw/MTRN4231_group/tictactoe-bot/install/arm/share/ament_index/resource_index/parent_prefix_path/arm
[13.678s] -- Installing: /home/ryan/unsw/MTRN4231_group/tictactoe-bot/install/arm/share/arm/environment/ament_prefix_path.sh
[13.679s] -- Installing: /home/ryan/unsw/MTRN4231_group/tictactoe-bot/install/arm/share/arm/environment/ament_prefix_path.dsv
[13.679s] -- Installing: /home/ryan/unsw/MTRN4231_group/tictactoe-bot/install/arm/share/arm/environment/path.sh
[13.679s] -- Installing: /home/ryan/unsw/MTRN4231_group/tictactoe-bot/install/arm/share/arm/environment/path.dsv
[13.679s] -- Installing: /home/ryan/unsw/MTRN4231_group/tictactoe-bot/install/arm/share/arm/local_setup.bash
[13.679s] -- Installing: /home/ryan/unsw/MTRN4231_group/tictactoe-bot/install/arm/share/arm/local_setup.sh
[13.679s] -- Installing: /home/ryan/unsw/MTRN4231_group/tictactoe-bot/install/arm/share/arm/local_setup.zsh
[13.680s] -- Installing: /home/ryan/unsw/MTRN4231_group/tictactoe-bot/install/arm/share/arm/local_setup.dsv
[13.680s] -- Installing: /home/ryan/unsw/MTRN4231_group/tictactoe-bot/install/arm/share/arm/package.dsv
[13.680s] -- Installing: /home/ryan/unsw/MTRN4231_group/tictactoe-bot/install/arm/share/ament_index/resource_index/packages/arm
[13.680s] -- Installing: /home/ryan/unsw/MTRN4231_group/tictactoe-bot/install/arm/share/arm/cmake/armConfig.cmake
[13.680s] -- Installing: /home/ryan/unsw/MTRN4231_group/tictactoe-bot/install/arm/share/arm/cmake/armConfig-version.cmake
[13.680s] -- Installing: /home/ryan/unsw/MTRN4231_group/tictactoe-bot/install/arm/share/arm/package.xml
[13.683s] Invoked command in '/home/ryan/unsw/MTRN4231_group/tictactoe-bot/build/arm' returned '0': CMAKE_PREFIX_PATH=${CMAKE_PREFIX_PATH}:/home/ryan/ros2_packages/install/yolo_ros:/home/ryan/ws_moveit2/install/moveit_configs_utils:/home/ryan/unsw/MTRN4231/4231SuppliedCode/4231_demo_packages/install/demo_launch_param:/opt/ros/humble /usr/bin/cmake --install /home/ryan/unsw/MTRN4231_group/tictactoe-bot/build/arm
