[0.609s] Invoking command in '/home/mtrn/MTRN4231-T9-1/lab4-main/src/lab4_perception_example': PYTHONPATH=/home/mtrn/MTRN4231-T9-1/lab4-main/build/lab4_perception_example/prefix_override:/usr/lib/python3/dist-packages/colcon_core/task/python/colcon_distutils_commands:/home/mtrn/MTRN4231-T9-1/lab4-main/install/lab4_perception_example/lib/python3.10/site-packages:${PYTHONPATH} /usr/bin/python3 -W ignore:setup.py install is deprecated setup.py egg_info --egg-base ../../build/lab4_perception_example build --build-base /home/mtrn/MTRN4231-T9-1/lab4-main/build/lab4_perception_example/build install --record /home/mtrn/MTRN4231-T9-1/lab4-main/build/lab4_perception_example/install.log --single-version-externally-managed install_data
[0.818s] running egg_info
[0.818s] writing ../../build/lab4_perception_example/lab4_perception_example.egg-info/PKG-INFO
[0.819s] writing dependency_links to ../../build/lab4_perception_example/lab4_perception_example.egg-info/dependency_links.txt
[0.819s] writing entry points to ../../build/lab4_perception_example/lab4_perception_example.egg-info/entry_points.txt
[0.819s] writing requirements to ../../build/lab4_perception_example/lab4_perception_example.egg-info/requires.txt
[0.819s] writing top-level names to ../../build/lab4_perception_example/lab4_perception_example.egg-info/top_level.txt
[0.820s] reading manifest file '../../build/lab4_perception_example/lab4_perception_example.egg-info/SOURCES.txt'
[0.820s] adding license file 'LICENSE'
[0.821s] writing manifest file '../../build/lab4_perception_example/lab4_perception_example.egg-info/SOURCES.txt'
[0.821s] running build
[0.821s] running build_py
[0.821s] running install
[0.821s] running install_lib
[0.822s] running install_data
[0.822s] running install_egg_info
[0.824s] removing '/home/mtrn/MTRN4231-T9-1/lab4-main/install/lab4_perception_example/lib/python3.10/site-packages/lab4_perception_example-0.0.0-py3.10.egg-info' (and everything under it)
[0.824s] Copying ../../build/lab4_perception_example/lab4_perception_example.egg-info to /home/mtrn/MTRN4231-T9-1/lab4-main/install/lab4_perception_example/lib/python3.10/site-packages/lab4_perception_example-0.0.0-py3.10.egg-info
[0.824s] running install_scripts
[0.841s] Installing perception_example script to /home/mtrn/MTRN4231-T9-1/lab4-main/install/lab4_perception_example/lib/lab4_perception_example
[0.842s] writing list of installed files to '/home/mtrn/MTRN4231-T9-1/lab4-main/build/lab4_perception_example/install.log'
[0.865s] Invoked command in '/home/mtrn/MTRN4231-T9-1/lab4-main/src/lab4_perception_example' returned '0': PYTHONPATH=/home/mtrn/MTRN4231-T9-1/lab4-main/build/lab4_perception_example/prefix_override:/usr/lib/python3/dist-packages/colcon_core/task/python/colcon_distutils_commands:/home/mtrn/MTRN4231-T9-1/lab4-main/install/lab4_perception_example/lib/python3.10/site-packages:${PYTHONPATH} /usr/bin/python3 -W ignore:setup.py install is deprecated setup.py egg_info --egg-base ../../build/lab4_perception_example build --build-base /home/mtrn/MTRN4231-T9-1/lab4-main/build/lab4_perception_example/build install --record /home/mtrn/MTRN4231-T9-1/lab4-main/build/lab4_perception_example/install.log --single-version-externally-managed install_data
