[0.704s] Invoking command in '/home/mtrn/MTRN4231-T9-1/lab3-main/src/object_detect': PYTHONPATH=/home/mtrn/MTRN4231-T9-1/lab3-main/build/object_detect/prefix_override:/usr/lib/python3/dist-packages/colcon_core/task/python/colcon_distutils_commands:/home/mtrn/MTRN4231-T9-1/lab3-main/install/object_detect/lib/python3.10/site-packages:${PYTHONPATH} /usr/bin/python3 -W ignore:setup.py install is deprecated setup.py egg_info --egg-base ../../build/object_detect build --build-base /home/mtrn/MTRN4231-T9-1/lab3-main/build/object_detect/build install --record /home/mtrn/MTRN4231-T9-1/lab3-main/build/object_detect/install.log --single-version-externally-managed install_data
[0.928s] running egg_info
[0.929s] writing ../../build/object_detect/object_detect.egg-info/PKG-INFO
[0.929s] writing dependency_links to ../../build/object_detect/object_detect.egg-info/dependency_links.txt
[0.929s] writing entry points to ../../build/object_detect/object_detect.egg-info/entry_points.txt
[0.929s] writing requirements to ../../build/object_detect/object_detect.egg-info/requires.txt
[0.929s] writing top-level names to ../../build/object_detect/object_detect.egg-info/top_level.txt
[0.930s] reading manifest file '../../build/object_detect/object_detect.egg-info/SOURCES.txt'
[0.932s] writing manifest file '../../build/object_detect/object_detect.egg-info/SOURCES.txt'
[0.932s] running build
[0.932s] running build_py
[0.933s] copying object_detect/object_detect.py -> /home/mtrn/MTRN4231-T9-1/lab3-main/build/object_detect/build/lib/object_detect
[0.933s] running install
[0.933s] running install_lib
[0.933s] copying /home/mtrn/MTRN4231-T9-1/lab3-main/build/object_detect/build/lib/object_detect/object_detect.py -> /home/mtrn/MTRN4231-T9-1/lab3-main/install/object_detect/lib/python3.10/site-packages/object_detect
[0.934s] byte-compiling /home/mtrn/MTRN4231-T9-1/lab3-main/install/object_detect/lib/python3.10/site-packages/object_detect/object_detect.py to object_detect.cpython-310.pyc
[0.935s] running install_data
[0.935s] running install_egg_info
[0.936s] removing '/home/mtrn/MTRN4231-T9-1/lab3-main/install/object_detect/lib/python3.10/site-packages/object_detect-0.0.0-py3.10.egg-info' (and everything under it)
[0.936s] Copying ../../build/object_detect/object_detect.egg-info to /home/mtrn/MTRN4231-T9-1/lab3-main/install/object_detect/lib/python3.10/site-packages/object_detect-0.0.0-py3.10.egg-info
[0.937s] running install_scripts
[0.953s] Installing object_detect script to /home/mtrn/MTRN4231-T9-1/lab3-main/install/object_detect/lib/object_detect
[0.953s] writing list of installed files to '/home/mtrn/MTRN4231-T9-1/lab3-main/build/object_detect/install.log'
[0.973s] Invoked command in '/home/mtrn/MTRN4231-T9-1/lab3-main/src/object_detect' returned '0': PYTHONPATH=/home/mtrn/MTRN4231-T9-1/lab3-main/build/object_detect/prefix_override:/usr/lib/python3/dist-packages/colcon_core/task/python/colcon_distutils_commands:/home/mtrn/MTRN4231-T9-1/lab3-main/install/object_detect/lib/python3.10/site-packages:${PYTHONPATH} /usr/bin/python3 -W ignore:setup.py install is deprecated setup.py egg_info --egg-base ../../build/object_detect build --build-base /home/mtrn/MTRN4231-T9-1/lab3-main/build/object_detect/build install --record /home/mtrn/MTRN4231-T9-1/lab3-main/build/object_detect/install.log --single-version-externally-managed install_data
