[0.020s] Invoking command in '/home/mtrn/4231/ur5e_with_gripper_description/build/my_gripper_description': CMAKE_PREFIX_PATH=${CMAKE_PREFIX_PATH}:/home/mtrn/4231/ws_moveit2/install/moveit_configs_utils:/home/mtrn/4231/ws_moveit2/install/launch_param_builder:/opt/ros/humble /usr/bin/cmake /home/mtrn/4231/ur5e_with_gripper_description -DCMAKE_INSTALL_PREFIX=/home/mtrn/4231/ur5e_with_gripper_description/install/my_gripper_description
[0.030s] -- Found ament_cmake: 1.3.5 (/opt/ros/humble/share/ament_cmake/cmake)
[0.130s] -- Found robot_state_publisher: 3.0.2 (/opt/ros/humble/share/robot_state_publisher/cmake)
[0.148s] -- Found rosidl_generator_c: 3.1.5 (/opt/ros/humble/share/rosidl_generator_c/cmake)
[0.148s] -- Found rosidl_adapter: 3.1.5 (/opt/ros/humble/share/rosidl_adapter/cmake)
[0.152s] -- Found rosidl_generator_cpp: 3.1.5 (/opt/ros/humble/share/rosidl_generator_cpp/cmake)
[0.167s] -- Using all available rosidl_typesupport_c: rosidl_typesupport_fastrtps_c;rosidl_typesupport_introspection_c
[0.172s] -- Using all available rosidl_typesupport_cpp: rosidl_typesupport_fastrtps_cpp;rosidl_typesupport_introspection_cpp
[0.241s] -- Found eigen3_cmake_module: 0.1.1 (/opt/ros/humble/share/eigen3_cmake_module/cmake)
[0.243s] -- Ensuring Eigen3 include directory is part of orocos-kdl CMake target
[0.274s] -- Found rmw_implementation_cmake: 6.1.1 (/opt/ros/humble/share/rmw_implementation_cmake/cmake)
[0.276s] -- Found rmw_cyclonedds_cpp: 1.3.4 (/opt/ros/humble/share/rmw_cyclonedds_cpp/cmake)
[0.295s] -- Using RMW implementation 'rmw_cyclonedds_cpp' as default
[0.627s] [31mCMake Error at CMakeLists.txt:11 (find_package):
[0.627s]   By not providing "Findjoint_state_publisher_gui.cmake" in CMAKE_MODULE_PATH
[0.627s]   this project has asked CMake to find a package configuration file provided
[0.628s]   by "joint_state_publisher_gui", but CMake did not find one.
[0.628s] 
[0.628s]   Could not find a package configuration file provided by
[0.628s]   "joint_state_publisher_gui" with any of the following names:
[0.628s] 
[0.628s]     joint_state_publisher_guiConfig.cmake
[0.628s]     joint_state_publisher_gui-config.cmake
[0.628s] 
[0.628s]   Add the installation prefix of "joint_state_publisher_gui" to
[0.628s]   CMAKE_PREFIX_PATH or set "joint_state_publisher_gui_DIR" to a directory
[0.628s]   containing one of the above files.  If "joint_state_publisher_gui" provides
[0.628s]   a separate development package or SDK, be sure it has been installed.
[0.628s] 
[0.628s] [0m
[0.628s] -- Configuring incomplete, errors occurred!
[0.628s] See also "/home/mtrn/4231/ur5e_with_gripper_description/build/my_gripper_description/CMakeFiles/CMakeOutput.log".
[0.633s] Invoked command in '/home/mtrn/4231/ur5e_with_gripper_description/build/my_gripper_description' returned '1': CMAKE_PREFIX_PATH=${CMAKE_PREFIX_PATH}:/home/mtrn/4231/ws_moveit2/install/moveit_configs_utils:/home/mtrn/4231/ws_moveit2/install/launch_param_builder:/opt/ros/humble /usr/bin/cmake /home/mtrn/4231/ur5e_with_gripper_description -DCMAKE_INSTALL_PREFIX=/home/mtrn/4231/ur5e_with_gripper_description/install/my_gripper_description
