[1.221s] Invoking command in '/home/mtrn/t1_ws/src/my_robot_cv': PYTHONPATH=/home/mtrn/t1_ws/build/my_robot_cv/prefix_override:/usr/lib/python3/dist-packages/colcon_core/task/python/colcon_distutils_commands:/home/mtrn/t1_ws/install/my_robot_cv/lib/python3.10/site-packages:${PYTHONPATH} /usr/bin/python3 -W ignore:setup.py install is deprecated setup.py egg_info --egg-base ../../build/my_robot_cv build --build-base /home/mtrn/t1_ws/build/my_robot_cv/build install --record /home/mtrn/t1_ws/build/my_robot_cv/install.log --single-version-externally-managed install_data
[1.774s] running egg_info
[1.775s] creating ../../build/my_robot_cv/my_robot_cv.egg-info
[1.811s] writing ../../build/my_robot_cv/my_robot_cv.egg-info/PKG-INFO
[1.811s] writing dependency_links to ../../build/my_robot_cv/my_robot_cv.egg-info/dependency_links.txt
[1.811s] writing entry points to ../../build/my_robot_cv/my_robot_cv.egg-info/entry_points.txt
[1.811s] writing requirements to ../../build/my_robot_cv/my_robot_cv.egg-info/requires.txt
[1.811s] writing top-level names to ../../build/my_robot_cv/my_robot_cv.egg-info/top_level.txt
[1.811s] writing manifest file '../../build/my_robot_cv/my_robot_cv.egg-info/SOURCES.txt'
[1.847s] reading manifest file '../../build/my_robot_cv/my_robot_cv.egg-info/SOURCES.txt'
[1.847s] writing manifest file '../../build/my_robot_cv/my_robot_cv.egg-info/SOURCES.txt'
[1.847s] running build
[1.848s] running build_py
[1.848s] creating /home/mtrn/t1_ws/build/my_robot_cv/build
[1.848s] creating /home/mtrn/t1_ws/build/my_robot_cv/build/lib
[1.848s] creating /home/mtrn/t1_ws/build/my_robot_cv/build/lib/my_robot_cv
[1.848s] copying my_robot_cv/__init__.py -> /home/mtrn/t1_ws/build/my_robot_cv/build/lib/my_robot_cv
[1.848s] copying my_robot_cv/object_recognizer.py -> /home/mtrn/t1_ws/build/my_robot_cv/build/lib/my_robot_cv
[1.848s] running install
[1.853s] running install_lib
[1.870s] creating /home/mtrn/t1_ws/install/my_robot_cv/lib/python3.10/site-packages/my_robot_cv
[1.870s] copying /home/mtrn/t1_ws/build/my_robot_cv/build/lib/my_robot_cv/__init__.py -> /home/mtrn/t1_ws/install/my_robot_cv/lib/python3.10/site-packages/my_robot_cv
[1.871s] copying /home/mtrn/t1_ws/build/my_robot_cv/build/lib/my_robot_cv/object_recognizer.py -> /home/mtrn/t1_ws/install/my_robot_cv/lib/python3.10/site-packages/my_robot_cv
[1.871s] byte-compiling /home/mtrn/t1_ws/install/my_robot_cv/lib/python3.10/site-packages/my_robot_cv/__init__.py to __init__.cpython-310.pyc
[1.871s] byte-compiling /home/mtrn/t1_ws/install/my_robot_cv/lib/python3.10/site-packages/my_robot_cv/object_recognizer.py to object_recognizer.cpython-310.pyc
[1.873s] running install_data
[1.873s] creating /home/mtrn/t1_ws/install/my_robot_cv/share
[1.873s] creating /home/mtrn/t1_ws/install/my_robot_cv/share/ament_index
[1.873s] creating /home/mtrn/t1_ws/install/my_robot_cv/share/ament_index/resource_index
[1.873s] creating /home/mtrn/t1_ws/install/my_robot_cv/share/ament_index/resource_index/packages
[1.874s] copying resource/my_robot_cv -> /home/mtrn/t1_ws/install/my_robot_cv/share/ament_index/resource_index/packages
[1.874s] creating /home/mtrn/t1_ws/install/my_robot_cv/share/my_robot_cv
[1.874s] copying package.xml -> /home/mtrn/t1_ws/install/my_robot_cv/share/my_robot_cv
[1.874s] running install_egg_info
[1.895s] Copying ../../build/my_robot_cv/my_robot_cv.egg-info to /home/mtrn/t1_ws/install/my_robot_cv/lib/python3.10/site-packages/my_robot_cv-0.0.0-py3.10.egg-info
[1.895s] running install_scripts
[1.961s] Installing object_recognizer script to /home/mtrn/t1_ws/install/my_robot_cv/lib/my_robot_cv
[1.961s] writing list of installed files to '/home/mtrn/t1_ws/build/my_robot_cv/install.log'
[2.013s] Invoked command in '/home/mtrn/t1_ws/src/my_robot_cv' returned '0': PYTHONPATH=/home/mtrn/t1_ws/build/my_robot_cv/prefix_override:/usr/lib/python3/dist-packages/colcon_core/task/python/colcon_distutils_commands:/home/mtrn/t1_ws/install/my_robot_cv/lib/python3.10/site-packages:${PYTHONPATH} /usr/bin/python3 -W ignore:setup.py install is deprecated setup.py egg_info --egg-base ../../build/my_robot_cv build --build-base /home/mtrn/t1_ws/build/my_robot_cv/build install --record /home/mtrn/t1_ws/build/my_robot_cv/install.log --single-version-externally-managed install_data
