[0.113s] DEBUG:colcon:Command line arguments: ['/usr/bin/colcon', 'build']
[0.113s] DEBUG:colcon:Parsed command line arguments: Namespace(log_base=None, log_level=None, verb_name='build', build_base='build', install_base='install', merge_install=False, symlink_install=False, test_result_base=None, continue_on_error=False, executor='parallel', parallel_workers=12, event_handlers=None, ignore_user_meta=False, metas=['./colcon.meta'], base_paths=['.'], packages_ignore=None, packages_ignore_regex=None, paths=None, packages_up_to=None, packages_up_to_regex=None, packages_above=None, packages_above_and_dependencies=None, packages_above_depth=None, packages_select_by_dep=None, packages_skip_by_dep=None, packages_skip_up_to=None, packages_select_build_failed=False, packages_skip_build_finished=False, packages_select_test_failures=False, packages_skip_test_passed=False, packages_select=None, packages_skip=None, packages_select_regex=None, packages_skip_regex=None, packages_start=None, packages_end=None, allow_overriding=[], cmake_args=None, cmake_target=None, cmake_target_skip_unavailable=False, cmake_clean_cache=False, cmake_clean_first=False, cmake_force_configure=False, ament_cmake_args=None, catkin_cmake_args=None, catkin_skip_building_tests=False, mixin_files=None, mixin=None, verb_parser=<colcon_mixin.mixin.mixin_argument.MixinArgumentDecorator object at 0x7ea12b11f880>, verb_extension=<colcon_core.verb.build.BuildVerb object at 0x7ea12b0d1030>, main=<bound method BuildVerb.main of <colcon_core.verb.build.BuildVerb object at 0x7ea12b0d1030>>, mixin_verb=('build',))
[0.276s] Level 1:colcon.colcon_core.package_discovery:discover_packages(colcon_meta) check parameters
[0.277s] Level 1:colcon.colcon_core.package_discovery:discover_packages(recursive) check parameters
[0.277s] Level 1:colcon.colcon_core.package_discovery:discover_packages(ignore) check parameters
[0.277s] Level 1:colcon.colcon_core.package_discovery:discover_packages(path) check parameters
[0.277s] Level 1:colcon.colcon_core.package_discovery:discover_packages(colcon_meta) discover
[0.277s] Level 1:colcon.colcon_core.package_discovery:discover_packages(recursive) discover
[0.277s] INFO:colcon.colcon_core.package_discovery:Crawling recursively for packages in '/home/mtrn/MTRN4231-sherry_urdf/visualization'
[0.277s] Level 1:colcon.colcon_core.package_identification:_identify(.) by extensions ['ignore', 'ignore_ament_install']
[0.277s] Level 1:colcon.colcon_core.package_identification:_identify(.) by extension 'ignore'
[0.277s] Level 1:colcon.colcon_core.package_identification:_identify(.) by extension 'ignore_ament_install'
[0.277s] Level 1:colcon.colcon_core.package_identification:_identify(.) by extensions ['colcon_pkg']
[0.277s] Level 1:colcon.colcon_core.package_identification:_identify(.) by extension 'colcon_pkg'
[0.277s] Level 1:colcon.colcon_core.package_identification:_identify(.) by extensions ['colcon_meta']
[0.277s] Level 1:colcon.colcon_core.package_identification:_identify(.) by extension 'colcon_meta'
[0.277s] Level 1:colcon.colcon_core.package_identification:_identify(.) by extensions ['ros']
[0.277s] Level 1:colcon.colcon_core.package_identification:_identify(.) by extension 'ros'
[0.291s] DEBUG:colcon.colcon_core.package_identification:Package '.' with type 'ros.ament_python' and name 'visualization'
[0.291s] Level 1:colcon.colcon_core.package_discovery:discover_packages(recursive) using defaults
[0.291s] Level 1:colcon.colcon_core.package_discovery:discover_packages(ignore) discover
[0.291s] Level 1:colcon.colcon_core.package_discovery:discover_packages(ignore) using defaults
[0.291s] Level 1:colcon.colcon_core.package_discovery:discover_packages(path) discover
[0.291s] Level 1:colcon.colcon_core.package_discovery:discover_packages(path) using defaults
[0.321s] Level 1:colcon.colcon_core.package_discovery:discover_packages(prefix_path) check parameters
[0.321s] Level 1:colcon.colcon_core.package_discovery:discover_packages(prefix_path) discover
[0.322s] DEBUG:colcon.colcon_installed_package_information.package_discovery:Found 1 installed packages in /home/mtrn/MTRN4231-sherry_urdf/visualization/install
[0.323s] DEBUG:colcon.colcon_installed_package_information.package_discovery:Found 8 installed packages in /home/mtrn/MTRN4231-sherry_urdf/install
[0.324s] DEBUG:colcon.colcon_installed_package_information.package_discovery:Found 361 installed packages in /opt/ros/humble
[0.326s] Level 1:colcon.colcon_core.package_discovery:discover_packages(prefix_path) using defaults
[0.368s] Level 5:colcon.colcon_core.verb:set package 'visualization' build argument 'cmake_args' from command line to 'None'
[0.368s] Level 5:colcon.colcon_core.verb:set package 'visualization' build argument 'cmake_target' from command line to 'None'
[0.368s] Level 5:colcon.colcon_core.verb:set package 'visualization' build argument 'cmake_target_skip_unavailable' from command line to 'False'
[0.368s] Level 5:colcon.colcon_core.verb:set package 'visualization' build argument 'cmake_clean_cache' from command line to 'False'
[0.368s] Level 5:colcon.colcon_core.verb:set package 'visualization' build argument 'cmake_clean_first' from command line to 'False'
[0.368s] Level 5:colcon.colcon_core.verb:set package 'visualization' build argument 'cmake_force_configure' from command line to 'False'
[0.368s] Level 5:colcon.colcon_core.verb:set package 'visualization' build argument 'ament_cmake_args' from command line to 'None'
[0.368s] Level 5:colcon.colcon_core.verb:set package 'visualization' build argument 'catkin_cmake_args' from command line to 'None'
[0.368s] Level 5:colcon.colcon_core.verb:set package 'visualization' build argument 'catkin_skip_building_tests' from command line to 'False'
[0.368s] DEBUG:colcon.colcon_core.verb:Building package 'visualization' with the following arguments: {'ament_cmake_args': None, 'build_base': '/home/mtrn/MTRN4231-sherry_urdf/visualization/build/visualization', 'catkin_cmake_args': None, 'catkin_skip_building_tests': False, 'cmake_args': None, 'cmake_clean_cache': False, 'cmake_clean_first': False, 'cmake_force_configure': False, 'cmake_target': None, 'cmake_target_skip_unavailable': False, 'install_base': '/home/mtrn/MTRN4231-sherry_urdf/visualization/install/visualization', 'merge_install': False, 'path': '/home/mtrn/MTRN4231-sherry_urdf/visualization', 'symlink_install': False, 'test_result_base': None}
[0.368s] INFO:colcon.colcon_core.executor:Executing jobs using 'parallel' executor
[0.370s] DEBUG:colcon.colcon_parallel_executor.executor.parallel:run_until_complete
[0.370s] INFO:colcon.colcon_ros.task.ament_python.build:Building ROS package in '/home/mtrn/MTRN4231-sherry_urdf/visualization' with build type 'ament_python'
[0.370s] Level 1:colcon.colcon_core.shell:create_environment_hook('visualization', 'ament_prefix_path')
[0.372s] INFO:colcon.colcon_core.plugin_system:Skipping extension 'colcon_core.shell.bat': Not used on non-Windows systems
[0.372s] INFO:colcon.colcon_core.shell:Creating environment hook '/home/mtrn/MTRN4231-sherry_urdf/visualization/install/visualization/share/visualization/hook/ament_prefix_path.ps1'
[0.373s] INFO:colcon.colcon_core.shell:Creating environment descriptor '/home/mtrn/MTRN4231-sherry_urdf/visualization/install/visualization/share/visualization/hook/ament_prefix_path.dsv'
[0.373s] INFO:colcon.colcon_core.shell:Creating environment hook '/home/mtrn/MTRN4231-sherry_urdf/visualization/install/visualization/share/visualization/hook/ament_prefix_path.sh'
[0.374s] INFO:colcon.colcon_core.shell:Skip shell extension 'powershell' for command environment: Not usable outside of PowerShell
[0.374s] DEBUG:colcon.colcon_core.shell:Skip shell extension 'dsv' for command environment
[0.647s] INFO:colcon.colcon_core.task.python.build:Building Python package in '/home/mtrn/MTRN4231-sherry_urdf/visualization'
[0.648s] INFO:colcon.colcon_core.shell:Skip shell extension 'powershell' for command environment: Not usable outside of PowerShell
[0.648s] DEBUG:colcon.colcon_core.shell:Skip shell extension 'dsv' for command environment
[1.084s] DEBUG:colcon.colcon_core.event_handler.log_command:Invoking command in '/home/mtrn/MTRN4231-sherry_urdf/visualization': PYTHONPATH=/home/mtrn/MTRN4231-sherry_urdf/visualization/build/visualization/prefix_override:/usr/lib/python3/dist-packages/colcon_core/task/python/colcon_distutils_commands:/home/mtrn/MTRN4231-sherry_urdf/visualization/install/visualization/lib/python3.10/site-packages:${PYTHONPATH} /usr/bin/python3 -W ignore:setup.py install is deprecated setup.py egg_info --egg-base build/visualization build --build-base /home/mtrn/MTRN4231-sherry_urdf/visualization/build/visualization/build install --record /home/mtrn/MTRN4231-sherry_urdf/visualization/build/visualization/install.log --single-version-externally-managed install_data
[1.380s] DEBUG:colcon.colcon_core.event_handler.log_command:Invoked command in '/home/mtrn/MTRN4231-sherry_urdf/visualization' returned '0': PYTHONPATH=/home/mtrn/MTRN4231-sherry_urdf/visualization/build/visualization/prefix_override:/usr/lib/python3/dist-packages/colcon_core/task/python/colcon_distutils_commands:/home/mtrn/MTRN4231-sherry_urdf/visualization/install/visualization/lib/python3.10/site-packages:${PYTHONPATH} /usr/bin/python3 -W ignore:setup.py install is deprecated setup.py egg_info --egg-base build/visualization build --build-base /home/mtrn/MTRN4231-sherry_urdf/visualization/build/visualization/build install --record /home/mtrn/MTRN4231-sherry_urdf/visualization/build/visualization/install.log --single-version-externally-managed install_data
[1.386s] Level 1:colcon.colcon_core.environment:checking '/home/mtrn/MTRN4231-sherry_urdf/visualization/install/visualization' for CMake module files
[1.387s] Level 1:colcon.colcon_core.environment:checking '/home/mtrn/MTRN4231-sherry_urdf/visualization/install/visualization' for CMake config files
[1.389s] Level 1:colcon.colcon_core.environment:checking '/home/mtrn/MTRN4231-sherry_urdf/visualization/install/visualization/lib'
[1.390s] Level 1:colcon.colcon_core.environment:checking '/home/mtrn/MTRN4231-sherry_urdf/visualization/install/visualization/bin'
[1.390s] Level 1:colcon.colcon_core.environment:checking '/home/mtrn/MTRN4231-sherry_urdf/visualization/install/visualization/lib/pkgconfig/visualization.pc'
[1.391s] Level 1:colcon.colcon_core.environment:checking '/home/mtrn/MTRN4231-sherry_urdf/visualization/install/visualization/lib/python3.10/site-packages'
[1.391s] Level 1:colcon.colcon_core.shell:create_environment_hook('visualization', 'pythonpath')
[1.392s] INFO:colcon.colcon_core.shell:Creating environment hook '/home/mtrn/MTRN4231-sherry_urdf/visualization/install/visualization/share/visualization/hook/pythonpath.ps1'
[1.393s] INFO:colcon.colcon_core.shell:Creating environment descriptor '/home/mtrn/MTRN4231-sherry_urdf/visualization/install/visualization/share/visualization/hook/pythonpath.dsv'
[1.394s] INFO:colcon.colcon_core.shell:Creating environment hook '/home/mtrn/MTRN4231-sherry_urdf/visualization/install/visualization/share/visualization/hook/pythonpath.sh'
[1.395s] Level 1:colcon.colcon_core.environment:checking '/home/mtrn/MTRN4231-sherry_urdf/visualization/install/visualization/bin'
[1.396s] Level 1:colcon.colcon_core.environment:create_environment_scripts_only(visualization)
[1.397s] INFO:colcon.colcon_core.shell:Creating package script '/home/mtrn/MTRN4231-sherry_urdf/visualization/install/visualization/share/visualization/package.ps1'
[1.398s] INFO:colcon.colcon_core.shell:Creating package descriptor '/home/mtrn/MTRN4231-sherry_urdf/visualization/install/visualization/share/visualization/package.dsv'
[1.399s] INFO:colcon.colcon_core.shell:Creating package script '/home/mtrn/MTRN4231-sherry_urdf/visualization/install/visualization/share/visualization/package.sh'
[1.401s] INFO:colcon.colcon_core.shell:Creating package script '/home/mtrn/MTRN4231-sherry_urdf/visualization/install/visualization/share/visualization/package.bash'
[1.402s] INFO:colcon.colcon_core.shell:Creating package script '/home/mtrn/MTRN4231-sherry_urdf/visualization/install/visualization/share/visualization/package.zsh'
[1.403s] Level 1:colcon.colcon_core.environment:create_file_with_runtime_dependencies(/home/mtrn/MTRN4231-sherry_urdf/visualization/install/visualization/share/colcon-core/packages/visualization)
[1.404s] DEBUG:colcon.colcon_parallel_executor.executor.parallel:closing loop
[1.404s] DEBUG:colcon.colcon_parallel_executor.executor.parallel:loop closed
[1.405s] DEBUG:colcon.colcon_parallel_executor.executor.parallel:run_until_complete finished with '0'
[1.405s] DEBUG:colcon.colcon_core.event_reactor:joining thread
[1.419s] INFO:colcon.colcon_core.plugin_system:Skipping extension 'colcon_notification.desktop_notification.terminal_notifier': Not used on non-Darwin systems
[1.419s] INFO:colcon.colcon_core.plugin_system:Skipping extension 'colcon_notification.desktop_notification.win32': Not used on non-Windows systems
[1.419s] INFO:colcon.colcon_notification.desktop_notification:Sending desktop notification using 'notify2'
[1.440s] DEBUG:colcon.colcon_core.event_reactor:joined thread
[1.441s] INFO:colcon.colcon_core.shell:Creating prefix script '/home/mtrn/MTRN4231-sherry_urdf/visualization/install/local_setup.ps1'
[1.444s] INFO:colcon.colcon_core.shell:Creating prefix util module '/home/mtrn/MTRN4231-sherry_urdf/visualization/install/_local_setup_util_ps1.py'
[1.448s] INFO:colcon.colcon_core.shell:Creating prefix chain script '/home/mtrn/MTRN4231-sherry_urdf/visualization/install/setup.ps1'
[1.450s] INFO:colcon.colcon_core.shell:Creating prefix script '/home/mtrn/MTRN4231-sherry_urdf/visualization/install/local_setup.sh'
[1.451s] INFO:colcon.colcon_core.shell:Creating prefix util module '/home/mtrn/MTRN4231-sherry_urdf/visualization/install/_local_setup_util_sh.py'
[1.452s] INFO:colcon.colcon_core.shell:Creating prefix chain script '/home/mtrn/MTRN4231-sherry_urdf/visualization/install/setup.sh'
[1.455s] INFO:colcon.colcon_core.shell:Creating prefix script '/home/mtrn/MTRN4231-sherry_urdf/visualization/install/local_setup.bash'
[1.455s] INFO:colcon.colcon_core.shell:Creating prefix chain script '/home/mtrn/MTRN4231-sherry_urdf/visualization/install/setup.bash'
[1.458s] INFO:colcon.colcon_core.shell:Creating prefix script '/home/mtrn/MTRN4231-sherry_urdf/visualization/install/local_setup.zsh'
[1.459s] INFO:colcon.colcon_core.shell:Creating prefix chain script '/home/mtrn/MTRN4231-sherry_urdf/visualization/install/setup.zsh'
