[1.369s] Invoking command in '/home/mtrn/t1_ws/src/my_robot_cv': PYTHONPATH=/home/mtrn/t1_ws/build/my_robot_cv/prefix_override:/usr/lib/python3/dist-packages/colcon_core/task/python/colcon_distutils_commands:/home/mtrn/t1_ws/install/my_robot_cv/lib/python3.10/site-packages:${PYTHONPATH} /usr/bin/python3 -W ignore:setup.py install is deprecated setup.py egg_info --egg-base ../../build/my_robot_cv build --build-base /home/mtrn/t1_ws/build/my_robot_cv/build install --record /home/mtrn/t1_ws/build/my_robot_cv/install.log --single-version-externally-managed install_data
[1.861s] running egg_info
[1.888s] writing ../../build/my_robot_cv/my_robot_cv.egg-info/PKG-INFO
[1.888s] writing dependency_links to ../../build/my_robot_cv/my_robot_cv.egg-info/dependency_links.txt
[1.888s] writing entry points to ../../build/my_robot_cv/my_robot_cv.egg-info/entry_points.txt
[1.888s] writing requirements to ../../build/my_robot_cv/my_robot_cv.egg-info/requires.txt
[1.888s] writing top-level names to ../../build/my_robot_cv/my_robot_cv.egg-info/top_level.txt
[1.942s] reading manifest file '../../build/my_robot_cv/my_robot_cv.egg-info/SOURCES.txt'
[1.944s] writing manifest file '../../build/my_robot_cv/my_robot_cv.egg-info/SOURCES.txt'
[1.944s] running build
[1.944s] running build_py
[1.944s] copying my_robot_cv/object_recognizer.py -> /home/mtrn/t1_ws/build/my_robot_cv/build/lib/my_robot_cv
[1.945s] running install
[1.955s] running install_lib
[1.982s] copying /home/mtrn/t1_ws/build/my_robot_cv/build/lib/my_robot_cv/object_recognizer.py -> /home/mtrn/t1_ws/install/my_robot_cv/lib/python3.10/site-packages/my_robot_cv
[1.983s] byte-compiling /home/mtrn/t1_ws/install/my_robot_cv/lib/python3.10/site-packages/my_robot_cv/object_recognizer.py to object_recognizer.cpython-310.pyc
[1.985s] running install_data
[1.985s] running install_egg_info
[2.013s] removing '/home/mtrn/t1_ws/install/my_robot_cv/lib/python3.10/site-packages/my_robot_cv-0.0.0-py3.10.egg-info' (and everything under it)
[2.014s] Copying ../../build/my_robot_cv/my_robot_cv.egg-info to /home/mtrn/t1_ws/install/my_robot_cv/lib/python3.10/site-packages/my_robot_cv-0.0.0-py3.10.egg-info
[2.014s] running install_scripts
[2.116s] Installing object_recognizer script to /home/mtrn/t1_ws/install/my_robot_cv/lib/my_robot_cv
[2.116s] writing list of installed files to '/home/mtrn/t1_ws/build/my_robot_cv/install.log'
[2.185s] Invoked command in '/home/mtrn/t1_ws/src/my_robot_cv' returned '0': PYTHONPATH=/home/mtrn/t1_ws/build/my_robot_cv/prefix_override:/usr/lib/python3/dist-packages/colcon_core/task/python/colcon_distutils_commands:/home/mtrn/t1_ws/install/my_robot_cv/lib/python3.10/site-packages:${PYTHONPATH} /usr/bin/python3 -W ignore:setup.py install is deprecated setup.py egg_info --egg-base ../../build/my_robot_cv build --build-base /home/mtrn/t1_ws/build/my_robot_cv/build install --record /home/mtrn/t1_ws/build/my_robot_cv/install.log --single-version-externally-managed install_data
