[0.644s] Invoking command in '/home/mtrn/MTRN4231-T9-1/lab4-main/src/yolo_ros/yolo_ros': AMENT_PREFIX_PATH=/home/mtrn/MTRN4231-T9-1/lab4-main/install/yolo_msgs:${AMENT_PREFIX_PATH} CMAKE_PREFIX_PATH=/home/mtrn/MTRN4231-T9-1/lab4-main/install/yolo_msgs LD_LIBRARY_PATH=/home/mtrn/MTRN4231-T9-1/lab4-main/install/yolo_msgs/lib:${LD_LIBRARY_PATH} PYTHONPATH=/home/mtrn/MTRN4231-T9-1/lab4-main/build/yolo_ros/prefix_override:/usr/lib/python3/dist-packages/colcon_core/task/python/colcon_distutils_commands:/home/mtrn/MTRN4231-T9-1/lab4-main/install/yolo_ros/lib/python3.10/site-packages:/home/mtrn/MTRN4231-T9-1/lab4-main/install/yolo_msgs/local/lib/python3.10/dist-packages:${PYTHONPATH} /usr/bin/python3 -W ignore:setup.py install is deprecated setup.py egg_info --egg-base ../../../build/yolo_ros build --build-base /home/mtrn/MTRN4231-T9-1/lab4-main/build/yolo_ros/build install --record /home/mtrn/MTRN4231-T9-1/lab4-main/build/yolo_ros/install.log --single-version-externally-managed install_data
[0.882s] running egg_info
[0.883s] creating ../../../build/yolo_ros/yolo_ros.egg-info
[0.883s] writing ../../../build/yolo_ros/yolo_ros.egg-info/PKG-INFO
[0.883s] writing dependency_links to ../../../build/yolo_ros/yolo_ros.egg-info/dependency_links.txt
[0.883s] writing entry points to ../../../build/yolo_ros/yolo_ros.egg-info/entry_points.txt
[0.883s] writing requirements to ../../../build/yolo_ros/yolo_ros.egg-info/requires.txt
[0.884s] writing top-level names to ../../../build/yolo_ros/yolo_ros.egg-info/top_level.txt
[0.884s] writing manifest file '../../../build/yolo_ros/yolo_ros.egg-info/SOURCES.txt'
[0.884s] reading manifest file '../../../build/yolo_ros/yolo_ros.egg-info/SOURCES.txt'
[0.885s] writing manifest file '../../../build/yolo_ros/yolo_ros.egg-info/SOURCES.txt'
[0.885s] running build
[0.885s] running build_py
[0.886s] creating /home/mtrn/MTRN4231-T9-1/lab4-main/build/yolo_ros/build
[0.886s] creating /home/mtrn/MTRN4231-T9-1/lab4-main/build/yolo_ros/build/lib
[0.886s] creating /home/mtrn/MTRN4231-T9-1/lab4-main/build/yolo_ros/build/lib/yolo_ros
[0.886s] copying yolo_ros/tracking_node.py -> /home/mtrn/MTRN4231-T9-1/lab4-main/build/yolo_ros/build/lib/yolo_ros
[0.886s] copying yolo_ros/yolo_node.py -> /home/mtrn/MTRN4231-T9-1/lab4-main/build/yolo_ros/build/lib/yolo_ros
[0.886s] copying yolo_ros/__init__.py -> /home/mtrn/MTRN4231-T9-1/lab4-main/build/yolo_ros/build/lib/yolo_ros
[0.887s] copying yolo_ros/detect_3d_node.py -> /home/mtrn/MTRN4231-T9-1/lab4-main/build/yolo_ros/build/lib/yolo_ros
[0.887s] copying yolo_ros/debug_node.py -> /home/mtrn/MTRN4231-T9-1/lab4-main/build/yolo_ros/build/lib/yolo_ros
[0.887s] running install
[0.887s] running install_lib
[0.887s] creating /home/mtrn/MTRN4231-T9-1/lab4-main/install/yolo_ros/lib/python3.10/site-packages/yolo_ros
[0.887s] copying /home/mtrn/MTRN4231-T9-1/lab4-main/build/yolo_ros/build/lib/yolo_ros/tracking_node.py -> /home/mtrn/MTRN4231-T9-1/lab4-main/install/yolo_ros/lib/python3.10/site-packages/yolo_ros
[0.888s] copying /home/mtrn/MTRN4231-T9-1/lab4-main/build/yolo_ros/build/lib/yolo_ros/yolo_node.py -> /home/mtrn/MTRN4231-T9-1/lab4-main/install/yolo_ros/lib/python3.10/site-packages/yolo_ros
[0.888s] copying /home/mtrn/MTRN4231-T9-1/lab4-main/build/yolo_ros/build/lib/yolo_ros/__init__.py -> /home/mtrn/MTRN4231-T9-1/lab4-main/install/yolo_ros/lib/python3.10/site-packages/yolo_ros
[0.888s] copying /home/mtrn/MTRN4231-T9-1/lab4-main/build/yolo_ros/build/lib/yolo_ros/detect_3d_node.py -> /home/mtrn/MTRN4231-T9-1/lab4-main/install/yolo_ros/lib/python3.10/site-packages/yolo_ros
[0.888s] copying /home/mtrn/MTRN4231-T9-1/lab4-main/build/yolo_ros/build/lib/yolo_ros/debug_node.py -> /home/mtrn/MTRN4231-T9-1/lab4-main/install/yolo_ros/lib/python3.10/site-packages/yolo_ros
[0.888s] byte-compiling /home/mtrn/MTRN4231-T9-1/lab4-main/install/yolo_ros/lib/python3.10/site-packages/yolo_ros/tracking_node.py to tracking_node.cpython-310.pyc
[0.888s] byte-compiling /home/mtrn/MTRN4231-T9-1/lab4-main/install/yolo_ros/lib/python3.10/site-packages/yolo_ros/yolo_node.py to yolo_node.cpython-310.pyc
[0.890s] byte-compiling /home/mtrn/MTRN4231-T9-1/lab4-main/install/yolo_ros/lib/python3.10/site-packages/yolo_ros/__init__.py to __init__.cpython-310.pyc
[0.890s] byte-compiling /home/mtrn/MTRN4231-T9-1/lab4-main/install/yolo_ros/lib/python3.10/site-packages/yolo_ros/detect_3d_node.py to detect_3d_node.cpython-310.pyc
[0.892s] byte-compiling /home/mtrn/MTRN4231-T9-1/lab4-main/install/yolo_ros/lib/python3.10/site-packages/yolo_ros/debug_node.py to debug_node.cpython-310.pyc
[0.893s] running install_data
[0.894s] creating /home/mtrn/MTRN4231-T9-1/lab4-main/install/yolo_ros/share/ament_index
[0.894s] creating /home/mtrn/MTRN4231-T9-1/lab4-main/install/yolo_ros/share/ament_index/resource_index
[0.894s] creating /home/mtrn/MTRN4231-T9-1/lab4-main/install/yolo_ros/share/ament_index/resource_index/packages
[0.894s] copying resource/yolo_ros -> /home/mtrn/MTRN4231-T9-1/lab4-main/install/yolo_ros/share/ament_index/resource_index/packages
[0.894s] copying package.xml -> /home/mtrn/MTRN4231-T9-1/lab4-main/install/yolo_ros/share/yolo_ros
[0.894s] running install_egg_info
[0.895s] Copying ../../../build/yolo_ros/yolo_ros.egg-info to /home/mtrn/MTRN4231-T9-1/lab4-main/install/yolo_ros/lib/python3.10/site-packages/yolo_ros-0.0.0-py3.10.egg-info
[0.895s] running install_scripts
[0.911s] Installing debug_node script to /home/mtrn/MTRN4231-T9-1/lab4-main/install/yolo_ros/lib/yolo_ros
[0.912s] Installing detect_3d_node script to /home/mtrn/MTRN4231-T9-1/lab4-main/install/yolo_ros/lib/yolo_ros
[0.912s] Installing tracking_node script to /home/mtrn/MTRN4231-T9-1/lab4-main/install/yolo_ros/lib/yolo_ros
[0.912s] Installing yolo_node script to /home/mtrn/MTRN4231-T9-1/lab4-main/install/yolo_ros/lib/yolo_ros
[0.912s] writing list of installed files to '/home/mtrn/MTRN4231-T9-1/lab4-main/build/yolo_ros/install.log'
[0.934s] Invoked command in '/home/mtrn/MTRN4231-T9-1/lab4-main/src/yolo_ros/yolo_ros' returned '0': AMENT_PREFIX_PATH=/home/mtrn/MTRN4231-T9-1/lab4-main/install/yolo_msgs:${AMENT_PREFIX_PATH} CMAKE_PREFIX_PATH=/home/mtrn/MTRN4231-T9-1/lab4-main/install/yolo_msgs LD_LIBRARY_PATH=/home/mtrn/MTRN4231-T9-1/lab4-main/install/yolo_msgs/lib:${LD_LIBRARY_PATH} PYTHONPATH=/home/mtrn/MTRN4231-T9-1/lab4-main/build/yolo_ros/prefix_override:/usr/lib/python3/dist-packages/colcon_core/task/python/colcon_distutils_commands:/home/mtrn/MTRN4231-T9-1/lab4-main/install/yolo_ros/lib/python3.10/site-packages:/home/mtrn/MTRN4231-T9-1/lab4-main/install/yolo_msgs/local/lib/python3.10/dist-packages:${PYTHONPATH} /usr/bin/python3 -W ignore:setup.py install is deprecated setup.py egg_info --egg-base ../../../build/yolo_ros build --build-base /home/mtrn/MTRN4231-T9-1/lab4-main/build/yolo_ros/build install --record /home/mtrn/MTRN4231-T9-1/lab4-main/build/yolo_ros/install.log --single-version-externally-managed install_data
