running egg_info
creating build/my_gripper_pkg/my_gripper_pkg.egg-info
writing build/my_gripper_pkg/my_gripper_pkg.egg-info/PKG-INFO
writing dependency_links to build/my_gripper_pkg/my_gripper_pkg.egg-info/dependency_links.txt
writing entry points to build/my_gripper_pkg/my_gripper_pkg.egg-info/entry_points.txt
writing requirements to build/my_gripper_pkg/my_gripper_pkg.egg-info/requires.txt
writing top-level names to build/my_gripper_pkg/my_gripper_pkg.egg-info/top_level.txt
writing manifest file 'build/my_gripper_pkg/my_gripper_pkg.egg-info/SOURCES.txt'
reading manifest file 'build/my_gripper_pkg/my_gripper_pkg.egg-info/SOURCES.txt'
writing manifest file 'build/my_gripper_pkg/my_gripper_pkg.egg-info/SOURCES.txt'
running build
running build_py
creating /home/mtrn/MTRN4231-T9-1/my_gripper_pkg/build/my_gripper_pkg/build
creating /home/mtrn/MTRN4231-T9-1/my_gripper_pkg/build/my_gripper_pkg/build/lib
creating /home/mtrn/MTRN4231-T9-1/my_gripper_pkg/build/my_gripper_pkg/build/lib/my_gripper_pkg
copying my_gripper_pkg/arduino_serial_node.py -> /home/mtrn/MTRN4231-T9-1/my_gripper_pkg/build/my_gripper_pkg/build/lib/my_gripper_pkg
copying my_gripper_pkg/__init__.py -> /home/mtrn/MTRN4231-T9-1/my_gripper_pkg/build/my_gripper_pkg/build/lib/my_gripper_pkg
copying my_gripper_pkg/end_effector_node.py -> /home/mtrn/MTRN4231-T9-1/my_gripper_pkg/build/my_gripper_pkg/build/lib/my_gripper_pkg
running install
running install_lib
creating /home/mtrn/MTRN4231-T9-1/my_gripper_pkg/install/my_gripper_pkg/lib/python3.10/site-packages/my_gripper_pkg
copying /home/mtrn/MTRN4231-T9-1/my_gripper_pkg/build/my_gripper_pkg/build/lib/my_gripper_pkg/arduino_serial_node.py -> /home/mtrn/MTRN4231-T9-1/my_gripper_pkg/install/my_gripper_pkg/lib/python3.10/site-packages/my_gripper_pkg
copying /home/mtrn/MTRN4231-T9-1/my_gripper_pkg/build/my_gripper_pkg/build/lib/my_gripper_pkg/__init__.py -> /home/mtrn/MTRN4231-T9-1/my_gripper_pkg/install/my_gripper_pkg/lib/python3.10/site-packages/my_gripper_pkg
copying /home/mtrn/MTRN4231-T9-1/my_gripper_pkg/build/my_gripper_pkg/build/lib/my_gripper_pkg/end_effector_node.py -> /home/mtrn/MTRN4231-T9-1/my_gripper_pkg/install/my_gripper_pkg/lib/python3.10/site-packages/my_gripper_pkg
byte-compiling /home/mtrn/MTRN4231-T9-1/my_gripper_pkg/install/my_gripper_pkg/lib/python3.10/site-packages/my_gripper_pkg/arduino_serial_node.py to arduino_serial_node.cpython-310.pyc
byte-compiling /home/mtrn/MTRN4231-T9-1/my_gripper_pkg/install/my_gripper_pkg/lib/python3.10/site-packages/my_gripper_pkg/__init__.py to __init__.cpython-310.pyc
byte-compiling /home/mtrn/MTRN4231-T9-1/my_gripper_pkg/install/my_gripper_pkg/lib/python3.10/site-packages/my_gripper_pkg/end_effector_node.py to end_effector_node.cpython-310.pyc
running install_data
creating /home/mtrn/MTRN4231-T9-1/my_gripper_pkg/install/my_gripper_pkg/share/ament_index
creating /home/mtrn/MTRN4231-T9-1/my_gripper_pkg/install/my_gripper_pkg/share/ament_index/resource_index
creating /home/mtrn/MTRN4231-T9-1/my_gripper_pkg/install/my_gripper_pkg/share/ament_index/resource_index/packages
copying resource/my_gripper_pkg -> /home/mtrn/MTRN4231-T9-1/my_gripper_pkg/install/my_gripper_pkg/share/ament_index/resource_index/packages
copying package.xml -> /home/mtrn/MTRN4231-T9-1/my_gripper_pkg/install/my_gripper_pkg/share/my_gripper_pkg
creating /home/mtrn/MTRN4231-T9-1/my_gripper_pkg/install/my_gripper_pkg/share/my_gripper_pkg/launch
running install_egg_info
Copying build/my_gripper_pkg/my_gripper_pkg.egg-info to /home/mtrn/MTRN4231-T9-1/my_gripper_pkg/install/my_gripper_pkg/lib/python3.10/site-packages/my_gripper_pkg-0.0.0-py3.10.egg-info
running install_scripts
Installing arduino_serial_node script to /home/mtrn/MTRN4231-T9-1/my_gripper_pkg/install/my_gripper_pkg/lib/my_gripper_pkg
Installing end_effector_node script to /home/mtrn/MTRN4231-T9-1/my_gripper_pkg/install/my_gripper_pkg/lib/my_gripper_pkg
writing list of installed files to '/home/mtrn/MTRN4231-T9-1/my_gripper_pkg/build/my_gripper_pkg/install.log'
