[1.237s] Invoking command in '/home/mtrn/MTRN4231-T9-1/my_gripper_pkg': PYTHONPATH=/home/mtrn/MTRN4231-T9-1/my_gripper_pkg/build/my_gripper_pkg/prefix_override:/usr/lib/python3/dist-packages/colcon_core/task/python/colcon_distutils_commands:/home/mtrn/MTRN4231-T9-1/my_gripper_pkg/install/my_gripper_pkg/lib/python3.10/site-packages:${PYTHONPATH} /usr/bin/python3 -W ignore:setup.py install is deprecated setup.py egg_info --egg-base build/my_gripper_pkg build --build-base /home/mtrn/MTRN4231-T9-1/my_gripper_pkg/build/my_gripper_pkg/build install --record /home/mtrn/MTRN4231-T9-1/my_gripper_pkg/build/my_gripper_pkg/install.log --single-version-externally-managed install_data
[1.713s] running egg_info
[1.713s] creating build/my_gripper_pkg/my_gripper_pkg.egg-info
[1.731s] writing build/my_gripper_pkg/my_gripper_pkg.egg-info/PKG-INFO
[1.732s] writing dependency_links to build/my_gripper_pkg/my_gripper_pkg.egg-info/dependency_links.txt
[1.732s] writing entry points to build/my_gripper_pkg/my_gripper_pkg.egg-info/entry_points.txt
[1.732s] writing requirements to build/my_gripper_pkg/my_gripper_pkg.egg-info/requires.txt
[1.732s] writing top-level names to build/my_gripper_pkg/my_gripper_pkg.egg-info/top_level.txt
[1.732s] writing manifest file 'build/my_gripper_pkg/my_gripper_pkg.egg-info/SOURCES.txt'
[1.772s] reading manifest file 'build/my_gripper_pkg/my_gripper_pkg.egg-info/SOURCES.txt'
[1.772s] writing manifest file 'build/my_gripper_pkg/my_gripper_pkg.egg-info/SOURCES.txt'
[1.772s] running build
[1.773s] running build_py
[1.773s] creating /home/mtrn/MTRN4231-T9-1/my_gripper_pkg/build/my_gripper_pkg/build
[1.773s] creating /home/mtrn/MTRN4231-T9-1/my_gripper_pkg/build/my_gripper_pkg/build/lib
[1.773s] creating /home/mtrn/MTRN4231-T9-1/my_gripper_pkg/build/my_gripper_pkg/build/lib/my_gripper_pkg
[1.773s] copying my_gripper_pkg/arduino_serial_node.py -> /home/mtrn/MTRN4231-T9-1/my_gripper_pkg/build/my_gripper_pkg/build/lib/my_gripper_pkg
[1.773s] copying my_gripper_pkg/__init__.py -> /home/mtrn/MTRN4231-T9-1/my_gripper_pkg/build/my_gripper_pkg/build/lib/my_gripper_pkg
[1.774s] copying my_gripper_pkg/end_effector_node.py -> /home/mtrn/MTRN4231-T9-1/my_gripper_pkg/build/my_gripper_pkg/build/lib/my_gripper_pkg
[1.774s] running install
[1.778s] running install_lib
[1.799s] creating /home/mtrn/MTRN4231-T9-1/my_gripper_pkg/install/my_gripper_pkg/lib/python3.10/site-packages/my_gripper_pkg
[1.799s] copying /home/mtrn/MTRN4231-T9-1/my_gripper_pkg/build/my_gripper_pkg/build/lib/my_gripper_pkg/arduino_serial_node.py -> /home/mtrn/MTRN4231-T9-1/my_gripper_pkg/install/my_gripper_pkg/lib/python3.10/site-packages/my_gripper_pkg
[1.799s] copying /home/mtrn/MTRN4231-T9-1/my_gripper_pkg/build/my_gripper_pkg/build/lib/my_gripper_pkg/__init__.py -> /home/mtrn/MTRN4231-T9-1/my_gripper_pkg/install/my_gripper_pkg/lib/python3.10/site-packages/my_gripper_pkg
[1.799s] copying /home/mtrn/MTRN4231-T9-1/my_gripper_pkg/build/my_gripper_pkg/build/lib/my_gripper_pkg/end_effector_node.py -> /home/mtrn/MTRN4231-T9-1/my_gripper_pkg/install/my_gripper_pkg/lib/python3.10/site-packages/my_gripper_pkg
[1.800s] byte-compiling /home/mtrn/MTRN4231-T9-1/my_gripper_pkg/install/my_gripper_pkg/lib/python3.10/site-packages/my_gripper_pkg/arduino_serial_node.py to arduino_serial_node.cpython-310.pyc
[1.800s] byte-compiling /home/mtrn/MTRN4231-T9-1/my_gripper_pkg/install/my_gripper_pkg/lib/python3.10/site-packages/my_gripper_pkg/__init__.py to __init__.cpython-310.pyc
[1.800s] byte-compiling /home/mtrn/MTRN4231-T9-1/my_gripper_pkg/install/my_gripper_pkg/lib/python3.10/site-packages/my_gripper_pkg/end_effector_node.py to end_effector_node.cpython-310.pyc
[1.800s] running install_data
[1.801s] creating /home/mtrn/MTRN4231-T9-1/my_gripper_pkg/install/my_gripper_pkg/share/ament_index
[1.801s] creating /home/mtrn/MTRN4231-T9-1/my_gripper_pkg/install/my_gripper_pkg/share/ament_index/resource_index
[1.801s] creating /home/mtrn/MTRN4231-T9-1/my_gripper_pkg/install/my_gripper_pkg/share/ament_index/resource_index/packages
[1.801s] copying resource/my_gripper_pkg -> /home/mtrn/MTRN4231-T9-1/my_gripper_pkg/install/my_gripper_pkg/share/ament_index/resource_index/packages
[1.801s] copying package.xml -> /home/mtrn/MTRN4231-T9-1/my_gripper_pkg/install/my_gripper_pkg/share/my_gripper_pkg
[1.802s] creating /home/mtrn/MTRN4231-T9-1/my_gripper_pkg/install/my_gripper_pkg/share/my_gripper_pkg/launch
[1.802s] running install_egg_info
[1.821s] Copying build/my_gripper_pkg/my_gripper_pkg.egg-info to /home/mtrn/MTRN4231-T9-1/my_gripper_pkg/install/my_gripper_pkg/lib/python3.10/site-packages/my_gripper_pkg-0.0.0-py3.10.egg-info
[1.822s] running install_scripts
[1.891s] Installing arduino_serial_node script to /home/mtrn/MTRN4231-T9-1/my_gripper_pkg/install/my_gripper_pkg/lib/my_gripper_pkg
[1.891s] Installing end_effector_node script to /home/mtrn/MTRN4231-T9-1/my_gripper_pkg/install/my_gripper_pkg/lib/my_gripper_pkg
[1.891s] writing list of installed files to '/home/mtrn/MTRN4231-T9-1/my_gripper_pkg/build/my_gripper_pkg/install.log'
[1.942s] Invoked command in '/home/mtrn/MTRN4231-T9-1/my_gripper_pkg' returned '0': PYTHONPATH=/home/mtrn/MTRN4231-T9-1/my_gripper_pkg/build/my_gripper_pkg/prefix_override:/usr/lib/python3/dist-packages/colcon_core/task/python/colcon_distutils_commands:/home/mtrn/MTRN4231-T9-1/my_gripper_pkg/install/my_gripper_pkg/lib/python3.10/site-packages:${PYTHONPATH} /usr/bin/python3 -W ignore:setup.py install is deprecated setup.py egg_info --egg-base build/my_gripper_pkg build --build-base /home/mtrn/MTRN4231-T9-1/my_gripper_pkg/build/my_gripper_pkg/build install --record /home/mtrn/MTRN4231-T9-1/my_gripper_pkg/build/my_gripper_pkg/install.log --single-version-externally-managed install_data
